build line 0006: Duplicate label: (n")
build line 0007: Duplicate label: (n")
build line 0009: Duplicate label: (n")
build line 0013: Duplicate label: (n")
build line 0019: Duplicate label: (n")
0001   0000             #! /bin/bash
build line 0001: unrecognized directive.            (#!)
0002   0000             
0003   0000             
0004   0000             printf "Assembling kernel.asm\n"
build line 0004: Label not found: (printf)
build line 0004: label value misalligned.           (printf)
build line 0004: unrecognized directive.            (printf)
0004   0000             
build line 0004: Label not found: (n)
build line 0004: Unknown token: (")
build line 0004: Unknown token.    
build line 0004: label value misalligned.           (n")
0005   0000             wine tasm -1 -b kernel.asm obj/kernel.obj lst/kernel.lst
build line 0005: Label not found: (wine)
build line 0005: label value misalligned.           (wine)
build line 0005: unrecognized instruction.          (wine)
0006   0000             printf "Done\n"
build line 0006: Label not found: (printf)
build line 0006: label value misalligned.           (printf)
build line 0006: unrecognized directive.            (printf)
0006   0000             
build line 0006: Label not found: (n)
build line 0006: Unknown token: (")
build line 0006: Unknown token.    
build line 0006: label value misalligned.           (n")
0007   0000             printf "\nAssembling shell.asm\n"
build line 0007: Label not found: (printf)
build line 0007: label value misalligned.           (printf)
build line 0007: unrecognized directive.            (printf)
0007   0000             
build line 0007: Label not found: (nAssembling)
build line 0007: label value misalligned.           (nAssembling)
build line 0007: unrecognized instruction.          (nAssembling)
0007   0000             
build line 0007: Label not found: (n)
build line 0007: Unknown token: (")
build line 0007: Unknown token.    
build line 0007: label value misalligned.           (n")
0008   0000             wine tasm -1 -b shell.asm lst/shell.lst obj/shell.obj
build line 0008: Label not found: (wine)
build line 0008: label value misalligned.           (wine)
build line 0008: unrecognized instruction.          (wine)
0009   0000             printf "Done\n"
build line 0009: Label not found: (printf)
build line 0009: label value misalligned.           (printf)
build line 0009: unrecognized directive.            (printf)
0009   0000             
build line 0009: Label not found: (n)
build line 0009: Unknown token: (")
build line 0009: Unknown token.    
build line 0009: label value misalligned.           (n")
0010   0000             
0011   0000             filename=$(basename "${1%.*}")
build line 0011: Label not found: (filename)
build line 0011: Invalid token where value expected: (=)
build line 0011: unrecognized directive.            (=)
0012   0000             
0013   0000             printf "\n$1\n"
build line 0013: Label not found: (printf)
build line 0013: label value misalligned.           (printf)
build line 0013: unrecognized directive.            (printf)
0013   0000             
build line 0013: Label not found: (n)
build line 0013: label value misalligned.           (n$1)
0013   0000             
build line 0013: Label not found: (n)
build line 0013: Unknown token: (")
build line 0013: Unknown token.    
build line 0013: label value misalligned.           (n")
0014   0000             wine tasm -1 -b $1 obj/$filename.obj lst/$filename.lst
build line 0014: Label not found: (wine)
build line 0014: label value misalligned.           (wine)
build line 0014: unrecognized instruction.          (wine)
0015   0000             
0016   0000             mv kernel.exp ./lib/kernel.exp
build line 0016: Label not found: (mv)
build line 0016: label value misalligned.           (mv)
build line 0016: unrecognized instruction.          (mv)
0017   0000             
0018   0000             xxd -ps obj/$filename.obj | tr -d '\n' | xclip -selection c
build line 0018: Label not found: (xxd)
build line 0018: label value misalligned.           (xxd)
build line 0018: unrecognized directive.            (xxd)
0019   0000             printf "\n> binary file copied to clipboard.\n"
build line 0019: Label not found: (printf)
build line 0019: label value misalligned.           (printf)
build line 0019: unrecognized directive.            (printf)
0019   0000             
build line 0019: Label not found: (n)
build line 0019: Invalid token where value expected: (>)
build line 0019: label value misalligned.           (n>)
build line 0019: unrecognized instruction.          (n>)
0019   0000             
build line 0019: Label not found: (n)
build line 0019: Unknown token: (")
build line 0019: Unknown token.    
build line 0019: label value misalligned.           (n")
0020   0000             
0021   0000             
0022   0000             echo
0023   0000             echo -n "Object file size: "; ls -la obj/$filename.obj | awk '{print $5}'
build line 0023: unrecognized directive.            (-N)
0024   0000             echo -n "Hex file size : "; ls -la obj/$filename.obj | awk '{print $5*2}'
build line 0024: unrecognized directive.            (-N)
0025   0000             echo -n "Number of Assembly lines: "; wc -l $filename.asm | awk '{print $1}'
build line 0025: unrecognized directive.            (-N)
 line 0025: No END directive before EOF.       
tasm: Number of errors = 79
