0001   0000             .include "lib/kernel.exp"
0001+  0000             TEXT_ORG         .EQU  $0400
0002+  0000             sys_bkpt         .EQU  $0000
0003+  0000             sys_rtc          .EQU  $0001
0004+  0000             sys_ide          .EQU  $0002
0005+  0000             sys_io           .EQU  $0003
0006+  0000             sys_filesystem   .EQU  $0004
0007+  0000             sys_spawn_proc   .EQU  $0005
0008+  0000             sys_list         .EQU  $0006
0009+  0000             sys_datetime     .EQU  $0007
0010+  0000             sys_reboot       .EQU  $0008
0011+  0000             sys_pause_proc   .EQU  $0009
0012+  0000             sys_resume_proc  .EQU  $000a
0013+  0000             sys_terminate_proc .EQU  $000b
0014+  0000             sys_system       .EQU  $000c
0002   0000             
0003   0400             .org TEXT_ORG			; origin at 1024
0004   0400             ;;;;;;;;;;;;;;;;;;;;;;;;;;;;;;;;;;;;;;;;;;;;;;;;;;;;;;;;;;;;;;;;;;;;;;;;;;;;;;;;;;
0005   0400             ;; CHMOD - change file permissions
0006   0400             ;; ex: chmod 7 <filename>
0007   0400             ;; 1 = exec, 2 = write, 4 = read
0008   0400             ;; we only have one digit in Sol-1 for now since we don't have users or groups
0009   0400             ;;;;;;;;;;;;;;;;;;;;;;;;;;;;;;;;;;;;;;;;;;;;;;;;;;;;;;;;;;;;;;;;;;;;;;;;;;;;;;;;;;
0010   0400             ; filename passed to the kernel in D
0011   0400             ; permission value in A
0012   0400             cmd_chmod:
0013   0400 10 00 00    	mov a, 0
0014   0403 42 45 06    	mov [prog], a			; move tokennizer pointer to the beginning of the arguments area (address 0)
0015   0406 07 A6 04    	call get_token				; read permission value
0016   0409 3B 49 06    	mov d, tokstr				; pointer to permission token string
0017   040C 07 76 09    	call _strtoint				; integer in A
0018   040F 87 07       	and al, %00000111			; mask out garbage
0019   0411 2F          	mov bl, al					; save permission in bl
0020   0412 07 A6 04    	call get_token				; get filename. D already points to tokstr
0021   0415 19 0E       	mov al, 14
0022   0417 05 04       	syscall sys_filesystem			; call kernel to set permission
0023   0419             
0024   0419 05 0B       	syscall sys_terminate_proc
0025   041B             
0026   041B             
0027   041B             .include "lib/token.asm"
0001+  041B             TOKTYP_IDENTIFIER  .equ 0
0002+  041B             TOKTYP_KEYWORD     .equ 1
0003+  041B             TOKTYP_DELIMITER   .equ 2
0004+  041B             TOKTYP_STRING      .equ 3
0005+  041B             TOKTYP_CHAR        .equ 4
0006+  041B             TOKTYP_NUMERIC     .equ 5
0007+  041B             TOKTYP_END         .equ 6
0008+  041B             
0009+  041B             TOK_NULL           .equ 0
0010+  041B             TOK_FSLASH         .equ 1
0011+  041B             TOK_TIMES          .equ 2
0012+  041B             TOK_PLUS           .equ 3
0013+  041B             TOK_MINUS          .equ 4
0014+  041B             TOK_DOT            .equ 5
0015+  041B             TOK_SEMI           .equ 6
0016+  041B             TOK_ANGLE          .equ 7
0017+  041B             TOK_TILDE          .equ 8
0018+  041B             TOK_EQUAL          .equ 9
0019+  041B             TOK_COLON          .equ 10
0020+  041B             TOK_COMMA          .equ 11
0021+  041B             
0022+  041B             TOK_END            .equ 20
0023+  041B             
0024+  041B             
0025+  041B             ;;;;;;;;;;;;;;;;;;;;;;;;;;;;;;;;;;;;;;;;;;;;;;;;;;;;;;;;;;;;;;;;;;;;;;;;;;;;;;;;;;
0026+  041B             ;; read a full command argment from shell input buffer
0027+  041B             ;; argument is written into tokstr
0028+  041B             ;;;;;;;;;;;;;;;;;;;;;;;;;;;;;;;;;;;;;;;;;;;;;;;;;;;;;;;;;;;;;;;;;;;;;;;;;;;;;;;;;;
0029+  041B             get_arg:
0030+  041B D7            push a
0031+  041C E2            push si
0032+  041D E3            push di
0033+  041E 19 00         mov al, 0
0034+  0420 3D 49 06      mov [tokstr], al      ; nullify tokstr string
0035+  0423 14 45 06      mov a, [prog]
0036+  0426 4D            mov si, a
0037+  0427 FD 4F 49 06   mov di, tokstr
0038+  042B             get_arg_skip_spaces:
0039+  042B F6            lodsb
0040+  042C 07 72 0B      call _isspace
0041+  042F C6 2B 04      je get_arg_skip_spaces
0042+  0432             get_arg_L0:
0043+  0432 B9 3B         cmp al, $3B        ; check if is ';'
0044+  0434 C6 41 04      je get_arg_end
0045+  0437 B9 00         cmp al, 0
0046+  0439 C6 41 04      je get_arg_end      ; check if end of input
0047+  043C F7            stosb
0048+  043D F6            lodsb
0049+  043E 0A 32 04      jmp get_arg_L0
0050+  0441             get_arg_end:
0051+  0441 19 00         mov al, 0
0052+  0443 F7            stosb
0053+  0444 D5 01 00      sub si, 1
0054+  0447 4E            mov a, si
0055+  0448 42 45 06      mov [prog], a    ; update pointer
0056+  044B F0            pop di
0057+  044C EF            pop si
0058+  044D E4            pop a
0059+  044E 09            ret
0060+  044F             
0061+  044F             ;;;;;;;;;;;;;;;;;;;;;;;;;;;;;;;;;;;;;;;;;;;;;;;;;;;;;;;;;;;;;;;;;;;;;;;;;;;;;;;;;;
0062+  044F             ;; read a path formation from shell input buffer
0063+  044F             ;; path is written into tokstr
0064+  044F             ;; /usr/bin
0065+  044F             ;;;;;;;;;;;;;;;;;;;;;;;;;;;;;;;;;;;;;;;;;;;;;;;;;;;;;;;;;;;;;;;;;;;;;;;;;;;;;;;;;;
0066+  044F             get_path:
0067+  044F D7            push a
0068+  0450 E2            push si
0069+  0451 E3            push di
0070+  0452 19 00         mov al, 0
0071+  0454 3D 49 06      mov [tokstr], al      ; nullify tokstr string
0072+  0457 14 45 06      mov a, [prog]
0073+  045A 4D            mov si, a
0074+  045B FD 4F 49 06   mov di, tokstr
0075+  045F             get_path_skip_spaces:
0076+  045F F6            lodsb
0077+  0460 07 72 0B      call _isspace
0078+  0463 C6 5F 04      je get_path_skip_spaces
0079+  0466             get_path_is_pathchar:
0080+  0466 F7            stosb
0081+  0467 F6            lodsb
0082+  0468 07 FC 0A      call _isalnum      ;check if is alphanumeric
0083+  046B C6 66 04      je get_path_is_pathchar
0084+  046E B9 2F         cmp al, '/'        ; check if is '/'
0085+  0470 C6 66 04      je get_path_is_pathchar
0086+  0473 19 00         mov al, 0
0087+  0475 F7            stosb
0088+  0476 D5 01 00      sub si, 1
0089+  0479 4E            mov a, si
0090+  047A 42 45 06      mov [prog], a    ; update pointer
0091+  047D             get_path_end:
0092+  047D F0            pop di
0093+  047E EF            pop si
0094+  047F E4            pop a
0095+  0480 09            ret
0096+  0481             
0097+  0481             ;;;;;;;;;;;;;;;;;;;;;;;;;;;;;;;;;;;;;;;;;;;;;;;;;;;;;;;;;;;;;;;;;;;;;;;;;;;;;;;;;;
0098+  0481             ;; read a line
0099+  0481             ;; line is written into tokstr
0100+  0481             ;;;;;;;;;;;;;;;;;;;;;;;;;;;;;;;;;;;;;;;;;;;;;;;;;;;;;;;;;;;;;;;;;;;;;;;;;;;;;;;;;;
0101+  0481             get_line:
0102+  0481 D7            push a
0103+  0482 E2            push si
0104+  0483 E3            push di
0105+  0484 19 00         mov al, 0
0106+  0486 3D 49 06      mov [tokstr], al      ; nullify tokstr string
0107+  0489 14 45 06      mov a, [prog]
0108+  048C 4D            mov si, a
0109+  048D FD 4F 49 06   mov di, tokstr
0110+  0491             get_line_L0:
0111+  0491 F6            lodsb
0112+  0492 B9 0A         cmp al, $0A    ; check for new line
0113+  0494 C6 9B 04      je get_line_exit
0114+  0497 F7            stosb
0115+  0498 0A 91 04      jmp get_line_L0
0116+  049B             get_line_exit:
0117+  049B 19 00         mov al, 0
0118+  049D F7            stosb
0119+  049E 4E            mov a, si
0120+  049F 42 45 06      mov [prog], a    ; update pointer
0121+  04A2 F0            pop di
0122+  04A3 EF            pop si
0123+  04A4 E4            pop a
0124+  04A5 09            ret
0125+  04A6             
0126+  04A6             ;;;;;;;;;;;;;;;;;;;;;;;;;;;;;;;;;;;;;;;;;;;;;;;;;;;;;;;;;;;;;;;;;;;;;;;;;;;;;;;;;;
0127+  04A6             ;; token parser
0128+  04A6             ;;;;;;;;;;;;;;;;;;;;;;;;;;;;;;;;;;;;;;;;;;;;;;;;;;;;;;;;;;;;;;;;;;;;;;;;;;;;;;;;;;
0129+  04A6             get_token:
0130+  04A6 D7            push a
0131+  04A7 DA            push d
0132+  04A8 E2            push si
0133+  04A9 E3            push di
0134+  04AA 19 00         mov al, 0
0135+  04AC 3D 49 06      mov [tokstr], al      ; nullify tokstr string
0136+  04AF 19 00         mov al, TOK_NULL
0137+  04B1 3D 48 06      mov [tok], al        ; nullify token
0138+  04B4 14 45 06      mov a, [prog]
0139+  04B7 4D            mov si, a
0140+  04B8 FD 4F 49 06   mov di, tokstr
0141+  04BC             get_tok_skip_spaces:
0142+  04BC F6            lodsb
0143+  04BD 07 72 0B      call _isspace
0144+  04C0 C6 BC 04      je get_tok_skip_spaces
0145+  04C3 B9 00         cmp al, 0      ; check for end of input (NULL)
0146+  04C5 C6 AA 05      je get_token_end
0147+  04C8 B9 23         cmp al, '#'      ; comments!
0148+  04CA C6 D8 05      je get_tok_comment
0149+  04CD 07 FC 0A      call _isalnum
0150+  04D0 C6 B7 05      jz is_alphanumeric
0151+  04D3             ; other token types
0152+  04D3             get_token_slash:
0153+  04D3 B9 2F         cmp al, '/'        ; check if '/'
0154+  04D5 C7 ED 04      jne get_token_minus
0155+  04D8 F7            stosb          ; store '/' into token string
0156+  04D9 19 00         mov al, 0
0157+  04DB F7            stosb          ; terminate token string
0158+  04DC 19 01         mov al, TOK_FSLASH
0159+  04DE 3D 48 06      mov [tok], al      
0160+  04E1 19 02         mov al, TOKTYP_DELIMITER
0161+  04E3 3D 47 06      mov [toktyp], al
0162+  04E6 4E            mov a, si
0163+  04E7 42 45 06      mov [prog], a    ; update pointer
0164+  04EA 0A D3 05      jmp get_token_return
0165+  04ED             get_token_minus:
0166+  04ED B9 2D         cmp al, '-'        ; check if '-'
0167+  04EF C7 07 05      jne get_token_comma
0168+  04F2 F7            stosb          ; store '-' into token string
0169+  04F3 19 00         mov al, 0
0170+  04F5 F7            stosb          ; terminate token string
0171+  04F6 19 04         mov al, TOK_MINUS
0172+  04F8 3D 48 06      mov [tok], al      
0173+  04FB 19 02         mov al, TOKTYP_DELIMITER
0174+  04FD 3D 47 06      mov [toktyp], al
0175+  0500 4E            mov a, si
0176+  0501 42 45 06      mov [prog], a    ; update pointer
0177+  0504 0A D3 05      jmp get_token_return
0178+  0507             get_token_comma:
0179+  0507 B9 2C         cmp al, ','        ; check if ','
0180+  0509 C7 21 05      jne get_token_semi
0181+  050C F7            stosb          ; store ',' into token string
0182+  050D 19 00         mov al, 0
0183+  050F F7            stosb          ; terminate token string
0184+  0510 19 0B         mov al, TOK_COMMA
0185+  0512 3D 48 06      mov [tok], al      
0186+  0515 19 02         mov al, TOKTYP_DELIMITER
0187+  0517 3D 47 06      mov [toktyp], al
0188+  051A 4E            mov a, si
0189+  051B 42 45 06      mov [prog], a    ; update pointer
0190+  051E 0A D3 05      jmp get_token_return
0191+  0521             get_token_semi:
0192+  0521 B9 3B         cmp al, $3B        ; check if ';'
0193+  0523 C7 3B 05      jne get_token_colon
0194+  0526 F7            stosb          ; store ';' into token string
0195+  0527 19 00         mov al, 0
0196+  0529 F7            stosb          ; terminate token string
0197+  052A 19 06         mov al, TOK_SEMI
0198+  052C 3D 48 06      mov [tok], al      
0199+  052F 19 02         mov al, TOKTYP_DELIMITER
0200+  0531 3D 47 06      mov [toktyp], al
0201+  0534 4E            mov a, si
0202+  0535 42 45 06      mov [prog], a    ; update pointer
0203+  0538 0A D3 05      jmp get_token_return
0204+  053B             get_token_colon:
0205+  053B B9 3A         cmp al, $3A        ; check if ':'
0206+  053D C7 55 05      jne get_token_angle
0207+  0540 F7            stosb          ; store ':' into token string
0208+  0541 19 00         mov al, 0
0209+  0543 F7            stosb          ; terminate token string
0210+  0544 19 0A         mov al, TOK_COLON
0211+  0546 3D 48 06      mov [tok], al      
0212+  0549 19 02         mov al, TOKTYP_DELIMITER
0213+  054B 3D 47 06      mov [toktyp], al
0214+  054E 4E            mov a, si
0215+  054F 42 45 06      mov [prog], a    ; update pointer
0216+  0552 0A D3 05      jmp get_token_return
0217+  0555             get_token_angle:
0218+  0555 B9 3E         cmp al, $3E        ; check if '>'
0219+  0557 C7 6F 05      jne get_token_tilde
0220+  055A F7            stosb          ; store '>' into token string
0221+  055B 19 00         mov al, 0
0222+  055D F7            stosb          ; terminate token string
0223+  055E 19 07         mov al, TOK_ANGLE
0224+  0560 3D 48 06      mov [tok], al      
0225+  0563 19 02         mov al, TOKTYP_DELIMITER
0226+  0565 3D 47 06      mov [toktyp], al
0227+  0568 4E            mov a, si
0228+  0569 42 45 06      mov [prog], a    ; update pointer
0229+  056C 0A D3 05      jmp get_token_return
0230+  056F             get_token_tilde:
0231+  056F B9 7E         cmp al, '~'        ; check if '~'
0232+  0571 C7 89 05      jne get_token_equal
0233+  0574 F7            stosb          ; store '~' into token string
0234+  0575 19 00         mov al, 0
0235+  0577 F7            stosb          ; terminate token string
0236+  0578 19 08         mov al, TOK_TILDE
0237+  057A 3D 48 06      mov [tok], al      
0238+  057D 19 02         mov al, TOKTYP_DELIMITER
0239+  057F 3D 47 06      mov [toktyp], al
0240+  0582 4E            mov a, si
0241+  0583 42 45 06      mov [prog], a    ; update pointer
0242+  0586 0A D3 05      jmp get_token_return
0243+  0589             get_token_equal:
0244+  0589 B9 3D         cmp al, '='        ; check if '='
0245+  058B C7 A3 05      jne get_token_skip
0246+  058E F7            stosb          ; store '=' into token string
0247+  058F 19 00         mov al, 0
0248+  0591 F7            stosb          ; terminate token string
0249+  0592 19 09         mov al, TOK_EQUAL
0250+  0594 3D 48 06      mov [tok], al      
0251+  0597 19 02         mov al, TOKTYP_DELIMITER
0252+  0599 3D 47 06      mov [toktyp], al
0253+  059C 4E            mov a, si
0254+  059D 42 45 06      mov [prog], a    ; update pointer
0255+  05A0 0A D3 05      jmp get_token_return
0256+  05A3             get_token_skip:
0257+  05A3 4E            mov a, si
0258+  05A4 42 45 06      mov [prog], a    ; update pointer
0259+  05A7 0A D3 05      jmp get_token_return
0260+  05AA             get_token_end:        ; end of file token
0261+  05AA 19 14         mov al, TOK_END
0262+  05AC 3D 48 06      mov [tok], al
0263+  05AF 19 06         mov al, TOKTYP_END
0264+  05B1 3D 47 06      mov [toktyp], al
0265+  05B4 0A D3 05      jmp get_token_return
0266+  05B7             is_alphanumeric:
0267+  05B7 F7            stosb
0268+  05B8 F6            lodsb
0269+  05B9 07 FC 0A      call _isalnum      ;check if is alphanumeric
0270+  05BC C6 B7 05      jz is_alphanumeric
0271+  05BF B9 2E         cmp al, $2E        ; check if is '.'
0272+  05C1 C6 B7 05      je is_alphanumeric
0273+  05C4 19 00         mov al, 0
0274+  05C6 F7            stosb
0275+  05C7 19 00         mov al, TOKTYP_IDENTIFIER
0276+  05C9 3D 47 06      mov [toktyp], al
0277+  05CC D5 01 00      sub si, 1
0278+  05CF 4E            mov a, si
0279+  05D0 42 45 06      mov [prog], a    ; update pointer
0280+  05D3             get_token_return:
0281+  05D3 F0            pop di
0282+  05D4 EF            pop si
0283+  05D5 E7            pop d
0284+  05D6 E4            pop a
0285+  05D7 09            ret
0286+  05D8             get_tok_comment:
0287+  05D8 F6            lodsb
0288+  05D9 B9 0A         cmp al, $0A      ; new line
0289+  05DB C7 D8 05      jne get_tok_comment
0290+  05DE 0A BC 04      jmp get_tok_skip_spaces
0291+  05E1             
0292+  05E1             
0293+  05E1             get_number:
0294+  05E1 D7            push a
0295+  05E2 DA            push d
0296+  05E3 E2            push si
0297+  05E4 E3            push di
0298+  05E5 19 00         mov al, 0
0299+  05E7 3D 49 06      mov [tokstr], al      ; nullify tokstr string
0300+  05EA 19 00         mov al, TOK_NULL
0301+  05EC 3D 48 06      mov [tok], al        ; nullify token
0302+  05EF 14 45 06      mov a, [prog]
0303+  05F2 4D            mov si, a
0304+  05F3 FD 4F 49 06   mov di, tokstr
0305+  05F7             get_number_skip_spaces:
0306+  05F7 F6            lodsb
0307+  05F8 07 72 0B      call _isspace
0308+  05FB C6 F7 05      je get_number_skip_spaces
0309+  05FE B9 00         cmp al, 0      ; check for end of input (NULL)
0310+  0600 C7 10 06      jne get_number_L0
0311+  0603 19 14         mov al, TOK_END
0312+  0605 3D 48 06      mov [tok], al
0313+  0608 19 06         mov al, TOKTYP_END
0314+  060A 3D 47 06      mov [toktyp], al
0315+  060D 0A 27 06      jmp get_number_return
0316+  0610             get_number_L0:
0317+  0610 F7            stosb
0318+  0611 F6            lodsb
0319+  0612 07 06 0B      call _isdigit      ;check if is numeric
0320+  0615 C6 10 06      jz get_number_L0
0321+  0618 19 00         mov al, 0
0322+  061A F7            stosb
0323+  061B 19 05         mov al, TOKTYP_NUMERIC
0324+  061D 3D 47 06      mov [toktyp], al
0325+  0620 D5 01 00      sub si, 1
0326+  0623 4E            mov a, si
0327+  0624 42 45 06      mov [prog], a    ; update pointer
0328+  0627             get_number_return:
0329+  0627 F0            pop di
0330+  0628 EF            pop si
0331+  0629 E7            pop d
0332+  062A E4            pop a
0333+  062B 09            ret
0334+  062C             
0335+  062C             ;;;;;;;;;;;;;;;;;;;;;;;;;;;;;;;;;;;;;;;;;;;;;;;;;;;;;;;;;;;;;;;;;;;;;;;;;;;;;;;;;;
0336+  062C             ;; PUT BACK TOKEN
0337+  062C             ;;;;;;;;;;;;;;;;;;;;;;;;;;;;;;;;;;;;;;;;;;;;;;;;;;;;;;;;;;;;;;;;;;;;;;;;;;;;;;;;;;  
0338+  062C             _putback:
0339+  062C D7            push a
0340+  062D E2            push si
0341+  062E FD 4D 49 06   mov si, tokstr  
0342+  0632             _putback_loop:
0343+  0632 F6            lodsb
0344+  0633 B9 00         cmp al, 0
0345+  0635 C6 42 06      je _putback_end
0346+  0638 14 45 06      mov a, [prog]
0347+  063B 7D            dec a
0348+  063C 42 45 06      mov [prog], a      ; update pointer
0349+  063F 0A 32 06      jmp _putback_loop
0350+  0642             _putback_end:
0351+  0642 EF            pop si
0352+  0643 E4            pop a
0353+  0644 09            ret
0354+  0645             
0355+  0645             
0356+  0645             
0357+  0645             
0358+  0645 00 00       prog:      .dw 0          ; pointer to current position in buffer
0359+  0647             
0360+  0647 00          toktyp:    .db 0          ; token type symbol
0361+  0648 00          tok:       .db 0          ; current token symbol
0362+  0649 00 00 00 00 tokstr:    .fill 256, 0   ; token as a string
0362+  064D 00 00 00 00 
0362+  0651 00 00 00 00 
0362+  0655 00 00 00 00 
0362+  0659 00 00 00 00 
0362+  065D 00 00 00 00 
0362+  0661 00 00 00 00 
0362+  0665 00 00 00 00 
0362+  0669 00 00 00 00 
0362+  066D 00 00 00 00 
0362+  0671 00 00 00 00 
0362+  0675 00 00 00 00 
0362+  0679 00 00 00 00 
0362+  067D 00 00 00 00 
0362+  0681 00 00 00 00 
0362+  0685 00 00 00 00 
0362+  0689 00 00 00 00 
0362+  068D 00 00 00 00 
0362+  0691 00 00 00 00 
0362+  0695 00 00 00 00 
0362+  0699 00 00 00 00 
0362+  069D 00 00 00 00 
0362+  06A1 00 00 00 00 
0362+  06A5 00 00 00 00 
0362+  06A9 00 00 00 00 
0362+  06AD 00 00 00 00 
0362+  06B1 00 00 00 00 
0362+  06B5 00 00 00 00 
0362+  06B9 00 00 00 00 
0362+  06BD 00 00 00 00 
0362+  06C1 00 00 00 00 
0362+  06C5 00 00 00 00 
0362+  06C9 00 00 00 00 
0362+  06CD 00 00 00 00 
0362+  06D1 00 00 00 00 
0362+  06D5 00 00 00 00 
0362+  06D9 00 00 00 00 
0362+  06DD 00 00 00 00 
0362+  06E1 00 00 00 00 
0362+  06E5 00 00 00 00 
0362+  06E9 00 00 00 00 
0362+  06ED 00 00 00 00 
0362+  06F1 00 00 00 00 
0362+  06F5 00 00 00 00 
0362+  06F9 00 00 00 00 
0362+  06FD 00 00 00 00 
0362+  0701 00 00 00 00 
0362+  0705 00 00 00 00 
0362+  0709 00 00 00 00 
0362+  070D 00 00 00 00 
0362+  0711 00 00 00 00 
0362+  0715 00 00 00 00 
0362+  0719 00 00 00 00 
0362+  071D 00 00 00 00 
0362+  0721 00 00 00 00 
0362+  0725 00 00 00 00 
0362+  0729 00 00 00 00 
0362+  072D 00 00 00 00 
0362+  0731 00 00 00 00 
0362+  0735 00 00 00 00 
0362+  0739 00 00 00 00 
0362+  073D 00 00 00 00 
0362+  0741 00 00 00 00 
0362+  0745 00 00 00 00 
0028   0749             .include "lib/stdio.asm"
0001+  0749             ;;;;;;;;;;;;;;;;;;;;;;;;;;;;;;;;;;;;;;;;;;;;;;;;;;;;;;;;;;;;;;;;;;;;;;;;;;;;;;;;;;;;;;;;;;;;;;;;;;;;;;;;;;;;;;;;;;
0002+  0749             ; stdio.s
0003+  0749             ;;;;;;;;;;;;;;;;;;;;;;;;;;;;;;;;;;;;;;;;;;;;;;;;;;;;;;;;;;;;;;;;;;;;;;;;;;;;;;;;;;;;;;;;;;;;;;;;;;;;;;;;;;;;;;;;;;
0004+  0749             .include "lib/string.asm"
0001++ 0749             ;;;;;;;;;;;;;;;;;;;;;;;;;;;;;;;;;;;;;;;;;;;;;;;;;;;;;;;;;;;;;;;;;;;;;;;;;;;;;;;;;;;;;;;;;;;;;;;;;;;;;;;;;;;;;;;;;;
0002++ 0749             ; string.s
0003++ 0749             ;;;;;;;;;;;;;;;;;;;;;;;;;;;;;;;;;;;;;;;;;;;;;;;;;;;;;;;;;;;;;;;;;;;;;;;;;;;;;;;;;;;;;;;;;;;;;;;;;;;;;;;;;;;;;;;;;;
0004++ 0749             
0005++ 0749             
0006++ 0749             ;;;;;;;;;;;;;;;;;;;;;;;;;;;;;;;;;;;;;;;;;;;;;;;;;;;;;;;;;;;;;;;;;;;;;;;;;;;;;;;;;;;;;;;;;;;;;;;;;;;;;;;;;;;;;;;;;;
0007++ 0749             ; _strrev
0008++ 0749             ; reverse a string
0009++ 0749             ; D = string address
0010++ 0749             ;;;;;;;;;;;;;;;;;;;;;;;;;;;;;;;;;;;;;;;;;;;;;;;;;;;;;;;;;;;;;;;;;;;;;;;;;;;;;;;;;;;;;;;;;;;;;;;;;;;;;;;;;;;;;;;;;;
0011++ 0749             ; 01234
0012++ 0749             _strrev:
0013++ 0749 4B          	pusha
0014++ 074A 07 90 07    	call _strlen	; length in C
0015++ 074D 12          	mov a, c
0016++ 074E AF 01 00    	cmp a, 1
0017++ 0751 D0 6B 07    	jleu _strrev_end	; check string length. string len must be > 1
0018++ 0754 7D          	dec a
0019++ 0755 FD 4E       	mov si, d	; beginning of string
0020++ 0757 FD 50       	mov di, d	; beginning of string (for destinations)
0021++ 0759 59          	add d, a	; end of string
0022++ 075A 12          	mov a, c
0023++ 075B FD 9B       	shr a		; divide by 2
0024++ 075D 39          	mov c, a	; C now counts the steps
0025++ 075E             _strrev_L0:
0026++ 075E 32          	mov bl, [d]	; save load right-side char into BL
0027++ 075F F6          	lodsb		; load left-side char into AL; increase SI
0028++ 0760 3E          	mov [d], al	; store left char into right side
0029++ 0761 1B          	mov al, bl
0030++ 0762 F7          	stosb		; store right-side char into left-side; increase DI
0031++ 0763 7E          	dec c
0032++ 0764 7F          	dec d
0033++ 0765 C2 00 00    	cmp c, 0
0034++ 0768 C7 5E 07    	jne _strrev_L0
0035++ 076B             _strrev_end:
0036++ 076B 4C          	popa
0037++ 076C 09          	ret
0038++ 076D             	
0039++ 076D             ;;;;;;;;;;;;;;;;;;;;;;;;;;;;;;;;;;;;;;;;;;;;;;;;;;;;;;;;;;;;;;;;;;;;;;;;;;;;;;;;;;;;;;;;;;;;;;;;;;;;;;;;;;;;;;;;;;
0040++ 076D             ; _strchr
0041++ 076D             ; search string in D for char in AL
0042++ 076D             ;;;;;;;;;;;;;;;;;;;;;;;;;;;;;;;;;;;;;;;;;;;;;;;;;;;;;;;;;;;;;;;;;;;;;;;;;;;;;;;;;;;;;;;;;;;;;;;;;;;;;;;;;;;;;;;;;;
0043++ 076D             _strchr:
0044++ 076D             _strchr_L0:
0045++ 076D 32          	mov bl, [d]
0046++ 076E C1 00       	cmp bl, 0
0047++ 0770 C6 7B 07    	je _strchr_end
0048++ 0773 BA          	cmp al, bl
0049++ 0774 C6 7B 07    	je _strchr_end
0050++ 0777 79          	inc d
0051++ 0778 0A 6D 07    	jmp _strchr_L0
0052++ 077B             _strchr_end:
0053++ 077B 1B          	mov al, bl
0054++ 077C 09          	ret
0055++ 077D             
0056++ 077D             ;;;;;;;;;;;;;;;;;;;;;;;;;;;;;;;;;;;;;;;;;;;;;;;;;;;;;;;;;;;;;;;;;;;;;;;;;;;;;;;;;;;;;;;;;;;;;;;;;;;;;;;;;;;;;;;;;;
0057++ 077D             ; _strstr
0058++ 077D             ; find sub-string
0059++ 077D             ; str1 in SI
0060++ 077D             ; str2 in DI
0061++ 077D             ; SI points to end of source string
0062++ 077D             ;;;;;;;;;;;;;;;;;;;;;;;;;;;;;;;;;;;;;;;;;;;;;;;;;;;;;;;;;;;;;;;;;;;;;;;;;;;;;;;;;;;;;;;;;;;;;;;;;;;;;;;;;;;;;;;;;;
0063++ 077D             _strstr:
0064++ 077D DB          	push al
0065++ 077E DA          	push d
0066++ 077F E3          	push di
0067++ 0780             _strstr_loop:
0068++ 0780 F3          	cmpsb					; compare a byte of the strings
0069++ 0781 C7 8C 07    	jne _strstr_ret
0070++ 0784 FC 00 00    	lea d, [di + 0]
0071++ 0787 BD 00       	cmp byte[d], 0				; check if at end of string (null)
0072++ 0789 C7 80 07    	jne _strstr_loop				; equal chars but not at end
0073++ 078C             _strstr_ret:
0074++ 078C F0          	pop di
0075++ 078D E7          	pop d
0076++ 078E E8          	pop al
0077++ 078F 09          	ret
0078++ 0790             ;;;;;;;;;;;;;;;;;;;;;;;;;;;;;;;;;;;;;;;;;;;;;;;;;;;;;;;;;;;;;;;;;;;;;;;;;;;;;;;;;;;;;;;
0079++ 0790             ; length of null terminated string
0080++ 0790             ; result in C
0081++ 0790             ; pointer in D
0082++ 0790             ;;;;;;;;;;;;;;;;;;;;;;;;;;;;;;;;;;;;;;;;;;;;;;;;;;;;;;;;;;;;;;;;;;;;;;;;;;;;;;;;;;;;;;;
0083++ 0790             _strlen:
0084++ 0790 DA          	push d
0085++ 0791 38 00 00    	mov c, 0
0086++ 0794             _strlen_L1:
0087++ 0794 BD 00       	cmp byte [d], 0
0088++ 0796 C6 9E 07    	je _strlen_ret
0089++ 0799 79          	inc d
0090++ 079A 78          	inc c
0091++ 079B 0A 94 07    	jmp _strlen_L1
0092++ 079E             _strlen_ret:
0093++ 079E E7          	pop d
0094++ 079F 09          	ret
0095++ 07A0             
0096++ 07A0             ;;;;;;;;;;;;;;;;;;;;;;;;;;;;;;;;;;;;;;;;;;;;;;;;;;;;;;;;;;;;;;;;;;;;;;;;;;;;;;;;;;;;;;;;;;;;;;;;;;;;;;;;;;;;;;;;;;
0097++ 07A0             ; STRCMP
0098++ 07A0             ; compare two strings
0099++ 07A0             ; str1 in SI
0100++ 07A0             ; str2 in DI
0101++ 07A0             ; CREATE A STRING COMPAIRON INSTRUCION ?????
0102++ 07A0             ;;;;;;;;;;;;;;;;;;;;;;;;;;;;;;;;;;;;;;;;;;;;;;;;;;;;;;;;;;;;;;;;;;;;;;;;;;;;;;;;;;;;;;;;;;;;;;;;;;;;;;;;;;;;;;;;;;
0103++ 07A0             _strcmp:
0104++ 07A0 DB          	push al
0105++ 07A1 DA          	push d
0106++ 07A2 E3          	push di
0107++ 07A3 E2          	push si
0108++ 07A4             _strcmp_loop:
0109++ 07A4 F3          	cmpsb					; compare a byte of the strings
0110++ 07A5 C7 B0 07    	jne _strcmp_ret
0111++ 07A8 FB FF FF    	lea d, [si +- 1]
0112++ 07AB BD 00       	cmp byte[d], 0				; check if at end of string (null)
0113++ 07AD C7 A4 07    	jne _strcmp_loop				; equal chars but not at end
0114++ 07B0             _strcmp_ret:
0115++ 07B0 EF          	pop si
0116++ 07B1 F0          	pop di
0117++ 07B2 E7          	pop d
0118++ 07B3 E8          	pop al
0119++ 07B4 09          	ret
0120++ 07B5             
0121++ 07B5             
0122++ 07B5             ; STRCPY
0123++ 07B5             ; copy null terminated string from SI to DI
0124++ 07B5             ; source in SI
0125++ 07B5             ; destination in DI
0126++ 07B5             _strcpy:
0127++ 07B5 E2          	push si
0128++ 07B6 E3          	push di
0129++ 07B7 DB          	push al
0130++ 07B8             _strcpy_L1:
0131++ 07B8 F6          	lodsb
0132++ 07B9 F7          	stosb
0133++ 07BA B9 00       	cmp al, 0
0134++ 07BC C7 B8 07    	jne _strcpy_L1
0135++ 07BF             _strcpy_end:
0136++ 07BF E8          	pop al
0137++ 07C0 F0          	pop di
0138++ 07C1 EF          	pop si
0139++ 07C2 09          	ret
0140++ 07C3             
0141++ 07C3             ; STRCAT
0142++ 07C3             ; concatenate a NULL terminated string into string at DI, from string at SI
0143++ 07C3             ; source in SI
0144++ 07C3             ; destination in DI
0145++ 07C3             _strcat:
0146++ 07C3 E2          	push si
0147++ 07C4 E3          	push di
0148++ 07C5 D7          	push a
0149++ 07C6 DA          	push d
0150++ 07C7 50          	mov a, di
0151++ 07C8 3C          	mov d, a
0152++ 07C9             _strcat_goto_end_L1:
0153++ 07C9 BD 00       	cmp byte[d], 0
0154++ 07CB C6 D2 07    	je _strcat_start
0155++ 07CE 79          	inc d
0156++ 07CF 0A C9 07    	jmp _strcat_goto_end_L1
0157++ 07D2             _strcat_start:
0158++ 07D2 FD 50       	mov di, d
0159++ 07D4             _strcat_L1:
0160++ 07D4 F6          	lodsb
0161++ 07D5 F7          	stosb
0162++ 07D6 B9 00       	cmp al, 0
0163++ 07D8 C7 D4 07    	jne _strcat_L1
0164++ 07DB             _strcat_end:
0165++ 07DB E7          	pop d
0166++ 07DC E4          	pop a
0167++ 07DD F0          	pop di
0168++ 07DE EF          	pop si
0169++ 07DF 09          	ret
0170++ 07E0             
0171++ 07E0             
0005+  07E0             
0006+  07E0             
0007+  07E0             ;;;;;;;;;;;;;;;;;;;;;;;;;;;;;;;;;;;;;;;;;;;;;;;;;;;;;;;;;;;;;;;;;;;;;;;;;;;;;;;;;;;;;;;;;;;;;;;;;;;;;;;;;;;;;;;;;;
0008+  07E0             ; CONVERT ASCII 'O'..'F' TO INTEGER 0..15
0009+  07E0             ; ASCII in BL
0010+  07E0             ; result in AL
0011+  07E0             ; ascii for F = 0100 0110
0012+  07E0             ; ascii for 9 = 0011 1001
0013+  07E0             ;;;;;;;;;;;;;;;;;;;;;;;;;;;;;;;;;;;;;;;;;;;;;;;;;;;;;;;;;;;;;;;;;;;;;;;;;;;;;;;;;;;;;;;;;;;;;;;;;;;;;;;;;;;;;;;;;;
0014+  07E0             hex_ascii_encode:
0015+  07E0 1B            mov al, bl
0016+  07E1 93 40         test al, $40        ; test if letter or number
0017+  07E3 C7 E9 07      jnz hex_letter
0018+  07E6 87 0F         and al, $0F        ; get number
0019+  07E8 09            ret
0020+  07E9             hex_letter:
0021+  07E9 87 0F         and al, $0F        ; get letter
0022+  07EB 6A 09         add al, 9
0023+  07ED 09            ret
0024+  07EE             
0025+  07EE             ;;;;;;;;;;;;;;;;;;;;;;;;;;;;;;;;;;;;;;;;;;;;;;;;;;;;;;;;;;;;;;;;;;;;;;;;;;;;;;;;;;;;;;;;;;;;;;;;;;;;;;;;;;;;;;;;;;
0026+  07EE             ; ATOI
0027+  07EE             ; 2 letter hex string in B
0028+  07EE             ; 8bit integer returned in AL
0029+  07EE             ;;;;;;;;;;;;;;;;;;;;;;;;;;;;;;;;;;;;;;;;;;;;;;;;;;;;;;;;;;;;;;;;;;;;;;;;;;;;;;;;;;;;;;;;;;;;;;;;;;;;;;;;;;;;;;;;;;
0030+  07EE             _atoi:
0031+  07EE D8            push b
0032+  07EF 07 E0 07      call hex_ascii_encode      ; convert BL to 4bit code in AL
0033+  07F2 30            mov bl, bh
0034+  07F3 DB            push al          ; save a
0035+  07F4 07 E0 07      call hex_ascii_encode
0036+  07F7 EA            pop bl  
0037+  07F8 FD 9E 04      shl al, 4
0038+  07FB 8C            or al, bl
0039+  07FC E5            pop b
0040+  07FD 09            ret  
0041+  07FE             
0042+  07FE             
0043+  07FE             ;;;;;;;;;;;;;;;;;;;;;;;;;;;;;;;;;;;;;;;;;;;;;;;;;;;;;;;;;;;;;;;;;;;;;;;;;;;;;;;;;;;;;;;;;;;;;;;;;;;;;;;;;;;;;;;;;;
0044+  07FE             ; scanf
0045+  07FE             ; no need for explanations!
0046+  07FE             ;;;;;;;;;;;;;;;;;;;;;;;;;;;;;;;;;;;;;;;;;;;;;;;;;;;;;;;;;;;;;;;;;;;;;;;;;;;;;;;;;;;;;;;;;;;;;;;;;;;;;;;;;;;;;;;;;;
0047+  07FE             scanf:
0048+  07FE 09            ret
0049+  07FF             
0050+  07FF             ;;;;;;;;;;;;;;;;;;;;;;;;;;;;;;;;;;;;;;;;;;;;;;;;;;;;;;;;;;;;;;;;;;;;;;;;;;;;;;;;;;;;;;;;;;;;;;;;;;;;;;;;;;;;;;;;;;
0051+  07FF             ; ITOA
0052+  07FF             ; 8bit value in BL
0053+  07FF             ; 2 byte ASCII result in A
0054+  07FF             ;;;;;;;;;;;;;;;;;;;;;;;;;;;;;;;;;;;;;;;;;;;;;;;;;;;;;;;;;;;;;;;;;;;;;;;;;;;;;;;;;;;;;;;;;;;;;;;;;;;;;;;;;;;;;;;;;;
0055+  07FF             _itoa:
0056+  07FF DA            push d
0057+  0800 D8            push b
0058+  0801 A7 00         mov bh, 0
0059+  0803 FD A4 04      shr bl, 4  
0060+  0806 74            mov d, b
0061+  0807 1F DA 0A      mov al, [d + s_hex_digits]
0062+  080A 23            mov ah, al
0063+  080B               
0064+  080B E5            pop b
0065+  080C D8            push b
0066+  080D A7 00         mov bh, 0
0067+  080F FD 87 0F      and bl, $0F
0068+  0812 74            mov d, b
0069+  0813 1F DA 0A      mov al, [d + s_hex_digits]
0070+  0816 E5            pop b
0071+  0817 E7            pop d
0072+  0818 09            ret
0073+  0819             
0074+  0819             ;;;;;;;;;;;;;;;;;;;;;;;;;;;;;;;;;;;;;;;;;;;;;;;;;;;;;;;;;;;;;;;;;;;;;;;;;;;;;;;;;;;;;;;;;;;;;;;;;;;;;;;;;;;;;;;;;;
0075+  0819             ; HEX STRING TO BINARY
0076+  0819             ; di = destination address
0077+  0819             ; si = source
0078+  0819             ;;;;;;;;;;;;;;;;;;;;;;;;;;;;;;;;;;;;;;;;;;;;;;;;;;;;;;;;;;;;;;;;;;;;;;;;;;;;;;;;;;;;;;;;;;;;;;;;;;;;;;;;;;;;;;;;;;
0079+  0819             _hex_to_int:
0080+  0819             _hex_to_int_L1:
0081+  0819 F6            lodsb          ; load from [SI] to AL
0082+  081A B9 00         cmp al, 0        ; check if ASCII 0
0083+  081C C6 29 08      jz _hex_to_int_ret
0084+  081F 36            mov bh, al
0085+  0820 F6            lodsb
0086+  0821 2F            mov bl, al
0087+  0822 07 EE 07      call _atoi        ; convert ASCII byte in B to int (to AL)
0088+  0825 F7            stosb          ; store AL to [DI]
0089+  0826 0A 19 08      jmp _hex_to_int_L1
0090+  0829             _hex_to_int_ret:
0091+  0829 09            ret    
0092+  082A             
0093+  082A             
0094+  082A             
0095+  082A             ;;;;;;;;;;;;;;;;;;;;;;;;;;;;;;;;;;;;;;;;;;;;;;;;;;;;;;;;;;;;;;;;;;;;;;;;;;;;;;;;;;;;;;;;;;;;;;;;;;;;;;;;;;;;;;;;;;
0096+  082A             ; GETCHAR
0097+  082A             ; char in ah
0098+  082A             ;;;;;;;;;;;;;;;;;;;;;;;;;;;;;;;;;;;;;;;;;;;;;;;;;;;;;;;;;;;;;;;;;;;;;;;;;;;;;;;;;;;;;;;;;;;;;;;;;;;;;;;;;;;;;;;;;;
0099+  082A             _getchar:
0100+  082A DB            push al
0101+  082B             _getchar_retry:
0102+  082B FD 0C         sti
0103+  082D 19 01         mov al, 1
0104+  082F 05 03         syscall sys_io      ; receive in AH
0105+  0831 B9 00         cmp al, 0      ; check if any char was received
0106+  0833 C6 2B 08      je _getchar_retry
0107+  0836 E8            pop al
0108+  0837 09            ret
0109+  0838             
0110+  0838             ;;;;;;;;;;;;;;;;;;;;;;;;;;;;;;;;;;;;;;;;;;;;;;;;;;;;;;;;;;;;;;;;;;;;;;;;;;;;;;;;;;;;;;;;;;;;;;;;;;;;;;;;;;;;;;;;;;
0111+  0838             ; PUTCHAR
0112+  0838             ; char in ah
0113+  0838             ;;;;;;;;;;;;;;;;;;;;;;;;;;;;;;;;;;;;;;;;;;;;;;;;;;;;;;;;;;;;;;;;;;;;;;;;;;;;;;;;;;;;;;;;;;;;;;;;;;;;;;;;;;;;;;;;;;
0114+  0838             _putchar:
0115+  0838 D7            push a
0116+  0839 19 00         mov al, 0
0117+  083B 05 03         syscall sys_io      ; char in AH
0118+  083D E4            pop a
0119+  083E 09            ret
0120+  083F             
0121+  083F             ;;;;;;;;;;;;;;;;;;;;;;;;;;;;;;;;;;;;;;;;;;;;;;;;;;;;;;;;;;;;;;;;;;;;;;;;;;;;;;;;;;;;;;;;;;;;;;;;;;;;;;;;;;;;;;;;;;
0122+  083F             ;; INPUT A STRING
0123+  083F             ;; terminates with null
0124+  083F             ;; pointer in D
0125+  083F             ;;;;;;;;;;;;;;;;;;;;;;;;;;;;;;;;;;;;;;;;;;;;;;;;;;;;;;;;;;;;;;;;;;;;;;;;;;;;;;;;;;;;;;;;;;;;;;;;;;;;;;;;;;;;;;;;;;
0126+  083F             _gets:
0127+  083F D7            push a
0128+  0840 DA            push d
0129+  0841             _gets_loop:
0130+  0841 FD 0C         sti
0131+  0843 19 01         mov al, 1
0132+  0845 05 03         syscall sys_io      ; receive in AH
0133+  0847 B9 00         cmp al, 0        ; check error code (AL)
0134+  0849 C6 41 08      je _gets_loop      ; if no char received, retry
0135+  084C             
0136+  084C 76 1B         cmp ah, 27
0137+  084E C6 6F 08      je _gets_ansi_esc
0138+  0851 76 0A         cmp ah, $0A        ; LF
0139+  0853 C6 E0 08      je _gets_end
0140+  0856 76 0D         cmp ah, $0D        ; CR
0141+  0858 C6 E0 08      je _gets_end
0142+  085B 76 5C         cmp ah, $5C        ; '\\'
0143+  085D C6 9F 08      je _gets_escape
0144+  0860               
0145+  0860 76 08         cmp ah, $08      ; check for backspace
0146+  0862 C6 6B 08      je _gets_backspace
0147+  0865             
0148+  0865 1A            mov al, ah
0149+  0866 3E            mov [d], al
0150+  0867 79            inc d
0151+  0868 0A 41 08      jmp _gets_loop
0152+  086B             _gets_backspace:
0153+  086B 7F            dec d
0154+  086C 0A 41 08      jmp _gets_loop
0155+  086F             _gets_ansi_esc:
0156+  086F FD 0C         sti
0157+  0871 19 01         mov al, 1
0158+  0873 05 03         syscall sys_io        ; receive in AH without echo
0159+  0875 B9 00         cmp al, 0          ; check error code (AL)
0160+  0877 C6 6F 08      je _gets_ansi_esc    ; if no char received, retry
0161+  087A 76 5B         cmp ah, '['
0162+  087C C7 41 08      jne _gets_loop
0163+  087F             _gets_ansi_esc_2:
0164+  087F FD 0C         sti
0165+  0881 19 01         mov al, 1
0166+  0883 05 03         syscall sys_io          ; receive in AH without echo
0167+  0885 B9 00         cmp al, 0            ; check error code (AL)
0168+  0887 C6 7F 08      je _gets_ansi_esc_2  ; if no char received, retry
0169+  088A 76 44         cmp ah, 'D'
0170+  088C C6 97 08      je _gets_left_arrow
0171+  088F 76 43         cmp ah, 'C'
0172+  0891 C6 9B 08      je _gets_right_arrow
0173+  0894 0A 41 08      jmp _gets_loop
0174+  0897             _gets_left_arrow:
0175+  0897 7F            dec d
0176+  0898 0A 41 08      jmp _gets_loop
0177+  089B             _gets_right_arrow:
0178+  089B 79            inc d
0179+  089C 0A 41 08      jmp _gets_loop
0180+  089F             _gets_escape:
0181+  089F FD 0C         sti
0182+  08A1 19 01         mov al, 1
0183+  08A3 05 03         syscall sys_io      ; receive in AH
0184+  08A5 B9 00         cmp al, 0        ; check error code (AL)
0185+  08A7 C6 9F 08      je _gets_escape      ; if no char received, retry
0186+  08AA 76 6E         cmp ah, 'n'
0187+  08AC C6 CB 08      je _gets_LF
0188+  08AF 76 72         cmp ah, 'r'
0189+  08B1 C6 D2 08      je _gets_CR
0190+  08B4 76 30         cmp ah, '0'
0191+  08B6 C6 D9 08      je _gets_NULL
0192+  08B9 76 5C         cmp ah, $5C  ; '\'
0193+  08BB C6 C4 08      je _gets_slash
0194+  08BE 1A            mov al, ah        ; if not a known escape, it is just a normal letter
0195+  08BF 3E            mov [d], al
0196+  08C0 79            inc d
0197+  08C1 0A 41 08      jmp _gets_loop
0198+  08C4             _gets_slash:
0199+  08C4 19 5C         mov al, $5C
0200+  08C6 3E            mov [d], al
0201+  08C7 79            inc d
0202+  08C8 0A 41 08      jmp _gets_loop
0203+  08CB             _gets_LF:
0204+  08CB 19 0A         mov al, $0A
0205+  08CD 3E            mov [d], al
0206+  08CE 79            inc d
0207+  08CF 0A 41 08      jmp _gets_loop
0208+  08D2             _gets_CR:
0209+  08D2 19 0D         mov al, $0D
0210+  08D4 3E            mov [d], al
0211+  08D5 79            inc d
0212+  08D6 0A 41 08      jmp _gets_loop
0213+  08D9             _gets_NULL:
0214+  08D9 19 00         mov al, $00
0215+  08DB 3E            mov [d], al
0216+  08DC 79            inc d
0217+  08DD 0A 41 08      jmp _gets_loop
0218+  08E0             _gets_end:
0219+  08E0 19 00         mov al, 0
0220+  08E2 3E            mov [d], al        ; terminate string
0221+  08E3 E7            pop d
0222+  08E4 E4            pop a
0223+  08E5 09            ret
0224+  08E6             
0225+  08E6             ;;;;;;;;;;;;;;;;;;;;;;;;;;;;;;;;;;;;;;;;;;;;;;;;;;;;;;;;;;;;;;;;;;;;;;;;;;;;;;;;;;;;;;;;;;;;;;;;;;;;;;;;;;;;;;;;;;
0226+  08E6             ;; INPUT BINARY
0227+  08E6             ;; pointer in D
0228+  08E6             ;; size in b
0229+  08E6             ;;;;;;;;;;;;;;;;;;;;;;;;;;;;;;;;;;;;;;;;;;;;;;;;;;;;;;;;;;;;;;;;;;;;;;;;;;;;;;;;;;;;;;;;;;;;;;;;;;;;;;;;;;;;;;;;;;
0230+  08E6             _load_binary:
0231+  08E6 D7            push a
0232+  08E7 DA            push d
0233+  08E8 D9            push c
0234+  08E9 38 00 00      mov c, 0
0235+  08EC             _load_binary_loop:
0236+  08EC 19 03         mov al, 3
0237+  08EE 05 03         syscall sys_io      ; receive in AH with no echo
0238+  08F0 B9 00         cmp al, 0        ; check error code (AL)
0239+  08F2 C6 EC 08      je _load_binary_loop    ; if no char received, retry
0240+  08F5 1A            mov al, ah
0241+  08F6 3E            mov [d], al
0242+  08F7 79            inc d
0243+  08F8 78            inc c
0244+  08F9 FD C0         cmp b, c
0245+  08FB C7 EC 08      jne _load_binary_loop
0246+  08FE             _load_binary_end:
0247+  08FE E6            pop c
0248+  08FF E7            pop d
0249+  0900 E4            pop a
0250+  0901 09            ret
0251+  0902             
0252+  0902             ;;;;;;;;;;;;;;;;;;;;;;;;;;;;;;;;;;;;;;;;;;;;;;;;;;;;;;;;;;;;;;;;;;;;;;;;;;;;;;;;;;;;;;;;;;;;;;;;;;;;;;;;;;;;;;;;;;
0253+  0902             ;; INPUT TEXT
0254+  0902             ;; terminated with CTRL+D
0255+  0902             ;; pointer in D
0256+  0902             ;;;;;;;;;;;;;;;;;;;;;;;;;;;;;;;;;;;;;;;;;;;;;;;;;;;;;;;;;;;;;;;;;;;;;;;;;;;;;;;;;;;;;;;;;;;;;;;;;;;;;;;;;;;;;;;;;;
0257+  0902             _gettxt:
0258+  0902 D7            push a
0259+  0903 DA            push d
0260+  0904             _gettxt_loop:
0261+  0904 19 01         mov al, 1
0262+  0906 05 03         syscall sys_io      ; receive in AH
0263+  0908 B9 00         cmp al, 0        ; check error code (AL)
0264+  090A C6 04 09      je _gettxt_loop    ; if no char received, retry
0265+  090D 76 04         cmp ah, 4      ; EOT
0266+  090F C6 4D 09      je _gettxt_end
0267+  0912 76 08         cmp ah, $08      ; check for backspace
0268+  0914 C6 49 09      je _gettxt_backspace
0269+  0917 76 5C         cmp ah, $5C        ; '\'
0270+  0919 C6 22 09      je _gettxt_escape
0271+  091C 1A            mov al, ah
0272+  091D 3E            mov [d], al
0273+  091E 79            inc d
0274+  091F 0A 04 09      jmp _gettxt_loop
0275+  0922             _gettxt_escape:
0276+  0922 19 01         mov al, 1
0277+  0924 05 03         syscall sys_io      ; receive in AH
0278+  0926 B9 00         cmp al, 0        ; check error code (AL)
0279+  0928 C6 22 09      je _gettxt_escape    ; if no char received, retry
0280+  092B 76 6E         cmp ah, 'n'
0281+  092D C6 3B 09      je _gettxt_LF
0282+  0930 76 72         cmp ah, 'r'
0283+  0932 C6 42 09      je _gettxt_CR
0284+  0935 1A            mov al, ah        ; if not a known escape, it is just a normal letter
0285+  0936 3E            mov [d], al
0286+  0937 79            inc d
0287+  0938 0A 04 09      jmp _gettxt_loop
0288+  093B             _gettxt_LF:
0289+  093B 19 0A         mov al, $0A
0290+  093D 3E            mov [d], al
0291+  093E 79            inc d
0292+  093F 0A 04 09      jmp _gettxt_loop
0293+  0942             _gettxt_CR:
0294+  0942 19 0D         mov al, $0D
0295+  0944 3E            mov [d], al
0296+  0945 79            inc d
0297+  0946 0A 04 09      jmp _gettxt_loop
0298+  0949             _gettxt_backspace:
0299+  0949 7F            dec d
0300+  094A 0A 04 09      jmp _gettxt_loop
0301+  094D             _gettxt_end:
0302+  094D 19 00         mov al, 0
0303+  094F 3E            mov [d], al        ; terminate string
0304+  0950 E7            pop d
0305+  0951 E4            pop a
0306+  0952 09            ret
0307+  0953             
0308+  0953             ;;;;;;;;;;;;;;;;;;;;;;;;;;;;;;;;;;;;;;;;;;;;;;;;;;;;;;;;;;;;;;;;;;;;;;;;;;;;;;;;;;;;;;;;;;;;;;;;;;;;;;;;;;;;;;;;;;
0309+  0953             ; PRINT NEW LINE
0310+  0953             ;;;;;;;;;;;;;;;;;;;;;;;;;;;;;;;;;;;;;;;;;;;;;;;;;;;;;;;;;;;;;;;;;;;;;;;;;;;;;;;;;;;;;;;;;;;;;;;;;;;;;;;;;;;;;;;;;;
0311+  0953             printnl:
0312+  0953 D7            push a
0313+  0954 10 00 0A      mov a, $0A00
0314+  0957 05 03         syscall sys_io
0315+  0959 10 00 0D      mov a, $0D00
0316+  095C 05 03         syscall sys_io
0317+  095E E4            pop a
0318+  095F 09            ret
0319+  0960             
0320+  0960             ;;;;;;;;;;;;;;;;;;;;;;;;;;;;;;;;;;;;;;;;;;;;;;;;;;;;;;;;;;;;;;;;;;;;;;;;;;;;;;;;;;;;;;;;;;;;;;;;;;;;;;;;;;;;;;;;;;
0321+  0960             ; _strtoint
0322+  0960             ; 4 digit hex string number in d
0323+  0960             ; integer returned in A
0324+  0960             ;;;;;;;;;;;;;;;;;;;;;;;;;;;;;;;;;;;;;;;;;;;;;;;;;;;;;;;;;;;;;;;;;;;;;;;;;;;;;;;;;;;;;;;;;;;;;;;;;;;;;;;;;;;;;;;;;;
0325+  0960             _strtointx:
0326+  0960 D8            push b
0327+  0961 32            mov bl, [d]
0328+  0962 37            mov bh, bl
0329+  0963 33 01 00      mov bl, [d + 1]
0330+  0966 07 EE 07      call _atoi        ; convert to int in AL
0331+  0969 23            mov ah, al        ; move to AH
0332+  096A 33 02 00      mov bl, [d + 2]
0333+  096D 37            mov bh, bl
0334+  096E 33 03 00      mov bl, [d + 3]
0335+  0971 07 EE 07      call _atoi        ; convert to int in AL
0336+  0974 E5            pop b
0337+  0975 09            ret
0338+  0976             
0339+  0976             ;;;;;;;;;;;;;;;;;;;;;;;;;;;;;;;;;;;;;;;;;;;;;;;;;;;;;;;;;;;;;;;;;;;;;;;;;;;;;;;;;;;;;;;;;;;;;;;;;;;;;;;;;;;;;;;;;;
0340+  0976             ; _strtoint
0341+  0976             ; 5 digit base10 string number in d
0342+  0976             ; integer returned in A
0343+  0976             ;;;;;;;;;;;;;;;;;;;;;;;;;;;;;;;;;;;;;;;;;;;;;;;;;;;;;;;;;;;;;;;;;;;;;;;;;;;;;;;;;;;;;;;;;;;;;;;;;;;;;;;;;;;;;;;;;;
0344+  0976             _strtoint:
0345+  0976 E2            push si
0346+  0977 D8            push b
0347+  0978 D9            push c
0348+  0979 DA            push d
0349+  097A 07 90 07      call _strlen      ; get string length in C
0350+  097D 7E            dec c
0351+  097E FD 4E         mov si, d
0352+  0980 12            mov a, c
0353+  0981 FD 99         shl a
0354+  0983 3B F2 0A      mov d, table_power
0355+  0986 59            add d, a
0356+  0987 38 00 00      mov c, 0
0357+  098A             _strtoint_L0:
0358+  098A F6            lodsb      ; load ASCII to al
0359+  098B B9 00         cmp al, 0
0360+  098D C6 A0 09      je _strtoint_end
0361+  0990 6F 30         sub al, $30    ; make into integer
0362+  0992 22 00         mov ah, 0
0363+  0994 2A            mov b, [d]
0364+  0995 AC            mul a, b      ; result in B since it fits in 16bits
0365+  0996 11            mov a, b
0366+  0997 28            mov b, c
0367+  0998 54            add a, b
0368+  0999 39            mov c, a
0369+  099A 63 02 00      sub d, 2
0370+  099D 0A 8A 09      jmp _strtoint_L0
0371+  09A0             _strtoint_end:
0372+  09A0 12            mov a, c
0373+  09A1 E7            pop d
0374+  09A2 E6            pop c
0375+  09A3 E5            pop b
0376+  09A4 EF            pop si
0377+  09A5 09            ret
0378+  09A6             
0379+  09A6             
0380+  09A6             ;;;;;;;;;;;;;;;;;;;;;;;;;;;;;;;;;;;;;;;;;;;;;;;;;;;;;;;;;;;;;;;;;;;;;;;;;;;;;;;;;;;;;;;;;;;;;;;;;;;;;;;;;;;;;;;;;;
0381+  09A6             ; PRINT NULL TERMINATED STRING
0382+  09A6             ; pointer in D
0383+  09A6             ;;;;;;;;;;;;;;;;;;;;;;;;;;;;;;;;;;;;;;;;;;;;;;;;;;;;;;;;;;;;;;;;;;;;;;;;;;;;;;;;;;;;;;;;;;;;;;;;;;;;;;;;;;;;;;;;;;
0384+  09A6             _puts:
0385+  09A6 D7            push a
0386+  09A7 DA            push d
0387+  09A8             _puts_L1:
0388+  09A8 1E            mov al, [d]
0389+  09A9 B9 00         cmp al, 0
0390+  09AB C6 B7 09      jz _puts_END
0391+  09AE 23            mov ah, al
0392+  09AF 19 00         mov al, 0
0393+  09B1 05 03         syscall sys_io
0394+  09B3 79            inc d
0395+  09B4 0A A8 09      jmp _puts_L1
0396+  09B7             _puts_END:
0397+  09B7 E7            pop d
0398+  09B8 E4            pop a
0399+  09B9 09            ret
0400+  09BA             
0401+  09BA             ;;;;;;;;;;;;;;;;;;;;;;;;;;;;;;;;;;;;;;;;;;;;;;;;;;;;;;;;;;;;;;;;;;;;;;;;;;;;;;;;;;;;;;;;;;;;;;;;;;;;;;;;;;;;;;;;;;
0402+  09BA             ; PRINT N SIZE STRING
0403+  09BA             ; pointer in D
0404+  09BA             ; size in C
0405+  09BA             ;;;;;;;;;;;;;;;;;;;;;;;;;;;;;;;;;;;;;;;;;;;;;;;;;;;;;;;;;;;;;;;;;;;;;;;;;;;;;;;;;;;;;;;;;;;;;;;;;;;;;;;;;;;;;;;;;;
0406+  09BA             _putsn:
0407+  09BA DB            push al
0408+  09BB DA            push d
0409+  09BC D9            push c
0410+  09BD             _putsn_L0:
0411+  09BD 1E            mov al, [d]
0412+  09BE 23            mov ah, al
0413+  09BF 19 00         mov al, 0
0414+  09C1 05 03         syscall sys_io
0415+  09C3 79            inc d
0416+  09C4 7E            dec c  
0417+  09C5 C2 00 00      cmp c, 0
0418+  09C8 C7 BD 09      jne _putsn_L0
0419+  09CB             _putsn_end:
0420+  09CB E6            pop c
0421+  09CC E7            pop d
0422+  09CD E8            pop al
0423+  09CE 09            ret
0424+  09CF             
0425+  09CF             ;;;;;;;;;;;;;;;;;;;;;;;;;;;;;;;;;;;;;;;;;;;;;;;;;;;;;;;;;;;;;;;;;;;;;;;;;;;;;;;;;;;;;;;
0426+  09CF             ; print 16bit decimal number
0427+  09CF             ; input number in A
0428+  09CF             ;;;;;;;;;;;;;;;;;;;;;;;;;;;;;;;;;;;;;;;;;;;;;;;;;;;;;;;;;;;;;;;;;;;;;;;;;;;;;;;;;;;;;;;
0429+  09CF             print_u16d:
0430+  09CF D7            push a
0431+  09D0 D8            push b
0432+  09D1 26 10 27      mov b, 10000
0433+  09D4 AE            div a, b      ; get 10000's coeff.
0434+  09D5 07 F7 09      call print_number
0435+  09D8 11            mov a, b
0436+  09D9 26 E8 03      mov b, 1000
0437+  09DC AE            div a, b      ; get 1000's coeff.
0438+  09DD 07 F7 09      call print_number
0439+  09E0 11            mov a, b
0440+  09E1 26 64 00      mov b, 100
0441+  09E4 AE            div a, b
0442+  09E5 07 F7 09      call print_number
0443+  09E8 11            mov a, b
0444+  09E9 26 0A 00      mov b, 10
0445+  09EC AE            div a, b
0446+  09ED 07 F7 09      call print_number
0447+  09F0 1B            mov al, bl      ; 1's coeff in bl
0448+  09F1 07 F7 09      call print_number
0449+  09F4 E5            pop b
0450+  09F5 E4            pop a
0451+  09F6 09            ret
0452+  09F7             
0453+  09F7             ;;;;;;;;;;;;;;;;;;;;;;;;;;;;;;;;;;;;;;;;;;;;;;;;;;;;;;;;;;;;;;;;;;;;;;;;;;;;;;;;;;;;;;;
0454+  09F7             ; print AL
0455+  09F7             ;;;;;;;;;;;;;;;;;;;;;;;;;;;;;;;;;;;;;;;;;;;;;;;;;;;;;;;;;;;;;;;;;;;;;;;;;;;;;;;;;;;;;;;
0456+  09F7             print_number:
0457+  09F7 6A 30         add al, $30
0458+  09F9 23            mov ah, al
0459+  09FA 07 38 08      call _putchar
0460+  09FD 09            ret
0461+  09FE             
0462+  09FE             ;;;;;;;;;;;;;;;;;;;;;;;;;;;;;;;;;;;;;;;;;;;;;;;;;;;;;;;;;;;;;;;;;;;;;;;;;;;;;;;;;;;;;;;;;;;;;;;;;;;;;;;;;;;;;;;;;;
0463+  09FE             ; PRINT 16BIT HEX INTEGER
0464+  09FE             ; integer value in reg B
0465+  09FE             ;;;;;;;;;;;;;;;;;;;;;;;;;;;;;;;;;;;;;;;;;;;;;;;;;;;;;;;;;;;;;;;;;;;;;;;;;;;;;;;;;;;;;;;;;;;;;;;;;;;;;;;;;;;;;;;;;;
0466+  09FE             print_u16x:
0467+  09FE D7            push a
0468+  09FF D8            push b
0469+  0A00 DD            push bl
0470+  0A01 30            mov bl, bh
0471+  0A02 07 FF 07      call _itoa        ; convert bh to char in A
0472+  0A05 2F            mov bl, al        ; save al
0473+  0A06 19 00         mov al, 0
0474+  0A08 05 03         syscall sys_io        ; display AH
0475+  0A0A 24            mov ah, bl        ; retrieve al
0476+  0A0B 19 00         mov al, 0
0477+  0A0D 05 03         syscall sys_io        ; display AL
0478+  0A0F             
0479+  0A0F EA            pop bl
0480+  0A10 07 FF 07      call _itoa        ; convert bh to char in A
0481+  0A13 2F            mov bl, al        ; save al
0482+  0A14 19 00         mov al, 0
0483+  0A16 05 03         syscall sys_io        ; display AH
0484+  0A18 24            mov ah, bl        ; retrieve al
0485+  0A19 19 00         mov al, 0
0486+  0A1B 05 03         syscall sys_io        ; display AL
0487+  0A1D             
0488+  0A1D E5            pop b
0489+  0A1E E4            pop a
0490+  0A1F 09            ret
0491+  0A20             
0492+  0A20             ;;;;;;;;;;;;;;;;;;;;;;;;;;;;;;;;;;;;;;;;;;;;;;;;;;;;;;;;;;;;;;;;;;;;;;;;;;;;;;;;;;;;;;;;;;;;;;;;;;;;;;;;;;;;;;;;;;
0493+  0A20             ; INPUT 16BIT HEX INTEGER
0494+  0A20             ; read 16bit integer into A
0495+  0A20             ;;;;;;;;;;;;;;;;;;;;;;;;;;;;;;;;;;;;;;;;;;;;;;;;;;;;;;;;;;;;;;;;;;;;;;;;;;;;;;;;;;;;;;;;;;;;;;;;;;;;;;;;;;;;;;;;;;
0496+  0A20             scan_u16x:
0497+  0A20 F8 10 00      enter 16
0498+  0A23 D8            push b
0499+  0A24 DA            push d
0500+  0A25             
0501+  0A25 FA F1 FF      lea d, [bp + -15]
0502+  0A28 07 3F 08      call _gets        ; get number
0503+  0A2B             
0504+  0A2B 32            mov bl, [d]
0505+  0A2C 37            mov bh, bl
0506+  0A2D 33 01 00      mov bl, [d + 1]
0507+  0A30 07 EE 07      call _atoi        ; convert to int in AL
0508+  0A33 23            mov ah, al        ; move to AH
0509+  0A34             
0510+  0A34 33 02 00      mov bl, [d + 2]
0511+  0A37 37            mov bh, bl
0512+  0A38 33 03 00      mov bl, [d + 3]
0513+  0A3B 07 EE 07      call _atoi        ; convert to int in AL
0514+  0A3E             
0515+  0A3E E7            pop d
0516+  0A3F E5            pop b
0517+  0A40 F9            leave
0518+  0A41 09            ret
0519+  0A42             
0520+  0A42             ;;;;;;;;;;;;;;;;;;;;;;;;;;;;;;;;;;;;;;;;;;;;;;;;;;;;;;;;;;;;;;;;;;;;;;;;;;;;;;;;;;;;;;;;;;;;;;;;;;;;;;;;;;;;;;;;;;
0521+  0A42             ; PRINT 8bit HEX INTEGER
0522+  0A42             ; integer value in reg bl
0523+  0A42             ;;;;;;;;;;;;;;;;;;;;;;;;;;;;;;;;;;;;;;;;;;;;;;;;;;;;;;;;;;;;;;;;;;;;;;;;;;;;;;;;;;;;;;;;;;;;;;;;;;;;;;;;;;;;;;;;;;
0524+  0A42             print_u8x:
0525+  0A42 D7            push a
0526+  0A43 DD            push bl
0527+  0A44             
0528+  0A44 07 FF 07      call _itoa        ; convert bl to char in A
0529+  0A47 2F            mov bl, al        ; save al
0530+  0A48 19 00         mov al, 0
0531+  0A4A 05 03         syscall sys_io        ; display AH
0532+  0A4C 24            mov ah, bl        ; retrieve al
0533+  0A4D 19 00         mov al, 0
0534+  0A4F 05 03         syscall sys_io        ; display AL
0535+  0A51             
0536+  0A51 EA            pop bl
0537+  0A52 E4            pop a
0538+  0A53 09            ret
0539+  0A54             
0540+  0A54             ;;;;;;;;;;;;;;;;;;;;;;;;;;;;;;;;;;;;;;;;;;;;;;;;;;;;;;;;;;;;;;;;;;;;;;;;;;;;;;;;;;;;;;;
0541+  0A54             ; print 8bit decimal unsigned number
0542+  0A54             ; input number in AL
0543+  0A54             ;;;;;;;;;;;;;;;;;;;;;;;;;;;;;;;;;;;;;;;;;;;;;;;;;;;;;;;;;;;;;;;;;;;;;;;;;;;;;;;;;;;;;;;
0544+  0A54             print_u8d:
0545+  0A54 D7            push a
0546+  0A55 D8            push b
0547+  0A56             
0548+  0A56 22 00         mov ah, 0
0549+  0A58 26 64 00      mov b, 100
0550+  0A5B AE            div a, b
0551+  0A5C D8            push b      ; save remainder
0552+  0A5D B9 00         cmp al, 0
0553+  0A5F C6 69 0A      je skip100
0554+  0A62 6A 30         add al, $30
0555+  0A64 23            mov ah, al
0556+  0A65 19 00         mov al, 0
0557+  0A67 05 03         syscall sys_io  ; print coeff
0558+  0A69             skip100:
0559+  0A69 E4            pop a
0560+  0A6A 22 00         mov ah, 0
0561+  0A6C 26 0A 00      mov b, 10
0562+  0A6F AE            div a, b
0563+  0A70 D8            push b      ; save remainder
0564+  0A71 B9 00         cmp al, 0
0565+  0A73 C6 7D 0A      je skip10
0566+  0A76 6A 30         add al, $30
0567+  0A78 23            mov ah, al
0568+  0A79 19 00         mov al, 0
0569+  0A7B 05 03         syscall sys_io  ; print coeff
0570+  0A7D             skip10:
0571+  0A7D E4            pop a
0572+  0A7E 1B            mov al, bl
0573+  0A7F 6A 30         add al, $30
0574+  0A81 23            mov ah, al
0575+  0A82 19 00         mov al, 0
0576+  0A84 05 03         syscall sys_io  ; print coeff
0577+  0A86 E5            pop b
0578+  0A87 E4            pop a
0579+  0A88 09            ret
0580+  0A89             
0581+  0A89             ;;;;;;;;;;;;;;;;;;;;;;;;;;;;;;;;;;;;;;;;;;;;;;;;;;;;;;;;;;;;;;;;;;;;;;;;;;;;;;;;;;;;;;;;;;;;;;;;;;;;;;;;;;;;;;;;;;
0582+  0A89             ; INPUT 8BIT HEX INTEGER
0583+  0A89             ; read 8bit integer into AL
0584+  0A89             ;;;;;;;;;;;;;;;;;;;;;;;;;;;;;;;;;;;;;;;;;;;;;;;;;;;;;;;;;;;;;;;;;;;;;;;;;;;;;;;;;;;;;;;;;;;;;;;;;;;;;;;;;;;;;;;;;;
0585+  0A89             scan_u8x:
0586+  0A89 F8 04 00      enter 4
0587+  0A8C D8            push b
0588+  0A8D DA            push d
0589+  0A8E             
0590+  0A8E FA FD FF      lea d, [bp + -3]
0591+  0A91 07 3F 08      call _gets        ; get number
0592+  0A94             
0593+  0A94 32            mov bl, [d]
0594+  0A95 37            mov bh, bl
0595+  0A96 33 01 00      mov bl, [d + 1]
0596+  0A99 07 EE 07      call _atoi        ; convert to int in AL
0597+  0A9C             
0598+  0A9C E7            pop d
0599+  0A9D E5            pop b
0600+  0A9E F9            leave
0601+  0A9F 09            ret
0602+  0AA0             
0603+  0AA0             ;;;;;;;;;;;;;;;;;;;;;;;;;;;;;;;;;;;;;;;;;;;;;;;;;;;;;;;;;;;;;;;;;;;;;;;;;;;;;;;;;;;;;;;
0604+  0AA0             ; input decimal number
0605+  0AA0             ; result in A
0606+  0AA0             ; 655'\0'
0607+  0AA0             ; low--------high
0608+  0AA0             ;;;;;;;;;;;;;;;;;;;;;;;;;;;;;;;;;;;;;;;;;;;;;;;;;;;;;;;;;;;;;;;;;;;;;;;;;;;;;;;;;;;;;;;
0609+  0AA0             scan_u16d:
0610+  0AA0 F8 08 00      enter 8
0611+  0AA3 E2            push si
0612+  0AA4 D8            push b
0613+  0AA5 D9            push c
0614+  0AA6 DA            push d
0615+  0AA7 FA F9 FF      lea d, [bp +- 7]
0616+  0AAA 07 3F 08      call _gets
0617+  0AAD 07 90 07      call _strlen      ; get string length in C
0618+  0AB0 7E            dec c
0619+  0AB1 FD 4E         mov si, d
0620+  0AB3 12            mov a, c
0621+  0AB4 FD 99         shl a
0622+  0AB6 3B F2 0A      mov d, table_power
0623+  0AB9 59            add d, a
0624+  0ABA 38 00 00      mov c, 0
0625+  0ABD             mul_loop:
0626+  0ABD F6            lodsb      ; load ASCII to al
0627+  0ABE B9 00         cmp al, 0
0628+  0AC0 C6 D3 0A      je mul_exit
0629+  0AC3 6F 30         sub al, $30    ; make into integer
0630+  0AC5 22 00         mov ah, 0
0631+  0AC7 2A            mov b, [d]
0632+  0AC8 AC            mul a, b      ; result in B since it fits in 16bits
0633+  0AC9 11            mov a, b
0634+  0ACA 28            mov b, c
0635+  0ACB 54            add a, b
0636+  0ACC 39            mov c, a
0637+  0ACD 63 02 00      sub d, 2
0638+  0AD0 0A BD 0A      jmp mul_loop
0639+  0AD3             mul_exit:
0640+  0AD3 12            mov a, c
0641+  0AD4 E7            pop d
0642+  0AD5 E6            pop c
0643+  0AD6 E5            pop b
0644+  0AD7 EF            pop si
0645+  0AD8 F9            leave
0646+  0AD9 09            ret
0647+  0ADA             
0648+  0ADA             
0649+  0ADA 30 31 32 33 s_hex_digits:    .db "0123456789ABCDEF"  
0649+  0ADE 34 35 36 37 
0649+  0AE2 38 39 41 42 
0649+  0AE6 43 44 45 46 
0650+  0AEA 1B 5B 32 4A s_telnet_clear:  .db "\033[2J\033[H", 0
0650+  0AEE 1B 5B 48 00 
0651+  0AF2             
0652+  0AF2             table_power:
0653+  0AF2 01 00         .dw 1
0654+  0AF4 0A 00         .dw 10
0655+  0AF6 64 00         .dw 100
0656+  0AF8 E8 03         .dw 1000
0657+  0AFA 10 27         .dw 100000029   0AFC             .include "lib/ctype.asm"
0001+  0AFC             ;;;;;;;;;;;;;;;;;;;;;;;;;;;;;;;;;;;;;;;;;;;;;;;;;;;;;;;;;;;;;;;;;;;;;;;;;;;;;;;;;;;;;;;;;;;;;;;;;;;;;;;;;;;;;;;;;;
0002+  0AFC             ; ctype.s
0003+  0AFC             ;;;;;;;;;;;;;;;;;;;;;;;;;;;;;;;;;;;;;;;;;;;;;;;;;;;;;;;;;;;;;;;;;;;;;;;;;;;;;;;;;;;;;;;;;;;;;;;;;;;;;;;;;;;;;;;;;;
0004+  0AFC             
0005+  0AFC             ;;;;;;;;;;;;;;;;;;;;;;;;;;;;;;;;;;;;;;;;;;;;;;;;;;;;;;;;;;;;;;;;;;;;;;;;;;;;;;;;;;;;;;;;;;;;;;;;;;;;;;;;;;;;;;;;;;
0006+  0AFC             ;; C character classification is an operation provided by a group of functions in the ANSI C Standard Library
0007+  0AFC             ;; for the C programming language. These functions are used to test characters for membership in a particular
0008+  0AFC             ;; class of characters, such as alphabetic characters, control characters, etc. Both single-byte, and wide
0009+  0AFC             ;; characters are supported.
0010+  0AFC             ;;;;;;;;;;;;;;;;;;;;;;;;;;;;;;;;;;;;;;;;;;;;;;;;;;;;;;;;;;;;;;;;;;;;;;;;;;;;;;;;;;;;;;;;;;;;;;;;;;;;;;;;;;;;;;;;;;
0011+  0AFC             ;; _isalnum 
0012+  0AFC             ;; _isalpha 
0013+  0AFC             ;; islower 
0014+  0AFC             ;; isupper 
0015+  0AFC             ;; _isdigit 
0016+  0AFC             ;; isxdigit
0017+  0AFC             ;; iscntrl 
0018+  0AFC             ;; isgraph 
0019+  0AFC             ;; _isspace 
0020+  0AFC             ;; isblank 
0021+  0AFC             ;; isprint 
0022+  0AFC             ;; ispunct 
0023+  0AFC             ;; tolower 
0024+  0AFC             ;; toupper
0025+  0AFC             
0026+  0AFC             
0027+  0AFC             ;;;;;;;;;;;;;;;;;;;;;;;;;;;;;;;;;;;;;;;;;;;;;;;;;;;;;;;;;;;;;;;;;;;;;;;;;;;;;;;;;;
0028+  0AFC             ;; IS ALPHANUMERIC
0029+  0AFC             ;; sets ZF according with result
0030+  0AFC             ;;;;;;;;;;;;;;;;;;;;;;;;;;;;;;;;;;;;;;;;;;;;;;;;;;;;;;;;;;;;;;;;;;;;;;;;;;;;;;;;;;
0031+  0AFC             _isalnum:
0032+  0AFC 07 19 0B    	call _isalpha
0033+  0AFF C6 05 0B    	je _isalnum_exit
0034+  0B02 07 06 0B    	call _isdigit
0035+  0B05             _isalnum_exit:
0036+  0B05 09          	ret	
0037+  0B06             ;;;;;;;;;;;;;;;;;;;;;;;;;;;;;;;;;;;;;;;;;;;;;;;;;;;;;;;;;;;;;;;;;;;;;;;;;;;;;;;;;;
0038+  0B06             ;; IS DIGIT
0039+  0B06             ;; sets ZF according with result
0040+  0B06             ;;;;;;;;;;;;;;;;;;;;;;;;;;;;;;;;;;;;;;;;;;;;;;;;;;;;;;;;;;;;;;;;;;;;;;;;;;;;;;;;;;
0041+  0B06             _isdigit:
0042+  0B06 DB          	push al
0043+  0B07 B9 30       	cmp al, '0'
0044+  0B09 C8 15 0B    	jlu _isdigit_false
0045+  0B0C B9 39       	cmp al, '9'
0046+  0B0E D1 15 0B    	jgu _isdigit_false
0047+  0B11 87 00       	and al, 0	; set ZF
0048+  0B13 E8          	pop al
0049+  0B14 09          	ret
0050+  0B15             _isdigit_false:
0051+  0B15 8B 01       	or al, 1	; clear ZF
0052+  0B17 E8          	pop al
0053+  0B18 09          	ret	
0054+  0B19             	
0055+  0B19             ;;;;;;;;;;;;;;;;;;;;;;;;;;;;;;;;;;;;;;;;;;;;;;;;;;;;;;;;;;;;;;;;;;;;;;;;;;;;;;;;;;
0056+  0B19             ;; IS ALPHA
0057+  0B19             ;; sets ZF according with result
0058+  0B19             ;;;;;;;;;;;;;;;;;;;;;;;;;;;;;;;;;;;;;;;;;;;;;;;;;;;;;;;;;;;;;;;;;;;;;;;;;;;;;;;;;;
0059+  0B19             _isalpha:
0060+  0B19 DB          	push al
0061+  0B1A B9 5F       	cmp al, '_'
0062+  0B1C C6 3C 0B    	je _isalpha_true
0063+  0B1F B9 2E       	cmp al, '.'
0064+  0B21 C6 3C 0B    	je _isalpha_true
0065+  0B24 B9 41       	cmp al, 'A'
0066+  0B26 C8 38 0B    	jlu _isalpha_false
0067+  0B29 B9 7A       	cmp al, 'z'
0068+  0B2B D1 38 0B    	jgu _isalpha_false
0069+  0B2E B9 5A       	cmp al, 'Z'
0070+  0B30 D0 3C 0B    	jleu _isalpha_true
0071+  0B33 B9 61       	cmp al, 'a'
0072+  0B35 C9 3C 0B    	jgeu _isalpha_true
0073+  0B38             _isalpha_false:
0074+  0B38 8B 01       	or al, 1	; clear ZF
0075+  0B3A E8          	pop al
0076+  0B3B 09          	ret
0077+  0B3C             _isalpha_true:
0078+  0B3C 87 00       	and al, 0	; set ZF
0079+  0B3E E8          	pop al
0080+  0B3F 09          	ret
0081+  0B40             
0082+  0B40             ;;;;;;;;;;;;;;;;;;;;;;;;;;;;;;;;;;;;;;;;;;;;;;;;;;;;;;;;;;;;;;;;;;;;;;;;;;;;;;;;;;
0083+  0B40             ;; IS PATH-ALPHA
0084+  0B40             ;; sets ZF according with result
0085+  0B40             ;;;;;;;;;;;;;;;;;;;;;;;;;;;;;;;;;;;;;;;;;;;;;;;;;;;;;;;;;;;;;;;;;;;;;;;;;;;;;;;;;;
0086+  0B40             ispath:
0087+  0B40 DB          	push al
0088+  0B41 07 06 0B    	call _isdigit
0089+  0B44 C6 6E 0B    	je ispath_true
0090+  0B47 B9 5F       	cmp al, '_'
0091+  0B49 C6 6E 0B    	je ispath_true
0092+  0B4C B9 2F       	cmp al, '/'
0093+  0B4E C6 6E 0B    	je ispath_true
0094+  0B51 B9 2E       	cmp al, '.'
0095+  0B53 C6 6E 0B    	je ispath_true
0096+  0B56 B9 41       	cmp al, 'A'
0097+  0B58 C8 6A 0B    	jlu ispath_false
0098+  0B5B B9 7A       	cmp al, 'z'
0099+  0B5D D1 6A 0B    	jgu ispath_false
0100+  0B60 B9 5A       	cmp al, 'Z'
0101+  0B62 D0 6E 0B    	jleu ispath_true
0102+  0B65 B9 61       	cmp al, 'a'
0103+  0B67 C9 6E 0B    	jgeu ispath_true
0104+  0B6A             ispath_false:
0105+  0B6A 8B 01       	or al, 1	; clear ZF
0106+  0B6C E8          	pop al
0107+  0B6D 09          	ret
0108+  0B6E             ispath_true:
0109+  0B6E 87 00       	and al, 0	; set ZF
0110+  0B70 E8          	pop al
0111+  0B71 09          	ret
0112+  0B72             ;;;;;;;;;;;;;;;;;;;;;;;;;;;;;;;;;;;;;;;;;;;;;;;;;;;;;;;;;;;;;;;;;;;;;;;;;;;;;;;;;;
0113+  0B72             ;; IS SPACE
0114+  0B72             ;; sets ZF according with result
0115+  0B72             ;;;;;;;;;;;;;;;;;;;;;;;;;;;;;;;;;;;;;;;;;;;;;;;;;;;;;;;;;;;;;;;;;;;;;;;;;;;;;;;;;;
0116+  0B72             _isspace:
0117+  0B72 B9 20       	cmp al, $20		; ' '
0118+  0B74 C6 88 0B    	je _isspace_exit
0119+  0B77 B9 09       	cmp al, $09		; '\t'
0120+  0B79 C6 88 0B    	je _isspace_exit
0121+  0B7C B9 0A       	cmp al, $0A		; '\n'
0122+  0B7E C6 88 0B    	je _isspace_exit
0123+  0B81 B9 0D       	cmp al, $0D		; '\r'
0124+  0B83 C6 88 0B    	je _isspace_exit
0125+  0B86 B9 0B       	cmp al, $0B		; '\v'
0126+  0B88             _isspace_exit:
0127+  0B88 09          	ret	
0128+  0B89             
0129+  0B89             ;;;;;;;;;;;;;;;;;;;;;;;;;;;;;;;;;;;;;;;;;;;;;;;;;;;;;;;;;;;;;;;;;;;;;;;;;;;;;;;;;;;;;;;;;;;;;;;;;;;;;;;;;;;;;;;;;;
0130+  0B89             ; TO LOWER
0131+  0B89             ; input in AL
0132+  0B89             ; output in AL
0133+  0B89             ;;;;;;;;;;;;;;;;;;;;;;;;;;;;;;;;;;;;;;;;;;;;;;;;;;;;;;;;;;;;;;;;;;;;;;;;;;;;;;;;;;;;;;;;;;;;;;;;;;;;;;;;;;;;;;;;;;
0134+  0B89             _to_lower:
0135+  0B89 B9 5A       	cmp al, 'Z'
0136+  0B8B D1 90 0B    	jgu _to_lower_ret
0137+  0B8E 6A 20       	add al, $20				; convert to lower case
0138+  0B90             _to_lower_ret:
0139+  0B90 09          	ret
0140+  0B91             ;;;;;;;;;;;;;;;;;;;;;;;;;;;;;;;;;;;;;;;;;;;;;;;;;;;;;;;;;;;;;;;;;;;;;;;;;;;;;;;;;;;;;;;;;;;;;;;;;;;;;;;;;;;;;;;;;;
0141+  0B91             ; TO UPPER
0142+  0B91             ; input in AL
0143+  0B91             ; output in AL
0144+  0B91             ;;;;;;;;;;;;;;;;;;;;;;;;;;;;;;;;;;;;;;;;;;;;;;;;;;;;;;;;;;;;;;;;;;;;;;;;;;;;;;;;;;;;;;;;;;;;;;;;;;;;;;;;;;;;;;;;;;
0145+  0B91             _to_upper:
0146+  0B91 B9 61       	cmp al, 'a'
0147+  0B93 C8 98 0B    	jlu _to_upper_ret
0148+  0B96 6F 20       	sub al, $20			; convert to upper case
0149+  0B98             _to_upper_ret:
0150+  0B98 09          	ret
0151+  0B99             
0030   0B99             
0031   0B99             .end
0032   0B99             
0033   0B99             
tasm: Number of errors = 0
