0001   0000             .include "lib/kernel.exp"
0001+  0000             TEXT_ORG         .EQU  $0400
0002+  0000             sys_break        .EQU  $0000
0003+  0000             sys_rtc          .EQU  $0001
0004+  0000             sys_ide          .EQU  $0002
0005+  0000             sys_io           .EQU  $0003
0006+  0000             sys_filesystem   .EQU  $0004
0007+  0000             sys_spawn_proc   .EQU  $0005
0008+  0000             sys_list         .EQU  $0006
0009+  0000             sys_datetime     .EQU  $0007
0010+  0000             sys_reboot       .EQU  $0008
0011+  0000             sys_pause_proc   .EQU  $0009
0012+  0000             sys_resume_proc  .EQU  $000a
0013+  0000             sys_terminate_proc .EQU  $000b
0014+  0000             sys_system       .EQU  $000c
0002   0000             
0003   0400             .org TEXT_ORG			; origin at 1024
0004   0400             
0005   0400             cmd_clear:
0006   0400 3B 8E 0A    	mov d, s_telnet_clear
0007   0403 07 4A 09    	call _puts
0008   0406             
0009   0406 05 0B       	syscall sys_terminate_proc
0010   0408             
0011   0408             .include "lib/token.asm"
0001+  0408             TOKTYP_IDENTIFIER  .equ 0
0002+  0408             TOKTYP_KEYWORD     .equ 1
0003+  0408             TOKTYP_DELIMITER   .equ 2
0004+  0408             TOKTYP_STRING      .equ 3
0005+  0408             TOKTYP_CHAR        .equ 4
0006+  0408             TOKTYP_NUMERIC     .equ 5
0007+  0408             TOKTYP_END         .equ 6
0008+  0408             
0009+  0408             TOK_NULL           .equ 0
0010+  0408             TOK_FSLASH         .equ 1
0011+  0408             TOK_TIMES          .equ 2
0012+  0408             TOK_PLUS           .equ 3
0013+  0408             TOK_MINUS          .equ 4
0014+  0408             TOK_DOT            .equ 5
0015+  0408             TOK_SEMI           .equ 6
0016+  0408             TOK_ANGLE          .equ 7
0017+  0408             TOK_TILDE          .equ 8
0018+  0408             TOK_EQUAL          .equ 9
0019+  0408             TOK_COLON          .equ 10
0020+  0408             TOK_COMMA          .equ 11
0021+  0408             
0022+  0408             TOK_END            .equ 20
0023+  0408             
0024+  0408             
0025+  0408             ;;;;;;;;;;;;;;;;;;;;;;;;;;;;;;;;;;;;;;;;;;;;;;;;;;;;;;;;;;;;;;;;;;;;;;;;;;;;;;;;;;
0026+  0408             ;; read a full command argment from shell input buffer
0027+  0408             ;; argument is written into tokstr
0028+  0408             ;;;;;;;;;;;;;;;;;;;;;;;;;;;;;;;;;;;;;;;;;;;;;;;;;;;;;;;;;;;;;;;;;;;;;;;;;;;;;;;;;;
0029+  0408             get_arg:
0030+  0408 D7            push a
0031+  0409 E2            push si
0032+  040A E3            push di
0033+  040B 19 00         mov al, 0
0034+  040D 3D 36 06      mov [tokstr], al      ; nullify tokstr string
0035+  0410 14 32 06      mov a, [prog]
0036+  0413 4D            mov si, a
0037+  0414 FD 4F 36 06   mov di, tokstr
0038+  0418             get_arg_skip_spaces:
0039+  0418 F6            lodsb
0040+  0419 07 16 0B      call _isspace
0041+  041C C6 18 04      je get_arg_skip_spaces
0042+  041F             get_arg_L0:
0043+  041F B9 3B         cmp al, $3B        ; check if is ';'
0044+  0421 C6 2E 04      je get_arg_end
0045+  0424 B9 00         cmp al, 0
0046+  0426 C6 2E 04      je get_arg_end      ; check if end of input
0047+  0429 F7            stosb
0048+  042A F6            lodsb
0049+  042B 0A 1F 04      jmp get_arg_L0
0050+  042E             get_arg_end:
0051+  042E 19 00         mov al, 0
0052+  0430 F7            stosb
0053+  0431 D5 01 00      sub si, 1
0054+  0434 4E            mov a, si
0055+  0435 42 32 06      mov [prog], a    ; update pointer
0056+  0438 F0            pop di
0057+  0439 EF            pop si
0058+  043A E4            pop a
0059+  043B 09            ret
0060+  043C             
0061+  043C             ;;;;;;;;;;;;;;;;;;;;;;;;;;;;;;;;;;;;;;;;;;;;;;;;;;;;;;;;;;;;;;;;;;;;;;;;;;;;;;;;;;
0062+  043C             ;; read a path formation from shell input buffer
0063+  043C             ;; path is written into tokstr
0064+  043C             ;; /usr/bin
0065+  043C             ;;;;;;;;;;;;;;;;;;;;;;;;;;;;;;;;;;;;;;;;;;;;;;;;;;;;;;;;;;;;;;;;;;;;;;;;;;;;;;;;;;
0066+  043C             get_path:
0067+  043C D7            push a
0068+  043D E2            push si
0069+  043E E3            push di
0070+  043F 19 00         mov al, 0
0071+  0441 3D 36 06      mov [tokstr], al      ; nullify tokstr string
0072+  0444 14 32 06      mov a, [prog]
0073+  0447 4D            mov si, a
0074+  0448 FD 4F 36 06   mov di, tokstr
0075+  044C             get_path_skip_spaces:
0076+  044C F6            lodsb
0077+  044D 07 16 0B      call _isspace
0078+  0450 C6 4C 04      je get_path_skip_spaces
0079+  0453             get_path_is_pathchar:
0080+  0453 F7            stosb
0081+  0454 F6            lodsb
0082+  0455 07 A0 0A      call _isalnum      ;check if is alphanumeric
0083+  0458 C6 53 04      je get_path_is_pathchar
0084+  045B B9 2F         cmp al, '/'        ; check if is '/'
0085+  045D C6 53 04      je get_path_is_pathchar
0086+  0460 19 00         mov al, 0
0087+  0462 F7            stosb
0088+  0463 D5 01 00      sub si, 1
0089+  0466 4E            mov a, si
0090+  0467 42 32 06      mov [prog], a    ; update pointer
0091+  046A             get_path_end:
0092+  046A F0            pop di
0093+  046B EF            pop si
0094+  046C E4            pop a
0095+  046D 09            ret
0096+  046E             
0097+  046E             ;;;;;;;;;;;;;;;;;;;;;;;;;;;;;;;;;;;;;;;;;;;;;;;;;;;;;;;;;;;;;;;;;;;;;;;;;;;;;;;;;;
0098+  046E             ;; read a line
0099+  046E             ;; line is written into tokstr
0100+  046E             ;;;;;;;;;;;;;;;;;;;;;;;;;;;;;;;;;;;;;;;;;;;;;;;;;;;;;;;;;;;;;;;;;;;;;;;;;;;;;;;;;;
0101+  046E             get_line:
0102+  046E D7            push a
0103+  046F E2            push si
0104+  0470 E3            push di
0105+  0471 19 00         mov al, 0
0106+  0473 3D 36 06      mov [tokstr], al      ; nullify tokstr string
0107+  0476 14 32 06      mov a, [prog]
0108+  0479 4D            mov si, a
0109+  047A FD 4F 36 06   mov di, tokstr
0110+  047E             get_line_L0:
0111+  047E F6            lodsb
0112+  047F B9 0A         cmp al, $0A    ; check for new line
0113+  0481 C6 88 04      je get_line_exit
0114+  0484 F7            stosb
0115+  0485 0A 7E 04      jmp get_line_L0
0116+  0488             get_line_exit:
0117+  0488 19 00         mov al, 0
0118+  048A F7            stosb
0119+  048B 4E            mov a, si
0120+  048C 42 32 06      mov [prog], a    ; update pointer
0121+  048F F0            pop di
0122+  0490 EF            pop si
0123+  0491 E4            pop a
0124+  0492 09            ret
0125+  0493             
0126+  0493             ;;;;;;;;;;;;;;;;;;;;;;;;;;;;;;;;;;;;;;;;;;;;;;;;;;;;;;;;;;;;;;;;;;;;;;;;;;;;;;;;;;
0127+  0493             ;; token parser
0128+  0493             ;;;;;;;;;;;;;;;;;;;;;;;;;;;;;;;;;;;;;;;;;;;;;;;;;;;;;;;;;;;;;;;;;;;;;;;;;;;;;;;;;;
0129+  0493             get_token:
0130+  0493 D7            push a
0131+  0494 DA            push d
0132+  0495 E2            push si
0133+  0496 E3            push di
0134+  0497 19 00         mov al, 0
0135+  0499 3D 36 06      mov [tokstr], al      ; nullify tokstr string
0136+  049C 19 00         mov al, TOK_NULL
0137+  049E 3D 35 06      mov [tok], al        ; nullify token
0138+  04A1 14 32 06      mov a, [prog]
0139+  04A4 4D            mov si, a
0140+  04A5 FD 4F 36 06   mov di, tokstr
0141+  04A9             get_tok_skip_spaces:
0142+  04A9 F6            lodsb
0143+  04AA 07 16 0B      call _isspace
0144+  04AD C6 A9 04      je get_tok_skip_spaces
0145+  04B0 B9 00         cmp al, 0      ; check for end of input (NULL)
0146+  04B2 C6 97 05      je get_token_end
0147+  04B5 B9 23         cmp al, '#'      ; comments!
0148+  04B7 C6 C5 05      je get_tok_comment
0149+  04BA 07 A0 0A      call _isalnum
0150+  04BD C6 A4 05      jz is_alphanumeric
0151+  04C0             ; other token types
0152+  04C0             get_token_slash:
0153+  04C0 B9 2F         cmp al, '/'        ; check if '/'
0154+  04C2 C7 DA 04      jne get_token_minus
0155+  04C5 F7            stosb          ; store '/' into token string
0156+  04C6 19 00         mov al, 0
0157+  04C8 F7            stosb          ; terminate token string
0158+  04C9 19 01         mov al, TOK_FSLASH
0159+  04CB 3D 35 06      mov [tok], al      
0160+  04CE 19 02         mov al, TOKTYP_DELIMITER
0161+  04D0 3D 34 06      mov [toktyp], al
0162+  04D3 4E            mov a, si
0163+  04D4 42 32 06      mov [prog], a    ; update pointer
0164+  04D7 0A C0 05      jmp get_token_return
0165+  04DA             get_token_minus:
0166+  04DA B9 2D         cmp al, '-'        ; check if '-'
0167+  04DC C7 F4 04      jne get_token_comma
0168+  04DF F7            stosb          ; store '-' into token string
0169+  04E0 19 00         mov al, 0
0170+  04E2 F7            stosb          ; terminate token string
0171+  04E3 19 04         mov al, TOK_MINUS
0172+  04E5 3D 35 06      mov [tok], al      
0173+  04E8 19 02         mov al, TOKTYP_DELIMITER
0174+  04EA 3D 34 06      mov [toktyp], al
0175+  04ED 4E            mov a, si
0176+  04EE 42 32 06      mov [prog], a    ; update pointer
0177+  04F1 0A C0 05      jmp get_token_return
0178+  04F4             get_token_comma:
0179+  04F4 B9 2C         cmp al, ','        ; check if ','
0180+  04F6 C7 0E 05      jne get_token_semi
0181+  04F9 F7            stosb          ; store ',' into token string
0182+  04FA 19 00         mov al, 0
0183+  04FC F7            stosb          ; terminate token string
0184+  04FD 19 0B         mov al, TOK_COMMA
0185+  04FF 3D 35 06      mov [tok], al      
0186+  0502 19 02         mov al, TOKTYP_DELIMITER
0187+  0504 3D 34 06      mov [toktyp], al
0188+  0507 4E            mov a, si
0189+  0508 42 32 06      mov [prog], a    ; update pointer
0190+  050B 0A C0 05      jmp get_token_return
0191+  050E             get_token_semi:
0192+  050E B9 3B         cmp al, $3B        ; check if ';'
0193+  0510 C7 28 05      jne get_token_colon
0194+  0513 F7            stosb          ; store ';' into token string
0195+  0514 19 00         mov al, 0
0196+  0516 F7            stosb          ; terminate token string
0197+  0517 19 06         mov al, TOK_SEMI
0198+  0519 3D 35 06      mov [tok], al      
0199+  051C 19 02         mov al, TOKTYP_DELIMITER
0200+  051E 3D 34 06      mov [toktyp], al
0201+  0521 4E            mov a, si
0202+  0522 42 32 06      mov [prog], a    ; update pointer
0203+  0525 0A C0 05      jmp get_token_return
0204+  0528             get_token_colon:
0205+  0528 B9 3A         cmp al, $3A        ; check if ':'
0206+  052A C7 42 05      jne get_token_angle
0207+  052D F7            stosb          ; store ':' into token string
0208+  052E 19 00         mov al, 0
0209+  0530 F7            stosb          ; terminate token string
0210+  0531 19 0A         mov al, TOK_COLON
0211+  0533 3D 35 06      mov [tok], al      
0212+  0536 19 02         mov al, TOKTYP_DELIMITER
0213+  0538 3D 34 06      mov [toktyp], al
0214+  053B 4E            mov a, si
0215+  053C 42 32 06      mov [prog], a    ; update pointer
0216+  053F 0A C0 05      jmp get_token_return
0217+  0542             get_token_angle:
0218+  0542 B9 3E         cmp al, $3E        ; check if '>'
0219+  0544 C7 5C 05      jne get_token_tilde
0220+  0547 F7            stosb          ; store '>' into token string
0221+  0548 19 00         mov al, 0
0222+  054A F7            stosb          ; terminate token string
0223+  054B 19 07         mov al, TOK_ANGLE
0224+  054D 3D 35 06      mov [tok], al      
0225+  0550 19 02         mov al, TOKTYP_DELIMITER
0226+  0552 3D 34 06      mov [toktyp], al
0227+  0555 4E            mov a, si
0228+  0556 42 32 06      mov [prog], a    ; update pointer
0229+  0559 0A C0 05      jmp get_token_return
0230+  055C             get_token_tilde:
0231+  055C B9 7E         cmp al, '~'        ; check if '~'
0232+  055E C7 76 05      jne get_token_equal
0233+  0561 F7            stosb          ; store '~' into token string
0234+  0562 19 00         mov al, 0
0235+  0564 F7            stosb          ; terminate token string
0236+  0565 19 08         mov al, TOK_TILDE
0237+  0567 3D 35 06      mov [tok], al      
0238+  056A 19 02         mov al, TOKTYP_DELIMITER
0239+  056C 3D 34 06      mov [toktyp], al
0240+  056F 4E            mov a, si
0241+  0570 42 32 06      mov [prog], a    ; update pointer
0242+  0573 0A C0 05      jmp get_token_return
0243+  0576             get_token_equal:
0244+  0576 B9 3D         cmp al, '='        ; check if '='
0245+  0578 C7 90 05      jne get_token_skip
0246+  057B F7            stosb          ; store '=' into token string
0247+  057C 19 00         mov al, 0
0248+  057E F7            stosb          ; terminate token string
0249+  057F 19 09         mov al, TOK_EQUAL
0250+  0581 3D 35 06      mov [tok], al      
0251+  0584 19 02         mov al, TOKTYP_DELIMITER
0252+  0586 3D 34 06      mov [toktyp], al
0253+  0589 4E            mov a, si
0254+  058A 42 32 06      mov [prog], a    ; update pointer
0255+  058D 0A C0 05      jmp get_token_return
0256+  0590             get_token_skip:
0257+  0590 4E            mov a, si
0258+  0591 42 32 06      mov [prog], a    ; update pointer
0259+  0594 0A C0 05      jmp get_token_return
0260+  0597             get_token_end:        ; end of file token
0261+  0597 19 14         mov al, TOK_END
0262+  0599 3D 35 06      mov [tok], al
0263+  059C 19 06         mov al, TOKTYP_END
0264+  059E 3D 34 06      mov [toktyp], al
0265+  05A1 0A C0 05      jmp get_token_return
0266+  05A4             is_alphanumeric:
0267+  05A4 F7            stosb
0268+  05A5 F6            lodsb
0269+  05A6 07 A0 0A      call _isalnum      ;check if is alphanumeric
0270+  05A9 C6 A4 05      jz is_alphanumeric
0271+  05AC B9 2E         cmp al, $2E        ; check if is '.'
0272+  05AE C6 A4 05      je is_alphanumeric
0273+  05B1 19 00         mov al, 0
0274+  05B3 F7            stosb
0275+  05B4 19 00         mov al, TOKTYP_IDENTIFIER
0276+  05B6 3D 34 06      mov [toktyp], al
0277+  05B9 D5 01 00      sub si, 1
0278+  05BC 4E            mov a, si
0279+  05BD 42 32 06      mov [prog], a    ; update pointer
0280+  05C0             get_token_return:
0281+  05C0 F0            pop di
0282+  05C1 EF            pop si
0283+  05C2 E7            pop d
0284+  05C3 E4            pop a
0285+  05C4 09            ret
0286+  05C5             get_tok_comment:
0287+  05C5 F6            lodsb
0288+  05C6 B9 0A         cmp al, $0A      ; new line
0289+  05C8 C7 C5 05      jne get_tok_comment
0290+  05CB 0A A9 04      jmp get_tok_skip_spaces
0291+  05CE             
0292+  05CE             
0293+  05CE             get_number:
0294+  05CE D7            push a
0295+  05CF DA            push d
0296+  05D0 E2            push si
0297+  05D1 E3            push di
0298+  05D2 19 00         mov al, 0
0299+  05D4 3D 36 06      mov [tokstr], al      ; nullify tokstr string
0300+  05D7 19 00         mov al, TOK_NULL
0301+  05D9 3D 35 06      mov [tok], al        ; nullify token
0302+  05DC 14 32 06      mov a, [prog]
0303+  05DF 4D            mov si, a
0304+  05E0 FD 4F 36 06   mov di, tokstr
0305+  05E4             get_number_skip_spaces:
0306+  05E4 F6            lodsb
0307+  05E5 07 16 0B      call _isspace
0308+  05E8 C6 E4 05      je get_number_skip_spaces
0309+  05EB B9 00         cmp al, 0      ; check for end of input (NULL)
0310+  05ED C7 FD 05      jne get_number_L0
0311+  05F0 19 14         mov al, TOK_END
0312+  05F2 3D 35 06      mov [tok], al
0313+  05F5 19 06         mov al, TOKTYP_END
0314+  05F7 3D 34 06      mov [toktyp], al
0315+  05FA 0A 14 06      jmp get_number_return
0316+  05FD             get_number_L0:
0317+  05FD F7            stosb
0318+  05FE F6            lodsb
0319+  05FF 07 AA 0A      call _isdigit      ;check if is numeric
0320+  0602 C6 FD 05      jz get_number_L0
0321+  0605 19 00         mov al, 0
0322+  0607 F7            stosb
0323+  0608 19 05         mov al, TOKTYP_NUMERIC
0324+  060A 3D 34 06      mov [toktyp], al
0325+  060D D5 01 00      sub si, 1
0326+  0610 4E            mov a, si
0327+  0611 42 32 06      mov [prog], a    ; update pointer
0328+  0614             get_number_return:
0329+  0614 F0            pop di
0330+  0615 EF            pop si
0331+  0616 E7            pop d
0332+  0617 E4            pop a
0333+  0618 09            ret
0334+  0619             
0335+  0619             ;;;;;;;;;;;;;;;;;;;;;;;;;;;;;;;;;;;;;;;;;;;;;;;;;;;;;;;;;;;;;;;;;;;;;;;;;;;;;;;;;;
0336+  0619             ;; PUT BACK TOKEN
0337+  0619             ;;;;;;;;;;;;;;;;;;;;;;;;;;;;;;;;;;;;;;;;;;;;;;;;;;;;;;;;;;;;;;;;;;;;;;;;;;;;;;;;;;  
0338+  0619             _putback:
0339+  0619 D7            push a
0340+  061A E2            push si
0341+  061B FD 4D 36 06   mov si, tokstr  
0342+  061F             _putback_loop:
0343+  061F F6            lodsb
0344+  0620 B9 00         cmp al, 0
0345+  0622 C6 2F 06      je _putback_end
0346+  0625 14 32 06      mov a, [prog]
0347+  0628 7D            dec a
0348+  0629 42 32 06      mov [prog], a      ; update pointer
0349+  062C 0A 1F 06      jmp _putback_loop
0350+  062F             _putback_end:
0351+  062F EF            pop si
0352+  0630 E4            pop a
0353+  0631 09            ret
0354+  0632             
0355+  0632             
0356+  0632             
0357+  0632             
0358+  0632 00 00       prog:      .dw 0          ; pointer to current position in buffer
0359+  0634             
0360+  0634 00          toktyp:    .db 0          ; token type symbol
0361+  0635 00          tok:       .db 0          ; current token symbol
0362+  0636 00 00 00 00 tokstr:    .fill 256, 0   ; token as a string
0362+  063A 00 00 00 00 
0362+  063E 00 00 00 00 
0362+  0642 00 00 00 00 
0362+  0646 00 00 00 00 
0362+  064A 00 00 00 00 
0362+  064E 00 00 00 00 
0362+  0652 00 00 00 00 
0362+  0656 00 00 00 00 
0362+  065A 00 00 00 00 
0362+  065E 00 00 00 00 
0362+  0662 00 00 00 00 
0362+  0666 00 00 00 00 
0362+  066A 00 00 00 00 
0362+  066E 00 00 00 00 
0362+  0672 00 00 00 00 
0362+  0676 00 00 00 00 
0362+  067A 00 00 00 00 
0362+  067E 00 00 00 00 
0362+  0682 00 00 00 00 
0362+  0686 00 00 00 00 
0362+  068A 00 00 00 00 
0362+  068E 00 00 00 00 
0362+  0692 00 00 00 00 
0362+  0696 00 00 00 00 
0362+  069A 00 00 00 00 
0362+  069E 00 00 00 00 
0362+  06A2 00 00 00 00 
0362+  06A6 00 00 00 00 
0362+  06AA 00 00 00 00 
0362+  06AE 00 00 00 00 
0362+  06B2 00 00 00 00 
0362+  06B6 00 00 00 00 
0362+  06BA 00 00 00 00 
0362+  06BE 00 00 00 00 
0362+  06C2 00 00 00 00 
0362+  06C6 00 00 00 00 
0362+  06CA 00 00 00 00 
0362+  06CE 00 00 00 00 
0362+  06D2 00 00 00 00 
0362+  06D6 00 00 00 00 
0362+  06DA 00 00 00 00 
0362+  06DE 00 00 00 00 
0362+  06E2 00 00 00 00 
0362+  06E6 00 00 00 00 
0362+  06EA 00 00 00 00 
0362+  06EE 00 00 00 00 
0362+  06F2 00 00 00 00 
0362+  06F6 00 00 00 00 
0362+  06FA 00 00 00 00 
0362+  06FE 00 00 00 00 
0362+  0702 00 00 00 00 
0362+  0706 00 00 00 00 
0362+  070A 00 00 00 00 
0362+  070E 00 00 00 00 
0362+  0712 00 00 00 00 
0362+  0716 00 00 00 00 
0362+  071A 00 00 00 00 
0362+  071E 00 00 00 00 
0362+  0722 00 00 00 00 
0362+  0726 00 00 00 00 
0362+  072A 00 00 00 00 
0362+  072E 00 00 00 00 
0362+  0732 00 00 00 00 
0012   0736             .include "lib/stdio.asm"
0001+  0736             ;;;;;;;;;;;;;;;;;;;;;;;;;;;;;;;;;;;;;;;;;;;;;;;;;;;;;;;;;;;;;;;;;;;;;;;;;;;;;;;;;;;;;;;;;;;;;;;;;;;;;;;;;;;;;;;;;;
0002+  0736             ; stdio.s
0003+  0736             ;;;;;;;;;;;;;;;;;;;;;;;;;;;;;;;;;;;;;;;;;;;;;;;;;;;;;;;;;;;;;;;;;;;;;;;;;;;;;;;;;;;;;;;;;;;;;;;;;;;;;;;;;;;;;;;;;;
0004+  0736             .include "lib/string.asm"
0001++ 0736             ;;;;;;;;;;;;;;;;;;;;;;;;;;;;;;;;;;;;;;;;;;;;;;;;;;;;;;;;;;;;;;;;;;;;;;;;;;;;;;;;;;;;;;;;;;;;;;;;;;;;;;;;;;;;;;;;;;
0002++ 0736             ; string.s
0003++ 0736             ;;;;;;;;;;;;;;;;;;;;;;;;;;;;;;;;;;;;;;;;;;;;;;;;;;;;;;;;;;;;;;;;;;;;;;;;;;;;;;;;;;;;;;;;;;;;;;;;;;;;;;;;;;;;;;;;;;
0004++ 0736             
0005++ 0736             
0006++ 0736             ;;;;;;;;;;;;;;;;;;;;;;;;;;;;;;;;;;;;;;;;;;;;;;;;;;;;;;;;;;;;;;;;;;;;;;;;;;;;;;;;;;;;;;;;;;;;;;;;;;;;;;;;;;;;;;;;;;
0007++ 0736             ; _strrev
0008++ 0736             ; reverse a string
0009++ 0736             ; D = string address
0010++ 0736             ;;;;;;;;;;;;;;;;;;;;;;;;;;;;;;;;;;;;;;;;;;;;;;;;;;;;;;;;;;;;;;;;;;;;;;;;;;;;;;;;;;;;;;;;;;;;;;;;;;;;;;;;;;;;;;;;;;
0011++ 0736             ; 01234
0012++ 0736             _strrev:
0013++ 0736 4B          	pusha
0014++ 0737 07 7D 07    	call _strlen	; length in C
0015++ 073A 12          	mov a, c
0016++ 073B AF 01 00    	cmp a, 1
0017++ 073E D0 58 07    	jleu _strrev_end	; check string length. string len must be > 1
0018++ 0741 7D          	dec a
0019++ 0742 FD 4E       	mov si, d	; beginning of string
0020++ 0744 FD 50       	mov di, d	; beginning of string (for destinations)
0021++ 0746 59          	add d, a	; end of string
0022++ 0747 12          	mov a, c
0023++ 0748 FD 9B       	shr a		; divide by 2
0024++ 074A 39          	mov c, a	; C now counts the steps
0025++ 074B             _strrev_L0:
0026++ 074B 32          	mov bl, [d]	; save load right-side char into BL
0027++ 074C F6          	lodsb		; load left-side char into AL; increase SI
0028++ 074D 3E          	mov [d], al	; store left char into right side
0029++ 074E 1B          	mov al, bl
0030++ 074F F7          	stosb		; store right-side char into left-side; increase DI
0031++ 0750 7E          	dec c
0032++ 0751 7F          	dec d
0033++ 0752 C2 00 00    	cmp c, 0
0034++ 0755 C7 4B 07    	jne _strrev_L0
0035++ 0758             _strrev_end:
0036++ 0758 4C          	popa
0037++ 0759 09          	ret
0038++ 075A             	
0039++ 075A             ;;;;;;;;;;;;;;;;;;;;;;;;;;;;;;;;;;;;;;;;;;;;;;;;;;;;;;;;;;;;;;;;;;;;;;;;;;;;;;;;;;;;;;;;;;;;;;;;;;;;;;;;;;;;;;;;;;
0040++ 075A             ; _strchr
0041++ 075A             ; search string in D for char in AL
0042++ 075A             ;;;;;;;;;;;;;;;;;;;;;;;;;;;;;;;;;;;;;;;;;;;;;;;;;;;;;;;;;;;;;;;;;;;;;;;;;;;;;;;;;;;;;;;;;;;;;;;;;;;;;;;;;;;;;;;;;;
0043++ 075A             _strchr:
0044++ 075A             _strchr_L0:
0045++ 075A 32          	mov bl, [d]
0046++ 075B C1 00       	cmp bl, 0
0047++ 075D C6 68 07    	je _strchr_end
0048++ 0760 BA          	cmp al, bl
0049++ 0761 C6 68 07    	je _strchr_end
0050++ 0764 79          	inc d
0051++ 0765 0A 5A 07    	jmp _strchr_L0
0052++ 0768             _strchr_end:
0053++ 0768 1B          	mov al, bl
0054++ 0769 09          	ret
0055++ 076A             
0056++ 076A             ;;;;;;;;;;;;;;;;;;;;;;;;;;;;;;;;;;;;;;;;;;;;;;;;;;;;;;;;;;;;;;;;;;;;;;;;;;;;;;;;;;;;;;;;;;;;;;;;;;;;;;;;;;;;;;;;;;
0057++ 076A             ; _strstr
0058++ 076A             ; find sub-string
0059++ 076A             ; str1 in SI
0060++ 076A             ; str2 in DI
0061++ 076A             ; SI points to end of source string
0062++ 076A             ;;;;;;;;;;;;;;;;;;;;;;;;;;;;;;;;;;;;;;;;;;;;;;;;;;;;;;;;;;;;;;;;;;;;;;;;;;;;;;;;;;;;;;;;;;;;;;;;;;;;;;;;;;;;;;;;;;
0063++ 076A             _strstr:
0064++ 076A DB          	push al
0065++ 076B DA          	push d
0066++ 076C E3          	push di
0067++ 076D             _strstr_loop:
0068++ 076D F3          	cmpsb					; compare a byte of the strings
0069++ 076E C7 79 07    	jne _strstr_ret
0070++ 0771 FC 00 00    	lea d, [di + 0]
0071++ 0774 BD 00       	cmp byte[d], 0				; check if at end of string (null)
0072++ 0776 C7 6D 07    	jne _strstr_loop				; equal chars but not at end
0073++ 0779             _strstr_ret:
0074++ 0779 F0          	pop di
0075++ 077A E7          	pop d
0076++ 077B E8          	pop al
0077++ 077C 09          	ret
0078++ 077D             ;;;;;;;;;;;;;;;;;;;;;;;;;;;;;;;;;;;;;;;;;;;;;;;;;;;;;;;;;;;;;;;;;;;;;;;;;;;;;;;;;;;;;;;
0079++ 077D             ; length of null terminated string
0080++ 077D             ; result in C
0081++ 077D             ; pointer in D
0082++ 077D             ;;;;;;;;;;;;;;;;;;;;;;;;;;;;;;;;;;;;;;;;;;;;;;;;;;;;;;;;;;;;;;;;;;;;;;;;;;;;;;;;;;;;;;;
0083++ 077D             _strlen:
0084++ 077D DA          	push d
0085++ 077E 38 00 00    	mov c, 0
0086++ 0781             _strlen_L1:
0087++ 0781 BD 00       	cmp byte [d], 0
0088++ 0783 C6 8B 07    	je _strlen_ret
0089++ 0786 79          	inc d
0090++ 0787 78          	inc c
0091++ 0788 0A 81 07    	jmp _strlen_L1
0092++ 078B             _strlen_ret:
0093++ 078B E7          	pop d
0094++ 078C 09          	ret
0095++ 078D             
0096++ 078D             ;;;;;;;;;;;;;;;;;;;;;;;;;;;;;;;;;;;;;;;;;;;;;;;;;;;;;;;;;;;;;;;;;;;;;;;;;;;;;;;;;;;;;;;;;;;;;;;;;;;;;;;;;;;;;;;;;;
0097++ 078D             ; STRCMP
0098++ 078D             ; compare two strings
0099++ 078D             ; str1 in SI
0100++ 078D             ; str2 in DI
0101++ 078D             ; CREATE A STRING COMPAIRON INSTRUCION ?????
0102++ 078D             ;;;;;;;;;;;;;;;;;;;;;;;;;;;;;;;;;;;;;;;;;;;;;;;;;;;;;;;;;;;;;;;;;;;;;;;;;;;;;;;;;;;;;;;;;;;;;;;;;;;;;;;;;;;;;;;;;;
0103++ 078D             _strcmp:
0104++ 078D DB          	push al
0105++ 078E DA          	push d
0106++ 078F E3          	push di
0107++ 0790 E2          	push si
0108++ 0791             _strcmp_loop:
0109++ 0791 F3          	cmpsb					; compare a byte of the strings
0110++ 0792 C7 9D 07    	jne _strcmp_ret
0111++ 0795 FB FF FF    	lea d, [si +- 1]
0112++ 0798 BD 00       	cmp byte[d], 0				; check if at end of string (null)
0113++ 079A C7 91 07    	jne _strcmp_loop				; equal chars but not at end
0114++ 079D             _strcmp_ret:
0115++ 079D EF          	pop si
0116++ 079E F0          	pop di
0117++ 079F E7          	pop d
0118++ 07A0 E8          	pop al
0119++ 07A1 09          	ret
0120++ 07A2             
0121++ 07A2             
0122++ 07A2             ; STRCPY
0123++ 07A2             ; copy null terminated string from SI to DI
0124++ 07A2             ; source in SI
0125++ 07A2             ; destination in DI
0126++ 07A2             _strcpy:
0127++ 07A2 E2          	push si
0128++ 07A3 E3          	push di
0129++ 07A4 DB          	push al
0130++ 07A5             _strcpy_L1:
0131++ 07A5 F6          	lodsb
0132++ 07A6 F7          	stosb
0133++ 07A7 B9 00       	cmp al, 0
0134++ 07A9 C7 A5 07    	jne _strcpy_L1
0135++ 07AC             _strcpy_end:
0136++ 07AC E8          	pop al
0137++ 07AD F0          	pop di
0138++ 07AE EF          	pop si
0139++ 07AF 09          	ret
0140++ 07B0             
0141++ 07B0             ; STRCAT
0142++ 07B0             ; concatenate a NULL terminated string into string at DI, from string at SI
0143++ 07B0             ; source in SI
0144++ 07B0             ; destination in DI
0145++ 07B0             _strcat:
0146++ 07B0 E2          	push si
0147++ 07B1 E3          	push di
0148++ 07B2 D7          	push a
0149++ 07B3 DA          	push d
0150++ 07B4 50          	mov a, di
0151++ 07B5 3C          	mov d, a
0152++ 07B6             _strcat_goto_end_L1:
0153++ 07B6 BD 00       	cmp byte[d], 0
0154++ 07B8 C6 BF 07    	je _strcat_start
0155++ 07BB 79          	inc d
0156++ 07BC 0A B6 07    	jmp _strcat_goto_end_L1
0157++ 07BF             _strcat_start:
0158++ 07BF FD 50       	mov di, d
0159++ 07C1             _strcat_L1:
0160++ 07C1 F6          	lodsb
0161++ 07C2 F7          	stosb
0162++ 07C3 B9 00       	cmp al, 0
0163++ 07C5 C7 C1 07    	jne _strcat_L1
0164++ 07C8             _strcat_end:
0165++ 07C8 E7          	pop d
0166++ 07C9 E4          	pop a
0167++ 07CA F0          	pop di
0168++ 07CB EF          	pop si
0169++ 07CC 09          	ret
0170++ 07CD             
0171++ 07CD             
0005+  07CD             
0006+  07CD             
0007+  07CD             ;;;;;;;;;;;;;;;;;;;;;;;;;;;;;;;;;;;;;;;;;;;;;;;;;;;;;;;;;;;;;;;;;;;;;;;;;;;;;;;;;;;;;;;;;;;;;;;;;;;;;;;;;;;;;;;;;;
0008+  07CD             ; CONVERT ASCII 'O'..'F' TO INTEGER 0..15
0009+  07CD             ; ASCII in BL
0010+  07CD             ; result in AL
0011+  07CD             ; ascii for F = 0100 0110
0012+  07CD             ; ascii for 9 = 0011 1001
0013+  07CD             ;;;;;;;;;;;;;;;;;;;;;;;;;;;;;;;;;;;;;;;;;;;;;;;;;;;;;;;;;;;;;;;;;;;;;;;;;;;;;;;;;;;;;;;;;;;;;;;;;;;;;;;;;;;;;;;;;;
0014+  07CD             hex_ascii_encode:
0015+  07CD 1B            mov al, bl
0016+  07CE 93 40         test al, $40        ; test if letter or number
0017+  07D0 C7 D6 07      jnz hex_letter
0018+  07D3 87 0F         and al, $0F        ; get number
0019+  07D5 09            ret
0020+  07D6             hex_letter:
0021+  07D6 87 0F         and al, $0F        ; get letter
0022+  07D8 6A 09         add al, 9
0023+  07DA 09            ret
0024+  07DB             
0025+  07DB             ;;;;;;;;;;;;;;;;;;;;;;;;;;;;;;;;;;;;;;;;;;;;;;;;;;;;;;;;;;;;;;;;;;;;;;;;;;;;;;;;;;;;;;;;;;;;;;;;;;;;;;;;;;;;;;;;;;
0026+  07DB             ; ATOI
0027+  07DB             ; 2 letter hex string in B
0028+  07DB             ; 8bit integer returned in AL
0029+  07DB             ;;;;;;;;;;;;;;;;;;;;;;;;;;;;;;;;;;;;;;;;;;;;;;;;;;;;;;;;;;;;;;;;;;;;;;;;;;;;;;;;;;;;;;;;;;;;;;;;;;;;;;;;;;;;;;;;;;
0030+  07DB             _atoi:
0031+  07DB D8            push b
0032+  07DC 07 CD 07      call hex_ascii_encode      ; convert BL to 4bit code in AL
0033+  07DF 30            mov bl, bh
0034+  07E0 DB            push al          ; save a
0035+  07E1 07 CD 07      call hex_ascii_encode
0036+  07E4 EA            pop bl  
0037+  07E5 FD 9E 04      shl al, 4
0038+  07E8 8C            or al, bl
0039+  07E9 E5            pop b
0040+  07EA 09            ret  
0041+  07EB             
0042+  07EB             
0043+  07EB             ;;;;;;;;;;;;;;;;;;;;;;;;;;;;;;;;;;;;;;;;;;;;;;;;;;;;;;;;;;;;;;;;;;;;;;;;;;;;;;;;;;;;;;;;;;;;;;;;;;;;;;;;;;;;;;;;;;
0044+  07EB             ; scanf
0045+  07EB             ; no need for explanations!
0046+  07EB             ;;;;;;;;;;;;;;;;;;;;;;;;;;;;;;;;;;;;;;;;;;;;;;;;;;;;;;;;;;;;;;;;;;;;;;;;;;;;;;;;;;;;;;;;;;;;;;;;;;;;;;;;;;;;;;;;;;
0047+  07EB             scanf:
0048+  07EB 09            ret
0049+  07EC             
0050+  07EC             ;;;;;;;;;;;;;;;;;;;;;;;;;;;;;;;;;;;;;;;;;;;;;;;;;;;;;;;;;;;;;;;;;;;;;;;;;;;;;;;;;;;;;;;;;;;;;;;;;;;;;;;;;;;;;;;;;;
0051+  07EC             ; ITOA
0052+  07EC             ; 8bit value in BL
0053+  07EC             ; 2 byte ASCII result in A
0054+  07EC             ;;;;;;;;;;;;;;;;;;;;;;;;;;;;;;;;;;;;;;;;;;;;;;;;;;;;;;;;;;;;;;;;;;;;;;;;;;;;;;;;;;;;;;;;;;;;;;;;;;;;;;;;;;;;;;;;;;
0055+  07EC             _itoa:
0056+  07EC DA            push d
0057+  07ED D8            push b
0058+  07EE A7 00         mov bh, 0
0059+  07F0 FD A4 04      shr bl, 4  
0060+  07F3 74            mov d, b
0061+  07F4 1F 7E 0A      mov al, [d + s_hex_digits]
0062+  07F7 23            mov ah, al
0063+  07F8               
0064+  07F8 E5            pop b
0065+  07F9 D8            push b
0066+  07FA A7 00         mov bh, 0
0067+  07FC FD 87 0F      and bl, $0F
0068+  07FF 74            mov d, b
0069+  0800 1F 7E 0A      mov al, [d + s_hex_digits]
0070+  0803 E5            pop b
0071+  0804 E7            pop d
0072+  0805 09            ret
0073+  0806             
0074+  0806             ;;;;;;;;;;;;;;;;;;;;;;;;;;;;;;;;;;;;;;;;;;;;;;;;;;;;;;;;;;;;;;;;;;;;;;;;;;;;;;;;;;;;;;;;;;;;;;;;;;;;;;;;;;;;;;;;;;
0075+  0806             ; HEX STRING TO BINARY
0076+  0806             ; di = destination address
0077+  0806             ; si = source
0078+  0806             ;;;;;;;;;;;;;;;;;;;;;;;;;;;;;;;;;;;;;;;;;;;;;;;;;;;;;;;;;;;;;;;;;;;;;;;;;;;;;;;;;;;;;;;;;;;;;;;;;;;;;;;;;;;;;;;;;;
0079+  0806             _hex_to_int:
0080+  0806             _hex_to_int_L1:
0081+  0806 F6            lodsb          ; load from [SI] to AL
0082+  0807 B9 00         cmp al, 0        ; check if ASCII 0
0083+  0809 C6 16 08      jz _hex_to_int_ret
0084+  080C 36            mov bh, al
0085+  080D F6            lodsb
0086+  080E 2F            mov bl, al
0087+  080F 07 DB 07      call _atoi        ; convert ASCII byte in B to int (to AL)
0088+  0812 F7            stosb          ; store AL to [DI]
0089+  0813 0A 06 08      jmp _hex_to_int_L1
0090+  0816             _hex_to_int_ret:
0091+  0816 09            ret    
0092+  0817             
0093+  0817             
0094+  0817             
0095+  0817             ;;;;;;;;;;;;;;;;;;;;;;;;;;;;;;;;;;;;;;;;;;;;;;;;;;;;;;;;;;;;;;;;;;;;;;;;;;;;;;;;;;;;;;;;;;;;;;;;;;;;;;;;;;;;;;;;;;
0096+  0817             ; GETCHAR
0097+  0817             ; char in ah
0098+  0817             ;;;;;;;;;;;;;;;;;;;;;;;;;;;;;;;;;;;;;;;;;;;;;;;;;;;;;;;;;;;;;;;;;;;;;;;;;;;;;;;;;;;;;;;;;;;;;;;;;;;;;;;;;;;;;;;;;;
0099+  0817             getch:
0100+  0817 DB            push al
0101+  0818             getch_retry:
0102+  0818 19 01         mov al, 1
0103+  081A 05 03         syscall sys_io      ; receive in AH
0104+  081C E8            pop al
0105+  081D 09            ret
0106+  081E             
0107+  081E             ;;;;;;;;;;;;;;;;;;;;;;;;;;;;;;;;;;;;;;;;;;;;;;;;;;;;;;;;;;;;;;;;;;;;;;;;;;;;;;;;;;;;;;;;;;;;;;;;;;;;;;;;;;;;;;;;;;
0108+  081E             ; PUTCHAR
0109+  081E             ; char in ah
0110+  081E             ;;;;;;;;;;;;;;;;;;;;;;;;;;;;;;;;;;;;;;;;;;;;;;;;;;;;;;;;;;;;;;;;;;;;;;;;;;;;;;;;;;;;;;;;;;;;;;;;;;;;;;;;;;;;;;;;;;
0111+  081E             _putchar:
0112+  081E D7            push a
0113+  081F 19 00         mov al, 0
0114+  0821 05 03         syscall sys_io      ; char in AH
0115+  0823 E4            pop a
0116+  0824 09            ret
0117+  0825             
0118+  0825             ;;;;;;;;;;;;;;;;;;;;;;;;;;;;;;;;;;;;;;;;;;;;;;;;;;;;;;;;;;;;;;;;;;;;;;;;;;;;;;;;;;;;;;;;;;;;;;;;;;;;;;;;;;;;;;;;;;
0119+  0825             ;; INPUT A STRING
0120+  0825             ;; terminates with null
0121+  0825             ;; pointer in D
0122+  0825             ;;;;;;;;;;;;;;;;;;;;;;;;;;;;;;;;;;;;;;;;;;;;;;;;;;;;;;;;;;;;;;;;;;;;;;;;;;;;;;;;;;;;;;;;;;;;;;;;;;;;;;;;;;;;;;;;;;
0123+  0825             _gets:
0124+  0825 D7            push a
0125+  0826 DA            push d
0126+  0827             _gets_loop:
0127+  0827 19 01         mov al, 1
0128+  0829 05 03         syscall sys_io      ; receive in AH
0129+  082B             
0130+  082B 76 1B         cmp ah, 27
0131+  082D C6 4E 08      je _gets_ansi_esc
0132+  0830 76 0A         cmp ah, $0A        ; LF
0133+  0832 C6 AA 08      je _gets_end
0134+  0835 76 0D         cmp ah, $0D        ; CR
0135+  0837 C6 AA 08      je _gets_end
0136+  083A 76 5C         cmp ah, $5C        ; '\\'
0137+  083C C6 70 08      je _gets_escape
0138+  083F               
0139+  083F 76 08         cmp ah, $08      ; check for backspace
0140+  0841 C6 4A 08      je _gets_backspace
0141+  0844             
0142+  0844 1A            mov al, ah
0143+  0845 3E            mov [d], al
0144+  0846 79            inc d
0145+  0847 0A 27 08      jmp _gets_loop
0146+  084A             _gets_backspace:
0147+  084A 7F            dec d
0148+  084B 0A 27 08      jmp _gets_loop
0149+  084E             _gets_ansi_esc:
0150+  084E 19 01         mov al, 1
0151+  0850 05 03         syscall sys_io        ; receive in AH without echo
0152+  0852 76 5B         cmp ah, '['
0153+  0854 C7 27 08      jne _gets_loop
0154+  0857 19 01         mov al, 1
0155+  0859 05 03         syscall sys_io          ; receive in AH without echo
0156+  085B 76 44         cmp ah, 'D'
0157+  085D C6 68 08      je _gets_left_arrow
0158+  0860 76 43         cmp ah, 'C'
0159+  0862 C6 6C 08      je _gets_right_arrow
0160+  0865 0A 27 08      jmp _gets_loop
0161+  0868             _gets_left_arrow:
0162+  0868 7F            dec d
0163+  0869 0A 27 08      jmp _gets_loop
0164+  086C             _gets_right_arrow:
0165+  086C 79            inc d
0166+  086D 0A 27 08      jmp _gets_loop
0167+  0870             _gets_escape:
0168+  0870 19 01         mov al, 1
0169+  0872 05 03         syscall sys_io      ; receive in AH
0170+  0874 76 6E         cmp ah, 'n'
0171+  0876 C6 95 08      je _gets_LF
0172+  0879 76 72         cmp ah, 'r'
0173+  087B C6 9C 08      je _gets_CR
0174+  087E 76 30         cmp ah, '0'
0175+  0880 C6 A3 08      je _gets_NULL
0176+  0883 76 5C         cmp ah, $5C  ; '\'
0177+  0885 C6 8E 08      je _gets_slash
0178+  0888 1A            mov al, ah        ; if not a known escape, it is just a normal letter
0179+  0889 3E            mov [d], al
0180+  088A 79            inc d
0181+  088B 0A 27 08      jmp _gets_loop
0182+  088E             _gets_slash:
0183+  088E 19 5C         mov al, $5C
0184+  0890 3E            mov [d], al
0185+  0891 79            inc d
0186+  0892 0A 27 08      jmp _gets_loop
0187+  0895             _gets_LF:
0188+  0895 19 0A         mov al, $0A
0189+  0897 3E            mov [d], al
0190+  0898 79            inc d
0191+  0899 0A 27 08      jmp _gets_loop
0192+  089C             _gets_CR:
0193+  089C 19 0D         mov al, $0D
0194+  089E 3E            mov [d], al
0195+  089F 79            inc d
0196+  08A0 0A 27 08      jmp _gets_loop
0197+  08A3             _gets_NULL:
0198+  08A3 19 00         mov al, $00
0199+  08A5 3E            mov [d], al
0200+  08A6 79            inc d
0201+  08A7 0A 27 08      jmp _gets_loop
0202+  08AA             _gets_end:
0203+  08AA 19 00         mov al, 0
0204+  08AC 3E            mov [d], al        ; terminate string
0205+  08AD E7            pop d
0206+  08AE E4            pop a
0207+  08AF 09            ret
0208+  08B0             
0209+  08B0             
0210+  08B0             ;;;;;;;;;;;;;;;;;;;;;;;;;;;;;;;;;;;;;;;;;;;;;;;;;;;;;;;;;;;;;;;;;;;;;;;;;;;;;;;;;;;;;;;;;;;;;;;;;;;;;;;;;;;;;;;;;;
0211+  08B0             ;; INPUT TEXT
0212+  08B0             ;; terminated with CTRL+D
0213+  08B0             ;; pointer in D
0214+  08B0             ;;;;;;;;;;;;;;;;;;;;;;;;;;;;;;;;;;;;;;;;;;;;;;;;;;;;;;;;;;;;;;;;;;;;;;;;;;;;;;;;;;;;;;;;;;;;;;;;;;;;;;;;;;;;;;;;;;
0215+  08B0             _gettxt:
0216+  08B0 D7            push a
0217+  08B1 DA            push d
0218+  08B2             _gettxt_loop:
0219+  08B2 19 01         mov al, 1
0220+  08B4 05 03         syscall sys_io      ; receive in AH
0221+  08B6 76 04         cmp ah, 4      ; EOT
0222+  08B8 C6 F1 08      je _gettxt_end
0223+  08BB 76 08         cmp ah, $08      ; check for backspace
0224+  08BD C6 ED 08      je _gettxt_backspace
0225+  08C0 76 5C         cmp ah, $5C        ; '\'
0226+  08C2 C6 CB 08      je _gettxt_escape
0227+  08C5 1A            mov al, ah
0228+  08C6 3E            mov [d], al
0229+  08C7 79            inc d
0230+  08C8 0A B2 08      jmp _gettxt_loop
0231+  08CB             _gettxt_escape:
0232+  08CB 19 01         mov al, 1
0233+  08CD 05 03         syscall sys_io      ; receive in AH
0234+  08CF 76 6E         cmp ah, 'n'
0235+  08D1 C6 DF 08      je _gettxt_LF
0236+  08D4 76 72         cmp ah, 'r'
0237+  08D6 C6 E6 08      je _gettxt_CR
0238+  08D9 1A            mov al, ah        ; if not a known escape, it is just a normal letter
0239+  08DA 3E            mov [d], al
0240+  08DB 79            inc d
0241+  08DC 0A B2 08      jmp _gettxt_loop
0242+  08DF             _gettxt_LF:
0243+  08DF 19 0A         mov al, $0A
0244+  08E1 3E            mov [d], al
0245+  08E2 79            inc d
0246+  08E3 0A B2 08      jmp _gettxt_loop
0247+  08E6             _gettxt_CR:
0248+  08E6 19 0D         mov al, $0D
0249+  08E8 3E            mov [d], al
0250+  08E9 79            inc d
0251+  08EA 0A B2 08      jmp _gettxt_loop
0252+  08ED             _gettxt_backspace:
0253+  08ED 7F            dec d
0254+  08EE 0A B2 08      jmp _gettxt_loop
0255+  08F1             _gettxt_end:
0256+  08F1 19 00         mov al, 0
0257+  08F3 3E            mov [d], al        ; terminate string
0258+  08F4 E7            pop d
0259+  08F5 E4            pop a
0260+  08F6 09            ret
0261+  08F7             
0262+  08F7             ;;;;;;;;;;;;;;;;;;;;;;;;;;;;;;;;;;;;;;;;;;;;;;;;;;;;;;;;;;;;;;;;;;;;;;;;;;;;;;;;;;;;;;;;;;;;;;;;;;;;;;;;;;;;;;;;;;
0263+  08F7             ; PRINT NEW LINE
0264+  08F7             ;;;;;;;;;;;;;;;;;;;;;;;;;;;;;;;;;;;;;;;;;;;;;;;;;;;;;;;;;;;;;;;;;;;;;;;;;;;;;;;;;;;;;;;;;;;;;;;;;;;;;;;;;;;;;;;;;;
0265+  08F7             printnl:
0266+  08F7 D7            push a
0267+  08F8 10 00 0A      mov a, $0A00
0268+  08FB 05 03         syscall sys_io
0269+  08FD 10 00 0D      mov a, $0D00
0270+  0900 05 03         syscall sys_io
0271+  0902 E4            pop a
0272+  0903 09            ret
0273+  0904             
0274+  0904             ;;;;;;;;;;;;;;;;;;;;;;;;;;;;;;;;;;;;;;;;;;;;;;;;;;;;;;;;;;;;;;;;;;;;;;;;;;;;;;;;;;;;;;;;;;;;;;;;;;;;;;;;;;;;;;;;;;
0275+  0904             ; _strtoint
0276+  0904             ; 4 digit hex string number in d
0277+  0904             ; integer returned in A
0278+  0904             ;;;;;;;;;;;;;;;;;;;;;;;;;;;;;;;;;;;;;;;;;;;;;;;;;;;;;;;;;;;;;;;;;;;;;;;;;;;;;;;;;;;;;;;;;;;;;;;;;;;;;;;;;;;;;;;;;;
0279+  0904             _strtointx:
0280+  0904 D8            push b
0281+  0905 32            mov bl, [d]
0282+  0906 37            mov bh, bl
0283+  0907 33 01 00      mov bl, [d + 1]
0284+  090A 07 DB 07      call _atoi        ; convert to int in AL
0285+  090D 23            mov ah, al        ; move to AH
0286+  090E 33 02 00      mov bl, [d + 2]
0287+  0911 37            mov bh, bl
0288+  0912 33 03 00      mov bl, [d + 3]
0289+  0915 07 DB 07      call _atoi        ; convert to int in AL
0290+  0918 E5            pop b
0291+  0919 09            ret
0292+  091A             
0293+  091A             ;;;;;;;;;;;;;;;;;;;;;;;;;;;;;;;;;;;;;;;;;;;;;;;;;;;;;;;;;;;;;;;;;;;;;;;;;;;;;;;;;;;;;;;;;;;;;;;;;;;;;;;;;;;;;;;;;;
0294+  091A             ; _strtoint
0295+  091A             ; 5 digit base10 string number in d
0296+  091A             ; integer returned in A
0297+  091A             ;;;;;;;;;;;;;;;;;;;;;;;;;;;;;;;;;;;;;;;;;;;;;;;;;;;;;;;;;;;;;;;;;;;;;;;;;;;;;;;;;;;;;;;;;;;;;;;;;;;;;;;;;;;;;;;;;;
0298+  091A             _strtoint:
0299+  091A E2            push si
0300+  091B D8            push b
0301+  091C D9            push c
0302+  091D DA            push d
0303+  091E 07 7D 07      call _strlen      ; get string length in C
0304+  0921 7E            dec c
0305+  0922 FD 4E         mov si, d
0306+  0924 12            mov a, c
0307+  0925 FD 99         shl a
0308+  0927 3B 96 0A      mov d, table_power
0309+  092A 59            add d, a
0310+  092B 38 00 00      mov c, 0
0311+  092E             _strtoint_L0:
0312+  092E F6            lodsb      ; load ASCII to al
0313+  092F B9 00         cmp al, 0
0314+  0931 C6 44 09      je _strtoint_end
0315+  0934 6F 30         sub al, $30    ; make into integer
0316+  0936 22 00         mov ah, 0
0317+  0938 2A            mov b, [d]
0318+  0939 AC            mul a, b      ; result in B since it fits in 16bits
0319+  093A 11            mov a, b
0320+  093B 28            mov b, c
0321+  093C 54            add a, b
0322+  093D 39            mov c, a
0323+  093E 63 02 00      sub d, 2
0324+  0941 0A 2E 09      jmp _strtoint_L0
0325+  0944             _strtoint_end:
0326+  0944 12            mov a, c
0327+  0945 E7            pop d
0328+  0946 E6            pop c
0329+  0947 E5            pop b
0330+  0948 EF            pop si
0331+  0949 09            ret
0332+  094A             
0333+  094A             
0334+  094A             ;;;;;;;;;;;;;;;;;;;;;;;;;;;;;;;;;;;;;;;;;;;;;;;;;;;;;;;;;;;;;;;;;;;;;;;;;;;;;;;;;;;;;;;;;;;;;;;;;;;;;;;;;;;;;;;;;;
0335+  094A             ; PRINT NULL TERMINATED STRING
0336+  094A             ; pointer in D
0337+  094A             ;;;;;;;;;;;;;;;;;;;;;;;;;;;;;;;;;;;;;;;;;;;;;;;;;;;;;;;;;;;;;;;;;;;;;;;;;;;;;;;;;;;;;;;;;;;;;;;;;;;;;;;;;;;;;;;;;;
0338+  094A             _puts:
0339+  094A D7            push a
0340+  094B DA            push d
0341+  094C             _puts_L1:
0342+  094C 1E            mov al, [d]
0343+  094D B9 00         cmp al, 0
0344+  094F C6 5B 09      jz _puts_END
0345+  0952 23            mov ah, al
0346+  0953 19 00         mov al, 0
0347+  0955 05 03         syscall sys_io
0348+  0957 79            inc d
0349+  0958 0A 4C 09      jmp _puts_L1
0350+  095B             _puts_END:
0351+  095B E7            pop d
0352+  095C E4            pop a
0353+  095D 09            ret
0354+  095E             
0355+  095E             ;;;;;;;;;;;;;;;;;;;;;;;;;;;;;;;;;;;;;;;;;;;;;;;;;;;;;;;;;;;;;;;;;;;;;;;;;;;;;;;;;;;;;;;;;;;;;;;;;;;;;;;;;;;;;;;;;;
0356+  095E             ; PRINT N SIZE STRING
0357+  095E             ; pointer in D
0358+  095E             ; size in C
0359+  095E             ;;;;;;;;;;;;;;;;;;;;;;;;;;;;;;;;;;;;;;;;;;;;;;;;;;;;;;;;;;;;;;;;;;;;;;;;;;;;;;;;;;;;;;;;;;;;;;;;;;;;;;;;;;;;;;;;;;
0360+  095E             _putsn:
0361+  095E DB            push al
0362+  095F DA            push d
0363+  0960 D9            push c
0364+  0961             _putsn_L0:
0365+  0961 1E            mov al, [d]
0366+  0962 23            mov ah, al
0367+  0963 19 00         mov al, 0
0368+  0965 05 03         syscall sys_io
0369+  0967 79            inc d
0370+  0968 7E            dec c  
0371+  0969 C2 00 00      cmp c, 0
0372+  096C C7 61 09      jne _putsn_L0
0373+  096F             _putsn_end:
0374+  096F E6            pop c
0375+  0970 E7            pop d
0376+  0971 E8            pop al
0377+  0972 09            ret
0378+  0973             
0379+  0973             ;;;;;;;;;;;;;;;;;;;;;;;;;;;;;;;;;;;;;;;;;;;;;;;;;;;;;;;;;;;;;;;;;;;;;;;;;;;;;;;;;;;;;;;
0380+  0973             ; print 16bit decimal number
0381+  0973             ; input number in A
0382+  0973             ;;;;;;;;;;;;;;;;;;;;;;;;;;;;;;;;;;;;;;;;;;;;;;;;;;;;;;;;;;;;;;;;;;;;;;;;;;;;;;;;;;;;;;;
0383+  0973             print_u16d:
0384+  0973 D7            push a
0385+  0974 D8            push b
0386+  0975 26 10 27      mov b, 10000
0387+  0978 AE            div a, b      ; get 10000's coeff.
0388+  0979 07 9B 09      call print_number
0389+  097C 11            mov a, b
0390+  097D 26 E8 03      mov b, 1000
0391+  0980 AE            div a, b      ; get 1000's coeff.
0392+  0981 07 9B 09      call print_number
0393+  0984 11            mov a, b
0394+  0985 26 64 00      mov b, 100
0395+  0988 AE            div a, b
0396+  0989 07 9B 09      call print_number
0397+  098C 11            mov a, b
0398+  098D 26 0A 00      mov b, 10
0399+  0990 AE            div a, b
0400+  0991 07 9B 09      call print_number
0401+  0994 1B            mov al, bl      ; 1's coeff in bl
0402+  0995 07 9B 09      call print_number
0403+  0998 E5            pop b
0404+  0999 E4            pop a
0405+  099A 09            ret
0406+  099B             
0407+  099B             ;;;;;;;;;;;;;;;;;;;;;;;;;;;;;;;;;;;;;;;;;;;;;;;;;;;;;;;;;;;;;;;;;;;;;;;;;;;;;;;;;;;;;;;
0408+  099B             ; print AL
0409+  099B             ;;;;;;;;;;;;;;;;;;;;;;;;;;;;;;;;;;;;;;;;;;;;;;;;;;;;;;;;;;;;;;;;;;;;;;;;;;;;;;;;;;;;;;;
0410+  099B             print_number:
0411+  099B 6A 30         add al, $30
0412+  099D 23            mov ah, al
0413+  099E 07 1E 08      call _putchar
0414+  09A1 09            ret
0415+  09A2             
0416+  09A2             ;;;;;;;;;;;;;;;;;;;;;;;;;;;;;;;;;;;;;;;;;;;;;;;;;;;;;;;;;;;;;;;;;;;;;;;;;;;;;;;;;;;;;;;;;;;;;;;;;;;;;;;;;;;;;;;;;;
0417+  09A2             ; PRINT 16BIT HEX INTEGER
0418+  09A2             ; integer value in reg B
0419+  09A2             ;;;;;;;;;;;;;;;;;;;;;;;;;;;;;;;;;;;;;;;;;;;;;;;;;;;;;;;;;;;;;;;;;;;;;;;;;;;;;;;;;;;;;;;;;;;;;;;;;;;;;;;;;;;;;;;;;;
0420+  09A2             print_u16x:
0421+  09A2 D7            push a
0422+  09A3 D8            push b
0423+  09A4 DD            push bl
0424+  09A5 30            mov bl, bh
0425+  09A6 07 EC 07      call _itoa        ; convert bh to char in A
0426+  09A9 2F            mov bl, al        ; save al
0427+  09AA 19 00         mov al, 0
0428+  09AC 05 03         syscall sys_io        ; display AH
0429+  09AE 24            mov ah, bl        ; retrieve al
0430+  09AF 19 00         mov al, 0
0431+  09B1 05 03         syscall sys_io        ; display AL
0432+  09B3             
0433+  09B3 EA            pop bl
0434+  09B4 07 EC 07      call _itoa        ; convert bh to char in A
0435+  09B7 2F            mov bl, al        ; save al
0436+  09B8 19 00         mov al, 0
0437+  09BA 05 03         syscall sys_io        ; display AH
0438+  09BC 24            mov ah, bl        ; retrieve al
0439+  09BD 19 00         mov al, 0
0440+  09BF 05 03         syscall sys_io        ; display AL
0441+  09C1             
0442+  09C1 E5            pop b
0443+  09C2 E4            pop a
0444+  09C3 09            ret
0445+  09C4             
0446+  09C4             ;;;;;;;;;;;;;;;;;;;;;;;;;;;;;;;;;;;;;;;;;;;;;;;;;;;;;;;;;;;;;;;;;;;;;;;;;;;;;;;;;;;;;;;;;;;;;;;;;;;;;;;;;;;;;;;;;;
0447+  09C4             ; INPUT 16BIT HEX INTEGER
0448+  09C4             ; read 16bit integer into A
0449+  09C4             ;;;;;;;;;;;;;;;;;;;;;;;;;;;;;;;;;;;;;;;;;;;;;;;;;;;;;;;;;;;;;;;;;;;;;;;;;;;;;;;;;;;;;;;;;;;;;;;;;;;;;;;;;;;;;;;;;;
0450+  09C4             scan_u16x:
0451+  09C4 F8 10 00      enter 16
0452+  09C7 D8            push b
0453+  09C8 DA            push d
0454+  09C9             
0455+  09C9 FA F1 FF      lea d, [bp + -15]
0456+  09CC 07 25 08      call _gets        ; get number
0457+  09CF             
0458+  09CF 32            mov bl, [d]
0459+  09D0 37            mov bh, bl
0460+  09D1 33 01 00      mov bl, [d + 1]
0461+  09D4 07 DB 07      call _atoi        ; convert to int in AL
0462+  09D7 23            mov ah, al        ; move to AH
0463+  09D8             
0464+  09D8 33 02 00      mov bl, [d + 2]
0465+  09DB 37            mov bh, bl
0466+  09DC 33 03 00      mov bl, [d + 3]
0467+  09DF 07 DB 07      call _atoi        ; convert to int in AL
0468+  09E2             
0469+  09E2 E7            pop d
0470+  09E3 E5            pop b
0471+  09E4 F9            leave
0472+  09E5 09            ret
0473+  09E6             
0474+  09E6             ;;;;;;;;;;;;;;;;;;;;;;;;;;;;;;;;;;;;;;;;;;;;;;;;;;;;;;;;;;;;;;;;;;;;;;;;;;;;;;;;;;;;;;;;;;;;;;;;;;;;;;;;;;;;;;;;;;
0475+  09E6             ; PRINT 8bit HEX INTEGER
0476+  09E6             ; integer value in reg bl
0477+  09E6             ;;;;;;;;;;;;;;;;;;;;;;;;;;;;;;;;;;;;;;;;;;;;;;;;;;;;;;;;;;;;;;;;;;;;;;;;;;;;;;;;;;;;;;;;;;;;;;;;;;;;;;;;;;;;;;;;;;
0478+  09E6             print_u8x:
0479+  09E6 D7            push a
0480+  09E7 DD            push bl
0481+  09E8             
0482+  09E8 07 EC 07      call _itoa        ; convert bl to char in A
0483+  09EB 2F            mov bl, al        ; save al
0484+  09EC 19 00         mov al, 0
0485+  09EE 05 03         syscall sys_io        ; display AH
0486+  09F0 24            mov ah, bl        ; retrieve al
0487+  09F1 19 00         mov al, 0
0488+  09F3 05 03         syscall sys_io        ; display AL
0489+  09F5             
0490+  09F5 EA            pop bl
0491+  09F6 E4            pop a
0492+  09F7 09            ret
0493+  09F8             
0494+  09F8             ;;;;;;;;;;;;;;;;;;;;;;;;;;;;;;;;;;;;;;;;;;;;;;;;;;;;;;;;;;;;;;;;;;;;;;;;;;;;;;;;;;;;;;;
0495+  09F8             ; print 8bit decimal unsigned number
0496+  09F8             ; input number in AL
0497+  09F8             ;;;;;;;;;;;;;;;;;;;;;;;;;;;;;;;;;;;;;;;;;;;;;;;;;;;;;;;;;;;;;;;;;;;;;;;;;;;;;;;;;;;;;;;
0498+  09F8             print_u8d:
0499+  09F8 D7            push a
0500+  09F9 D8            push b
0501+  09FA             
0502+  09FA 22 00         mov ah, 0
0503+  09FC 26 64 00      mov b, 100
0504+  09FF AE            div a, b
0505+  0A00 D8            push b      ; save remainder
0506+  0A01 B9 00         cmp al, 0
0507+  0A03 C6 0D 0A      je skip100
0508+  0A06 6A 30         add al, $30
0509+  0A08 23            mov ah, al
0510+  0A09 19 00         mov al, 0
0511+  0A0B 05 03         syscall sys_io  ; print coeff
0512+  0A0D             skip100:
0513+  0A0D E4            pop a
0514+  0A0E 22 00         mov ah, 0
0515+  0A10 26 0A 00      mov b, 10
0516+  0A13 AE            div a, b
0517+  0A14 D8            push b      ; save remainder
0518+  0A15 B9 00         cmp al, 0
0519+  0A17 C6 21 0A      je skip10
0520+  0A1A 6A 30         add al, $30
0521+  0A1C 23            mov ah, al
0522+  0A1D 19 00         mov al, 0
0523+  0A1F 05 03         syscall sys_io  ; print coeff
0524+  0A21             skip10:
0525+  0A21 E4            pop a
0526+  0A22 1B            mov al, bl
0527+  0A23 6A 30         add al, $30
0528+  0A25 23            mov ah, al
0529+  0A26 19 00         mov al, 0
0530+  0A28 05 03         syscall sys_io  ; print coeff
0531+  0A2A E5            pop b
0532+  0A2B E4            pop a
0533+  0A2C 09            ret
0534+  0A2D             
0535+  0A2D             ;;;;;;;;;;;;;;;;;;;;;;;;;;;;;;;;;;;;;;;;;;;;;;;;;;;;;;;;;;;;;;;;;;;;;;;;;;;;;;;;;;;;;;;;;;;;;;;;;;;;;;;;;;;;;;;;;;
0536+  0A2D             ; INPUT 8BIT HEX INTEGER
0537+  0A2D             ; read 8bit integer into AL
0538+  0A2D             ;;;;;;;;;;;;;;;;;;;;;;;;;;;;;;;;;;;;;;;;;;;;;;;;;;;;;;;;;;;;;;;;;;;;;;;;;;;;;;;;;;;;;;;;;;;;;;;;;;;;;;;;;;;;;;;;;;
0539+  0A2D             scan_u8x:
0540+  0A2D F8 04 00      enter 4
0541+  0A30 D8            push b
0542+  0A31 DA            push d
0543+  0A32             
0544+  0A32 FA FD FF      lea d, [bp + -3]
0545+  0A35 07 25 08      call _gets        ; get number
0546+  0A38             
0547+  0A38 32            mov bl, [d]
0548+  0A39 37            mov bh, bl
0549+  0A3A 33 01 00      mov bl, [d + 1]
0550+  0A3D 07 DB 07      call _atoi        ; convert to int in AL
0551+  0A40             
0552+  0A40 E7            pop d
0553+  0A41 E5            pop b
0554+  0A42 F9            leave
0555+  0A43 09            ret
0556+  0A44             
0557+  0A44             ;;;;;;;;;;;;;;;;;;;;;;;;;;;;;;;;;;;;;;;;;;;;;;;;;;;;;;;;;;;;;;;;;;;;;;;;;;;;;;;;;;;;;;;
0558+  0A44             ; input decimal number
0559+  0A44             ; result in A
0560+  0A44             ; 655'\0'
0561+  0A44             ; low--------high
0562+  0A44             ;;;;;;;;;;;;;;;;;;;;;;;;;;;;;;;;;;;;;;;;;;;;;;;;;;;;;;;;;;;;;;;;;;;;;;;;;;;;;;;;;;;;;;;
0563+  0A44             scan_u16d:
0564+  0A44 F8 08 00      enter 8
0565+  0A47 E2            push si
0566+  0A48 D8            push b
0567+  0A49 D9            push c
0568+  0A4A DA            push d
0569+  0A4B FA F9 FF      lea d, [bp +- 7]
0570+  0A4E 07 25 08      call _gets
0571+  0A51 07 7D 07      call _strlen      ; get string length in C
0572+  0A54 7E            dec c
0573+  0A55 FD 4E         mov si, d
0574+  0A57 12            mov a, c
0575+  0A58 FD 99         shl a
0576+  0A5A 3B 96 0A      mov d, table_power
0577+  0A5D 59            add d, a
0578+  0A5E 38 00 00      mov c, 0
0579+  0A61             mul_loop:
0580+  0A61 F6            lodsb      ; load ASCII to al
0581+  0A62 B9 00         cmp al, 0
0582+  0A64 C6 77 0A      je mul_exit
0583+  0A67 6F 30         sub al, $30    ; make into integer
0584+  0A69 22 00         mov ah, 0
0585+  0A6B 2A            mov b, [d]
0586+  0A6C AC            mul a, b      ; result in B since it fits in 16bits
0587+  0A6D 11            mov a, b
0588+  0A6E 28            mov b, c
0589+  0A6F 54            add a, b
0590+  0A70 39            mov c, a
0591+  0A71 63 02 00      sub d, 2
0592+  0A74 0A 61 0A      jmp mul_loop
0593+  0A77             mul_exit:
0594+  0A77 12            mov a, c
0595+  0A78 E7            pop d
0596+  0A79 E6            pop c
0597+  0A7A E5            pop b
0598+  0A7B EF            pop si
0599+  0A7C F9            leave
0600+  0A7D 09            ret
0601+  0A7E             
0602+  0A7E             
0603+  0A7E 30 31 32 33 s_hex_digits:    .db "0123456789ABCDEF"  
0603+  0A82 34 35 36 37 
0603+  0A86 38 39 41 42 
0603+  0A8A 43 44 45 46 
0604+  0A8E 1B 5B 32 4A s_telnet_clear:  .db "\033[2J\033[H", 0
0604+  0A92 1B 5B 48 00 
0605+  0A96             
0606+  0A96             table_power:
0607+  0A96 01 00         .dw 1
0608+  0A98 0A 00         .dw 10
0609+  0A9A 64 00         .dw 100
0610+  0A9C E8 03         .dw 1000
0611+  0A9E 10 27         .dw 100000013   0AA0             .include "lib/ctype.asm"
0001+  0AA0             ;;;;;;;;;;;;;;;;;;;;;;;;;;;;;;;;;;;;;;;;;;;;;;;;;;;;;;;;;;;;;;;;;;;;;;;;;;;;;;;;;;;;;;;;;;;;;;;;;;;;;;;;;;;;;;;;;;
0002+  0AA0             ; ctype.s
0003+  0AA0             ;;;;;;;;;;;;;;;;;;;;;;;;;;;;;;;;;;;;;;;;;;;;;;;;;;;;;;;;;;;;;;;;;;;;;;;;;;;;;;;;;;;;;;;;;;;;;;;;;;;;;;;;;;;;;;;;;;
0004+  0AA0             
0005+  0AA0             ;;;;;;;;;;;;;;;;;;;;;;;;;;;;;;;;;;;;;;;;;;;;;;;;;;;;;;;;;;;;;;;;;;;;;;;;;;;;;;;;;;;;;;;;;;;;;;;;;;;;;;;;;;;;;;;;;;
0006+  0AA0             ;; C character classification is an operation provided by a group of functions in the ANSI C Standard Library
0007+  0AA0             ;; for the C programming language. These functions are used to test characters for membership in a particular
0008+  0AA0             ;; class of characters, such as alphabetic characters, control characters, etc. Both single-byte, and wide
0009+  0AA0             ;; characters are supported.
0010+  0AA0             ;;;;;;;;;;;;;;;;;;;;;;;;;;;;;;;;;;;;;;;;;;;;;;;;;;;;;;;;;;;;;;;;;;;;;;;;;;;;;;;;;;;;;;;;;;;;;;;;;;;;;;;;;;;;;;;;;;
0011+  0AA0             ;; _isalnum 
0012+  0AA0             ;; _isalpha 
0013+  0AA0             ;; islower 
0014+  0AA0             ;; isupper 
0015+  0AA0             ;; _isdigit 
0016+  0AA0             ;; isxdigit
0017+  0AA0             ;; iscntrl 
0018+  0AA0             ;; isgraph 
0019+  0AA0             ;; _isspace 
0020+  0AA0             ;; isblank 
0021+  0AA0             ;; isprint 
0022+  0AA0             ;; ispunct 
0023+  0AA0             ;; tolower 
0024+  0AA0             ;; toupper
0025+  0AA0             
0026+  0AA0             
0027+  0AA0             ;;;;;;;;;;;;;;;;;;;;;;;;;;;;;;;;;;;;;;;;;;;;;;;;;;;;;;;;;;;;;;;;;;;;;;;;;;;;;;;;;;
0028+  0AA0             ;; IS ALPHANUMERIC
0029+  0AA0             ;; sets ZF according with result
0030+  0AA0             ;;;;;;;;;;;;;;;;;;;;;;;;;;;;;;;;;;;;;;;;;;;;;;;;;;;;;;;;;;;;;;;;;;;;;;;;;;;;;;;;;;
0031+  0AA0             _isalnum:
0032+  0AA0 07 BD 0A    	call _isalpha
0033+  0AA3 C6 A9 0A    	je _isalnum_exit
0034+  0AA6 07 AA 0A    	call _isdigit
0035+  0AA9             _isalnum_exit:
0036+  0AA9 09          	ret	
0037+  0AAA             ;;;;;;;;;;;;;;;;;;;;;;;;;;;;;;;;;;;;;;;;;;;;;;;;;;;;;;;;;;;;;;;;;;;;;;;;;;;;;;;;;;
0038+  0AAA             ;; IS DIGIT
0039+  0AAA             ;; sets ZF according with result
0040+  0AAA             ;;;;;;;;;;;;;;;;;;;;;;;;;;;;;;;;;;;;;;;;;;;;;;;;;;;;;;;;;;;;;;;;;;;;;;;;;;;;;;;;;;
0041+  0AAA             _isdigit:
0042+  0AAA DB          	push al
0043+  0AAB B9 30       	cmp al, '0'
0044+  0AAD C8 B9 0A    	jlu _isdigit_false
0045+  0AB0 B9 39       	cmp al, '9'
0046+  0AB2 D1 B9 0A    	jgu _isdigit_false
0047+  0AB5 87 00       	and al, 0	; set ZF
0048+  0AB7 E8          	pop al
0049+  0AB8 09          	ret
0050+  0AB9             _isdigit_false:
0051+  0AB9 8B 01       	or al, 1	; clear ZF
0052+  0ABB E8          	pop al
0053+  0ABC 09          	ret	
0054+  0ABD             	
0055+  0ABD             ;;;;;;;;;;;;;;;;;;;;;;;;;;;;;;;;;;;;;;;;;;;;;;;;;;;;;;;;;;;;;;;;;;;;;;;;;;;;;;;;;;
0056+  0ABD             ;; IS ALPHA
0057+  0ABD             ;; sets ZF according with result
0058+  0ABD             ;;;;;;;;;;;;;;;;;;;;;;;;;;;;;;;;;;;;;;;;;;;;;;;;;;;;;;;;;;;;;;;;;;;;;;;;;;;;;;;;;;
0059+  0ABD             _isalpha:
0060+  0ABD DB          	push al
0061+  0ABE B9 5F       	cmp al, '_'
0062+  0AC0 C6 E0 0A    	je _isalpha_true
0063+  0AC3 B9 2E       	cmp al, '.'
0064+  0AC5 C6 E0 0A    	je _isalpha_true
0065+  0AC8 B9 41       	cmp al, 'A'
0066+  0ACA C8 DC 0A    	jlu _isalpha_false
0067+  0ACD B9 7A       	cmp al, 'z'
0068+  0ACF D1 DC 0A    	jgu _isalpha_false
0069+  0AD2 B9 5A       	cmp al, 'Z'
0070+  0AD4 D0 E0 0A    	jleu _isalpha_true
0071+  0AD7 B9 61       	cmp al, 'a'
0072+  0AD9 C9 E0 0A    	jgeu _isalpha_true
0073+  0ADC             _isalpha_false:
0074+  0ADC 8B 01       	or al, 1	; clear ZF
0075+  0ADE E8          	pop al
0076+  0ADF 09          	ret
0077+  0AE0             _isalpha_true:
0078+  0AE0 87 00       	and al, 0	; set ZF
0079+  0AE2 E8          	pop al
0080+  0AE3 09          	ret
0081+  0AE4             
0082+  0AE4             ;;;;;;;;;;;;;;;;;;;;;;;;;;;;;;;;;;;;;;;;;;;;;;;;;;;;;;;;;;;;;;;;;;;;;;;;;;;;;;;;;;
0083+  0AE4             ;; IS PATH-ALPHA
0084+  0AE4             ;; sets ZF according with result
0085+  0AE4             ;;;;;;;;;;;;;;;;;;;;;;;;;;;;;;;;;;;;;;;;;;;;;;;;;;;;;;;;;;;;;;;;;;;;;;;;;;;;;;;;;;
0086+  0AE4             ispath:
0087+  0AE4 DB          	push al
0088+  0AE5 07 AA 0A    	call _isdigit
0089+  0AE8 C6 12 0B    	je ispath_true
0090+  0AEB B9 5F       	cmp al, '_'
0091+  0AED C6 12 0B    	je ispath_true
0092+  0AF0 B9 2F       	cmp al, '/'
0093+  0AF2 C6 12 0B    	je ispath_true
0094+  0AF5 B9 2E       	cmp al, '.'
0095+  0AF7 C6 12 0B    	je ispath_true
0096+  0AFA B9 41       	cmp al, 'A'
0097+  0AFC C8 0E 0B    	jlu ispath_false
0098+  0AFF B9 7A       	cmp al, 'z'
0099+  0B01 D1 0E 0B    	jgu ispath_false
0100+  0B04 B9 5A       	cmp al, 'Z'
0101+  0B06 D0 12 0B    	jleu ispath_true
0102+  0B09 B9 61       	cmp al, 'a'
0103+  0B0B C9 12 0B    	jgeu ispath_true
0104+  0B0E             ispath_false:
0105+  0B0E 8B 01       	or al, 1	; clear ZF
0106+  0B10 E8          	pop al
0107+  0B11 09          	ret
0108+  0B12             ispath_true:
0109+  0B12 87 00       	and al, 0	; set ZF
0110+  0B14 E8          	pop al
0111+  0B15 09          	ret
0112+  0B16             ;;;;;;;;;;;;;;;;;;;;;;;;;;;;;;;;;;;;;;;;;;;;;;;;;;;;;;;;;;;;;;;;;;;;;;;;;;;;;;;;;;
0113+  0B16             ;; IS SPACE
0114+  0B16             ;; sets ZF according with result
0115+  0B16             ;;;;;;;;;;;;;;;;;;;;;;;;;;;;;;;;;;;;;;;;;;;;;;;;;;;;;;;;;;;;;;;;;;;;;;;;;;;;;;;;;;
0116+  0B16             _isspace:
0117+  0B16 B9 20       	cmp al, $20		; ' '
0118+  0B18 C6 2C 0B    	je _isspace_exit
0119+  0B1B B9 09       	cmp al, $09		; '\t'
0120+  0B1D C6 2C 0B    	je _isspace_exit
0121+  0B20 B9 0A       	cmp al, $0A		; '\n'
0122+  0B22 C6 2C 0B    	je _isspace_exit
0123+  0B25 B9 0D       	cmp al, $0D		; '\r'
0124+  0B27 C6 2C 0B    	je _isspace_exit
0125+  0B2A B9 0B       	cmp al, $0B		; '\v'
0126+  0B2C             _isspace_exit:
0127+  0B2C 09          	ret	
0128+  0B2D             
0129+  0B2D             ;;;;;;;;;;;;;;;;;;;;;;;;;;;;;;;;;;;;;;;;;;;;;;;;;;;;;;;;;;;;;;;;;;;;;;;;;;;;;;;;;;;;;;;;;;;;;;;;;;;;;;;;;;;;;;;;;;
0130+  0B2D             ; TO LOWER
0131+  0B2D             ; input in AL
0132+  0B2D             ; output in AL
0133+  0B2D             ;;;;;;;;;;;;;;;;;;;;;;;;;;;;;;;;;;;;;;;;;;;;;;;;;;;;;;;;;;;;;;;;;;;;;;;;;;;;;;;;;;;;;;;;;;;;;;;;;;;;;;;;;;;;;;;;;;
0134+  0B2D             _to_lower:
0135+  0B2D B9 5A       	cmp al, 'Z'
0136+  0B2F D1 34 0B    	jgu _to_lower_ret
0137+  0B32 6A 20       	add al, $20				; convert to lower case
0138+  0B34             _to_lower_ret:
0139+  0B34 09          	ret
0140+  0B35             ;;;;;;;;;;;;;;;;;;;;;;;;;;;;;;;;;;;;;;;;;;;;;;;;;;;;;;;;;;;;;;;;;;;;;;;;;;;;;;;;;;;;;;;;;;;;;;;;;;;;;;;;;;;;;;;;;;
0141+  0B35             ; TO UPPER
0142+  0B35             ; input in AL
0143+  0B35             ; output in AL
0144+  0B35             ;;;;;;;;;;;;;;;;;;;;;;;;;;;;;;;;;;;;;;;;;;;;;;;;;;;;;;;;;;;;;;;;;;;;;;;;;;;;;;;;;;;;;;;;;;;;;;;;;;;;;;;;;;;;;;;;;;
0145+  0B35             _to_upper:
0146+  0B35 B9 61       	cmp al, 'a'
0147+  0B37 C8 3C 0B    	jlu _to_upper_ret
0148+  0B3A 6F 20       	sub al, $20			; convert to upper case
0149+  0B3C             _to_upper_ret:
0150+  0B3C 09          	ret
0151+  0B3D             
0014   0B3D             
0015   0B3D             .end
0016   0B3D             
0017   0B3D             
0018   0B3D             
tasm: Number of errors = 0
