0001   0000             .include "lib/kernel.exp"
0001+  0000             TEXT_ORG         .EQU  $0400
0002+  0000             sys_break        .EQU  $0000
0003+  0000             sys_rtc          .EQU  $0001
0004+  0000             sys_ide          .EQU  $0002
0005+  0000             sys_io           .EQU  $0003
0006+  0000             sys_filesystem   .EQU  $0004
0007+  0000             sys_spawn_proc   .EQU  $0005
0008+  0000             sys_list         .EQU  $0006
0009+  0000             sys_datetime     .EQU  $0007
0010+  0000             sys_reboot       .EQU  $0008
0011+  0000             sys_pause_proc   .EQU  $0009
0012+  0000             sys_resume_proc  .EQU  $000a
0013+  0000             sys_terminate_proc .EQU  $000b
0014+  0000             sys_system       .EQU  $000c
0002   0000             
0003   0000             
0004   0000             main:
0005   0000 10 00 00    	mov a, 0
0006   0003             main_L0:
debug.asm line 0007: Label not found: (sys_bkpt)
debug.asm line 0007: Unused data in MS byte of argument. (200)
0007   0003 05 00       	syscall sys_bkpt
0008   0005 77          	inc a
0009   0006 AF 20 00    	cmp a, $20
0010   0009 C6 0F 00    	je end
0011   000C 0A 03 00    	jmp main_L0
0012   000F             end:
0013   000F 09          	ret
0014   0010             
0015   0010             .include "lib/stdio.asm"
0001+  0010             ;;;;;;;;;;;;;;;;;;;;;;;;;;;;;;;;;;;;;;;;;;;;;;;;;;;;;;;;;;;;;;;;;;;;;;;;;;;;;;;;;;;;;;;;;;;;;;;;;;;;;;;;;;;;;;;;;;
0002+  0010             ; stdio.s
0003+  0010             ;;;;;;;;;;;;;;;;;;;;;;;;;;;;;;;;;;;;;;;;;;;;;;;;;;;;;;;;;;;;;;;;;;;;;;;;;;;;;;;;;;;;;;;;;;;;;;;;;;;;;;;;;;;;;;;;;;
0004+  0010             .include "lib/string.asm"
0001++ 0010             ;;;;;;;;;;;;;;;;;;;;;;;;;;;;;;;;;;;;;;;;;;;;;;;;;;;;;;;;;;;;;;;;;;;;;;;;;;;;;;;;;;;;;;;;;;;;;;;;;;;;;;;;;;;;;;;;;;
0002++ 0010             ; string.s
0003++ 0010             ;;;;;;;;;;;;;;;;;;;;;;;;;;;;;;;;;;;;;;;;;;;;;;;;;;;;;;;;;;;;;;;;;;;;;;;;;;;;;;;;;;;;;;;;;;;;;;;;;;;;;;;;;;;;;;;;;;
0004++ 0010             
0005++ 0010             
0006++ 0010             ;;;;;;;;;;;;;;;;;;;;;;;;;;;;;;;;;;;;;;;;;;;;;;;;;;;;;;;;;;;;;;;;;;;;;;;;;;;;;;;;;;;;;;;;;;;;;;;;;;;;;;;;;;;;;;;;;;
0007++ 0010             ; _strrev
0008++ 0010             ; reverse a string
0009++ 0010             ; D = string address
0010++ 0010             ;;;;;;;;;;;;;;;;;;;;;;;;;;;;;;;;;;;;;;;;;;;;;;;;;;;;;;;;;;;;;;;;;;;;;;;;;;;;;;;;;;;;;;;;;;;;;;;;;;;;;;;;;;;;;;;;;;
0011++ 0010             ; 01234
0012++ 0010             _strrev:
0013++ 0010 4B          	pusha
0014++ 0011 07 57 00    	call _strlen	; length in C
0015++ 0014 12          	mov a, c
0016++ 0015 AF 01 00    	cmp a, 1
0017++ 0018 D0 32 00    	jleu _strrev_end	; check string length. string len must be > 1
0018++ 001B 7D          	dec a
0019++ 001C FD 4E       	mov si, d	; beginning of string
0020++ 001E FD 50       	mov di, d	; beginning of string (for destinations)
0021++ 0020 59          	add d, a	; end of string
0022++ 0021 12          	mov a, c
0023++ 0022 FD 9B       	shr a		; divide by 2
0024++ 0024 39          	mov c, a	; C now counts the steps
0025++ 0025             _strrev_L0:
0026++ 0025 32          	mov bl, [d]	; save load right-side char into BL
0027++ 0026 F6          	lodsb		; load left-side char into AL; increase SI
0028++ 0027 3E          	mov [d], al	; store left char into right side
0029++ 0028 1B          	mov al, bl
0030++ 0029 F7          	stosb		; store right-side char into left-side; increase DI
0031++ 002A 7E          	dec c
0032++ 002B 7F          	dec d
0033++ 002C C2 00 00    	cmp c, 0
0034++ 002F C7 25 00    	jne _strrev_L0
0035++ 0032             _strrev_end:
0036++ 0032 4C          	popa
0037++ 0033 09          	ret
0038++ 0034             	
0039++ 0034             ;;;;;;;;;;;;;;;;;;;;;;;;;;;;;;;;;;;;;;;;;;;;;;;;;;;;;;;;;;;;;;;;;;;;;;;;;;;;;;;;;;;;;;;;;;;;;;;;;;;;;;;;;;;;;;;;;;
0040++ 0034             ; _strchr
0041++ 0034             ; search string in D for char in AL
0042++ 0034             ;;;;;;;;;;;;;;;;;;;;;;;;;;;;;;;;;;;;;;;;;;;;;;;;;;;;;;;;;;;;;;;;;;;;;;;;;;;;;;;;;;;;;;;;;;;;;;;;;;;;;;;;;;;;;;;;;;
0043++ 0034             _strchr:
0044++ 0034             _strchr_L0:
0045++ 0034 32          	mov bl, [d]
0046++ 0035 C1 00       	cmp bl, 0
0047++ 0037 C6 42 00    	je _strchr_end
0048++ 003A BA          	cmp al, bl
0049++ 003B C6 42 00    	je _strchr_end
0050++ 003E 79          	inc d
0051++ 003F 0A 34 00    	jmp _strchr_L0
0052++ 0042             _strchr_end:
0053++ 0042 1B          	mov al, bl
0054++ 0043 09          	ret
0055++ 0044             
0056++ 0044             ;;;;;;;;;;;;;;;;;;;;;;;;;;;;;;;;;;;;;;;;;;;;;;;;;;;;;;;;;;;;;;;;;;;;;;;;;;;;;;;;;;;;;;;;;;;;;;;;;;;;;;;;;;;;;;;;;;
0057++ 0044             ; _strstr
0058++ 0044             ; find sub-string
0059++ 0044             ; str1 in SI
0060++ 0044             ; str2 in DI
0061++ 0044             ; SI points to end of source string
0062++ 0044             ;;;;;;;;;;;;;;;;;;;;;;;;;;;;;;;;;;;;;;;;;;;;;;;;;;;;;;;;;;;;;;;;;;;;;;;;;;;;;;;;;;;;;;;;;;;;;;;;;;;;;;;;;;;;;;;;;;
0063++ 0044             _strstr:
0064++ 0044 DB          	push al
0065++ 0045 DA          	push d
0066++ 0046 E3          	push di
0067++ 0047             _strstr_loop:
0068++ 0047 F3          	cmpsb					; compare a byte of the strings
0069++ 0048 C7 53 00    	jne _strstr_ret
0070++ 004B FC 00 00    	lea d, [di + 0]
0071++ 004E BD 00       	cmp byte[d], 0				; check if at end of string (null)
0072++ 0050 C7 47 00    	jne _strstr_loop				; equal chars but not at end
0073++ 0053             _strstr_ret:
0074++ 0053 F0          	pop di
0075++ 0054 E7          	pop d
0076++ 0055 E8          	pop al
0077++ 0056 09          	ret
0078++ 0057             ;;;;;;;;;;;;;;;;;;;;;;;;;;;;;;;;;;;;;;;;;;;;;;;;;;;;;;;;;;;;;;;;;;;;;;;;;;;;;;;;;;;;;;;
0079++ 0057             ; length of null terminated string
0080++ 0057             ; result in C
0081++ 0057             ; pointer in D
0082++ 0057             ;;;;;;;;;;;;;;;;;;;;;;;;;;;;;;;;;;;;;;;;;;;;;;;;;;;;;;;;;;;;;;;;;;;;;;;;;;;;;;;;;;;;;;;
0083++ 0057             _strlen:
0084++ 0057 DA          	push d
0085++ 0058 38 00 00    	mov c, 0
0086++ 005B             _strlen_L1:
0087++ 005B BD 00       	cmp byte [d], 0
0088++ 005D C6 65 00    	je _strlen_ret
0089++ 0060 79          	inc d
0090++ 0061 78          	inc c
0091++ 0062 0A 5B 00    	jmp _strlen_L1
0092++ 0065             _strlen_ret:
0093++ 0065 E7          	pop d
0094++ 0066 09          	ret
0095++ 0067             
0096++ 0067             ;;;;;;;;;;;;;;;;;;;;;;;;;;;;;;;;;;;;;;;;;;;;;;;;;;;;;;;;;;;;;;;;;;;;;;;;;;;;;;;;;;;;;;;;;;;;;;;;;;;;;;;;;;;;;;;;;;
0097++ 0067             ; STRCMP
0098++ 0067             ; compare two strings
0099++ 0067             ; str1 in SI
0100++ 0067             ; str2 in DI
0101++ 0067             ; CREATE A STRING COMPAIRON INSTRUCION ?????
0102++ 0067             ;;;;;;;;;;;;;;;;;;;;;;;;;;;;;;;;;;;;;;;;;;;;;;;;;;;;;;;;;;;;;;;;;;;;;;;;;;;;;;;;;;;;;;;;;;;;;;;;;;;;;;;;;;;;;;;;;;
0103++ 0067             _strcmp:
0104++ 0067 DB          	push al
0105++ 0068 DA          	push d
0106++ 0069 E3          	push di
0107++ 006A E2          	push si
0108++ 006B             _strcmp_loop:
0109++ 006B F3          	cmpsb					; compare a byte of the strings
0110++ 006C C7 77 00    	jne _strcmp_ret
0111++ 006F FB FF FF    	lea d, [si +- 1]
0112++ 0072 BD 00       	cmp byte[d], 0				; check if at end of string (null)
0113++ 0074 C7 6B 00    	jne _strcmp_loop				; equal chars but not at end
0114++ 0077             _strcmp_ret:
0115++ 0077 EF          	pop si
0116++ 0078 F0          	pop di
0117++ 0079 E7          	pop d
0118++ 007A E8          	pop al
0119++ 007B 09          	ret
0120++ 007C             
0121++ 007C             
0122++ 007C             ; STRCPY
0123++ 007C             ; copy null terminated string from SI to DI
0124++ 007C             ; source in SI
0125++ 007C             ; destination in DI
0126++ 007C             _strcpy:
0127++ 007C E2          	push si
0128++ 007D E3          	push di
0129++ 007E DB          	push al
0130++ 007F             _strcpy_L1:
0131++ 007F F6          	lodsb
0132++ 0080 F7          	stosb
0133++ 0081 B9 00       	cmp al, 0
0134++ 0083 C7 7F 00    	jne _strcpy_L1
0135++ 0086             _strcpy_end:
0136++ 0086 E8          	pop al
0137++ 0087 F0          	pop di
0138++ 0088 EF          	pop si
0139++ 0089 09          	ret
0140++ 008A             
0141++ 008A             ; STRCAT
0142++ 008A             ; concatenate a NULL terminated string into string at DI, from string at SI
0143++ 008A             ; source in SI
0144++ 008A             ; destination in DI
0145++ 008A             _strcat:
0146++ 008A E2          	push si
0147++ 008B E3          	push di
0148++ 008C D7          	push a
0149++ 008D DA          	push d
0150++ 008E 50          	mov a, di
0151++ 008F 3C          	mov d, a
0152++ 0090             _strcat_goto_end_L1:
0153++ 0090 BD 00       	cmp byte[d], 0
0154++ 0092 C6 99 00    	je _strcat_start
0155++ 0095 79          	inc d
0156++ 0096 0A 90 00    	jmp _strcat_goto_end_L1
0157++ 0099             _strcat_start:
0158++ 0099 FD 50       	mov di, d
0159++ 009B             _strcat_L1:
0160++ 009B F6          	lodsb
0161++ 009C F7          	stosb
0162++ 009D B9 00       	cmp al, 0
0163++ 009F C7 9B 00    	jne _strcat_L1
0164++ 00A2             _strcat_end:
0165++ 00A2 E7          	pop d
0166++ 00A3 E4          	pop a
0167++ 00A4 F0          	pop di
0168++ 00A5 EF          	pop si
0169++ 00A6 09          	ret
0170++ 00A7             
0171++ 00A7             
0005+  00A7             
0006+  00A7             
0007+  00A7             ;;;;;;;;;;;;;;;;;;;;;;;;;;;;;;;;;;;;;;;;;;;;;;;;;;;;;;;;;;;;;;;;;;;;;;;;;;;;;;;;;;;;;;;;;;;;;;;;;;;;;;;;;;;;;;;;;;
0008+  00A7             ; CONVERT ASCII 'O'..'F' TO INTEGER 0..15
0009+  00A7             ; ASCII in BL
0010+  00A7             ; result in AL
0011+  00A7             ; ascii for F = 0100 0110
0012+  00A7             ; ascii for 9 = 0011 1001
0013+  00A7             ;;;;;;;;;;;;;;;;;;;;;;;;;;;;;;;;;;;;;;;;;;;;;;;;;;;;;;;;;;;;;;;;;;;;;;;;;;;;;;;;;;;;;;;;;;;;;;;;;;;;;;;;;;;;;;;;;;
0014+  00A7             hex_ascii_encode:
0015+  00A7 1B            mov al, bl
0016+  00A8 93 40         test al, $40        ; test if letter or number
0017+  00AA C7 B0 00      jnz hex_letter
0018+  00AD 87 0F         and al, $0F        ; get number
0019+  00AF 09            ret
0020+  00B0             hex_letter:
0021+  00B0 87 0F         and al, $0F        ; get letter
0022+  00B2 6A 09         add al, 9
0023+  00B4 09            ret
0024+  00B5             
0025+  00B5             ;;;;;;;;;;;;;;;;;;;;;;;;;;;;;;;;;;;;;;;;;;;;;;;;;;;;;;;;;;;;;;;;;;;;;;;;;;;;;;;;;;;;;;;;;;;;;;;;;;;;;;;;;;;;;;;;;;
0026+  00B5             ; ATOI
0027+  00B5             ; 2 letter hex string in B
0028+  00B5             ; 8bit integer returned in AL
0029+  00B5             ;;;;;;;;;;;;;;;;;;;;;;;;;;;;;;;;;;;;;;;;;;;;;;;;;;;;;;;;;;;;;;;;;;;;;;;;;;;;;;;;;;;;;;;;;;;;;;;;;;;;;;;;;;;;;;;;;;
0030+  00B5             _atoi:
0031+  00B5 D8            push b
0032+  00B6 07 A7 00      call hex_ascii_encode      ; convert BL to 4bit code in AL
0033+  00B9 30            mov bl, bh
0034+  00BA DB            push al          ; save a
0035+  00BB 07 A7 00      call hex_ascii_encode
0036+  00BE EA            pop bl  
0037+  00BF FD 9E 04      shl al, 4
0038+  00C2 8C            or al, bl
0039+  00C3 E5            pop b
0040+  00C4 09            ret  
0041+  00C5             
0042+  00C5             
0043+  00C5             ;;;;;;;;;;;;;;;;;;;;;;;;;;;;;;;;;;;;;;;;;;;;;;;;;;;;;;;;;;;;;;;;;;;;;;;;;;;;;;;;;;;;;;;;;;;;;;;;;;;;;;;;;;;;;;;;;;
0044+  00C5             ; scanf
0045+  00C5             ; no need for explanations!
0046+  00C5             ;;;;;;;;;;;;;;;;;;;;;;;;;;;;;;;;;;;;;;;;;;;;;;;;;;;;;;;;;;;;;;;;;;;;;;;;;;;;;;;;;;;;;;;;;;;;;;;;;;;;;;;;;;;;;;;;;;
0047+  00C5             scanf:
0048+  00C5 09            ret
0049+  00C6             
0050+  00C6             ;;;;;;;;;;;;;;;;;;;;;;;;;;;;;;;;;;;;;;;;;;;;;;;;;;;;;;;;;;;;;;;;;;;;;;;;;;;;;;;;;;;;;;;;;;;;;;;;;;;;;;;;;;;;;;;;;;
0051+  00C6             ; ITOA
0052+  00C6             ; 8bit value in BL
0053+  00C6             ; 2 byte ASCII result in A
0054+  00C6             ;;;;;;;;;;;;;;;;;;;;;;;;;;;;;;;;;;;;;;;;;;;;;;;;;;;;;;;;;;;;;;;;;;;;;;;;;;;;;;;;;;;;;;;;;;;;;;;;;;;;;;;;;;;;;;;;;;
0055+  00C6             _itoa:
0056+  00C6 DA            push d
0057+  00C7 D8            push b
0058+  00C8 A7 00         mov bh, 0
0059+  00CA FD A4 04      shr bl, 4  
0060+  00CD 74            mov d, b
0061+  00CE 1F 60 03      mov al, [d + s_hex_digits]
0062+  00D1 23            mov ah, al
0063+  00D2               
0064+  00D2 E5            pop b
0065+  00D3 D8            push b
0066+  00D4 A7 00         mov bh, 0
0067+  00D6 FD 87 0F      and bl, $0F
0068+  00D9 74            mov d, b
0069+  00DA 1F 60 03      mov al, [d + s_hex_digits]
0070+  00DD E5            pop b
0071+  00DE E7            pop d
0072+  00DF 09            ret
0073+  00E0             
0074+  00E0             ;;;;;;;;;;;;;;;;;;;;;;;;;;;;;;;;;;;;;;;;;;;;;;;;;;;;;;;;;;;;;;;;;;;;;;;;;;;;;;;;;;;;;;;;;;;;;;;;;;;;;;;;;;;;;;;;;;
0075+  00E0             ; HEX STRING TO BINARY
0076+  00E0             ; di = destination address
0077+  00E0             ; si = source
0078+  00E0             ;;;;;;;;;;;;;;;;;;;;;;;;;;;;;;;;;;;;;;;;;;;;;;;;;;;;;;;;;;;;;;;;;;;;;;;;;;;;;;;;;;;;;;;;;;;;;;;;;;;;;;;;;;;;;;;;;;
0079+  00E0             _hex_to_int:
0080+  00E0             _hex_to_int_L1:
0081+  00E0 F6            lodsb          ; load from [SI] to AL
0082+  00E1 B9 00         cmp al, 0        ; check if ASCII 0
0083+  00E3 C6 F0 00      jz _hex_to_int_ret
0084+  00E6 36            mov bh, al
0085+  00E7 F6            lodsb
0086+  00E8 2F            mov bl, al
0087+  00E9 07 B5 00      call _atoi        ; convert ASCII byte in B to int (to AL)
0088+  00EC F7            stosb          ; store AL to [DI]
0089+  00ED 0A E0 00      jmp _hex_to_int_L1
0090+  00F0             _hex_to_int_ret:
0091+  00F0 09            ret    
0092+  00F1             
0093+  00F1             
0094+  00F1             
0095+  00F1             ;;;;;;;;;;;;;;;;;;;;;;;;;;;;;;;;;;;;;;;;;;;;;;;;;;;;;;;;;;;;;;;;;;;;;;;;;;;;;;;;;;;;;;;;;;;;;;;;;;;;;;;;;;;;;;;;;;
0096+  00F1             ; GETCHAR
0097+  00F1             ; char in ah
0098+  00F1             ;;;;;;;;;;;;;;;;;;;;;;;;;;;;;;;;;;;;;;;;;;;;;;;;;;;;;;;;;;;;;;;;;;;;;;;;;;;;;;;;;;;;;;;;;;;;;;;;;;;;;;;;;;;;;;;;;;
0099+  00F1             getch:
0100+  00F1 DB            push al
0101+  00F2             getch_retry:
0102+  00F2 19 01         mov al, 1
0103+  00F4 05 03         syscall sys_io      ; receive in AH
0104+  00F6 E8            pop al
0105+  00F7 09            ret
0106+  00F8             
0107+  00F8             ;;;;;;;;;;;;;;;;;;;;;;;;;;;;;;;;;;;;;;;;;;;;;;;;;;;;;;;;;;;;;;;;;;;;;;;;;;;;;;;;;;;;;;;;;;;;;;;;;;;;;;;;;;;;;;;;;;
0108+  00F8             ; PUTCHAR
0109+  00F8             ; char in ah
0110+  00F8             ;;;;;;;;;;;;;;;;;;;;;;;;;;;;;;;;;;;;;;;;;;;;;;;;;;;;;;;;;;;;;;;;;;;;;;;;;;;;;;;;;;;;;;;;;;;;;;;;;;;;;;;;;;;;;;;;;;
0111+  00F8             _putchar:
0112+  00F8 DB            push al
0113+  00F9 19 00         mov al, 0
0114+  00FB 05 03         syscall sys_io      ; char in AH
0115+  00FD E8            pop al
0116+  00FE 09            ret
0117+  00FF             
0118+  00FF             ;;;;;;;;;;;;;;;;;;;;;;;;;;;;;;;;;;;;;;;;;;;;;;;;;;;;;;;;;;;;;;;;;;;;;;;;;;;;;;;;;;;;;;;;;;;;;;;;;;;;;;;;;;;;;;;;;;
0119+  00FF             ;; INPUT A STRING
0120+  00FF             ;; terminates with null
0121+  00FF             ;; pointer in D
0122+  00FF             ;;;;;;;;;;;;;;;;;;;;;;;;;;;;;;;;;;;;;;;;;;;;;;;;;;;;;;;;;;;;;;;;;;;;;;;;;;;;;;;;;;;;;;;;;;;;;;;;;;;;;;;;;;;;;;;;;;
0123+  00FF             _gets:
0124+  00FF D7            push a
0125+  0100 DA            push d
0126+  0101             _gets_loop:
0127+  0101 19 01         mov al, 1
0128+  0103 05 03         syscall sys_io      ; receive in AH
0129+  0105             
0130+  0105 76 1B         cmp ah, 27
0131+  0107 C6 28 01      je _gets_ansi_esc
0132+  010A 76 0A         cmp ah, $0A        ; LF
0133+  010C C6 84 01      je _gets_end
0134+  010F 76 0D         cmp ah, $0D        ; CR
0135+  0111 C6 84 01      je _gets_end
0136+  0114 76 5C         cmp ah, $5C        ; '\\'
0137+  0116 C6 4A 01      je _gets_escape
0138+  0119               
0139+  0119 76 08         cmp ah, $08      ; check for backspace
0140+  011B C6 24 01      je _gets_backspace
0141+  011E             
0142+  011E 1A            mov al, ah
0143+  011F 3E            mov [d], al
0144+  0120 79            inc d
0145+  0121 0A 01 01      jmp _gets_loop
0146+  0124             _gets_backspace:
0147+  0124 7F            dec d
0148+  0125 0A 01 01      jmp _gets_loop
0149+  0128             _gets_ansi_esc:
0150+  0128 19 01         mov al, 1
0151+  012A 05 03         syscall sys_io        ; receive in AH without echo
0152+  012C 76 5B         cmp ah, '['
0153+  012E C7 01 01      jne _gets_loop
0154+  0131 19 01         mov al, 1
0155+  0133 05 03         syscall sys_io          ; receive in AH without echo
0156+  0135 76 44         cmp ah, 'D'
0157+  0137 C6 42 01      je _gets_left_arrow
0158+  013A 76 43         cmp ah, 'C'
0159+  013C C6 46 01      je _gets_right_arrow
0160+  013F 0A 01 01      jmp _gets_loop
0161+  0142             _gets_left_arrow:
0162+  0142 7F            dec d
0163+  0143 0A 01 01      jmp _gets_loop
0164+  0146             _gets_right_arrow:
0165+  0146 79            inc d
0166+  0147 0A 01 01      jmp _gets_loop
0167+  014A             _gets_escape:
0168+  014A 19 01         mov al, 1
0169+  014C 05 03         syscall sys_io      ; receive in AH
0170+  014E 76 6E         cmp ah, 'n'
0171+  0150 C6 6F 01      je _gets_LF
0172+  0153 76 72         cmp ah, 'r'
0173+  0155 C6 76 01      je _gets_CR
0174+  0158 76 30         cmp ah, '0'
0175+  015A C6 7D 01      je _gets_NULL
0176+  015D 76 5C         cmp ah, $5C  ; '\'
0177+  015F C6 68 01      je _gets_slash
0178+  0162 1A            mov al, ah        ; if not a known escape, it is just a normal letter
0179+  0163 3E            mov [d], al
0180+  0164 79            inc d
0181+  0165 0A 01 01      jmp _gets_loop
0182+  0168             _gets_slash:
0183+  0168 19 5C         mov al, $5C
0184+  016A 3E            mov [d], al
0185+  016B 79            inc d
0186+  016C 0A 01 01      jmp _gets_loop
0187+  016F             _gets_LF:
0188+  016F 19 0A         mov al, $0A
0189+  0171 3E            mov [d], al
0190+  0172 79            inc d
0191+  0173 0A 01 01      jmp _gets_loop
0192+  0176             _gets_CR:
0193+  0176 19 0D         mov al, $0D
0194+  0178 3E            mov [d], al
0195+  0179 79            inc d
0196+  017A 0A 01 01      jmp _gets_loop
0197+  017D             _gets_NULL:
0198+  017D 19 00         mov al, $00
0199+  017F 3E            mov [d], al
0200+  0180 79            inc d
0201+  0181 0A 01 01      jmp _gets_loop
0202+  0184             _gets_end:
0203+  0184 19 00         mov al, 0
0204+  0186 3E            mov [d], al        ; terminate string
0205+  0187 E7            pop d
0206+  0188 E4            pop a
0207+  0189 09            ret
0208+  018A             
0209+  018A             
0210+  018A             ;;;;;;;;;;;;;;;;;;;;;;;;;;;;;;;;;;;;;;;;;;;;;;;;;;;;;;;;;;;;;;;;;;;;;;;;;;;;;;;;;;;;;;;;;;;;;;;;;;;;;;;;;;;;;;;;;;
0211+  018A             ;; INPUT TEXT
0212+  018A             ;; terminated with CTRL+D
0213+  018A             ;; pointer in D
0214+  018A             ;;;;;;;;;;;;;;;;;;;;;;;;;;;;;;;;;;;;;;;;;;;;;;;;;;;;;;;;;;;;;;;;;;;;;;;;;;;;;;;;;;;;;;;;;;;;;;;;;;;;;;;;;;;;;;;;;;
0215+  018A             _gettxt:
0216+  018A D7            push a
0217+  018B DA            push d
0218+  018C             _gettxt_loop:
0219+  018C 19 01         mov al, 1
0220+  018E 05 03         syscall sys_io      ; receive in AH
0221+  0190 76 04         cmp ah, 4      ; EOT
0222+  0192 C6 CB 01      je _gettxt_end
0223+  0195 76 08         cmp ah, $08      ; check for backspace
0224+  0197 C6 C7 01      je _gettxt_backspace
0225+  019A 76 5C         cmp ah, $5C        ; '\'
0226+  019C C6 A5 01      je _gettxt_escape
0227+  019F 1A            mov al, ah
0228+  01A0 3E            mov [d], al
0229+  01A1 79            inc d
0230+  01A2 0A 8C 01      jmp _gettxt_loop
0231+  01A5             _gettxt_escape:
0232+  01A5 19 01         mov al, 1
0233+  01A7 05 03         syscall sys_io      ; receive in AH
0234+  01A9 76 6E         cmp ah, 'n'
0235+  01AB C6 B9 01      je _gettxt_LF
0236+  01AE 76 72         cmp ah, 'r'
0237+  01B0 C6 C0 01      je _gettxt_CR
0238+  01B3 1A            mov al, ah        ; if not a known escape, it is just a normal letter
0239+  01B4 3E            mov [d], al
0240+  01B5 79            inc d
0241+  01B6 0A 8C 01      jmp _gettxt_loop
0242+  01B9             _gettxt_LF:
0243+  01B9 19 0A         mov al, $0A
0244+  01BB 3E            mov [d], al
0245+  01BC 79            inc d
0246+  01BD 0A 8C 01      jmp _gettxt_loop
0247+  01C0             _gettxt_CR:
0248+  01C0 19 0D         mov al, $0D
0249+  01C2 3E            mov [d], al
0250+  01C3 79            inc d
0251+  01C4 0A 8C 01      jmp _gettxt_loop
0252+  01C7             _gettxt_backspace:
0253+  01C7 7F            dec d
0254+  01C8 0A 8C 01      jmp _gettxt_loop
0255+  01CB             _gettxt_end:
0256+  01CB 19 00         mov al, 0
0257+  01CD 3E            mov [d], al        ; terminate string
0258+  01CE E7            pop d
0259+  01CF E4            pop a
0260+  01D0 09            ret
0261+  01D1             
0262+  01D1             ;;;;;;;;;;;;;;;;;;;;;;;;;;;;;;;;;;;;;;;;;;;;;;;;;;;;;;;;;;;;;;;;;;;;;;;;;;;;;;;;;;;;;;;;;;;;;;;;;;;;;;;;;;;;;;;;;;
0263+  01D1             ; PRINT NEW LINE
0264+  01D1             ;;;;;;;;;;;;;;;;;;;;;;;;;;;;;;;;;;;;;;;;;;;;;;;;;;;;;;;;;;;;;;;;;;;;;;;;;;;;;;;;;;;;;;;;;;;;;;;;;;;;;;;;;;;;;;;;;;
0265+  01D1             printnl:
0266+  01D1 D7            push a
0267+  01D2 10 00 0A      mov a, $0A00
0268+  01D5 05 03         syscall sys_io
0269+  01D7 10 00 0D      mov a, $0D00
0270+  01DA 05 03         syscall sys_io
0271+  01DC E4            pop a
0272+  01DD 09            ret
0273+  01DE             
0274+  01DE             ;;;;;;;;;;;;;;;;;;;;;;;;;;;;;;;;;;;;;;;;;;;;;;;;;;;;;;;;;;;;;;;;;;;;;;;;;;;;;;;;;;;;;;;;;;;;;;;;;;;;;;;;;;;;;;;;;;
0275+  01DE             ; _strtoint
0276+  01DE             ; 4 digit hex string number in d
0277+  01DE             ; integer returned in A
0278+  01DE             ;;;;;;;;;;;;;;;;;;;;;;;;;;;;;;;;;;;;;;;;;;;;;;;;;;;;;;;;;;;;;;;;;;;;;;;;;;;;;;;;;;;;;;;;;;;;;;;;;;;;;;;;;;;;;;;;;;
0279+  01DE             _strtointx:
0280+  01DE D8            push b
0281+  01DF 32            mov bl, [d]
0282+  01E0 37            mov bh, bl
0283+  01E1 33 01 00      mov bl, [d + 1]
0284+  01E4 07 B5 00      call _atoi        ; convert to int in AL
0285+  01E7 23            mov ah, al        ; move to AH
0286+  01E8 33 02 00      mov bl, [d + 2]
0287+  01EB 37            mov bh, bl
0288+  01EC 33 03 00      mov bl, [d + 3]
0289+  01EF 07 B5 00      call _atoi        ; convert to int in AL
0290+  01F2 E5            pop b
0291+  01F3 09            ret
0292+  01F4             
0293+  01F4             ;;;;;;;;;;;;;;;;;;;;;;;;;;;;;;;;;;;;;;;;;;;;;;;;;;;;;;;;;;;;;;;;;;;;;;;;;;;;;;;;;;;;;;;;;;;;;;;;;;;;;;;;;;;;;;;;;;
0294+  01F4             ; _strtoint
0295+  01F4             ; 5 digit base10 string number in d
0296+  01F4             ; integer returned in A
0297+  01F4             ;;;;;;;;;;;;;;;;;;;;;;;;;;;;;;;;;;;;;;;;;;;;;;;;;;;;;;;;;;;;;;;;;;;;;;;;;;;;;;;;;;;;;;;;;;;;;;;;;;;;;;;;;;;;;;;;;;
0298+  01F4             _strtoint:
0299+  01F4 E2            push si
0300+  01F5 D8            push b
0301+  01F6 D9            push c
0302+  01F7 DA            push d
0303+  01F8 07 57 00      call _strlen      ; get string length in C
0304+  01FB 7E            dec c
0305+  01FC FD 4E         mov si, d
0306+  01FE 12            mov a, c
0307+  01FF FD 99         shl a
0308+  0201 3B 78 03      mov d, table_power
0309+  0204 59            add d, a
0310+  0205 38 00 00      mov c, 0
0311+  0208             _strtoint_L0:
0312+  0208 F6            lodsb      ; load ASCII to al
0313+  0209 B9 00         cmp al, 0
0314+  020B C6 1E 02      je _strtoint_end
0315+  020E 6F 30         sub al, $30    ; make into integer
0316+  0210 22 00         mov ah, 0
0317+  0212 2A            mov b, [d]
0318+  0213 AC            mul a, b      ; result in B since it fits in 16bits
0319+  0214 11            mov a, b
0320+  0215 28            mov b, c
0321+  0216 54            add a, b
0322+  0217 39            mov c, a
0323+  0218 63 02 00      sub d, 2
0324+  021B 0A 08 02      jmp _strtoint_L0
0325+  021E             _strtoint_end:
0326+  021E 12            mov a, c
0327+  021F E7            pop d
0328+  0220 E6            pop c
0329+  0221 E5            pop b
0330+  0222 EF            pop si
0331+  0223 09            ret
0332+  0224             
0333+  0224             
0334+  0224             ;;;;;;;;;;;;;;;;;;;;;;;;;;;;;;;;;;;;;;;;;;;;;;;;;;;;;;;;;;;;;;;;;;;;;;;;;;;;;;;;;;;;;;;;;;;;;;;;;;;;;;;;;;;;;;;;;;
0335+  0224             ; PRINT NULL TERMINATED STRING
0336+  0224             ; pointer in D
0337+  0224             ;;;;;;;;;;;;;;;;;;;;;;;;;;;;;;;;;;;;;;;;;;;;;;;;;;;;;;;;;;;;;;;;;;;;;;;;;;;;;;;;;;;;;;;;;;;;;;;;;;;;;;;;;;;;;;;;;;
0338+  0224             _puts:
0339+  0224 D7            push a
0340+  0225 DA            push d
0341+  0226             _puts_L1:
0342+  0226 1E            mov al, [d]
0343+  0227 B9 00         cmp al, 0
0344+  0229 C6 35 02      jz _puts_END
0345+  022C 23            mov ah, al
0346+  022D 19 00         mov al, 0
0347+  022F 05 03         syscall sys_io
0348+  0231 79            inc d
0349+  0232 0A 26 02      jmp _puts_L1
0350+  0235             _puts_END:
0351+  0235 E7            pop d
0352+  0236 E4            pop a
0353+  0237 09            ret
0354+  0238             
0355+  0238             ;;;;;;;;;;;;;;;;;;;;;;;;;;;;;;;;;;;;;;;;;;;;;;;;;;;;;;;;;;;;;;;;;;;;;;;;;;;;;;;;;;;;;;;;;;;;;;;;;;;;;;;;;;;;;;;;;;
0356+  0238             ; PRINT N SIZE STRING
0357+  0238             ; pointer in D
0358+  0238             ; size in C
0359+  0238             ;;;;;;;;;;;;;;;;;;;;;;;;;;;;;;;;;;;;;;;;;;;;;;;;;;;;;;;;;;;;;;;;;;;;;;;;;;;;;;;;;;;;;;;;;;;;;;;;;;;;;;;;;;;;;;;;;;
0360+  0238             _putsn:
0361+  0238 DB            push al
0362+  0239 DA            push d
0363+  023A D9            push c
0364+  023B             _putsn_L0:
0365+  023B 1E            mov al, [d]
0366+  023C 23            mov ah, al
0367+  023D 19 00         mov al, 0
0368+  023F 05 03         syscall sys_io
0369+  0241 79            inc d
0370+  0242 7E            dec c  
0371+  0243 C2 00 00      cmp c, 0
0372+  0246 C7 3B 02      jne _putsn_L0
0373+  0249             _putsn_end:
0374+  0249 E6            pop c
0375+  024A E7            pop d
0376+  024B E8            pop al
0377+  024C 09            ret
0378+  024D             
0379+  024D             ;;;;;;;;;;;;;;;;;;;;;;;;;;;;;;;;;;;;;;;;;;;;;;;;;;;;;;;;;;;;;;;;;;;;;;;;;;;;;;;;;;;;;;;
0380+  024D             ; print 16bit decimal number
0381+  024D             ; input number in A
0382+  024D             ;;;;;;;;;;;;;;;;;;;;;;;;;;;;;;;;;;;;;;;;;;;;;;;;;;;;;;;;;;;;;;;;;;;;;;;;;;;;;;;;;;;;;;;
0383+  024D             print_u16d:
0384+  024D D7            push a
0385+  024E D8            push b
0386+  024F FD D8         push g
0387+  0251 26 10 27      mov b, 10000
0388+  0254 AE            div a, b      ; get 10000's coeff.
0389+  0255 07 79 02      call print_number
0390+  0258 11            mov a, b
0391+  0259 26 E8 03      mov b, 1000
0392+  025C AE            div a, b      ; get 1000's coeff.
0393+  025D 07 79 02      call print_number
0394+  0260 11            mov a, b
0395+  0261 26 64 00      mov b, 100
0396+  0264 AE            div a, b
0397+  0265 07 79 02      call print_number
0398+  0268 11            mov a, b
0399+  0269 26 0A 00      mov b, 10
0400+  026C AE            div a, b
0401+  026D 07 79 02      call print_number
0402+  0270 1B            mov al, bl      ; 1's coeff in bl
0403+  0271 07 79 02      call print_number
0404+  0274 FD F1         pop g
0405+  0276 E5            pop b
0406+  0277 E4            pop a
0407+  0278 09            ret
0408+  0279             
0409+  0279             ;;;;;;;;;;;;;;;;;;;;;;;;;;;;;;;;;;;;;;;;;;;;;;;;;;;;;;;;;;;;;;;;;;;;;;;;;;;;;;;;;;;;;;;
0410+  0279             ; print AL
0411+  0279             ;;;;;;;;;;;;;;;;;;;;;;;;;;;;;;;;;;;;;;;;;;;;;;;;;;;;;;;;;;;;;;;;;;;;;;;;;;;;;;;;;;;;;;;
0412+  0279             print_number:
0413+  0279 6A 30         add al, $30
0414+  027B 23            mov ah, al
0415+  027C 07 F8 00      call _putchar
0416+  027F 09            ret
0417+  0280             
0418+  0280             ;;;;;;;;;;;;;;;;;;;;;;;;;;;;;;;;;;;;;;;;;;;;;;;;;;;;;;;;;;;;;;;;;;;;;;;;;;;;;;;;;;;;;;;;;;;;;;;;;;;;;;;;;;;;;;;;;;
0419+  0280             ; PRINT 16BIT HEX INTEGER
0420+  0280             ; integer value in reg B
0421+  0280             ;;;;;;;;;;;;;;;;;;;;;;;;;;;;;;;;;;;;;;;;;;;;;;;;;;;;;;;;;;;;;;;;;;;;;;;;;;;;;;;;;;;;;;;;;;;;;;;;;;;;;;;;;;;;;;;;;;
0422+  0280             print_u16x:
0423+  0280 D7            push a
0424+  0281 D8            push b
0425+  0282 DD            push bl
0426+  0283 30            mov bl, bh
0427+  0284 07 C6 00      call _itoa        ; convert bh to char in A
0428+  0287 2F            mov bl, al        ; save al
0429+  0288 19 00         mov al, 0
0430+  028A 05 03         syscall sys_io        ; display AH
0431+  028C 24            mov ah, bl        ; retrieve al
0432+  028D 19 00         mov al, 0
0433+  028F 05 03         syscall sys_io        ; display AL
0434+  0291             
0435+  0291 EA            pop bl
0436+  0292 07 C6 00      call _itoa        ; convert bh to char in A
0437+  0295 2F            mov bl, al        ; save al
0438+  0296 19 00         mov al, 0
0439+  0298 05 03         syscall sys_io        ; display AH
0440+  029A 24            mov ah, bl        ; retrieve al
0441+  029B 19 00         mov al, 0
0442+  029D 05 03         syscall sys_io        ; display AL
0443+  029F             
0444+  029F E5            pop b
0445+  02A0 E4            pop a
0446+  02A1 09            ret
0447+  02A2             
0448+  02A2             ;;;;;;;;;;;;;;;;;;;;;;;;;;;;;;;;;;;;;;;;;;;;;;;;;;;;;;;;;;;;;;;;;;;;;;;;;;;;;;;;;;;;;;;;;;;;;;;;;;;;;;;;;;;;;;;;;;
0449+  02A2             ; INPUT 16BIT HEX INTEGER
0450+  02A2             ; read 16bit integer into A
0451+  02A2             ;;;;;;;;;;;;;;;;;;;;;;;;;;;;;;;;;;;;;;;;;;;;;;;;;;;;;;;;;;;;;;;;;;;;;;;;;;;;;;;;;;;;;;;;;;;;;;;;;;;;;;;;;;;;;;;;;;
0452+  02A2             scan_u16x:
0453+  02A2 F8 10 00      enter 16
0454+  02A5 D8            push b
0455+  02A6 DA            push d
0456+  02A7             
0457+  02A7 FA F1 FF      lea d, [bp + -15]
0458+  02AA 07 FF 00      call _gets        ; get number
0459+  02AD             
0460+  02AD 32            mov bl, [d]
0461+  02AE 37            mov bh, bl
0462+  02AF 33 01 00      mov bl, [d + 1]
0463+  02B2 07 B5 00      call _atoi        ; convert to int in AL
0464+  02B5 23            mov ah, al        ; move to AH
0465+  02B6             
0466+  02B6 33 02 00      mov bl, [d + 2]
0467+  02B9 37            mov bh, bl
0468+  02BA 33 03 00      mov bl, [d + 3]
0469+  02BD 07 B5 00      call _atoi        ; convert to int in AL
0470+  02C0             
0471+  02C0 E7            pop d
0472+  02C1 E5            pop b
0473+  02C2 F9            leave
0474+  02C3 09            ret
0475+  02C4             
0476+  02C4             ;;;;;;;;;;;;;;;;;;;;;;;;;;;;;;;;;;;;;;;;;;;;;;;;;;;;;;;;;;;;;;;;;;;;;;;;;;;;;;;;;;;;;;;;;;;;;;;;;;;;;;;;;;;;;;;;;;
0477+  02C4             ; PRINT 8bit HEX INTEGER
0478+  02C4             ; integer value in reg bl
0479+  02C4             ;;;;;;;;;;;;;;;;;;;;;;;;;;;;;;;;;;;;;;;;;;;;;;;;;;;;;;;;;;;;;;;;;;;;;;;;;;;;;;;;;;;;;;;;;;;;;;;;;;;;;;;;;;;;;;;;;;
0480+  02C4             print_u8x:
0481+  02C4 D7            push a
0482+  02C5 DD            push bl
0483+  02C6             
0484+  02C6 07 C6 00      call _itoa        ; convert bl to char in A
0485+  02C9 2F            mov bl, al        ; save al
0486+  02CA 19 00         mov al, 0
0487+  02CC 05 03         syscall sys_io        ; display AH
0488+  02CE 24            mov ah, bl        ; retrieve al
0489+  02CF 19 00         mov al, 0
0490+  02D1 05 03         syscall sys_io        ; display AL
0491+  02D3             
0492+  02D3 EA            pop bl
0493+  02D4 E4            pop a
0494+  02D5 09            ret
0495+  02D6             
0496+  02D6             ;;;;;;;;;;;;;;;;;;;;;;;;;;;;;;;;;;;;;;;;;;;;;;;;;;;;;;;;;;;;;;;;;;;;;;;;;;;;;;;;;;;;;;;
0497+  02D6             ; print 8bit decimal unsigned number
0498+  02D6             ; input number in AL
0499+  02D6             ;;;;;;;;;;;;;;;;;;;;;;;;;;;;;;;;;;;;;;;;;;;;;;;;;;;;;;;;;;;;;;;;;;;;;;;;;;;;;;;;;;;;;;;
0500+  02D6             print_u8d:
0501+  02D6 D7            push a
0502+  02D7 D8            push b
0503+  02D8 FD D8         push g
0504+  02DA 22 00         mov ah, 0
0505+  02DC 26 64 00      mov b, 100
0506+  02DF AE            div a, b
0507+  02E0 D8            push b      ; save remainder
0508+  02E1 B9 00         cmp al, 0
0509+  02E3 C6 ED 02      je skip100
0510+  02E6 6A 30         add al, $30
0511+  02E8 23            mov ah, al
0512+  02E9 19 00         mov al, 0
0513+  02EB 05 03         syscall sys_io  ; print coeff
0514+  02ED             skip100:
0515+  02ED E4            pop a
0516+  02EE 22 00         mov ah, 0
0517+  02F0 26 0A 00      mov b, 10
0518+  02F3 AE            div a, b
0519+  02F4 D8            push b      ; save remainder
0520+  02F5 B9 00         cmp al, 0
0521+  02F7 C6 01 03      je skip10
0522+  02FA 6A 30         add al, $30
0523+  02FC 23            mov ah, al
0524+  02FD 19 00         mov al, 0
0525+  02FF 05 03         syscall sys_io  ; print coeff
0526+  0301             skip10:
0527+  0301 E4            pop a
0528+  0302 1B            mov al, bl
0529+  0303 6A 30         add al, $30
0530+  0305 23            mov ah, al
0531+  0306 19 00         mov al, 0
0532+  0308 05 03         syscall sys_io  ; print coeff
0533+  030A FD F1         pop g
0534+  030C E5            pop b
0535+  030D E4            pop a
0536+  030E 09            ret
0537+  030F             
0538+  030F             ;;;;;;;;;;;;;;;;;;;;;;;;;;;;;;;;;;;;;;;;;;;;;;;;;;;;;;;;;;;;;;;;;;;;;;;;;;;;;;;;;;;;;;;;;;;;;;;;;;;;;;;;;;;;;;;;;;
0539+  030F             ; INPUT 8BIT HEX INTEGER
0540+  030F             ; read 8bit integer into AL
0541+  030F             ;;;;;;;;;;;;;;;;;;;;;;;;;;;;;;;;;;;;;;;;;;;;;;;;;;;;;;;;;;;;;;;;;;;;;;;;;;;;;;;;;;;;;;;;;;;;;;;;;;;;;;;;;;;;;;;;;;
0542+  030F             scan_u8x:
0543+  030F F8 04 00      enter 4
0544+  0312 D8            push b
0545+  0313 DA            push d
0546+  0314             
0547+  0314 FA FD FF      lea d, [bp + -3]
0548+  0317 07 FF 00      call _gets        ; get number
0549+  031A             
0550+  031A 32            mov bl, [d]
0551+  031B 37            mov bh, bl
0552+  031C 33 01 00      mov bl, [d + 1]
0553+  031F 07 B5 00      call _atoi        ; convert to int in AL
0554+  0322             
0555+  0322 E7            pop d
0556+  0323 E5            pop b
0557+  0324 F9            leave
0558+  0325 09            ret
0559+  0326             
0560+  0326             ;;;;;;;;;;;;;;;;;;;;;;;;;;;;;;;;;;;;;;;;;;;;;;;;;;;;;;;;;;;;;;;;;;;;;;;;;;;;;;;;;;;;;;;
0561+  0326             ; input decimal number
0562+  0326             ; result in A
0563+  0326             ; 655'\0'
0564+  0326             ; low--------high
0565+  0326             ;;;;;;;;;;;;;;;;;;;;;;;;;;;;;;;;;;;;;;;;;;;;;;;;;;;;;;;;;;;;;;;;;;;;;;;;;;;;;;;;;;;;;;;
0566+  0326             scan_u16d:
0567+  0326 F8 08 00      enter 8
0568+  0329 E2            push si
0569+  032A D8            push b
0570+  032B D9            push c
0571+  032C DA            push d
0572+  032D FA F9 FF      lea d, [bp +- 7]
0573+  0330 07 FF 00      call _gets
0574+  0333 07 57 00      call _strlen      ; get string length in C
0575+  0336 7E            dec c
0576+  0337 FD 4E         mov si, d
0577+  0339 12            mov a, c
0578+  033A FD 99         shl a
0579+  033C 3B 78 03      mov d, table_power
0580+  033F 59            add d, a
0581+  0340 38 00 00      mov c, 0
0582+  0343             mul_loop:
0583+  0343 F6            lodsb      ; load ASCII to al
0584+  0344 B9 00         cmp al, 0
0585+  0346 C6 59 03      je mul_exit
0586+  0349 6F 30         sub al, $30    ; make into integer
0587+  034B 22 00         mov ah, 0
0588+  034D 2A            mov b, [d]
0589+  034E AC            mul a, b      ; result in B since it fits in 16bits
0590+  034F 11            mov a, b
0591+  0350 28            mov b, c
0592+  0351 54            add a, b
0593+  0352 39            mov c, a
0594+  0353 63 02 00      sub d, 2
0595+  0356 0A 43 03      jmp mul_loop
0596+  0359             mul_exit:
0597+  0359 12            mov a, c
0598+  035A E7            pop d
0599+  035B E6            pop c
0600+  035C E5            pop b
0601+  035D EF            pop si
0602+  035E F9            leave
0603+  035F 09            ret
0604+  0360             
0605+  0360             
0606+  0360 30 31 32 33 s_hex_digits:    .db "0123456789ABCDEF"  
0606+  0364 34 35 36 37 
0606+  0368 38 39 41 42 
0606+  036C 43 44 45 46 
0607+  0370 1B 5B 32 4A s_telnet_clear:  .db "\033[2J\033[H", 0
0607+  0374 1B 5B 48 00 
0608+  0378             
0609+  0378             table_power:
0610+  0378 01 00         .dw 1
0611+  037A 0A 00         .dw 10
0612+  037C 64 00         .dw 100
0613+  037E E8 03         .dw 1000
0614+  0380 10 27         .dw 100000016   0382             
0017   0382             
0018   0382             
0019   0382             .end
tasm: Number of errors = 2
