0001   0000             .include "lib/kernel.exp"
0001+  0000             TEXT_ORG         .EQU  $0400
0002+  0000             sys_bkpt         .EQU  $0000
0003+  0000             sys_rtc          .EQU  $0001
0004+  0000             sys_ide          .EQU  $0002
0005+  0000             sys_io           .EQU  $0003
0006+  0000             sys_filesystem   .EQU  $0004
0007+  0000             sys_spawn_proc   .EQU  $0005
0008+  0000             sys_list         .EQU  $0006
0009+  0000             sys_datetime     .EQU  $0007
0010+  0000             sys_reboot       .EQU  $0008
0011+  0000             sys_pause_proc   .EQU  $0009
0012+  0000             sys_resume_proc  .EQU  $000a
0013+  0000             sys_terminate_proc .EQU  $000b
0014+  0000             sys_system       .EQU  $000c
0002   0000             
0003   0000             ;;;;;;;;;;;;;;;;;;;;;;;;;;;;;;;;;;;;;;;;;;;;;;;;;;;;;;;;;;;;;;;;;;;;;;;;;;;;;;;;
0004   0000             ;;;;;;;;;;;;;;;;;;;;;;;;;;;;;;;;;;;;;;;;;;;;;;;;;;;;;;;;;;;;;;;;;;;;;;;;;;;;;;;;
0005   0000             
0006   0400             .org TEXT_ORG			; origin at 1024
0007   0400             
0008   0400             ; when running the installer, we need to be inside /boot because the mkbin system call
0009   0400             ; creates all binary files inside whatever is the current directory
0010   0400             ; and we want the kernel to live inside /boot
0011   0400             bootloader_installer:
0012   0400             ;; create the kernel file
0013   0400 3B 3A 04      mov d, s_warning
0014   0403 07 68 07      call _puts
0015   0406 3B 73 04      mov d, s_enter_filename
0016   0409 07 68 07      call _puts
0017   040C 3B 85 04      mov d, kernel_filename
0018   040F 07 01 06      call _gets
0019   0412             
0020   0412 3B 70 04      mov d, s_prompt 
0021   0415 07 68 07      call _puts
0022   0418 3B 85 04    	mov d, kernel_filename
0023   041B 19 06       	mov al, 6               ; mkbin
0024   041D 05 04       	syscall sys_filesystem      ; create the binary file for the kernel
0025   041F                                       ; we need to be on '/boot' here
0026   041F FD 4D 85 04   mov si, kernel_filename
0027   0423 FD 4F C5 04   mov di, kernel_fullpath
0028   0427 07 85 05      call _strcat             ; form full pathname for the kernel file
0029   042A 3B C5 04    	mov d, kernel_fullpath
0030   042D 19 13       	mov al, 19
0031   042F 05 04       	syscall sys_filesystem		; obtain dirID for kernel file, in A
0032   0431 27            mov b, a
0033   0432 FD 77       	inc b					; increment LBA because data starts after the header sector
0034   0434 19 03         mov al, 3
0035   0436 05 0C       	syscall sys_system
0036   0438             
0037   0438 05 0B       	syscall sys_terminate_proc
0038   043A             
0039   043A             
0040   043A             
0041   043A 4D 61 6B 65 s_warning:        .db "Make sure you are in "
0041   043E 20 73 75 72 
0041   0442 65 20 79 6F 
0041   0446 75 20 61 72 
0041   044A 65 20 69 6E 
0041   044E 20 
0042   044F 2F 62 6F 6F 									.db "/boot before creating "
0042   0453 74 20 62 65 
0042   0457 66 6F 72 65 
0042   045B 20 63 72 65 
0042   045F 61 74 69 6E 
0042   0463 67 20 
0043   0465 74 68 65 20 									.db "the file.\n", 0
0043   0469 66 69 6C 65 
0043   046D 2E 0A 00 
0044   0470             
0045   0470 25 20 00    s_prompt:         .db "% ", 0
0046   0473 4B 65 72 6E s_enter_filename: .db "Kernel filename: ", 0
0046   0477 65 6C 20 66 
0046   047B 69 6C 65 6E 
0046   047F 61 6D 65 3A 
0046   0483 20 00 
0047   0485 00 00 00 00 kernel_filename:  .fill 64, 0
0047   0489 00 00 00 00 
0047   048D 00 00 00 00 
0047   0491 00 00 00 00 
0047   0495 00 00 00 00 
0047   0499 00 00 00 00 
0047   049D 00 00 00 00 
0047   04A1 00 00 00 00 
0047   04A5 00 00 00 00 
0047   04A9 00 00 00 00 
0047   04AD 00 00 00 00 
0047   04B1 00 00 00 00 
0047   04B5 00 00 00 00 
0047   04B9 00 00 00 00 
0047   04BD 00 00 00 00 
0047   04C1 00 00 00 00 
0048   04C5 2F 62 6F 6F kernel_fullpath:  .db "/boot/"
0048   04C9 74 2F 
0049   04CB 00 00 00 00                   .fill 64, 0
0049   04CF 00 00 00 00 
0049   04D3 00 00 00 00 
0049   04D7 00 00 00 00 
0049   04DB 00 00 00 00 
0049   04DF 00 00 00 00 
0049   04E3 00 00 00 00 
0049   04E7 00 00 00 00 
0049   04EB 00 00 00 00 
0049   04EF 00 00 00 00 
0049   04F3 00 00 00 00 
0049   04F7 00 00 00 00 
0049   04FB 00 00 00 00 
0049   04FF 00 00 00 00 
0049   0503 00 00 00 00 
0049   0507 00 00 00 00 
0050   050B             
0051   050B             .include "lib/stdio.asm"
0001+  050B             ;;;;;;;;;;;;;;;;;;;;;;;;;;;;;;;;;;;;;;;;;;;;;;;;;;;;;;;;;;;;;;;;;;;;;;;;;;;;;;;;;;;;;;;;;;;;;;;;;;;;;;;;;;;;;;;;;;
0002+  050B             ; stdio.s
0003+  050B             ;;;;;;;;;;;;;;;;;;;;;;;;;;;;;;;;;;;;;;;;;;;;;;;;;;;;;;;;;;;;;;;;;;;;;;;;;;;;;;;;;;;;;;;;;;;;;;;;;;;;;;;;;;;;;;;;;;
0004+  050B             .include "lib/string.asm"
0001++ 050B             ;;;;;;;;;;;;;;;;;;;;;;;;;;;;;;;;;;;;;;;;;;;;;;;;;;;;;;;;;;;;;;;;;;;;;;;;;;;;;;;;;;;;;;;;;;;;;;;;;;;;;;;;;;;;;;;;;;
0002++ 050B             ; string.s
0003++ 050B             ;;;;;;;;;;;;;;;;;;;;;;;;;;;;;;;;;;;;;;;;;;;;;;;;;;;;;;;;;;;;;;;;;;;;;;;;;;;;;;;;;;;;;;;;;;;;;;;;;;;;;;;;;;;;;;;;;;
0004++ 050B             
0005++ 050B             
0006++ 050B             ;;;;;;;;;;;;;;;;;;;;;;;;;;;;;;;;;;;;;;;;;;;;;;;;;;;;;;;;;;;;;;;;;;;;;;;;;;;;;;;;;;;;;;;;;;;;;;;;;;;;;;;;;;;;;;;;;;
0007++ 050B             ; _strrev
0008++ 050B             ; reverse a string
0009++ 050B             ; D = string address
0010++ 050B             ;;;;;;;;;;;;;;;;;;;;;;;;;;;;;;;;;;;;;;;;;;;;;;;;;;;;;;;;;;;;;;;;;;;;;;;;;;;;;;;;;;;;;;;;;;;;;;;;;;;;;;;;;;;;;;;;;;
0011++ 050B             ; 01234
0012++ 050B             _strrev:
0013++ 050B 4B          	pusha
0014++ 050C 07 52 05    	call _strlen	; length in C
0015++ 050F 12          	mov a, c
0016++ 0510 AF 01 00    	cmp a, 1
0017++ 0513 D0 2D 05    	jleu _strrev_end	; check string length. string len must be > 1
0018++ 0516 7D          	dec a
0019++ 0517 FD 4E       	mov si, d	; beginning of string
0020++ 0519 FD 50       	mov di, d	; beginning of string (for destinations)
0021++ 051B 59          	add d, a	; end of string
0022++ 051C 12          	mov a, c
0023++ 051D FD 9B       	shr a		; divide by 2
0024++ 051F 39          	mov c, a	; C now counts the steps
0025++ 0520             _strrev_L0:
0026++ 0520 32          	mov bl, [d]	; save load right-side char into BL
0027++ 0521 F6          	lodsb		; load left-side char into AL; increase SI
0028++ 0522 3E          	mov [d], al	; store left char into right side
0029++ 0523 1B          	mov al, bl
0030++ 0524 F7          	stosb		; store right-side char into left-side; increase DI
0031++ 0525 7E          	dec c
0032++ 0526 7F          	dec d
0033++ 0527 C2 00 00    	cmp c, 0
0034++ 052A C7 20 05    	jne _strrev_L0
0035++ 052D             _strrev_end:
0036++ 052D 4C          	popa
0037++ 052E 09          	ret
0038++ 052F             	
0039++ 052F             ;;;;;;;;;;;;;;;;;;;;;;;;;;;;;;;;;;;;;;;;;;;;;;;;;;;;;;;;;;;;;;;;;;;;;;;;;;;;;;;;;;;;;;;;;;;;;;;;;;;;;;;;;;;;;;;;;;
0040++ 052F             ; _strchr
0041++ 052F             ; search string in D for char in AL
0042++ 052F             ;;;;;;;;;;;;;;;;;;;;;;;;;;;;;;;;;;;;;;;;;;;;;;;;;;;;;;;;;;;;;;;;;;;;;;;;;;;;;;;;;;;;;;;;;;;;;;;;;;;;;;;;;;;;;;;;;;
0043++ 052F             _strchr:
0044++ 052F             _strchr_L0:
0045++ 052F 32          	mov bl, [d]
0046++ 0530 C1 00       	cmp bl, 0
0047++ 0532 C6 3D 05    	je _strchr_end
0048++ 0535 BA          	cmp al, bl
0049++ 0536 C6 3D 05    	je _strchr_end
0050++ 0539 79          	inc d
0051++ 053A 0A 2F 05    	jmp _strchr_L0
0052++ 053D             _strchr_end:
0053++ 053D 1B          	mov al, bl
0054++ 053E 09          	ret
0055++ 053F             
0056++ 053F             ;;;;;;;;;;;;;;;;;;;;;;;;;;;;;;;;;;;;;;;;;;;;;;;;;;;;;;;;;;;;;;;;;;;;;;;;;;;;;;;;;;;;;;;;;;;;;;;;;;;;;;;;;;;;;;;;;;
0057++ 053F             ; _strstr
0058++ 053F             ; find sub-string
0059++ 053F             ; str1 in SI
0060++ 053F             ; str2 in DI
0061++ 053F             ; SI points to end of source string
0062++ 053F             ;;;;;;;;;;;;;;;;;;;;;;;;;;;;;;;;;;;;;;;;;;;;;;;;;;;;;;;;;;;;;;;;;;;;;;;;;;;;;;;;;;;;;;;;;;;;;;;;;;;;;;;;;;;;;;;;;;
0063++ 053F             _strstr:
0064++ 053F DB          	push al
0065++ 0540 DA          	push d
0066++ 0541 E3          	push di
0067++ 0542             _strstr_loop:
0068++ 0542 F3          	cmpsb					; compare a byte of the strings
0069++ 0543 C7 4E 05    	jne _strstr_ret
0070++ 0546 FC 00 00    	lea d, [di + 0]
0071++ 0549 BD 00       	cmp byte[d], 0				; check if at end of string (null)
0072++ 054B C7 42 05    	jne _strstr_loop				; equal chars but not at end
0073++ 054E             _strstr_ret:
0074++ 054E F0          	pop di
0075++ 054F E7          	pop d
0076++ 0550 E8          	pop al
0077++ 0551 09          	ret
0078++ 0552             ;;;;;;;;;;;;;;;;;;;;;;;;;;;;;;;;;;;;;;;;;;;;;;;;;;;;;;;;;;;;;;;;;;;;;;;;;;;;;;;;;;;;;;;
0079++ 0552             ; length of null terminated string
0080++ 0552             ; result in C
0081++ 0552             ; pointer in D
0082++ 0552             ;;;;;;;;;;;;;;;;;;;;;;;;;;;;;;;;;;;;;;;;;;;;;;;;;;;;;;;;;;;;;;;;;;;;;;;;;;;;;;;;;;;;;;;
0083++ 0552             _strlen:
0084++ 0552 DA          	push d
0085++ 0553 38 00 00    	mov c, 0
0086++ 0556             _strlen_L1:
0087++ 0556 BD 00       	cmp byte [d], 0
0088++ 0558 C6 60 05    	je _strlen_ret
0089++ 055B 79          	inc d
0090++ 055C 78          	inc c
0091++ 055D 0A 56 05    	jmp _strlen_L1
0092++ 0560             _strlen_ret:
0093++ 0560 E7          	pop d
0094++ 0561 09          	ret
0095++ 0562             
0096++ 0562             ;;;;;;;;;;;;;;;;;;;;;;;;;;;;;;;;;;;;;;;;;;;;;;;;;;;;;;;;;;;;;;;;;;;;;;;;;;;;;;;;;;;;;;;;;;;;;;;;;;;;;;;;;;;;;;;;;;
0097++ 0562             ; STRCMP
0098++ 0562             ; compare two strings
0099++ 0562             ; str1 in SI
0100++ 0562             ; str2 in DI
0101++ 0562             ; CREATE A STRING COMPAIRON INSTRUCION ?????
0102++ 0562             ;;;;;;;;;;;;;;;;;;;;;;;;;;;;;;;;;;;;;;;;;;;;;;;;;;;;;;;;;;;;;;;;;;;;;;;;;;;;;;;;;;;;;;;;;;;;;;;;;;;;;;;;;;;;;;;;;;
0103++ 0562             _strcmp:
0104++ 0562 DB          	push al
0105++ 0563 DA          	push d
0106++ 0564 E3          	push di
0107++ 0565 E2          	push si
0108++ 0566             _strcmp_loop:
0109++ 0566 F3          	cmpsb					; compare a byte of the strings
0110++ 0567 C7 72 05    	jne _strcmp_ret
0111++ 056A FB FF FF    	lea d, [si +- 1]
0112++ 056D BD 00       	cmp byte[d], 0				; check if at end of string (null)
0113++ 056F C7 66 05    	jne _strcmp_loop				; equal chars but not at end
0114++ 0572             _strcmp_ret:
0115++ 0572 EF          	pop si
0116++ 0573 F0          	pop di
0117++ 0574 E7          	pop d
0118++ 0575 E8          	pop al
0119++ 0576 09          	ret
0120++ 0577             
0121++ 0577             
0122++ 0577             ; STRCPY
0123++ 0577             ; copy null terminated string from SI to DI
0124++ 0577             ; source in SI
0125++ 0577             ; destination in DI
0126++ 0577             _strcpy:
0127++ 0577 E2          	push si
0128++ 0578 E3          	push di
0129++ 0579 DB          	push al
0130++ 057A             _strcpy_L1:
0131++ 057A F6          	lodsb
0132++ 057B F7          	stosb
0133++ 057C B9 00       	cmp al, 0
0134++ 057E C7 7A 05    	jne _strcpy_L1
0135++ 0581             _strcpy_end:
0136++ 0581 E8          	pop al
0137++ 0582 F0          	pop di
0138++ 0583 EF          	pop si
0139++ 0584 09          	ret
0140++ 0585             
0141++ 0585             ; STRCAT
0142++ 0585             ; concatenate a NULL terminated string into string at DI, from string at SI
0143++ 0585             ; source in SI
0144++ 0585             ; destination in DI
0145++ 0585             _strcat:
0146++ 0585 E2          	push si
0147++ 0586 E3          	push di
0148++ 0587 D7          	push a
0149++ 0588 DA          	push d
0150++ 0589 50          	mov a, di
0151++ 058A 3C          	mov d, a
0152++ 058B             _strcat_goto_end_L1:
0153++ 058B BD 00       	cmp byte[d], 0
0154++ 058D C6 94 05    	je _strcat_start
0155++ 0590 79          	inc d
0156++ 0591 0A 8B 05    	jmp _strcat_goto_end_L1
0157++ 0594             _strcat_start:
0158++ 0594 FD 50       	mov di, d
0159++ 0596             _strcat_L1:
0160++ 0596 F6          	lodsb
0161++ 0597 F7          	stosb
0162++ 0598 B9 00       	cmp al, 0
0163++ 059A C7 96 05    	jne _strcat_L1
0164++ 059D             _strcat_end:
0165++ 059D E7          	pop d
0166++ 059E E4          	pop a
0167++ 059F F0          	pop di
0168++ 05A0 EF          	pop si
0169++ 05A1 09          	ret
0170++ 05A2             
0171++ 05A2             
0005+  05A2             
0006+  05A2             
0007+  05A2             ;;;;;;;;;;;;;;;;;;;;;;;;;;;;;;;;;;;;;;;;;;;;;;;;;;;;;;;;;;;;;;;;;;;;;;;;;;;;;;;;;;;;;;;;;;;;;;;;;;;;;;;;;;;;;;;;;;
0008+  05A2             ; CONVERT ASCII 'O'..'F' TO INTEGER 0..15
0009+  05A2             ; ASCII in BL
0010+  05A2             ; result in AL
0011+  05A2             ; ascii for F = 0100 0110
0012+  05A2             ; ascii for 9 = 0011 1001
0013+  05A2             ;;;;;;;;;;;;;;;;;;;;;;;;;;;;;;;;;;;;;;;;;;;;;;;;;;;;;;;;;;;;;;;;;;;;;;;;;;;;;;;;;;;;;;;;;;;;;;;;;;;;;;;;;;;;;;;;;;
0014+  05A2             hex_ascii_encode:
0015+  05A2 1B            mov al, bl
0016+  05A3 93 40         test al, $40        ; test if letter or number
0017+  05A5 C7 AB 05      jnz hex_letter
0018+  05A8 87 0F         and al, $0F        ; get number
0019+  05AA 09            ret
0020+  05AB             hex_letter:
0021+  05AB 87 0F         and al, $0F        ; get letter
0022+  05AD 6A 09         add al, 9
0023+  05AF 09            ret
0024+  05B0             
0025+  05B0             ;;;;;;;;;;;;;;;;;;;;;;;;;;;;;;;;;;;;;;;;;;;;;;;;;;;;;;;;;;;;;;;;;;;;;;;;;;;;;;;;;;;;;;;;;;;;;;;;;;;;;;;;;;;;;;;;;;
0026+  05B0             ; ATOI
0027+  05B0             ; 2 letter hex string in B
0028+  05B0             ; 8bit integer returned in AL
0029+  05B0             ;;;;;;;;;;;;;;;;;;;;;;;;;;;;;;;;;;;;;;;;;;;;;;;;;;;;;;;;;;;;;;;;;;;;;;;;;;;;;;;;;;;;;;;;;;;;;;;;;;;;;;;;;;;;;;;;;;
0030+  05B0             _atoi:
0031+  05B0 D8            push b
0032+  05B1 07 A2 05      call hex_ascii_encode      ; convert BL to 4bit code in AL
0033+  05B4 30            mov bl, bh
0034+  05B5 DB            push al          ; save a
0035+  05B6 07 A2 05      call hex_ascii_encode
0036+  05B9 EA            pop bl  
0037+  05BA FD 9E 04      shl al, 4
0038+  05BD 8C            or al, bl
0039+  05BE E5            pop b
0040+  05BF 09            ret  
0041+  05C0             
0042+  05C0             
0043+  05C0             ;;;;;;;;;;;;;;;;;;;;;;;;;;;;;;;;;;;;;;;;;;;;;;;;;;;;;;;;;;;;;;;;;;;;;;;;;;;;;;;;;;;;;;;;;;;;;;;;;;;;;;;;;;;;;;;;;;
0044+  05C0             ; scanf
0045+  05C0             ; no need for explanations!
0046+  05C0             ;;;;;;;;;;;;;;;;;;;;;;;;;;;;;;;;;;;;;;;;;;;;;;;;;;;;;;;;;;;;;;;;;;;;;;;;;;;;;;;;;;;;;;;;;;;;;;;;;;;;;;;;;;;;;;;;;;
0047+  05C0             scanf:
0048+  05C0 09            ret
0049+  05C1             
0050+  05C1             ;;;;;;;;;;;;;;;;;;;;;;;;;;;;;;;;;;;;;;;;;;;;;;;;;;;;;;;;;;;;;;;;;;;;;;;;;;;;;;;;;;;;;;;;;;;;;;;;;;;;;;;;;;;;;;;;;;
0051+  05C1             ; ITOA
0052+  05C1             ; 8bit value in BL
0053+  05C1             ; 2 byte ASCII result in A
0054+  05C1             ;;;;;;;;;;;;;;;;;;;;;;;;;;;;;;;;;;;;;;;;;;;;;;;;;;;;;;;;;;;;;;;;;;;;;;;;;;;;;;;;;;;;;;;;;;;;;;;;;;;;;;;;;;;;;;;;;;
0055+  05C1             _itoa:
0056+  05C1 DA            push d
0057+  05C2 D8            push b
0058+  05C3 A7 00         mov bh, 0
0059+  05C5 FD A4 04      shr bl, 4  
0060+  05C8 74            mov d, b
0061+  05C9 1F 9C 08      mov al, [d + s_hex_digits]
0062+  05CC 23            mov ah, al
0063+  05CD               
0064+  05CD E5            pop b
0065+  05CE D8            push b
0066+  05CF A7 00         mov bh, 0
0067+  05D1 FD 87 0F      and bl, $0F
0068+  05D4 74            mov d, b
0069+  05D5 1F 9C 08      mov al, [d + s_hex_digits]
0070+  05D8 E5            pop b
0071+  05D9 E7            pop d
0072+  05DA 09            ret
0073+  05DB             
0074+  05DB             ;;;;;;;;;;;;;;;;;;;;;;;;;;;;;;;;;;;;;;;;;;;;;;;;;;;;;;;;;;;;;;;;;;;;;;;;;;;;;;;;;;;;;;;;;;;;;;;;;;;;;;;;;;;;;;;;;;
0075+  05DB             ; HEX STRING TO BINARY
0076+  05DB             ; di = destination address
0077+  05DB             ; si = source
0078+  05DB             ;;;;;;;;;;;;;;;;;;;;;;;;;;;;;;;;;;;;;;;;;;;;;;;;;;;;;;;;;;;;;;;;;;;;;;;;;;;;;;;;;;;;;;;;;;;;;;;;;;;;;;;;;;;;;;;;;;
0079+  05DB             _hex_to_int:
0080+  05DB             _hex_to_int_L1:
0081+  05DB F6            lodsb          ; load from [SI] to AL
0082+  05DC B9 00         cmp al, 0        ; check if ASCII 0
0083+  05DE C6 EB 05      jz _hex_to_int_ret
0084+  05E1 36            mov bh, al
0085+  05E2 F6            lodsb
0086+  05E3 2F            mov bl, al
0087+  05E4 07 B0 05      call _atoi        ; convert ASCII byte in B to int (to AL)
0088+  05E7 F7            stosb          ; store AL to [DI]
0089+  05E8 0A DB 05      jmp _hex_to_int_L1
0090+  05EB             _hex_to_int_ret:
0091+  05EB 09            ret    
0092+  05EC             
0093+  05EC             
0094+  05EC             
0095+  05EC             ;;;;;;;;;;;;;;;;;;;;;;;;;;;;;;;;;;;;;;;;;;;;;;;;;;;;;;;;;;;;;;;;;;;;;;;;;;;;;;;;;;;;;;;;;;;;;;;;;;;;;;;;;;;;;;;;;;
0096+  05EC             ; GETCHAR
0097+  05EC             ; char in ah
0098+  05EC             ;;;;;;;;;;;;;;;;;;;;;;;;;;;;;;;;;;;;;;;;;;;;;;;;;;;;;;;;;;;;;;;;;;;;;;;;;;;;;;;;;;;;;;;;;;;;;;;;;;;;;;;;;;;;;;;;;;
0099+  05EC             _getchar:
0100+  05EC DB            push al
0101+  05ED             _getchar_retry:
0102+  05ED FD 0C         sti
0103+  05EF 19 01         mov al, 1
0104+  05F1 05 03         syscall sys_io      ; receive in AH
0105+  05F3 B9 00         cmp al, 0      ; check if any char was received
0106+  05F5 C6 ED 05      je _getchar_retry
0107+  05F8 E8            pop al
0108+  05F9 09            ret
0109+  05FA             
0110+  05FA             ;;;;;;;;;;;;;;;;;;;;;;;;;;;;;;;;;;;;;;;;;;;;;;;;;;;;;;;;;;;;;;;;;;;;;;;;;;;;;;;;;;;;;;;;;;;;;;;;;;;;;;;;;;;;;;;;;;
0111+  05FA             ; PUTCHAR
0112+  05FA             ; char in ah
0113+  05FA             ;;;;;;;;;;;;;;;;;;;;;;;;;;;;;;;;;;;;;;;;;;;;;;;;;;;;;;;;;;;;;;;;;;;;;;;;;;;;;;;;;;;;;;;;;;;;;;;;;;;;;;;;;;;;;;;;;;
0114+  05FA             _putchar:
0115+  05FA D7            push a
0116+  05FB 19 00         mov al, 0
0117+  05FD 05 03         syscall sys_io      ; char in AH
0118+  05FF E4            pop a
0119+  0600 09            ret
0120+  0601             
0121+  0601             ;;;;;;;;;;;;;;;;;;;;;;;;;;;;;;;;;;;;;;;;;;;;;;;;;;;;;;;;;;;;;;;;;;;;;;;;;;;;;;;;;;;;;;;;;;;;;;;;;;;;;;;;;;;;;;;;;;
0122+  0601             ;; INPUT A STRING
0123+  0601             ;; terminates with null
0124+  0601             ;; pointer in D
0125+  0601             ;;;;;;;;;;;;;;;;;;;;;;;;;;;;;;;;;;;;;;;;;;;;;;;;;;;;;;;;;;;;;;;;;;;;;;;;;;;;;;;;;;;;;;;;;;;;;;;;;;;;;;;;;;;;;;;;;;
0126+  0601             _gets:
0127+  0601 D7            push a
0128+  0602 DA            push d
0129+  0603             _gets_loop:
0130+  0603 FD 0C         sti
0131+  0605 19 01         mov al, 1
0132+  0607 05 03         syscall sys_io      ; receive in AH
0133+  0609 B9 00         cmp al, 0        ; check error code (AL)
0134+  060B C6 03 06      je _gets_loop      ; if no char received, retry
0135+  060E             
0136+  060E 76 1B         cmp ah, 27
0137+  0610 C6 31 06      je _gets_ansi_esc
0138+  0613 76 0A         cmp ah, $0A        ; LF
0139+  0615 C6 A2 06      je _gets_end
0140+  0618 76 0D         cmp ah, $0D        ; CR
0141+  061A C6 A2 06      je _gets_end
0142+  061D 76 5C         cmp ah, $5C        ; '\\'
0143+  061F C6 61 06      je _gets_escape
0144+  0622               
0145+  0622 76 08         cmp ah, $08      ; check for backspace
0146+  0624 C6 2D 06      je _gets_backspace
0147+  0627             
0148+  0627 1A            mov al, ah
0149+  0628 3E            mov [d], al
0150+  0629 79            inc d
0151+  062A 0A 03 06      jmp _gets_loop
0152+  062D             _gets_backspace:
0153+  062D 7F            dec d
0154+  062E 0A 03 06      jmp _gets_loop
0155+  0631             _gets_ansi_esc:
0156+  0631 FD 0C         sti
0157+  0633 19 01         mov al, 1
0158+  0635 05 03         syscall sys_io        ; receive in AH without echo
0159+  0637 B9 00         cmp al, 0          ; check error code (AL)
0160+  0639 C6 31 06      je _gets_ansi_esc    ; if no char received, retry
0161+  063C 76 5B         cmp ah, '['
0162+  063E C7 03 06      jne _gets_loop
0163+  0641             _gets_ansi_esc_2:
0164+  0641 FD 0C         sti
0165+  0643 19 01         mov al, 1
0166+  0645 05 03         syscall sys_io          ; receive in AH without echo
0167+  0647 B9 00         cmp al, 0            ; check error code (AL)
0168+  0649 C6 41 06      je _gets_ansi_esc_2  ; if no char received, retry
0169+  064C 76 44         cmp ah, 'D'
0170+  064E C6 59 06      je _gets_left_arrow
0171+  0651 76 43         cmp ah, 'C'
0172+  0653 C6 5D 06      je _gets_right_arrow
0173+  0656 0A 03 06      jmp _gets_loop
0174+  0659             _gets_left_arrow:
0175+  0659 7F            dec d
0176+  065A 0A 03 06      jmp _gets_loop
0177+  065D             _gets_right_arrow:
0178+  065D 79            inc d
0179+  065E 0A 03 06      jmp _gets_loop
0180+  0661             _gets_escape:
0181+  0661 FD 0C         sti
0182+  0663 19 01         mov al, 1
0183+  0665 05 03         syscall sys_io      ; receive in AH
0184+  0667 B9 00         cmp al, 0        ; check error code (AL)
0185+  0669 C6 61 06      je _gets_escape      ; if no char received, retry
0186+  066C 76 6E         cmp ah, 'n'
0187+  066E C6 8D 06      je _gets_LF
0188+  0671 76 72         cmp ah, 'r'
0189+  0673 C6 94 06      je _gets_CR
0190+  0676 76 30         cmp ah, '0'
0191+  0678 C6 9B 06      je _gets_NULL
0192+  067B 76 5C         cmp ah, $5C  ; '\'
0193+  067D C6 86 06      je _gets_slash
0194+  0680 1A            mov al, ah        ; if not a known escape, it is just a normal letter
0195+  0681 3E            mov [d], al
0196+  0682 79            inc d
0197+  0683 0A 03 06      jmp _gets_loop
0198+  0686             _gets_slash:
0199+  0686 19 5C         mov al, $5C
0200+  0688 3E            mov [d], al
0201+  0689 79            inc d
0202+  068A 0A 03 06      jmp _gets_loop
0203+  068D             _gets_LF:
0204+  068D 19 0A         mov al, $0A
0205+  068F 3E            mov [d], al
0206+  0690 79            inc d
0207+  0691 0A 03 06      jmp _gets_loop
0208+  0694             _gets_CR:
0209+  0694 19 0D         mov al, $0D
0210+  0696 3E            mov [d], al
0211+  0697 79            inc d
0212+  0698 0A 03 06      jmp _gets_loop
0213+  069B             _gets_NULL:
0214+  069B 19 00         mov al, $00
0215+  069D 3E            mov [d], al
0216+  069E 79            inc d
0217+  069F 0A 03 06      jmp _gets_loop
0218+  06A2             _gets_end:
0219+  06A2 19 00         mov al, 0
0220+  06A4 3E            mov [d], al        ; terminate string
0221+  06A5 E7            pop d
0222+  06A6 E4            pop a
0223+  06A7 09            ret
0224+  06A8             
0225+  06A8             ;;;;;;;;;;;;;;;;;;;;;;;;;;;;;;;;;;;;;;;;;;;;;;;;;;;;;;;;;;;;;;;;;;;;;;;;;;;;;;;;;;;;;;;;;;;;;;;;;;;;;;;;;;;;;;;;;;
0226+  06A8             ;; INPUT BINARY
0227+  06A8             ;; pointer in D
0228+  06A8             ;; size in b
0229+  06A8             ;;;;;;;;;;;;;;;;;;;;;;;;;;;;;;;;;;;;;;;;;;;;;;;;;;;;;;;;;;;;;;;;;;;;;;;;;;;;;;;;;;;;;;;;;;;;;;;;;;;;;;;;;;;;;;;;;;
0230+  06A8             _load_binary:
0231+  06A8 D7            push a
0232+  06A9 DA            push d
0233+  06AA D9            push c
0234+  06AB 38 00 00      mov c, 0
0235+  06AE             _load_binary_loop:
0236+  06AE 19 03         mov al, 3
0237+  06B0 05 03         syscall sys_io      ; receive in AH with no echo
0238+  06B2 B9 00         cmp al, 0        ; check error code (AL)
0239+  06B4 C6 AE 06      je _load_binary_loop    ; if no char received, retry
0240+  06B7 1A            mov al, ah
0241+  06B8 3E            mov [d], al
0242+  06B9 79            inc d
0243+  06BA 78            inc c
0244+  06BB FD C0         cmp b, c
0245+  06BD C7 AE 06      jne _load_binary_loop
0246+  06C0             _load_binary_end:
0247+  06C0 E6            pop c
0248+  06C1 E7            pop d
0249+  06C2 E4            pop a
0250+  06C3 09            ret
0251+  06C4             
0252+  06C4             ;;;;;;;;;;;;;;;;;;;;;;;;;;;;;;;;;;;;;;;;;;;;;;;;;;;;;;;;;;;;;;;;;;;;;;;;;;;;;;;;;;;;;;;;;;;;;;;;;;;;;;;;;;;;;;;;;;
0253+  06C4             ;; INPUT TEXT
0254+  06C4             ;; terminated with CTRL+D
0255+  06C4             ;; pointer in D
0256+  06C4             ;;;;;;;;;;;;;;;;;;;;;;;;;;;;;;;;;;;;;;;;;;;;;;;;;;;;;;;;;;;;;;;;;;;;;;;;;;;;;;;;;;;;;;;;;;;;;;;;;;;;;;;;;;;;;;;;;;
0257+  06C4             _gettxt:
0258+  06C4 D7            push a
0259+  06C5 DA            push d
0260+  06C6             _gettxt_loop:
0261+  06C6 19 01         mov al, 1
0262+  06C8 05 03         syscall sys_io      ; receive in AH
0263+  06CA B9 00         cmp al, 0        ; check error code (AL)
0264+  06CC C6 C6 06      je _gettxt_loop    ; if no char received, retry
0265+  06CF 76 04         cmp ah, 4      ; EOT
0266+  06D1 C6 0F 07      je _gettxt_end
0267+  06D4 76 08         cmp ah, $08      ; check for backspace
0268+  06D6 C6 0B 07      je _gettxt_backspace
0269+  06D9 76 5C         cmp ah, $5C        ; '\'
0270+  06DB C6 E4 06      je _gettxt_escape
0271+  06DE 1A            mov al, ah
0272+  06DF 3E            mov [d], al
0273+  06E0 79            inc d
0274+  06E1 0A C6 06      jmp _gettxt_loop
0275+  06E4             _gettxt_escape:
0276+  06E4 19 01         mov al, 1
0277+  06E6 05 03         syscall sys_io      ; receive in AH
0278+  06E8 B9 00         cmp al, 0        ; check error code (AL)
0279+  06EA C6 E4 06      je _gettxt_escape    ; if no char received, retry
0280+  06ED 76 6E         cmp ah, 'n'
0281+  06EF C6 FD 06      je _gettxt_LF
0282+  06F2 76 72         cmp ah, 'r'
0283+  06F4 C6 04 07      je _gettxt_CR
0284+  06F7 1A            mov al, ah        ; if not a known escape, it is just a normal letter
0285+  06F8 3E            mov [d], al
0286+  06F9 79            inc d
0287+  06FA 0A C6 06      jmp _gettxt_loop
0288+  06FD             _gettxt_LF:
0289+  06FD 19 0A         mov al, $0A
0290+  06FF 3E            mov [d], al
0291+  0700 79            inc d
0292+  0701 0A C6 06      jmp _gettxt_loop
0293+  0704             _gettxt_CR:
0294+  0704 19 0D         mov al, $0D
0295+  0706 3E            mov [d], al
0296+  0707 79            inc d
0297+  0708 0A C6 06      jmp _gettxt_loop
0298+  070B             _gettxt_backspace:
0299+  070B 7F            dec d
0300+  070C 0A C6 06      jmp _gettxt_loop
0301+  070F             _gettxt_end:
0302+  070F 19 00         mov al, 0
0303+  0711 3E            mov [d], al        ; terminate string
0304+  0712 E7            pop d
0305+  0713 E4            pop a
0306+  0714 09            ret
0307+  0715             
0308+  0715             ;;;;;;;;;;;;;;;;;;;;;;;;;;;;;;;;;;;;;;;;;;;;;;;;;;;;;;;;;;;;;;;;;;;;;;;;;;;;;;;;;;;;;;;;;;;;;;;;;;;;;;;;;;;;;;;;;;
0309+  0715             ; PRINT NEW LINE
0310+  0715             ;;;;;;;;;;;;;;;;;;;;;;;;;;;;;;;;;;;;;;;;;;;;;;;;;;;;;;;;;;;;;;;;;;;;;;;;;;;;;;;;;;;;;;;;;;;;;;;;;;;;;;;;;;;;;;;;;;
0311+  0715             printnl:
0312+  0715 D7            push a
0313+  0716 10 00 0A      mov a, $0A00
0314+  0719 05 03         syscall sys_io
0315+  071B 10 00 0D      mov a, $0D00
0316+  071E 05 03         syscall sys_io
0317+  0720 E4            pop a
0318+  0721 09            ret
0319+  0722             
0320+  0722             ;;;;;;;;;;;;;;;;;;;;;;;;;;;;;;;;;;;;;;;;;;;;;;;;;;;;;;;;;;;;;;;;;;;;;;;;;;;;;;;;;;;;;;;;;;;;;;;;;;;;;;;;;;;;;;;;;;
0321+  0722             ; _strtoint
0322+  0722             ; 4 digit hex string number in d
0323+  0722             ; integer returned in A
0324+  0722             ;;;;;;;;;;;;;;;;;;;;;;;;;;;;;;;;;;;;;;;;;;;;;;;;;;;;;;;;;;;;;;;;;;;;;;;;;;;;;;;;;;;;;;;;;;;;;;;;;;;;;;;;;;;;;;;;;;
0325+  0722             _strtointx:
0326+  0722 D8            push b
0327+  0723 32            mov bl, [d]
0328+  0724 37            mov bh, bl
0329+  0725 33 01 00      mov bl, [d + 1]
0330+  0728 07 B0 05      call _atoi        ; convert to int in AL
0331+  072B 23            mov ah, al        ; move to AH
0332+  072C 33 02 00      mov bl, [d + 2]
0333+  072F 37            mov bh, bl
0334+  0730 33 03 00      mov bl, [d + 3]
0335+  0733 07 B0 05      call _atoi        ; convert to int in AL
0336+  0736 E5            pop b
0337+  0737 09            ret
0338+  0738             
0339+  0738             ;;;;;;;;;;;;;;;;;;;;;;;;;;;;;;;;;;;;;;;;;;;;;;;;;;;;;;;;;;;;;;;;;;;;;;;;;;;;;;;;;;;;;;;;;;;;;;;;;;;;;;;;;;;;;;;;;;
0340+  0738             ; _strtoint
0341+  0738             ; 5 digit base10 string number in d
0342+  0738             ; integer returned in A
0343+  0738             ;;;;;;;;;;;;;;;;;;;;;;;;;;;;;;;;;;;;;;;;;;;;;;;;;;;;;;;;;;;;;;;;;;;;;;;;;;;;;;;;;;;;;;;;;;;;;;;;;;;;;;;;;;;;;;;;;;
0344+  0738             _strtoint:
0345+  0738 E2            push si
0346+  0739 D8            push b
0347+  073A D9            push c
0348+  073B DA            push d
0349+  073C 07 52 05      call _strlen      ; get string length in C
0350+  073F 7E            dec c
0351+  0740 FD 4E         mov si, d
0352+  0742 12            mov a, c
0353+  0743 FD 99         shl a
0354+  0745 3B B4 08      mov d, table_power
0355+  0748 59            add d, a
0356+  0749 38 00 00      mov c, 0
0357+  074C             _strtoint_L0:
0358+  074C F6            lodsb      ; load ASCII to al
0359+  074D B9 00         cmp al, 0
0360+  074F C6 62 07      je _strtoint_end
0361+  0752 6F 30         sub al, $30    ; make into integer
0362+  0754 22 00         mov ah, 0
0363+  0756 2A            mov b, [d]
0364+  0757 AC            mul a, b      ; result in B since it fits in 16bits
0365+  0758 11            mov a, b
0366+  0759 28            mov b, c
0367+  075A 54            add a, b
0368+  075B 39            mov c, a
0369+  075C 63 02 00      sub d, 2
0370+  075F 0A 4C 07      jmp _strtoint_L0
0371+  0762             _strtoint_end:
0372+  0762 12            mov a, c
0373+  0763 E7            pop d
0374+  0764 E6            pop c
0375+  0765 E5            pop b
0376+  0766 EF            pop si
0377+  0767 09            ret
0378+  0768             
0379+  0768             
0380+  0768             ;;;;;;;;;;;;;;;;;;;;;;;;;;;;;;;;;;;;;;;;;;;;;;;;;;;;;;;;;;;;;;;;;;;;;;;;;;;;;;;;;;;;;;;;;;;;;;;;;;;;;;;;;;;;;;;;;;
0381+  0768             ; PRINT NULL TERMINATED STRING
0382+  0768             ; pointer in D
0383+  0768             ;;;;;;;;;;;;;;;;;;;;;;;;;;;;;;;;;;;;;;;;;;;;;;;;;;;;;;;;;;;;;;;;;;;;;;;;;;;;;;;;;;;;;;;;;;;;;;;;;;;;;;;;;;;;;;;;;;
0384+  0768             _puts:
0385+  0768 D7            push a
0386+  0769 DA            push d
0387+  076A             _puts_L1:
0388+  076A 1E            mov al, [d]
0389+  076B B9 00         cmp al, 0
0390+  076D C6 79 07      jz _puts_END
0391+  0770 23            mov ah, al
0392+  0771 19 00         mov al, 0
0393+  0773 05 03         syscall sys_io
0394+  0775 79            inc d
0395+  0776 0A 6A 07      jmp _puts_L1
0396+  0779             _puts_END:
0397+  0779 E7            pop d
0398+  077A E4            pop a
0399+  077B 09            ret
0400+  077C             
0401+  077C             ;;;;;;;;;;;;;;;;;;;;;;;;;;;;;;;;;;;;;;;;;;;;;;;;;;;;;;;;;;;;;;;;;;;;;;;;;;;;;;;;;;;;;;;;;;;;;;;;;;;;;;;;;;;;;;;;;;
0402+  077C             ; PRINT N SIZE STRING
0403+  077C             ; pointer in D
0404+  077C             ; size in C
0405+  077C             ;;;;;;;;;;;;;;;;;;;;;;;;;;;;;;;;;;;;;;;;;;;;;;;;;;;;;;;;;;;;;;;;;;;;;;;;;;;;;;;;;;;;;;;;;;;;;;;;;;;;;;;;;;;;;;;;;;
0406+  077C             _putsn:
0407+  077C DB            push al
0408+  077D DA            push d
0409+  077E D9            push c
0410+  077F             _putsn_L0:
0411+  077F 1E            mov al, [d]
0412+  0780 23            mov ah, al
0413+  0781 19 00         mov al, 0
0414+  0783 05 03         syscall sys_io
0415+  0785 79            inc d
0416+  0786 7E            dec c  
0417+  0787 C2 00 00      cmp c, 0
0418+  078A C7 7F 07      jne _putsn_L0
0419+  078D             _putsn_end:
0420+  078D E6            pop c
0421+  078E E7            pop d
0422+  078F E8            pop al
0423+  0790 09            ret
0424+  0791             
0425+  0791             ;;;;;;;;;;;;;;;;;;;;;;;;;;;;;;;;;;;;;;;;;;;;;;;;;;;;;;;;;;;;;;;;;;;;;;;;;;;;;;;;;;;;;;;
0426+  0791             ; print 16bit decimal number
0427+  0791             ; input number in A
0428+  0791             ;;;;;;;;;;;;;;;;;;;;;;;;;;;;;;;;;;;;;;;;;;;;;;;;;;;;;;;;;;;;;;;;;;;;;;;;;;;;;;;;;;;;;;;
0429+  0791             print_u16d:
0430+  0791 D7            push a
0431+  0792 D8            push b
0432+  0793 26 10 27      mov b, 10000
0433+  0796 AE            div a, b      ; get 10000's coeff.
0434+  0797 07 B9 07      call print_number
0435+  079A 11            mov a, b
0436+  079B 26 E8 03      mov b, 1000
0437+  079E AE            div a, b      ; get 1000's coeff.
0438+  079F 07 B9 07      call print_number
0439+  07A2 11            mov a, b
0440+  07A3 26 64 00      mov b, 100
0441+  07A6 AE            div a, b
0442+  07A7 07 B9 07      call print_number
0443+  07AA 11            mov a, b
0444+  07AB 26 0A 00      mov b, 10
0445+  07AE AE            div a, b
0446+  07AF 07 B9 07      call print_number
0447+  07B2 1B            mov al, bl      ; 1's coeff in bl
0448+  07B3 07 B9 07      call print_number
0449+  07B6 E5            pop b
0450+  07B7 E4            pop a
0451+  07B8 09            ret
0452+  07B9             
0453+  07B9             ;;;;;;;;;;;;;;;;;;;;;;;;;;;;;;;;;;;;;;;;;;;;;;;;;;;;;;;;;;;;;;;;;;;;;;;;;;;;;;;;;;;;;;;
0454+  07B9             ; print AL
0455+  07B9             ;;;;;;;;;;;;;;;;;;;;;;;;;;;;;;;;;;;;;;;;;;;;;;;;;;;;;;;;;;;;;;;;;;;;;;;;;;;;;;;;;;;;;;;
0456+  07B9             print_number:
0457+  07B9 6A 30         add al, $30
0458+  07BB 23            mov ah, al
0459+  07BC 07 FA 05      call _putchar
0460+  07BF 09            ret
0461+  07C0             
0462+  07C0             ;;;;;;;;;;;;;;;;;;;;;;;;;;;;;;;;;;;;;;;;;;;;;;;;;;;;;;;;;;;;;;;;;;;;;;;;;;;;;;;;;;;;;;;;;;;;;;;;;;;;;;;;;;;;;;;;;;
0463+  07C0             ; PRINT 16BIT HEX INTEGER
0464+  07C0             ; integer value in reg B
0465+  07C0             ;;;;;;;;;;;;;;;;;;;;;;;;;;;;;;;;;;;;;;;;;;;;;;;;;;;;;;;;;;;;;;;;;;;;;;;;;;;;;;;;;;;;;;;;;;;;;;;;;;;;;;;;;;;;;;;;;;
0466+  07C0             print_u16x:
0467+  07C0 D7            push a
0468+  07C1 D8            push b
0469+  07C2 DD            push bl
0470+  07C3 30            mov bl, bh
0471+  07C4 07 C1 05      call _itoa        ; convert bh to char in A
0472+  07C7 2F            mov bl, al        ; save al
0473+  07C8 19 00         mov al, 0
0474+  07CA 05 03         syscall sys_io        ; display AH
0475+  07CC 24            mov ah, bl        ; retrieve al
0476+  07CD 19 00         mov al, 0
0477+  07CF 05 03         syscall sys_io        ; display AL
0478+  07D1             
0479+  07D1 EA            pop bl
0480+  07D2 07 C1 05      call _itoa        ; convert bh to char in A
0481+  07D5 2F            mov bl, al        ; save al
0482+  07D6 19 00         mov al, 0
0483+  07D8 05 03         syscall sys_io        ; display AH
0484+  07DA 24            mov ah, bl        ; retrieve al
0485+  07DB 19 00         mov al, 0
0486+  07DD 05 03         syscall sys_io        ; display AL
0487+  07DF             
0488+  07DF E5            pop b
0489+  07E0 E4            pop a
0490+  07E1 09            ret
0491+  07E2             
0492+  07E2             ;;;;;;;;;;;;;;;;;;;;;;;;;;;;;;;;;;;;;;;;;;;;;;;;;;;;;;;;;;;;;;;;;;;;;;;;;;;;;;;;;;;;;;;;;;;;;;;;;;;;;;;;;;;;;;;;;;
0493+  07E2             ; INPUT 16BIT HEX INTEGER
0494+  07E2             ; read 16bit integer into A
0495+  07E2             ;;;;;;;;;;;;;;;;;;;;;;;;;;;;;;;;;;;;;;;;;;;;;;;;;;;;;;;;;;;;;;;;;;;;;;;;;;;;;;;;;;;;;;;;;;;;;;;;;;;;;;;;;;;;;;;;;;
0496+  07E2             scan_u16x:
0497+  07E2 F8 10 00      enter 16
0498+  07E5 D8            push b
0499+  07E6 DA            push d
0500+  07E7             
0501+  07E7 FA F1 FF      lea d, [bp + -15]
0502+  07EA 07 01 06      call _gets        ; get number
0503+  07ED             
0504+  07ED 32            mov bl, [d]
0505+  07EE 37            mov bh, bl
0506+  07EF 33 01 00      mov bl, [d + 1]
0507+  07F2 07 B0 05      call _atoi        ; convert to int in AL
0508+  07F5 23            mov ah, al        ; move to AH
0509+  07F6             
0510+  07F6 33 02 00      mov bl, [d + 2]
0511+  07F9 37            mov bh, bl
0512+  07FA 33 03 00      mov bl, [d + 3]
0513+  07FD 07 B0 05      call _atoi        ; convert to int in AL
0514+  0800             
0515+  0800 E7            pop d
0516+  0801 E5            pop b
0517+  0802 F9            leave
0518+  0803 09            ret
0519+  0804             
0520+  0804             ;;;;;;;;;;;;;;;;;;;;;;;;;;;;;;;;;;;;;;;;;;;;;;;;;;;;;;;;;;;;;;;;;;;;;;;;;;;;;;;;;;;;;;;;;;;;;;;;;;;;;;;;;;;;;;;;;;
0521+  0804             ; PRINT 8bit HEX INTEGER
0522+  0804             ; integer value in reg bl
0523+  0804             ;;;;;;;;;;;;;;;;;;;;;;;;;;;;;;;;;;;;;;;;;;;;;;;;;;;;;;;;;;;;;;;;;;;;;;;;;;;;;;;;;;;;;;;;;;;;;;;;;;;;;;;;;;;;;;;;;;
0524+  0804             print_u8x:
0525+  0804 D7            push a
0526+  0805 DD            push bl
0527+  0806             
0528+  0806 07 C1 05      call _itoa        ; convert bl to char in A
0529+  0809 2F            mov bl, al        ; save al
0530+  080A 19 00         mov al, 0
0531+  080C 05 03         syscall sys_io        ; display AH
0532+  080E 24            mov ah, bl        ; retrieve al
0533+  080F 19 00         mov al, 0
0534+  0811 05 03         syscall sys_io        ; display AL
0535+  0813             
0536+  0813 EA            pop bl
0537+  0814 E4            pop a
0538+  0815 09            ret
0539+  0816             
0540+  0816             ;;;;;;;;;;;;;;;;;;;;;;;;;;;;;;;;;;;;;;;;;;;;;;;;;;;;;;;;;;;;;;;;;;;;;;;;;;;;;;;;;;;;;;;
0541+  0816             ; print 8bit decimal unsigned number
0542+  0816             ; input number in AL
0543+  0816             ;;;;;;;;;;;;;;;;;;;;;;;;;;;;;;;;;;;;;;;;;;;;;;;;;;;;;;;;;;;;;;;;;;;;;;;;;;;;;;;;;;;;;;;
0544+  0816             print_u8d:
0545+  0816 D7            push a
0546+  0817 D8            push b
0547+  0818             
0548+  0818 22 00         mov ah, 0
0549+  081A 26 64 00      mov b, 100
0550+  081D AE            div a, b
0551+  081E D8            push b      ; save remainder
0552+  081F B9 00         cmp al, 0
0553+  0821 C6 2B 08      je skip100
0554+  0824 6A 30         add al, $30
0555+  0826 23            mov ah, al
0556+  0827 19 00         mov al, 0
0557+  0829 05 03         syscall sys_io  ; print coeff
0558+  082B             skip100:
0559+  082B E4            pop a
0560+  082C 22 00         mov ah, 0
0561+  082E 26 0A 00      mov b, 10
0562+  0831 AE            div a, b
0563+  0832 D8            push b      ; save remainder
0564+  0833 B9 00         cmp al, 0
0565+  0835 C6 3F 08      je skip10
0566+  0838 6A 30         add al, $30
0567+  083A 23            mov ah, al
0568+  083B 19 00         mov al, 0
0569+  083D 05 03         syscall sys_io  ; print coeff
0570+  083F             skip10:
0571+  083F E4            pop a
0572+  0840 1B            mov al, bl
0573+  0841 6A 30         add al, $30
0574+  0843 23            mov ah, al
0575+  0844 19 00         mov al, 0
0576+  0846 05 03         syscall sys_io  ; print coeff
0577+  0848 E5            pop b
0578+  0849 E4            pop a
0579+  084A 09            ret
0580+  084B             
0581+  084B             ;;;;;;;;;;;;;;;;;;;;;;;;;;;;;;;;;;;;;;;;;;;;;;;;;;;;;;;;;;;;;;;;;;;;;;;;;;;;;;;;;;;;;;;;;;;;;;;;;;;;;;;;;;;;;;;;;;
0582+  084B             ; INPUT 8BIT HEX INTEGER
0583+  084B             ; read 8bit integer into AL
0584+  084B             ;;;;;;;;;;;;;;;;;;;;;;;;;;;;;;;;;;;;;;;;;;;;;;;;;;;;;;;;;;;;;;;;;;;;;;;;;;;;;;;;;;;;;;;;;;;;;;;;;;;;;;;;;;;;;;;;;;
0585+  084B             scan_u8x:
0586+  084B F8 04 00      enter 4
0587+  084E D8            push b
0588+  084F DA            push d
0589+  0850             
0590+  0850 FA FD FF      lea d, [bp + -3]
0591+  0853 07 01 06      call _gets        ; get number
0592+  0856             
0593+  0856 32            mov bl, [d]
0594+  0857 37            mov bh, bl
0595+  0858 33 01 00      mov bl, [d + 1]
0596+  085B 07 B0 05      call _atoi        ; convert to int in AL
0597+  085E             
0598+  085E E7            pop d
0599+  085F E5            pop b
0600+  0860 F9            leave
0601+  0861 09            ret
0602+  0862             
0603+  0862             ;;;;;;;;;;;;;;;;;;;;;;;;;;;;;;;;;;;;;;;;;;;;;;;;;;;;;;;;;;;;;;;;;;;;;;;;;;;;;;;;;;;;;;;
0604+  0862             ; input decimal number
0605+  0862             ; result in A
0606+  0862             ; 655'\0'
0607+  0862             ; low--------high
0608+  0862             ;;;;;;;;;;;;;;;;;;;;;;;;;;;;;;;;;;;;;;;;;;;;;;;;;;;;;;;;;;;;;;;;;;;;;;;;;;;;;;;;;;;;;;;
0609+  0862             scan_u16d:
0610+  0862 F8 08 00      enter 8
0611+  0865 E2            push si
0612+  0866 D8            push b
0613+  0867 D9            push c
0614+  0868 DA            push d
0615+  0869 FA F9 FF      lea d, [bp +- 7]
0616+  086C 07 01 06      call _gets
0617+  086F 07 52 05      call _strlen      ; get string length in C
0618+  0872 7E            dec c
0619+  0873 FD 4E         mov si, d
0620+  0875 12            mov a, c
0621+  0876 FD 99         shl a
0622+  0878 3B B4 08      mov d, table_power
0623+  087B 59            add d, a
0624+  087C 38 00 00      mov c, 0
0625+  087F             mul_loop:
0626+  087F F6            lodsb      ; load ASCII to al
0627+  0880 B9 00         cmp al, 0
0628+  0882 C6 95 08      je mul_exit
0629+  0885 6F 30         sub al, $30    ; make into integer
0630+  0887 22 00         mov ah, 0
0631+  0889 2A            mov b, [d]
0632+  088A AC            mul a, b      ; result in B since it fits in 16bits
0633+  088B 11            mov a, b
0634+  088C 28            mov b, c
0635+  088D 54            add a, b
0636+  088E 39            mov c, a
0637+  088F 63 02 00      sub d, 2
0638+  0892 0A 7F 08      jmp mul_loop
0639+  0895             mul_exit:
0640+  0895 12            mov a, c
0641+  0896 E7            pop d
0642+  0897 E6            pop c
0643+  0898 E5            pop b
0644+  0899 EF            pop si
0645+  089A F9            leave
0646+  089B 09            ret
0647+  089C             
0648+  089C             
0649+  089C 30 31 32 33 s_hex_digits:    .db "0123456789ABCDEF"  
0649+  08A0 34 35 36 37 
0649+  08A4 38 39 41 42 
0649+  08A8 43 44 45 46 
0650+  08AC 1B 5B 32 4A s_telnet_clear:  .db "\033[2J\033[H", 0
0650+  08B0 1B 5B 48 00 
0651+  08B4             
0652+  08B4             table_power:
0653+  08B4 01 00         .dw 1
0654+  08B6 0A 00         .dw 10
0655+  08B8 64 00         .dw 100
0656+  08BA E8 03         .dw 1000
0657+  08BC 10 27         .dw 100000052   08BE             
0053   08BE             
0054   08BE             .end
0055   08BE             
0056   08BE             
0057   08BE             
tasm: Number of errors = 0
