0001   0000             .include "lib/kernel.exp"
0001+  0000             TEXT_ORG         .EQU  $0400
0002+  0000             sys_bkpt         .EQU  $0000
0003+  0000             sys_rtc          .EQU  $0001
0004+  0000             sys_ide          .EQU  $0002
0005+  0000             sys_io           .EQU  $0003
0006+  0000             sys_filesystem   .EQU  $0004
0007+  0000             sys_spawn_proc   .EQU  $0005
0008+  0000             sys_list         .EQU  $0006
0009+  0000             sys_datetime     .EQU  $0007
0010+  0000             sys_reboot       .EQU  $0008
0011+  0000             sys_pause_proc   .EQU  $0009
0012+  0000             sys_resume_proc  .EQU  $000a
0013+  0000             sys_terminate_proc .EQU  $000b
0014+  0000             sys_system       .EQU  $000c
0002   0000             
0003   0000             ;;;;;;;;;;;;;;;;;;;;;;;;;;;;;;;;;;;;;;;;;;;;;;;;;;;;;;;;;;;;;;;;;;;;;;;;;;;;;;;;
0004   0000             ;; ls /usr/bin
0005   0000             ;;;;;;;;;;;;;;;;;;;;;;;;;;;;;;;;;;;;;;;;;;;;;;;;;;;;;;;;;;;;;;;;;;;;;;;;;;;;;;;;
0006   0000             
0007   0400             .org TEXT_ORG			; origin at 1024
0008   0400             
0009   0400             cmd_ls:
0010   0400 10 00 00    	mov a, 0
0011   0403 42 59 06    	mov [prog], a			; move tokennizer pointer to the beginning of the arguments area (address 0)
0012   0406 07 BA 04    	call get_token
0013   0409 1D 5C 06    	mov al, [tok]
0014   040C B9 14       	cmp al, TOK_END
0015   040E C6 25 04    	je cmd_ls_current
0016   0411             cmd_ls_arg_given:
0017   0411 07 40 06    	call _putback
0018   0414 07 63 04    	call get_path
0019   0417 3B 5D 06    	mov d, tokstr
0020   041A 19 13       	mov al, 19
0021   041C 05 04       	syscall sys_filesystem	; get dirID in A
0022   041E 27          	mov b, a
0023   041F 19 04       	mov al, 4
0024   0421 05 04       	syscall sys_filesystem
0025   0423 05 0B       	syscall sys_terminate_proc
0026   0425             cmd_ls_current:
0027   0425 19 11       	mov al, 17
0028   0427 05 04       	syscall sys_filesystem		; get current dirID in B
0029   0429 19 04       	mov al, 4
0030   042B 05 04       	syscall sys_filesystem
0031   042D             
0032   042D 05 0B       	syscall sys_terminate_proc
0033   042F             
0034   042F             
0035   042F             .include "lib/token.asm"
0001+  042F             TOKTYP_IDENTIFIER  .equ 0
0002+  042F             TOKTYP_KEYWORD     .equ 1
0003+  042F             TOKTYP_DELIMITER   .equ 2
0004+  042F             TOKTYP_STRING      .equ 3
0005+  042F             TOKTYP_CHAR        .equ 4
0006+  042F             TOKTYP_NUMERIC     .equ 5
0007+  042F             TOKTYP_END         .equ 6
0008+  042F             
0009+  042F             TOK_NULL           .equ 0
0010+  042F             TOK_FSLASH         .equ 1
0011+  042F             TOK_TIMES          .equ 2
0012+  042F             TOK_PLUS           .equ 3
0013+  042F             TOK_MINUS          .equ 4
0014+  042F             TOK_DOT            .equ 5
0015+  042F             TOK_SEMI           .equ 6
0016+  042F             TOK_ANGLE          .equ 7
0017+  042F             TOK_TILDE          .equ 8
0018+  042F             TOK_EQUAL          .equ 9
0019+  042F             TOK_COLON          .equ 10
0020+  042F             TOK_COMMA          .equ 11
0021+  042F             
0022+  042F             TOK_END            .equ 20
0023+  042F             
0024+  042F             
0025+  042F             ;;;;;;;;;;;;;;;;;;;;;;;;;;;;;;;;;;;;;;;;;;;;;;;;;;;;;;;;;;;;;;;;;;;;;;;;;;;;;;;;;;
0026+  042F             ;; read a full command argment from shell input buffer
0027+  042F             ;; argument is written into tokstr
0028+  042F             ;;;;;;;;;;;;;;;;;;;;;;;;;;;;;;;;;;;;;;;;;;;;;;;;;;;;;;;;;;;;;;;;;;;;;;;;;;;;;;;;;;
0029+  042F             get_arg:
0030+  042F D7            push a
0031+  0430 E2            push si
0032+  0431 E3            push di
0033+  0432 19 00         mov al, 0
0034+  0434 3D 5D 06      mov [tokstr], al      ; nullify tokstr string
0035+  0437 14 59 06      mov a, [prog]
0036+  043A 4D            mov si, a
0037+  043B FD 4F 5D 06   mov di, tokstr
0038+  043F             get_arg_skip_spaces:
0039+  043F F6            lodsb
0040+  0440 07 86 0B      call _isspace
0041+  0443 C6 3F 04      je get_arg_skip_spaces
0042+  0446             get_arg_L0:
0043+  0446 B9 3B         cmp al, $3B        ; check if is ';'
0044+  0448 C6 55 04      je get_arg_end
0045+  044B B9 00         cmp al, 0
0046+  044D C6 55 04      je get_arg_end      ; check if end of input
0047+  0450 F7            stosb
0048+  0451 F6            lodsb
0049+  0452 0A 46 04      jmp get_arg_L0
0050+  0455             get_arg_end:
0051+  0455 19 00         mov al, 0
0052+  0457 F7            stosb
0053+  0458 D5 01 00      sub si, 1
0054+  045B 4E            mov a, si
0055+  045C 42 59 06      mov [prog], a    ; update pointer
0056+  045F F0            pop di
0057+  0460 EF            pop si
0058+  0461 E4            pop a
0059+  0462 09            ret
0060+  0463             
0061+  0463             ;;;;;;;;;;;;;;;;;;;;;;;;;;;;;;;;;;;;;;;;;;;;;;;;;;;;;;;;;;;;;;;;;;;;;;;;;;;;;;;;;;
0062+  0463             ;; read a path formation from shell input buffer
0063+  0463             ;; path is written into tokstr
0064+  0463             ;; /usr/bin
0065+  0463             ;;;;;;;;;;;;;;;;;;;;;;;;;;;;;;;;;;;;;;;;;;;;;;;;;;;;;;;;;;;;;;;;;;;;;;;;;;;;;;;;;;
0066+  0463             get_path:
0067+  0463 D7            push a
0068+  0464 E2            push si
0069+  0465 E3            push di
0070+  0466 19 00         mov al, 0
0071+  0468 3D 5D 06      mov [tokstr], al      ; nullify tokstr string
0072+  046B 14 59 06      mov a, [prog]
0073+  046E 4D            mov si, a
0074+  046F FD 4F 5D 06   mov di, tokstr
0075+  0473             get_path_skip_spaces:
0076+  0473 F6            lodsb
0077+  0474 07 86 0B      call _isspace
0078+  0477 C6 73 04      je get_path_skip_spaces
0079+  047A             get_path_is_pathchar:
0080+  047A F7            stosb
0081+  047B F6            lodsb
0082+  047C 07 10 0B      call _isalnum      ;check if is alphanumeric
0083+  047F C6 7A 04      je get_path_is_pathchar
0084+  0482 B9 2F         cmp al, '/'        ; check if is '/'
0085+  0484 C6 7A 04      je get_path_is_pathchar
0086+  0487 19 00         mov al, 0
0087+  0489 F7            stosb
0088+  048A D5 01 00      sub si, 1
0089+  048D 4E            mov a, si
0090+  048E 42 59 06      mov [prog], a    ; update pointer
0091+  0491             get_path_end:
0092+  0491 F0            pop di
0093+  0492 EF            pop si
0094+  0493 E4            pop a
0095+  0494 09            ret
0096+  0495             
0097+  0495             ;;;;;;;;;;;;;;;;;;;;;;;;;;;;;;;;;;;;;;;;;;;;;;;;;;;;;;;;;;;;;;;;;;;;;;;;;;;;;;;;;;
0098+  0495             ;; read a line
0099+  0495             ;; line is written into tokstr
0100+  0495             ;;;;;;;;;;;;;;;;;;;;;;;;;;;;;;;;;;;;;;;;;;;;;;;;;;;;;;;;;;;;;;;;;;;;;;;;;;;;;;;;;;
0101+  0495             get_line:
0102+  0495 D7            push a
0103+  0496 E2            push si
0104+  0497 E3            push di
0105+  0498 19 00         mov al, 0
0106+  049A 3D 5D 06      mov [tokstr], al      ; nullify tokstr string
0107+  049D 14 59 06      mov a, [prog]
0108+  04A0 4D            mov si, a
0109+  04A1 FD 4F 5D 06   mov di, tokstr
0110+  04A5             get_line_L0:
0111+  04A5 F6            lodsb
0112+  04A6 B9 0A         cmp al, $0A    ; check for new line
0113+  04A8 C6 AF 04      je get_line_exit
0114+  04AB F7            stosb
0115+  04AC 0A A5 04      jmp get_line_L0
0116+  04AF             get_line_exit:
0117+  04AF 19 00         mov al, 0
0118+  04B1 F7            stosb
0119+  04B2 4E            mov a, si
0120+  04B3 42 59 06      mov [prog], a    ; update pointer
0121+  04B6 F0            pop di
0122+  04B7 EF            pop si
0123+  04B8 E4            pop a
0124+  04B9 09            ret
0125+  04BA             
0126+  04BA             ;;;;;;;;;;;;;;;;;;;;;;;;;;;;;;;;;;;;;;;;;;;;;;;;;;;;;;;;;;;;;;;;;;;;;;;;;;;;;;;;;;
0127+  04BA             ;; token parser
0128+  04BA             ;;;;;;;;;;;;;;;;;;;;;;;;;;;;;;;;;;;;;;;;;;;;;;;;;;;;;;;;;;;;;;;;;;;;;;;;;;;;;;;;;;
0129+  04BA             get_token:
0130+  04BA D7            push a
0131+  04BB DA            push d
0132+  04BC E2            push si
0133+  04BD E3            push di
0134+  04BE 19 00         mov al, 0
0135+  04C0 3D 5D 06      mov [tokstr], al      ; nullify tokstr string
0136+  04C3 19 00         mov al, TOK_NULL
0137+  04C5 3D 5C 06      mov [tok], al        ; nullify token
0138+  04C8 14 59 06      mov a, [prog]
0139+  04CB 4D            mov si, a
0140+  04CC FD 4F 5D 06   mov di, tokstr
0141+  04D0             get_tok_skip_spaces:
0142+  04D0 F6            lodsb
0143+  04D1 07 86 0B      call _isspace
0144+  04D4 C6 D0 04      je get_tok_skip_spaces
0145+  04D7 B9 00         cmp al, 0      ; check for end of input (NULL)
0146+  04D9 C6 BE 05      je get_token_end
0147+  04DC B9 23         cmp al, '#'      ; comments!
0148+  04DE C6 EC 05      je get_tok_comment
0149+  04E1 07 10 0B      call _isalnum
0150+  04E4 C6 CB 05      jz is_alphanumeric
0151+  04E7             ; other token types
0152+  04E7             get_token_slash:
0153+  04E7 B9 2F         cmp al, '/'        ; check if '/'
0154+  04E9 C7 01 05      jne get_token_minus
0155+  04EC F7            stosb          ; store '/' into token string
0156+  04ED 19 00         mov al, 0
0157+  04EF F7            stosb          ; terminate token string
0158+  04F0 19 01         mov al, TOK_FSLASH
0159+  04F2 3D 5C 06      mov [tok], al      
0160+  04F5 19 02         mov al, TOKTYP_DELIMITER
0161+  04F7 3D 5B 06      mov [toktyp], al
0162+  04FA 4E            mov a, si
0163+  04FB 42 59 06      mov [prog], a    ; update pointer
0164+  04FE 0A E7 05      jmp get_token_return
0165+  0501             get_token_minus:
0166+  0501 B9 2D         cmp al, '-'        ; check if '-'
0167+  0503 C7 1B 05      jne get_token_comma
0168+  0506 F7            stosb          ; store '-' into token string
0169+  0507 19 00         mov al, 0
0170+  0509 F7            stosb          ; terminate token string
0171+  050A 19 04         mov al, TOK_MINUS
0172+  050C 3D 5C 06      mov [tok], al      
0173+  050F 19 02         mov al, TOKTYP_DELIMITER
0174+  0511 3D 5B 06      mov [toktyp], al
0175+  0514 4E            mov a, si
0176+  0515 42 59 06      mov [prog], a    ; update pointer
0177+  0518 0A E7 05      jmp get_token_return
0178+  051B             get_token_comma:
0179+  051B B9 2C         cmp al, ','        ; check if ','
0180+  051D C7 35 05      jne get_token_semi
0181+  0520 F7            stosb          ; store ',' into token string
0182+  0521 19 00         mov al, 0
0183+  0523 F7            stosb          ; terminate token string
0184+  0524 19 0B         mov al, TOK_COMMA
0185+  0526 3D 5C 06      mov [tok], al      
0186+  0529 19 02         mov al, TOKTYP_DELIMITER
0187+  052B 3D 5B 06      mov [toktyp], al
0188+  052E 4E            mov a, si
0189+  052F 42 59 06      mov [prog], a    ; update pointer
0190+  0532 0A E7 05      jmp get_token_return
0191+  0535             get_token_semi:
0192+  0535 B9 3B         cmp al, $3B        ; check if ';'
0193+  0537 C7 4F 05      jne get_token_colon
0194+  053A F7            stosb          ; store ';' into token string
0195+  053B 19 00         mov al, 0
0196+  053D F7            stosb          ; terminate token string
0197+  053E 19 06         mov al, TOK_SEMI
0198+  0540 3D 5C 06      mov [tok], al      
0199+  0543 19 02         mov al, TOKTYP_DELIMITER
0200+  0545 3D 5B 06      mov [toktyp], al
0201+  0548 4E            mov a, si
0202+  0549 42 59 06      mov [prog], a    ; update pointer
0203+  054C 0A E7 05      jmp get_token_return
0204+  054F             get_token_colon:
0205+  054F B9 3A         cmp al, $3A        ; check if ':'
0206+  0551 C7 69 05      jne get_token_angle
0207+  0554 F7            stosb          ; store ':' into token string
0208+  0555 19 00         mov al, 0
0209+  0557 F7            stosb          ; terminate token string
0210+  0558 19 0A         mov al, TOK_COLON
0211+  055A 3D 5C 06      mov [tok], al      
0212+  055D 19 02         mov al, TOKTYP_DELIMITER
0213+  055F 3D 5B 06      mov [toktyp], al
0214+  0562 4E            mov a, si
0215+  0563 42 59 06      mov [prog], a    ; update pointer
0216+  0566 0A E7 05      jmp get_token_return
0217+  0569             get_token_angle:
0218+  0569 B9 3E         cmp al, $3E        ; check if '>'
0219+  056B C7 83 05      jne get_token_tilde
0220+  056E F7            stosb          ; store '>' into token string
0221+  056F 19 00         mov al, 0
0222+  0571 F7            stosb          ; terminate token string
0223+  0572 19 07         mov al, TOK_ANGLE
0224+  0574 3D 5C 06      mov [tok], al      
0225+  0577 19 02         mov al, TOKTYP_DELIMITER
0226+  0579 3D 5B 06      mov [toktyp], al
0227+  057C 4E            mov a, si
0228+  057D 42 59 06      mov [prog], a    ; update pointer
0229+  0580 0A E7 05      jmp get_token_return
0230+  0583             get_token_tilde:
0231+  0583 B9 7E         cmp al, '~'        ; check if '~'
0232+  0585 C7 9D 05      jne get_token_equal
0233+  0588 F7            stosb          ; store '~' into token string
0234+  0589 19 00         mov al, 0
0235+  058B F7            stosb          ; terminate token string
0236+  058C 19 08         mov al, TOK_TILDE
0237+  058E 3D 5C 06      mov [tok], al      
0238+  0591 19 02         mov al, TOKTYP_DELIMITER
0239+  0593 3D 5B 06      mov [toktyp], al
0240+  0596 4E            mov a, si
0241+  0597 42 59 06      mov [prog], a    ; update pointer
0242+  059A 0A E7 05      jmp get_token_return
0243+  059D             get_token_equal:
0244+  059D B9 3D         cmp al, '='        ; check if '='
0245+  059F C7 B7 05      jne get_token_skip
0246+  05A2 F7            stosb          ; store '=' into token string
0247+  05A3 19 00         mov al, 0
0248+  05A5 F7            stosb          ; terminate token string
0249+  05A6 19 09         mov al, TOK_EQUAL
0250+  05A8 3D 5C 06      mov [tok], al      
0251+  05AB 19 02         mov al, TOKTYP_DELIMITER
0252+  05AD 3D 5B 06      mov [toktyp], al
0253+  05B0 4E            mov a, si
0254+  05B1 42 59 06      mov [prog], a    ; update pointer
0255+  05B4 0A E7 05      jmp get_token_return
0256+  05B7             get_token_skip:
0257+  05B7 4E            mov a, si
0258+  05B8 42 59 06      mov [prog], a    ; update pointer
0259+  05BB 0A E7 05      jmp get_token_return
0260+  05BE             get_token_end:        ; end of file token
0261+  05BE 19 14         mov al, TOK_END
0262+  05C0 3D 5C 06      mov [tok], al
0263+  05C3 19 06         mov al, TOKTYP_END
0264+  05C5 3D 5B 06      mov [toktyp], al
0265+  05C8 0A E7 05      jmp get_token_return
0266+  05CB             is_alphanumeric:
0267+  05CB F7            stosb
0268+  05CC F6            lodsb
0269+  05CD 07 10 0B      call _isalnum      ;check if is alphanumeric
0270+  05D0 C6 CB 05      jz is_alphanumeric
0271+  05D3 B9 2E         cmp al, $2E        ; check if is '.'
0272+  05D5 C6 CB 05      je is_alphanumeric
0273+  05D8 19 00         mov al, 0
0274+  05DA F7            stosb
0275+  05DB 19 00         mov al, TOKTYP_IDENTIFIER
0276+  05DD 3D 5B 06      mov [toktyp], al
0277+  05E0 D5 01 00      sub si, 1
0278+  05E3 4E            mov a, si
0279+  05E4 42 59 06      mov [prog], a    ; update pointer
0280+  05E7             get_token_return:
0281+  05E7 F0            pop di
0282+  05E8 EF            pop si
0283+  05E9 E7            pop d
0284+  05EA E4            pop a
0285+  05EB 09            ret
0286+  05EC             get_tok_comment:
0287+  05EC F6            lodsb
0288+  05ED B9 0A         cmp al, $0A      ; new line
0289+  05EF C7 EC 05      jne get_tok_comment
0290+  05F2 0A D0 04      jmp get_tok_skip_spaces
0291+  05F5             
0292+  05F5             
0293+  05F5             get_number:
0294+  05F5 D7            push a
0295+  05F6 DA            push d
0296+  05F7 E2            push si
0297+  05F8 E3            push di
0298+  05F9 19 00         mov al, 0
0299+  05FB 3D 5D 06      mov [tokstr], al      ; nullify tokstr string
0300+  05FE 19 00         mov al, TOK_NULL
0301+  0600 3D 5C 06      mov [tok], al        ; nullify token
0302+  0603 14 59 06      mov a, [prog]
0303+  0606 4D            mov si, a
0304+  0607 FD 4F 5D 06   mov di, tokstr
0305+  060B             get_number_skip_spaces:
0306+  060B F6            lodsb
0307+  060C 07 86 0B      call _isspace
0308+  060F C6 0B 06      je get_number_skip_spaces
0309+  0612 B9 00         cmp al, 0      ; check for end of input (NULL)
0310+  0614 C7 24 06      jne get_number_L0
0311+  0617 19 14         mov al, TOK_END
0312+  0619 3D 5C 06      mov [tok], al
0313+  061C 19 06         mov al, TOKTYP_END
0314+  061E 3D 5B 06      mov [toktyp], al
0315+  0621 0A 3B 06      jmp get_number_return
0316+  0624             get_number_L0:
0317+  0624 F7            stosb
0318+  0625 F6            lodsb
0319+  0626 07 1A 0B      call _isdigit      ;check if is numeric
0320+  0629 C6 24 06      jz get_number_L0
0321+  062C 19 00         mov al, 0
0322+  062E F7            stosb
0323+  062F 19 05         mov al, TOKTYP_NUMERIC
0324+  0631 3D 5B 06      mov [toktyp], al
0325+  0634 D5 01 00      sub si, 1
0326+  0637 4E            mov a, si
0327+  0638 42 59 06      mov [prog], a    ; update pointer
0328+  063B             get_number_return:
0329+  063B F0            pop di
0330+  063C EF            pop si
0331+  063D E7            pop d
0332+  063E E4            pop a
0333+  063F 09            ret
0334+  0640             
0335+  0640             ;;;;;;;;;;;;;;;;;;;;;;;;;;;;;;;;;;;;;;;;;;;;;;;;;;;;;;;;;;;;;;;;;;;;;;;;;;;;;;;;;;
0336+  0640             ;; PUT BACK TOKEN
0337+  0640             ;;;;;;;;;;;;;;;;;;;;;;;;;;;;;;;;;;;;;;;;;;;;;;;;;;;;;;;;;;;;;;;;;;;;;;;;;;;;;;;;;;  
0338+  0640             _putback:
0339+  0640 D7            push a
0340+  0641 E2            push si
0341+  0642 FD 4D 5D 06   mov si, tokstr  
0342+  0646             _putback_loop:
0343+  0646 F6            lodsb
0344+  0647 B9 00         cmp al, 0
0345+  0649 C6 56 06      je _putback_end
0346+  064C 14 59 06      mov a, [prog]
0347+  064F 7D            dec a
0348+  0650 42 59 06      mov [prog], a      ; update pointer
0349+  0653 0A 46 06      jmp _putback_loop
0350+  0656             _putback_end:
0351+  0656 EF            pop si
0352+  0657 E4            pop a
0353+  0658 09            ret
0354+  0659             
0355+  0659             
0356+  0659             
0357+  0659             
0358+  0659 00 00       prog:      .dw 0          ; pointer to current position in buffer
0359+  065B             
0360+  065B 00          toktyp:    .db 0          ; token type symbol
0361+  065C 00          tok:       .db 0          ; current token symbol
0362+  065D 00 00 00 00 tokstr:    .fill 256, 0   ; token as a string
0362+  0661 00 00 00 00 
0362+  0665 00 00 00 00 
0362+  0669 00 00 00 00 
0362+  066D 00 00 00 00 
0362+  0671 00 00 00 00 
0362+  0675 00 00 00 00 
0362+  0679 00 00 00 00 
0362+  067D 00 00 00 00 
0362+  0681 00 00 00 00 
0362+  0685 00 00 00 00 
0362+  0689 00 00 00 00 
0362+  068D 00 00 00 00 
0362+  0691 00 00 00 00 
0362+  0695 00 00 00 00 
0362+  0699 00 00 00 00 
0362+  069D 00 00 00 00 
0362+  06A1 00 00 00 00 
0362+  06A5 00 00 00 00 
0362+  06A9 00 00 00 00 
0362+  06AD 00 00 00 00 
0362+  06B1 00 00 00 00 
0362+  06B5 00 00 00 00 
0362+  06B9 00 00 00 00 
0362+  06BD 00 00 00 00 
0362+  06C1 00 00 00 00 
0362+  06C5 00 00 00 00 
0362+  06C9 00 00 00 00 
0362+  06CD 00 00 00 00 
0362+  06D1 00 00 00 00 
0362+  06D5 00 00 00 00 
0362+  06D9 00 00 00 00 
0362+  06DD 00 00 00 00 
0362+  06E1 00 00 00 00 
0362+  06E5 00 00 00 00 
0362+  06E9 00 00 00 00 
0362+  06ED 00 00 00 00 
0362+  06F1 00 00 00 00 
0362+  06F5 00 00 00 00 
0362+  06F9 00 00 00 00 
0362+  06FD 00 00 00 00 
0362+  0701 00 00 00 00 
0362+  0705 00 00 00 00 
0362+  0709 00 00 00 00 
0362+  070D 00 00 00 00 
0362+  0711 00 00 00 00 
0362+  0715 00 00 00 00 
0362+  0719 00 00 00 00 
0362+  071D 00 00 00 00 
0362+  0721 00 00 00 00 
0362+  0725 00 00 00 00 
0362+  0729 00 00 00 00 
0362+  072D 00 00 00 00 
0362+  0731 00 00 00 00 
0362+  0735 00 00 00 00 
0362+  0739 00 00 00 00 
0362+  073D 00 00 00 00 
0362+  0741 00 00 00 00 
0362+  0745 00 00 00 00 
0362+  0749 00 00 00 00 
0362+  074D 00 00 00 00 
0362+  0751 00 00 00 00 
0362+  0755 00 00 00 00 
0362+  0759 00 00 00 00 
0036   075D             .include "lib/stdio.asm"
0001+  075D             ;;;;;;;;;;;;;;;;;;;;;;;;;;;;;;;;;;;;;;;;;;;;;;;;;;;;;;;;;;;;;;;;;;;;;;;;;;;;;;;;;;;;;;;;;;;;;;;;;;;;;;;;;;;;;;;;;;
0002+  075D             ; stdio.s
0003+  075D             ;;;;;;;;;;;;;;;;;;;;;;;;;;;;;;;;;;;;;;;;;;;;;;;;;;;;;;;;;;;;;;;;;;;;;;;;;;;;;;;;;;;;;;;;;;;;;;;;;;;;;;;;;;;;;;;;;;
0004+  075D             .include "lib/string.asm"
0001++ 075D             ;;;;;;;;;;;;;;;;;;;;;;;;;;;;;;;;;;;;;;;;;;;;;;;;;;;;;;;;;;;;;;;;;;;;;;;;;;;;;;;;;;;;;;;;;;;;;;;;;;;;;;;;;;;;;;;;;;
0002++ 075D             ; string.s
0003++ 075D             ;;;;;;;;;;;;;;;;;;;;;;;;;;;;;;;;;;;;;;;;;;;;;;;;;;;;;;;;;;;;;;;;;;;;;;;;;;;;;;;;;;;;;;;;;;;;;;;;;;;;;;;;;;;;;;;;;;
0004++ 075D             
0005++ 075D             
0006++ 075D             ;;;;;;;;;;;;;;;;;;;;;;;;;;;;;;;;;;;;;;;;;;;;;;;;;;;;;;;;;;;;;;;;;;;;;;;;;;;;;;;;;;;;;;;;;;;;;;;;;;;;;;;;;;;;;;;;;;
0007++ 075D             ; _strrev
0008++ 075D             ; reverse a string
0009++ 075D             ; D = string address
0010++ 075D             ;;;;;;;;;;;;;;;;;;;;;;;;;;;;;;;;;;;;;;;;;;;;;;;;;;;;;;;;;;;;;;;;;;;;;;;;;;;;;;;;;;;;;;;;;;;;;;;;;;;;;;;;;;;;;;;;;;
0011++ 075D             ; 01234
0012++ 075D             _strrev:
0013++ 075D 4B          	pusha
0014++ 075E 07 A4 07    	call _strlen	; length in C
0015++ 0761 12          	mov a, c
0016++ 0762 AF 01 00    	cmp a, 1
0017++ 0765 D0 7F 07    	jleu _strrev_end	; check string length. string len must be > 1
0018++ 0768 7D          	dec a
0019++ 0769 FD 4E       	mov si, d	; beginning of string
0020++ 076B FD 50       	mov di, d	; beginning of string (for destinations)
0021++ 076D 59          	add d, a	; end of string
0022++ 076E 12          	mov a, c
0023++ 076F FD 9B       	shr a		; divide by 2
0024++ 0771 39          	mov c, a	; C now counts the steps
0025++ 0772             _strrev_L0:
0026++ 0772 32          	mov bl, [d]	; save load right-side char into BL
0027++ 0773 F6          	lodsb		; load left-side char into AL; increase SI
0028++ 0774 3E          	mov [d], al	; store left char into right side
0029++ 0775 1B          	mov al, bl
0030++ 0776 F7          	stosb		; store right-side char into left-side; increase DI
0031++ 0777 7E          	dec c
0032++ 0778 7F          	dec d
0033++ 0779 C2 00 00    	cmp c, 0
0034++ 077C C7 72 07    	jne _strrev_L0
0035++ 077F             _strrev_end:
0036++ 077F 4C          	popa
0037++ 0780 09          	ret
0038++ 0781             	
0039++ 0781             ;;;;;;;;;;;;;;;;;;;;;;;;;;;;;;;;;;;;;;;;;;;;;;;;;;;;;;;;;;;;;;;;;;;;;;;;;;;;;;;;;;;;;;;;;;;;;;;;;;;;;;;;;;;;;;;;;;
0040++ 0781             ; _strchr
0041++ 0781             ; search string in D for char in AL
0042++ 0781             ;;;;;;;;;;;;;;;;;;;;;;;;;;;;;;;;;;;;;;;;;;;;;;;;;;;;;;;;;;;;;;;;;;;;;;;;;;;;;;;;;;;;;;;;;;;;;;;;;;;;;;;;;;;;;;;;;;
0043++ 0781             _strchr:
0044++ 0781             _strchr_L0:
0045++ 0781 32          	mov bl, [d]
0046++ 0782 C1 00       	cmp bl, 0
0047++ 0784 C6 8F 07    	je _strchr_end
0048++ 0787 BA          	cmp al, bl
0049++ 0788 C6 8F 07    	je _strchr_end
0050++ 078B 79          	inc d
0051++ 078C 0A 81 07    	jmp _strchr_L0
0052++ 078F             _strchr_end:
0053++ 078F 1B          	mov al, bl
0054++ 0790 09          	ret
0055++ 0791             
0056++ 0791             ;;;;;;;;;;;;;;;;;;;;;;;;;;;;;;;;;;;;;;;;;;;;;;;;;;;;;;;;;;;;;;;;;;;;;;;;;;;;;;;;;;;;;;;;;;;;;;;;;;;;;;;;;;;;;;;;;;
0057++ 0791             ; _strstr
0058++ 0791             ; find sub-string
0059++ 0791             ; str1 in SI
0060++ 0791             ; str2 in DI
0061++ 0791             ; SI points to end of source string
0062++ 0791             ;;;;;;;;;;;;;;;;;;;;;;;;;;;;;;;;;;;;;;;;;;;;;;;;;;;;;;;;;;;;;;;;;;;;;;;;;;;;;;;;;;;;;;;;;;;;;;;;;;;;;;;;;;;;;;;;;;
0063++ 0791             _strstr:
0064++ 0791 DB          	push al
0065++ 0792 DA          	push d
0066++ 0793 E3          	push di
0067++ 0794             _strstr_loop:
0068++ 0794 F3          	cmpsb					; compare a byte of the strings
0069++ 0795 C7 A0 07    	jne _strstr_ret
0070++ 0798 FC 00 00    	lea d, [di + 0]
0071++ 079B BD 00       	cmp byte[d], 0				; check if at end of string (null)
0072++ 079D C7 94 07    	jne _strstr_loop				; equal chars but not at end
0073++ 07A0             _strstr_ret:
0074++ 07A0 F0          	pop di
0075++ 07A1 E7          	pop d
0076++ 07A2 E8          	pop al
0077++ 07A3 09          	ret
0078++ 07A4             ;;;;;;;;;;;;;;;;;;;;;;;;;;;;;;;;;;;;;;;;;;;;;;;;;;;;;;;;;;;;;;;;;;;;;;;;;;;;;;;;;;;;;;;
0079++ 07A4             ; length of null terminated string
0080++ 07A4             ; result in C
0081++ 07A4             ; pointer in D
0082++ 07A4             ;;;;;;;;;;;;;;;;;;;;;;;;;;;;;;;;;;;;;;;;;;;;;;;;;;;;;;;;;;;;;;;;;;;;;;;;;;;;;;;;;;;;;;;
0083++ 07A4             _strlen:
0084++ 07A4 DA          	push d
0085++ 07A5 38 00 00    	mov c, 0
0086++ 07A8             _strlen_L1:
0087++ 07A8 BD 00       	cmp byte [d], 0
0088++ 07AA C6 B2 07    	je _strlen_ret
0089++ 07AD 79          	inc d
0090++ 07AE 78          	inc c
0091++ 07AF 0A A8 07    	jmp _strlen_L1
0092++ 07B2             _strlen_ret:
0093++ 07B2 E7          	pop d
0094++ 07B3 09          	ret
0095++ 07B4             
0096++ 07B4             ;;;;;;;;;;;;;;;;;;;;;;;;;;;;;;;;;;;;;;;;;;;;;;;;;;;;;;;;;;;;;;;;;;;;;;;;;;;;;;;;;;;;;;;;;;;;;;;;;;;;;;;;;;;;;;;;;;
0097++ 07B4             ; STRCMP
0098++ 07B4             ; compare two strings
0099++ 07B4             ; str1 in SI
0100++ 07B4             ; str2 in DI
0101++ 07B4             ; CREATE A STRING COMPAIRON INSTRUCION ?????
0102++ 07B4             ;;;;;;;;;;;;;;;;;;;;;;;;;;;;;;;;;;;;;;;;;;;;;;;;;;;;;;;;;;;;;;;;;;;;;;;;;;;;;;;;;;;;;;;;;;;;;;;;;;;;;;;;;;;;;;;;;;
0103++ 07B4             _strcmp:
0104++ 07B4 DB          	push al
0105++ 07B5 DA          	push d
0106++ 07B6 E3          	push di
0107++ 07B7 E2          	push si
0108++ 07B8             _strcmp_loop:
0109++ 07B8 F3          	cmpsb					; compare a byte of the strings
0110++ 07B9 C7 C4 07    	jne _strcmp_ret
0111++ 07BC FB FF FF    	lea d, [si +- 1]
0112++ 07BF BD 00       	cmp byte[d], 0				; check if at end of string (null)
0113++ 07C1 C7 B8 07    	jne _strcmp_loop				; equal chars but not at end
0114++ 07C4             _strcmp_ret:
0115++ 07C4 EF          	pop si
0116++ 07C5 F0          	pop di
0117++ 07C6 E7          	pop d
0118++ 07C7 E8          	pop al
0119++ 07C8 09          	ret
0120++ 07C9             
0121++ 07C9             
0122++ 07C9             ; STRCPY
0123++ 07C9             ; copy null terminated string from SI to DI
0124++ 07C9             ; source in SI
0125++ 07C9             ; destination in DI
0126++ 07C9             _strcpy:
0127++ 07C9 E2          	push si
0128++ 07CA E3          	push di
0129++ 07CB DB          	push al
0130++ 07CC             _strcpy_L1:
0131++ 07CC F6          	lodsb
0132++ 07CD F7          	stosb
0133++ 07CE B9 00       	cmp al, 0
0134++ 07D0 C7 CC 07    	jne _strcpy_L1
0135++ 07D3             _strcpy_end:
0136++ 07D3 E8          	pop al
0137++ 07D4 F0          	pop di
0138++ 07D5 EF          	pop si
0139++ 07D6 09          	ret
0140++ 07D7             
0141++ 07D7             ; STRCAT
0142++ 07D7             ; concatenate a NULL terminated string into string at DI, from string at SI
0143++ 07D7             ; source in SI
0144++ 07D7             ; destination in DI
0145++ 07D7             _strcat:
0146++ 07D7 E2          	push si
0147++ 07D8 E3          	push di
0148++ 07D9 D7          	push a
0149++ 07DA DA          	push d
0150++ 07DB 50          	mov a, di
0151++ 07DC 3C          	mov d, a
0152++ 07DD             _strcat_goto_end_L1:
0153++ 07DD BD 00       	cmp byte[d], 0
0154++ 07DF C6 E6 07    	je _strcat_start
0155++ 07E2 79          	inc d
0156++ 07E3 0A DD 07    	jmp _strcat_goto_end_L1
0157++ 07E6             _strcat_start:
0158++ 07E6 FD 50       	mov di, d
0159++ 07E8             _strcat_L1:
0160++ 07E8 F6          	lodsb
0161++ 07E9 F7          	stosb
0162++ 07EA B9 00       	cmp al, 0
0163++ 07EC C7 E8 07    	jne _strcat_L1
0164++ 07EF             _strcat_end:
0165++ 07EF E7          	pop d
0166++ 07F0 E4          	pop a
0167++ 07F1 F0          	pop di
0168++ 07F2 EF          	pop si
0169++ 07F3 09          	ret
0170++ 07F4             
0171++ 07F4             
0005+  07F4             
0006+  07F4             
0007+  07F4             ;;;;;;;;;;;;;;;;;;;;;;;;;;;;;;;;;;;;;;;;;;;;;;;;;;;;;;;;;;;;;;;;;;;;;;;;;;;;;;;;;;;;;;;;;;;;;;;;;;;;;;;;;;;;;;;;;;
0008+  07F4             ; CONVERT ASCII 'O'..'F' TO INTEGER 0..15
0009+  07F4             ; ASCII in BL
0010+  07F4             ; result in AL
0011+  07F4             ; ascii for F = 0100 0110
0012+  07F4             ; ascii for 9 = 0011 1001
0013+  07F4             ;;;;;;;;;;;;;;;;;;;;;;;;;;;;;;;;;;;;;;;;;;;;;;;;;;;;;;;;;;;;;;;;;;;;;;;;;;;;;;;;;;;;;;;;;;;;;;;;;;;;;;;;;;;;;;;;;;
0014+  07F4             hex_ascii_encode:
0015+  07F4 1B            mov al, bl
0016+  07F5 93 40         test al, $40        ; test if letter or number
0017+  07F7 C7 FD 07      jnz hex_letter
0018+  07FA 87 0F         and al, $0F        ; get number
0019+  07FC 09            ret
0020+  07FD             hex_letter:
0021+  07FD 87 0F         and al, $0F        ; get letter
0022+  07FF 6A 09         add al, 9
0023+  0801 09            ret
0024+  0802             
0025+  0802             ;;;;;;;;;;;;;;;;;;;;;;;;;;;;;;;;;;;;;;;;;;;;;;;;;;;;;;;;;;;;;;;;;;;;;;;;;;;;;;;;;;;;;;;;;;;;;;;;;;;;;;;;;;;;;;;;;;
0026+  0802             ; ATOI
0027+  0802             ; 2 letter hex string in B
0028+  0802             ; 8bit integer returned in AL
0029+  0802             ;;;;;;;;;;;;;;;;;;;;;;;;;;;;;;;;;;;;;;;;;;;;;;;;;;;;;;;;;;;;;;;;;;;;;;;;;;;;;;;;;;;;;;;;;;;;;;;;;;;;;;;;;;;;;;;;;;
0030+  0802             _atoi:
0031+  0802 D8            push b
0032+  0803 07 F4 07      call hex_ascii_encode      ; convert BL to 4bit code in AL
0033+  0806 30            mov bl, bh
0034+  0807 DB            push al          ; save a
0035+  0808 07 F4 07      call hex_ascii_encode
0036+  080B EA            pop bl  
0037+  080C FD 9E 04      shl al, 4
0038+  080F 8C            or al, bl
0039+  0810 E5            pop b
0040+  0811 09            ret  
0041+  0812             
0042+  0812             
0043+  0812             ;;;;;;;;;;;;;;;;;;;;;;;;;;;;;;;;;;;;;;;;;;;;;;;;;;;;;;;;;;;;;;;;;;;;;;;;;;;;;;;;;;;;;;;;;;;;;;;;;;;;;;;;;;;;;;;;;;
0044+  0812             ; scanf
0045+  0812             ; no need for explanations!
0046+  0812             ;;;;;;;;;;;;;;;;;;;;;;;;;;;;;;;;;;;;;;;;;;;;;;;;;;;;;;;;;;;;;;;;;;;;;;;;;;;;;;;;;;;;;;;;;;;;;;;;;;;;;;;;;;;;;;;;;;
0047+  0812             scanf:
0048+  0812 09            ret
0049+  0813             
0050+  0813             ;;;;;;;;;;;;;;;;;;;;;;;;;;;;;;;;;;;;;;;;;;;;;;;;;;;;;;;;;;;;;;;;;;;;;;;;;;;;;;;;;;;;;;;;;;;;;;;;;;;;;;;;;;;;;;;;;;
0051+  0813             ; ITOA
0052+  0813             ; 8bit value in BL
0053+  0813             ; 2 byte ASCII result in A
0054+  0813             ;;;;;;;;;;;;;;;;;;;;;;;;;;;;;;;;;;;;;;;;;;;;;;;;;;;;;;;;;;;;;;;;;;;;;;;;;;;;;;;;;;;;;;;;;;;;;;;;;;;;;;;;;;;;;;;;;;
0055+  0813             _itoa:
0056+  0813 DA            push d
0057+  0814 D8            push b
0058+  0815 A7 00         mov bh, 0
0059+  0817 FD A4 04      shr bl, 4  
0060+  081A 74            mov d, b
0061+  081B 1F EE 0A      mov al, [d + s_hex_digits]
0062+  081E 23            mov ah, al
0063+  081F               
0064+  081F E5            pop b
0065+  0820 D8            push b
0066+  0821 A7 00         mov bh, 0
0067+  0823 FD 87 0F      and bl, $0F
0068+  0826 74            mov d, b
0069+  0827 1F EE 0A      mov al, [d + s_hex_digits]
0070+  082A E5            pop b
0071+  082B E7            pop d
0072+  082C 09            ret
0073+  082D             
0074+  082D             ;;;;;;;;;;;;;;;;;;;;;;;;;;;;;;;;;;;;;;;;;;;;;;;;;;;;;;;;;;;;;;;;;;;;;;;;;;;;;;;;;;;;;;;;;;;;;;;;;;;;;;;;;;;;;;;;;;
0075+  082D             ; HEX STRING TO BINARY
0076+  082D             ; di = destination address
0077+  082D             ; si = source
0078+  082D             ;;;;;;;;;;;;;;;;;;;;;;;;;;;;;;;;;;;;;;;;;;;;;;;;;;;;;;;;;;;;;;;;;;;;;;;;;;;;;;;;;;;;;;;;;;;;;;;;;;;;;;;;;;;;;;;;;;
0079+  082D             _hex_to_int:
0080+  082D             _hex_to_int_L1:
0081+  082D F6            lodsb          ; load from [SI] to AL
0082+  082E B9 00         cmp al, 0        ; check if ASCII 0
0083+  0830 C6 3D 08      jz _hex_to_int_ret
0084+  0833 36            mov bh, al
0085+  0834 F6            lodsb
0086+  0835 2F            mov bl, al
0087+  0836 07 02 08      call _atoi        ; convert ASCII byte in B to int (to AL)
0088+  0839 F7            stosb          ; store AL to [DI]
0089+  083A 0A 2D 08      jmp _hex_to_int_L1
0090+  083D             _hex_to_int_ret:
0091+  083D 09            ret    
0092+  083E             
0093+  083E             
0094+  083E             
0095+  083E             ;;;;;;;;;;;;;;;;;;;;;;;;;;;;;;;;;;;;;;;;;;;;;;;;;;;;;;;;;;;;;;;;;;;;;;;;;;;;;;;;;;;;;;;;;;;;;;;;;;;;;;;;;;;;;;;;;;
0096+  083E             ; GETCHAR
0097+  083E             ; char in ah
0098+  083E             ;;;;;;;;;;;;;;;;;;;;;;;;;;;;;;;;;;;;;;;;;;;;;;;;;;;;;;;;;;;;;;;;;;;;;;;;;;;;;;;;;;;;;;;;;;;;;;;;;;;;;;;;;;;;;;;;;;
0099+  083E             _getchar:
0100+  083E DB            push al
0101+  083F             _getchar_retry:
0102+  083F FD 0C         sti
0103+  0841 19 01         mov al, 1
0104+  0843 05 03         syscall sys_io      ; receive in AH
0105+  0845 B9 00         cmp al, 0      ; check if any char was received
0106+  0847 C6 3F 08      je _getchar_retry
0107+  084A E8            pop al
0108+  084B 09            ret
0109+  084C             
0110+  084C             ;;;;;;;;;;;;;;;;;;;;;;;;;;;;;;;;;;;;;;;;;;;;;;;;;;;;;;;;;;;;;;;;;;;;;;;;;;;;;;;;;;;;;;;;;;;;;;;;;;;;;;;;;;;;;;;;;;
0111+  084C             ; PUTCHAR
0112+  084C             ; char in ah
0113+  084C             ;;;;;;;;;;;;;;;;;;;;;;;;;;;;;;;;;;;;;;;;;;;;;;;;;;;;;;;;;;;;;;;;;;;;;;;;;;;;;;;;;;;;;;;;;;;;;;;;;;;;;;;;;;;;;;;;;;
0114+  084C             _putchar:
0115+  084C D7            push a
0116+  084D 19 00         mov al, 0
0117+  084F 05 03         syscall sys_io      ; char in AH
0118+  0851 E4            pop a
0119+  0852 09            ret
0120+  0853             
0121+  0853             ;;;;;;;;;;;;;;;;;;;;;;;;;;;;;;;;;;;;;;;;;;;;;;;;;;;;;;;;;;;;;;;;;;;;;;;;;;;;;;;;;;;;;;;;;;;;;;;;;;;;;;;;;;;;;;;;;;
0122+  0853             ;; INPUT A STRING
0123+  0853             ;; terminates with null
0124+  0853             ;; pointer in D
0125+  0853             ;;;;;;;;;;;;;;;;;;;;;;;;;;;;;;;;;;;;;;;;;;;;;;;;;;;;;;;;;;;;;;;;;;;;;;;;;;;;;;;;;;;;;;;;;;;;;;;;;;;;;;;;;;;;;;;;;;
0126+  0853             _gets:
0127+  0853 D7            push a
0128+  0854 DA            push d
0129+  0855             _gets_loop:
0130+  0855 FD 0C         sti
0131+  0857 19 01         mov al, 1
0132+  0859 05 03         syscall sys_io      ; receive in AH
0133+  085B B9 00         cmp al, 0        ; check error code (AL)
0134+  085D C6 55 08      je _gets_loop      ; if no char received, retry
0135+  0860             
0136+  0860 76 1B         cmp ah, 27
0137+  0862 C6 83 08      je _gets_ansi_esc
0138+  0865 76 0A         cmp ah, $0A        ; LF
0139+  0867 C6 F4 08      je _gets_end
0140+  086A 76 0D         cmp ah, $0D        ; CR
0141+  086C C6 F4 08      je _gets_end
0142+  086F 76 5C         cmp ah, $5C        ; '\\'
0143+  0871 C6 B3 08      je _gets_escape
0144+  0874               
0145+  0874 76 08         cmp ah, $08      ; check for backspace
0146+  0876 C6 7F 08      je _gets_backspace
0147+  0879             
0148+  0879 1A            mov al, ah
0149+  087A 3E            mov [d], al
0150+  087B 79            inc d
0151+  087C 0A 55 08      jmp _gets_loop
0152+  087F             _gets_backspace:
0153+  087F 7F            dec d
0154+  0880 0A 55 08      jmp _gets_loop
0155+  0883             _gets_ansi_esc:
0156+  0883 FD 0C         sti
0157+  0885 19 01         mov al, 1
0158+  0887 05 03         syscall sys_io        ; receive in AH without echo
0159+  0889 B9 00         cmp al, 0          ; check error code (AL)
0160+  088B C6 83 08      je _gets_ansi_esc    ; if no char received, retry
0161+  088E 76 5B         cmp ah, '['
0162+  0890 C7 55 08      jne _gets_loop
0163+  0893             _gets_ansi_esc_2:
0164+  0893 FD 0C         sti
0165+  0895 19 01         mov al, 1
0166+  0897 05 03         syscall sys_io          ; receive in AH without echo
0167+  0899 B9 00         cmp al, 0            ; check error code (AL)
0168+  089B C6 93 08      je _gets_ansi_esc_2  ; if no char received, retry
0169+  089E 76 44         cmp ah, 'D'
0170+  08A0 C6 AB 08      je _gets_left_arrow
0171+  08A3 76 43         cmp ah, 'C'
0172+  08A5 C6 AF 08      je _gets_right_arrow
0173+  08A8 0A 55 08      jmp _gets_loop
0174+  08AB             _gets_left_arrow:
0175+  08AB 7F            dec d
0176+  08AC 0A 55 08      jmp _gets_loop
0177+  08AF             _gets_right_arrow:
0178+  08AF 79            inc d
0179+  08B0 0A 55 08      jmp _gets_loop
0180+  08B3             _gets_escape:
0181+  08B3 FD 0C         sti
0182+  08B5 19 01         mov al, 1
0183+  08B7 05 03         syscall sys_io      ; receive in AH
0184+  08B9 B9 00         cmp al, 0        ; check error code (AL)
0185+  08BB C6 B3 08      je _gets_escape      ; if no char received, retry
0186+  08BE 76 6E         cmp ah, 'n'
0187+  08C0 C6 DF 08      je _gets_LF
0188+  08C3 76 72         cmp ah, 'r'
0189+  08C5 C6 E6 08      je _gets_CR
0190+  08C8 76 30         cmp ah, '0'
0191+  08CA C6 ED 08      je _gets_NULL
0192+  08CD 76 5C         cmp ah, $5C  ; '\'
0193+  08CF C6 D8 08      je _gets_slash
0194+  08D2 1A            mov al, ah        ; if not a known escape, it is just a normal letter
0195+  08D3 3E            mov [d], al
0196+  08D4 79            inc d
0197+  08D5 0A 55 08      jmp _gets_loop
0198+  08D8             _gets_slash:
0199+  08D8 19 5C         mov al, $5C
0200+  08DA 3E            mov [d], al
0201+  08DB 79            inc d
0202+  08DC 0A 55 08      jmp _gets_loop
0203+  08DF             _gets_LF:
0204+  08DF 19 0A         mov al, $0A
0205+  08E1 3E            mov [d], al
0206+  08E2 79            inc d
0207+  08E3 0A 55 08      jmp _gets_loop
0208+  08E6             _gets_CR:
0209+  08E6 19 0D         mov al, $0D
0210+  08E8 3E            mov [d], al
0211+  08E9 79            inc d
0212+  08EA 0A 55 08      jmp _gets_loop
0213+  08ED             _gets_NULL:
0214+  08ED 19 00         mov al, $00
0215+  08EF 3E            mov [d], al
0216+  08F0 79            inc d
0217+  08F1 0A 55 08      jmp _gets_loop
0218+  08F4             _gets_end:
0219+  08F4 19 00         mov al, 0
0220+  08F6 3E            mov [d], al        ; terminate string
0221+  08F7 E7            pop d
0222+  08F8 E4            pop a
0223+  08F9 09            ret
0224+  08FA             
0225+  08FA             ;;;;;;;;;;;;;;;;;;;;;;;;;;;;;;;;;;;;;;;;;;;;;;;;;;;;;;;;;;;;;;;;;;;;;;;;;;;;;;;;;;;;;;;;;;;;;;;;;;;;;;;;;;;;;;;;;;
0226+  08FA             ;; INPUT BINARY
0227+  08FA             ;; pointer in D
0228+  08FA             ;; size in b
0229+  08FA             ;;;;;;;;;;;;;;;;;;;;;;;;;;;;;;;;;;;;;;;;;;;;;;;;;;;;;;;;;;;;;;;;;;;;;;;;;;;;;;;;;;;;;;;;;;;;;;;;;;;;;;;;;;;;;;;;;;
0230+  08FA             _load_binary:
0231+  08FA D7            push a
0232+  08FB DA            push d
0233+  08FC D9            push c
0234+  08FD 38 00 00      mov c, 0
0235+  0900             _load_binary_loop:
0236+  0900 19 03         mov al, 3
0237+  0902 05 03         syscall sys_io      ; receive in AH with no echo
0238+  0904 B9 00         cmp al, 0        ; check error code (AL)
0239+  0906 C6 00 09      je _load_binary_loop    ; if no char received, retry
0240+  0909 1A            mov al, ah
0241+  090A 3E            mov [d], al
0242+  090B 79            inc d
0243+  090C 78            inc c
0244+  090D FD C0         cmp b, c
0245+  090F C7 00 09      jne _load_binary_loop
0246+  0912             _load_binary_end:
0247+  0912 E6            pop c
0248+  0913 E7            pop d
0249+  0914 E4            pop a
0250+  0915 09            ret
0251+  0916             
0252+  0916             ;;;;;;;;;;;;;;;;;;;;;;;;;;;;;;;;;;;;;;;;;;;;;;;;;;;;;;;;;;;;;;;;;;;;;;;;;;;;;;;;;;;;;;;;;;;;;;;;;;;;;;;;;;;;;;;;;;
0253+  0916             ;; INPUT TEXT
0254+  0916             ;; terminated with CTRL+D
0255+  0916             ;; pointer in D
0256+  0916             ;;;;;;;;;;;;;;;;;;;;;;;;;;;;;;;;;;;;;;;;;;;;;;;;;;;;;;;;;;;;;;;;;;;;;;;;;;;;;;;;;;;;;;;;;;;;;;;;;;;;;;;;;;;;;;;;;;
0257+  0916             _gettxt:
0258+  0916 D7            push a
0259+  0917 DA            push d
0260+  0918             _gettxt_loop:
0261+  0918 19 01         mov al, 1
0262+  091A 05 03         syscall sys_io      ; receive in AH
0263+  091C B9 00         cmp al, 0        ; check error code (AL)
0264+  091E C6 18 09      je _gettxt_loop    ; if no char received, retry
0265+  0921 76 04         cmp ah, 4      ; EOT
0266+  0923 C6 61 09      je _gettxt_end
0267+  0926 76 08         cmp ah, $08      ; check for backspace
0268+  0928 C6 5D 09      je _gettxt_backspace
0269+  092B 76 5C         cmp ah, $5C        ; '\'
0270+  092D C6 36 09      je _gettxt_escape
0271+  0930 1A            mov al, ah
0272+  0931 3E            mov [d], al
0273+  0932 79            inc d
0274+  0933 0A 18 09      jmp _gettxt_loop
0275+  0936             _gettxt_escape:
0276+  0936 19 01         mov al, 1
0277+  0938 05 03         syscall sys_io      ; receive in AH
0278+  093A B9 00         cmp al, 0        ; check error code (AL)
0279+  093C C6 36 09      je _gettxt_escape    ; if no char received, retry
0280+  093F 76 6E         cmp ah, 'n'
0281+  0941 C6 4F 09      je _gettxt_LF
0282+  0944 76 72         cmp ah, 'r'
0283+  0946 C6 56 09      je _gettxt_CR
0284+  0949 1A            mov al, ah        ; if not a known escape, it is just a normal letter
0285+  094A 3E            mov [d], al
0286+  094B 79            inc d
0287+  094C 0A 18 09      jmp _gettxt_loop
0288+  094F             _gettxt_LF:
0289+  094F 19 0A         mov al, $0A
0290+  0951 3E            mov [d], al
0291+  0952 79            inc d
0292+  0953 0A 18 09      jmp _gettxt_loop
0293+  0956             _gettxt_CR:
0294+  0956 19 0D         mov al, $0D
0295+  0958 3E            mov [d], al
0296+  0959 79            inc d
0297+  095A 0A 18 09      jmp _gettxt_loop
0298+  095D             _gettxt_backspace:
0299+  095D 7F            dec d
0300+  095E 0A 18 09      jmp _gettxt_loop
0301+  0961             _gettxt_end:
0302+  0961 19 00         mov al, 0
0303+  0963 3E            mov [d], al        ; terminate string
0304+  0964 E7            pop d
0305+  0965 E4            pop a
0306+  0966 09            ret
0307+  0967             
0308+  0967             ;;;;;;;;;;;;;;;;;;;;;;;;;;;;;;;;;;;;;;;;;;;;;;;;;;;;;;;;;;;;;;;;;;;;;;;;;;;;;;;;;;;;;;;;;;;;;;;;;;;;;;;;;;;;;;;;;;
0309+  0967             ; PRINT NEW LINE
0310+  0967             ;;;;;;;;;;;;;;;;;;;;;;;;;;;;;;;;;;;;;;;;;;;;;;;;;;;;;;;;;;;;;;;;;;;;;;;;;;;;;;;;;;;;;;;;;;;;;;;;;;;;;;;;;;;;;;;;;;
0311+  0967             printnl:
0312+  0967 D7            push a
0313+  0968 10 00 0A      mov a, $0A00
0314+  096B 05 03         syscall sys_io
0315+  096D 10 00 0D      mov a, $0D00
0316+  0970 05 03         syscall sys_io
0317+  0972 E4            pop a
0318+  0973 09            ret
0319+  0974             
0320+  0974             ;;;;;;;;;;;;;;;;;;;;;;;;;;;;;;;;;;;;;;;;;;;;;;;;;;;;;;;;;;;;;;;;;;;;;;;;;;;;;;;;;;;;;;;;;;;;;;;;;;;;;;;;;;;;;;;;;;
0321+  0974             ; _strtoint
0322+  0974             ; 4 digit hex string number in d
0323+  0974             ; integer returned in A
0324+  0974             ;;;;;;;;;;;;;;;;;;;;;;;;;;;;;;;;;;;;;;;;;;;;;;;;;;;;;;;;;;;;;;;;;;;;;;;;;;;;;;;;;;;;;;;;;;;;;;;;;;;;;;;;;;;;;;;;;;
0325+  0974             _strtointx:
0326+  0974 D8            push b
0327+  0975 32            mov bl, [d]
0328+  0976 37            mov bh, bl
0329+  0977 33 01 00      mov bl, [d + 1]
0330+  097A 07 02 08      call _atoi        ; convert to int in AL
0331+  097D 23            mov ah, al        ; move to AH
0332+  097E 33 02 00      mov bl, [d + 2]
0333+  0981 37            mov bh, bl
0334+  0982 33 03 00      mov bl, [d + 3]
0335+  0985 07 02 08      call _atoi        ; convert to int in AL
0336+  0988 E5            pop b
0337+  0989 09            ret
0338+  098A             
0339+  098A             ;;;;;;;;;;;;;;;;;;;;;;;;;;;;;;;;;;;;;;;;;;;;;;;;;;;;;;;;;;;;;;;;;;;;;;;;;;;;;;;;;;;;;;;;;;;;;;;;;;;;;;;;;;;;;;;;;;
0340+  098A             ; _strtoint
0341+  098A             ; 5 digit base10 string number in d
0342+  098A             ; integer returned in A
0343+  098A             ;;;;;;;;;;;;;;;;;;;;;;;;;;;;;;;;;;;;;;;;;;;;;;;;;;;;;;;;;;;;;;;;;;;;;;;;;;;;;;;;;;;;;;;;;;;;;;;;;;;;;;;;;;;;;;;;;;
0344+  098A             _strtoint:
0345+  098A E2            push si
0346+  098B D8            push b
0347+  098C D9            push c
0348+  098D DA            push d
0349+  098E 07 A4 07      call _strlen      ; get string length in C
0350+  0991 7E            dec c
0351+  0992 FD 4E         mov si, d
0352+  0994 12            mov a, c
0353+  0995 FD 99         shl a
0354+  0997 3B 06 0B      mov d, table_power
0355+  099A 59            add d, a
0356+  099B 38 00 00      mov c, 0
0357+  099E             _strtoint_L0:
0358+  099E F6            lodsb      ; load ASCII to al
0359+  099F B9 00         cmp al, 0
0360+  09A1 C6 B4 09      je _strtoint_end
0361+  09A4 6F 30         sub al, $30    ; make into integer
0362+  09A6 22 00         mov ah, 0
0363+  09A8 2A            mov b, [d]
0364+  09A9 AC            mul a, b      ; result in B since it fits in 16bits
0365+  09AA 11            mov a, b
0366+  09AB 28            mov b, c
0367+  09AC 54            add a, b
0368+  09AD 39            mov c, a
0369+  09AE 63 02 00      sub d, 2
0370+  09B1 0A 9E 09      jmp _strtoint_L0
0371+  09B4             _strtoint_end:
0372+  09B4 12            mov a, c
0373+  09B5 E7            pop d
0374+  09B6 E6            pop c
0375+  09B7 E5            pop b
0376+  09B8 EF            pop si
0377+  09B9 09            ret
0378+  09BA             
0379+  09BA             
0380+  09BA             ;;;;;;;;;;;;;;;;;;;;;;;;;;;;;;;;;;;;;;;;;;;;;;;;;;;;;;;;;;;;;;;;;;;;;;;;;;;;;;;;;;;;;;;;;;;;;;;;;;;;;;;;;;;;;;;;;;
0381+  09BA             ; PRINT NULL TERMINATED STRING
0382+  09BA             ; pointer in D
0383+  09BA             ;;;;;;;;;;;;;;;;;;;;;;;;;;;;;;;;;;;;;;;;;;;;;;;;;;;;;;;;;;;;;;;;;;;;;;;;;;;;;;;;;;;;;;;;;;;;;;;;;;;;;;;;;;;;;;;;;;
0384+  09BA             _puts:
0385+  09BA D7            push a
0386+  09BB DA            push d
0387+  09BC             _puts_L1:
0388+  09BC 1E            mov al, [d]
0389+  09BD B9 00         cmp al, 0
0390+  09BF C6 CB 09      jz _puts_END
0391+  09C2 23            mov ah, al
0392+  09C3 19 00         mov al, 0
0393+  09C5 05 03         syscall sys_io
0394+  09C7 79            inc d
0395+  09C8 0A BC 09      jmp _puts_L1
0396+  09CB             _puts_END:
0397+  09CB E7            pop d
0398+  09CC E4            pop a
0399+  09CD 09            ret
0400+  09CE             
0401+  09CE             ;;;;;;;;;;;;;;;;;;;;;;;;;;;;;;;;;;;;;;;;;;;;;;;;;;;;;;;;;;;;;;;;;;;;;;;;;;;;;;;;;;;;;;;;;;;;;;;;;;;;;;;;;;;;;;;;;;
0402+  09CE             ; PRINT N SIZE STRING
0403+  09CE             ; pointer in D
0404+  09CE             ; size in C
0405+  09CE             ;;;;;;;;;;;;;;;;;;;;;;;;;;;;;;;;;;;;;;;;;;;;;;;;;;;;;;;;;;;;;;;;;;;;;;;;;;;;;;;;;;;;;;;;;;;;;;;;;;;;;;;;;;;;;;;;;;
0406+  09CE             _putsn:
0407+  09CE DB            push al
0408+  09CF DA            push d
0409+  09D0 D9            push c
0410+  09D1             _putsn_L0:
0411+  09D1 1E            mov al, [d]
0412+  09D2 23            mov ah, al
0413+  09D3 19 00         mov al, 0
0414+  09D5 05 03         syscall sys_io
0415+  09D7 79            inc d
0416+  09D8 7E            dec c  
0417+  09D9 C2 00 00      cmp c, 0
0418+  09DC C7 D1 09      jne _putsn_L0
0419+  09DF             _putsn_end:
0420+  09DF E6            pop c
0421+  09E0 E7            pop d
0422+  09E1 E8            pop al
0423+  09E2 09            ret
0424+  09E3             
0425+  09E3             ;;;;;;;;;;;;;;;;;;;;;;;;;;;;;;;;;;;;;;;;;;;;;;;;;;;;;;;;;;;;;;;;;;;;;;;;;;;;;;;;;;;;;;;
0426+  09E3             ; print 16bit decimal number
0427+  09E3             ; input number in A
0428+  09E3             ;;;;;;;;;;;;;;;;;;;;;;;;;;;;;;;;;;;;;;;;;;;;;;;;;;;;;;;;;;;;;;;;;;;;;;;;;;;;;;;;;;;;;;;
0429+  09E3             print_u16d:
0430+  09E3 D7            push a
0431+  09E4 D8            push b
0432+  09E5 26 10 27      mov b, 10000
0433+  09E8 AE            div a, b      ; get 10000's coeff.
0434+  09E9 07 0B 0A      call print_number
0435+  09EC 11            mov a, b
0436+  09ED 26 E8 03      mov b, 1000
0437+  09F0 AE            div a, b      ; get 1000's coeff.
0438+  09F1 07 0B 0A      call print_number
0439+  09F4 11            mov a, b
0440+  09F5 26 64 00      mov b, 100
0441+  09F8 AE            div a, b
0442+  09F9 07 0B 0A      call print_number
0443+  09FC 11            mov a, b
0444+  09FD 26 0A 00      mov b, 10
0445+  0A00 AE            div a, b
0446+  0A01 07 0B 0A      call print_number
0447+  0A04 1B            mov al, bl      ; 1's coeff in bl
0448+  0A05 07 0B 0A      call print_number
0449+  0A08 E5            pop b
0450+  0A09 E4            pop a
0451+  0A0A 09            ret
0452+  0A0B             
0453+  0A0B             ;;;;;;;;;;;;;;;;;;;;;;;;;;;;;;;;;;;;;;;;;;;;;;;;;;;;;;;;;;;;;;;;;;;;;;;;;;;;;;;;;;;;;;;
0454+  0A0B             ; print AL
0455+  0A0B             ;;;;;;;;;;;;;;;;;;;;;;;;;;;;;;;;;;;;;;;;;;;;;;;;;;;;;;;;;;;;;;;;;;;;;;;;;;;;;;;;;;;;;;;
0456+  0A0B             print_number:
0457+  0A0B 6A 30         add al, $30
0458+  0A0D 23            mov ah, al
0459+  0A0E 07 4C 08      call _putchar
0460+  0A11 09            ret
0461+  0A12             
0462+  0A12             ;;;;;;;;;;;;;;;;;;;;;;;;;;;;;;;;;;;;;;;;;;;;;;;;;;;;;;;;;;;;;;;;;;;;;;;;;;;;;;;;;;;;;;;;;;;;;;;;;;;;;;;;;;;;;;;;;;
0463+  0A12             ; PRINT 16BIT HEX INTEGER
0464+  0A12             ; integer value in reg B
0465+  0A12             ;;;;;;;;;;;;;;;;;;;;;;;;;;;;;;;;;;;;;;;;;;;;;;;;;;;;;;;;;;;;;;;;;;;;;;;;;;;;;;;;;;;;;;;;;;;;;;;;;;;;;;;;;;;;;;;;;;
0466+  0A12             print_u16x:
0467+  0A12 D7            push a
0468+  0A13 D8            push b
0469+  0A14 DD            push bl
0470+  0A15 30            mov bl, bh
0471+  0A16 07 13 08      call _itoa        ; convert bh to char in A
0472+  0A19 2F            mov bl, al        ; save al
0473+  0A1A 19 00         mov al, 0
0474+  0A1C 05 03         syscall sys_io        ; display AH
0475+  0A1E 24            mov ah, bl        ; retrieve al
0476+  0A1F 19 00         mov al, 0
0477+  0A21 05 03         syscall sys_io        ; display AL
0478+  0A23             
0479+  0A23 EA            pop bl
0480+  0A24 07 13 08      call _itoa        ; convert bh to char in A
0481+  0A27 2F            mov bl, al        ; save al
0482+  0A28 19 00         mov al, 0
0483+  0A2A 05 03         syscall sys_io        ; display AH
0484+  0A2C 24            mov ah, bl        ; retrieve al
0485+  0A2D 19 00         mov al, 0
0486+  0A2F 05 03         syscall sys_io        ; display AL
0487+  0A31             
0488+  0A31 E5            pop b
0489+  0A32 E4            pop a
0490+  0A33 09            ret
0491+  0A34             
0492+  0A34             ;;;;;;;;;;;;;;;;;;;;;;;;;;;;;;;;;;;;;;;;;;;;;;;;;;;;;;;;;;;;;;;;;;;;;;;;;;;;;;;;;;;;;;;;;;;;;;;;;;;;;;;;;;;;;;;;;;
0493+  0A34             ; INPUT 16BIT HEX INTEGER
0494+  0A34             ; read 16bit integer into A
0495+  0A34             ;;;;;;;;;;;;;;;;;;;;;;;;;;;;;;;;;;;;;;;;;;;;;;;;;;;;;;;;;;;;;;;;;;;;;;;;;;;;;;;;;;;;;;;;;;;;;;;;;;;;;;;;;;;;;;;;;;
0496+  0A34             scan_u16x:
0497+  0A34 F8 10 00      enter 16
0498+  0A37 D8            push b
0499+  0A38 DA            push d
0500+  0A39             
0501+  0A39 FA F1 FF      lea d, [bp + -15]
0502+  0A3C 07 53 08      call _gets        ; get number
0503+  0A3F             
0504+  0A3F 32            mov bl, [d]
0505+  0A40 37            mov bh, bl
0506+  0A41 33 01 00      mov bl, [d + 1]
0507+  0A44 07 02 08      call _atoi        ; convert to int in AL
0508+  0A47 23            mov ah, al        ; move to AH
0509+  0A48             
0510+  0A48 33 02 00      mov bl, [d + 2]
0511+  0A4B 37            mov bh, bl
0512+  0A4C 33 03 00      mov bl, [d + 3]
0513+  0A4F 07 02 08      call _atoi        ; convert to int in AL
0514+  0A52             
0515+  0A52 E7            pop d
0516+  0A53 E5            pop b
0517+  0A54 F9            leave
0518+  0A55 09            ret
0519+  0A56             
0520+  0A56             ;;;;;;;;;;;;;;;;;;;;;;;;;;;;;;;;;;;;;;;;;;;;;;;;;;;;;;;;;;;;;;;;;;;;;;;;;;;;;;;;;;;;;;;;;;;;;;;;;;;;;;;;;;;;;;;;;;
0521+  0A56             ; PRINT 8bit HEX INTEGER
0522+  0A56             ; integer value in reg bl
0523+  0A56             ;;;;;;;;;;;;;;;;;;;;;;;;;;;;;;;;;;;;;;;;;;;;;;;;;;;;;;;;;;;;;;;;;;;;;;;;;;;;;;;;;;;;;;;;;;;;;;;;;;;;;;;;;;;;;;;;;;
0524+  0A56             print_u8x:
0525+  0A56 D7            push a
0526+  0A57 DD            push bl
0527+  0A58             
0528+  0A58 07 13 08      call _itoa        ; convert bl to char in A
0529+  0A5B 2F            mov bl, al        ; save al
0530+  0A5C 19 00         mov al, 0
0531+  0A5E 05 03         syscall sys_io        ; display AH
0532+  0A60 24            mov ah, bl        ; retrieve al
0533+  0A61 19 00         mov al, 0
0534+  0A63 05 03         syscall sys_io        ; display AL
0535+  0A65             
0536+  0A65 EA            pop bl
0537+  0A66 E4            pop a
0538+  0A67 09            ret
0539+  0A68             
0540+  0A68             ;;;;;;;;;;;;;;;;;;;;;;;;;;;;;;;;;;;;;;;;;;;;;;;;;;;;;;;;;;;;;;;;;;;;;;;;;;;;;;;;;;;;;;;
0541+  0A68             ; print 8bit decimal unsigned number
0542+  0A68             ; input number in AL
0543+  0A68             ;;;;;;;;;;;;;;;;;;;;;;;;;;;;;;;;;;;;;;;;;;;;;;;;;;;;;;;;;;;;;;;;;;;;;;;;;;;;;;;;;;;;;;;
0544+  0A68             print_u8d:
0545+  0A68 D7            push a
0546+  0A69 D8            push b
0547+  0A6A             
0548+  0A6A 22 00         mov ah, 0
0549+  0A6C 26 64 00      mov b, 100
0550+  0A6F AE            div a, b
0551+  0A70 D8            push b      ; save remainder
0552+  0A71 B9 00         cmp al, 0
0553+  0A73 C6 7D 0A      je skip100
0554+  0A76 6A 30         add al, $30
0555+  0A78 23            mov ah, al
0556+  0A79 19 00         mov al, 0
0557+  0A7B 05 03         syscall sys_io  ; print coeff
0558+  0A7D             skip100:
0559+  0A7D E4            pop a
0560+  0A7E 22 00         mov ah, 0
0561+  0A80 26 0A 00      mov b, 10
0562+  0A83 AE            div a, b
0563+  0A84 D8            push b      ; save remainder
0564+  0A85 B9 00         cmp al, 0
0565+  0A87 C6 91 0A      je skip10
0566+  0A8A 6A 30         add al, $30
0567+  0A8C 23            mov ah, al
0568+  0A8D 19 00         mov al, 0
0569+  0A8F 05 03         syscall sys_io  ; print coeff
0570+  0A91             skip10:
0571+  0A91 E4            pop a
0572+  0A92 1B            mov al, bl
0573+  0A93 6A 30         add al, $30
0574+  0A95 23            mov ah, al
0575+  0A96 19 00         mov al, 0
0576+  0A98 05 03         syscall sys_io  ; print coeff
0577+  0A9A E5            pop b
0578+  0A9B E4            pop a
0579+  0A9C 09            ret
0580+  0A9D             
0581+  0A9D             ;;;;;;;;;;;;;;;;;;;;;;;;;;;;;;;;;;;;;;;;;;;;;;;;;;;;;;;;;;;;;;;;;;;;;;;;;;;;;;;;;;;;;;;;;;;;;;;;;;;;;;;;;;;;;;;;;;
0582+  0A9D             ; INPUT 8BIT HEX INTEGER
0583+  0A9D             ; read 8bit integer into AL
0584+  0A9D             ;;;;;;;;;;;;;;;;;;;;;;;;;;;;;;;;;;;;;;;;;;;;;;;;;;;;;;;;;;;;;;;;;;;;;;;;;;;;;;;;;;;;;;;;;;;;;;;;;;;;;;;;;;;;;;;;;;
0585+  0A9D             scan_u8x:
0586+  0A9D F8 04 00      enter 4
0587+  0AA0 D8            push b
0588+  0AA1 DA            push d
0589+  0AA2             
0590+  0AA2 FA FD FF      lea d, [bp + -3]
0591+  0AA5 07 53 08      call _gets        ; get number
0592+  0AA8             
0593+  0AA8 32            mov bl, [d]
0594+  0AA9 37            mov bh, bl
0595+  0AAA 33 01 00      mov bl, [d + 1]
0596+  0AAD 07 02 08      call _atoi        ; convert to int in AL
0597+  0AB0             
0598+  0AB0 E7            pop d
0599+  0AB1 E5            pop b
0600+  0AB2 F9            leave
0601+  0AB3 09            ret
0602+  0AB4             
0603+  0AB4             ;;;;;;;;;;;;;;;;;;;;;;;;;;;;;;;;;;;;;;;;;;;;;;;;;;;;;;;;;;;;;;;;;;;;;;;;;;;;;;;;;;;;;;;
0604+  0AB4             ; input decimal number
0605+  0AB4             ; result in A
0606+  0AB4             ; 655'\0'
0607+  0AB4             ; low--------high
0608+  0AB4             ;;;;;;;;;;;;;;;;;;;;;;;;;;;;;;;;;;;;;;;;;;;;;;;;;;;;;;;;;;;;;;;;;;;;;;;;;;;;;;;;;;;;;;;
0609+  0AB4             scan_u16d:
0610+  0AB4 F8 08 00      enter 8
0611+  0AB7 E2            push si
0612+  0AB8 D8            push b
0613+  0AB9 D9            push c
0614+  0ABA DA            push d
0615+  0ABB FA F9 FF      lea d, [bp +- 7]
0616+  0ABE 07 53 08      call _gets
0617+  0AC1 07 A4 07      call _strlen      ; get string length in C
0618+  0AC4 7E            dec c
0619+  0AC5 FD 4E         mov si, d
0620+  0AC7 12            mov a, c
0621+  0AC8 FD 99         shl a
0622+  0ACA 3B 06 0B      mov d, table_power
0623+  0ACD 59            add d, a
0624+  0ACE 38 00 00      mov c, 0
0625+  0AD1             mul_loop:
0626+  0AD1 F6            lodsb      ; load ASCII to al
0627+  0AD2 B9 00         cmp al, 0
0628+  0AD4 C6 E7 0A      je mul_exit
0629+  0AD7 6F 30         sub al, $30    ; make into integer
0630+  0AD9 22 00         mov ah, 0
0631+  0ADB 2A            mov b, [d]
0632+  0ADC AC            mul a, b      ; result in B since it fits in 16bits
0633+  0ADD 11            mov a, b
0634+  0ADE 28            mov b, c
0635+  0ADF 54            add a, b
0636+  0AE0 39            mov c, a
0637+  0AE1 63 02 00      sub d, 2
0638+  0AE4 0A D1 0A      jmp mul_loop
0639+  0AE7             mul_exit:
0640+  0AE7 12            mov a, c
0641+  0AE8 E7            pop d
0642+  0AE9 E6            pop c
0643+  0AEA E5            pop b
0644+  0AEB EF            pop si
0645+  0AEC F9            leave
0646+  0AED 09            ret
0647+  0AEE             
0648+  0AEE             
0649+  0AEE 30 31 32 33 s_hex_digits:    .db "0123456789ABCDEF"  
0649+  0AF2 34 35 36 37 
0649+  0AF6 38 39 41 42 
0649+  0AFA 43 44 45 46 
0650+  0AFE 1B 5B 32 4A s_telnet_clear:  .db "\033[2J\033[H", 0
0650+  0B02 1B 5B 48 00 
0651+  0B06             
0652+  0B06             table_power:
0653+  0B06 01 00         .dw 1
0654+  0B08 0A 00         .dw 10
0655+  0B0A 64 00         .dw 100
0656+  0B0C E8 03         .dw 1000
0657+  0B0E 10 27         .dw 100000037   0B10             .include "lib/ctype.asm"
0001+  0B10             ;;;;;;;;;;;;;;;;;;;;;;;;;;;;;;;;;;;;;;;;;;;;;;;;;;;;;;;;;;;;;;;;;;;;;;;;;;;;;;;;;;;;;;;;;;;;;;;;;;;;;;;;;;;;;;;;;;
0002+  0B10             ; ctype.s
0003+  0B10             ;;;;;;;;;;;;;;;;;;;;;;;;;;;;;;;;;;;;;;;;;;;;;;;;;;;;;;;;;;;;;;;;;;;;;;;;;;;;;;;;;;;;;;;;;;;;;;;;;;;;;;;;;;;;;;;;;;
0004+  0B10             
0005+  0B10             ;;;;;;;;;;;;;;;;;;;;;;;;;;;;;;;;;;;;;;;;;;;;;;;;;;;;;;;;;;;;;;;;;;;;;;;;;;;;;;;;;;;;;;;;;;;;;;;;;;;;;;;;;;;;;;;;;;
0006+  0B10             ;; C character classification is an operation provided by a group of functions in the ANSI C Standard Library
0007+  0B10             ;; for the C programming language. These functions are used to test characters for membership in a particular
0008+  0B10             ;; class of characters, such as alphabetic characters, control characters, etc. Both single-byte, and wide
0009+  0B10             ;; characters are supported.
0010+  0B10             ;;;;;;;;;;;;;;;;;;;;;;;;;;;;;;;;;;;;;;;;;;;;;;;;;;;;;;;;;;;;;;;;;;;;;;;;;;;;;;;;;;;;;;;;;;;;;;;;;;;;;;;;;;;;;;;;;;
0011+  0B10             ;; _isalnum 
0012+  0B10             ;; _isalpha 
0013+  0B10             ;; islower 
0014+  0B10             ;; isupper 
0015+  0B10             ;; _isdigit 
0016+  0B10             ;; isxdigit
0017+  0B10             ;; iscntrl 
0018+  0B10             ;; isgraph 
0019+  0B10             ;; _isspace 
0020+  0B10             ;; isblank 
0021+  0B10             ;; isprint 
0022+  0B10             ;; ispunct 
0023+  0B10             ;; tolower 
0024+  0B10             ;; toupper
0025+  0B10             
0026+  0B10             
0027+  0B10             ;;;;;;;;;;;;;;;;;;;;;;;;;;;;;;;;;;;;;;;;;;;;;;;;;;;;;;;;;;;;;;;;;;;;;;;;;;;;;;;;;;
0028+  0B10             ;; IS ALPHANUMERIC
0029+  0B10             ;; sets ZF according with result
0030+  0B10             ;;;;;;;;;;;;;;;;;;;;;;;;;;;;;;;;;;;;;;;;;;;;;;;;;;;;;;;;;;;;;;;;;;;;;;;;;;;;;;;;;;
0031+  0B10             _isalnum:
0032+  0B10 07 2D 0B    	call _isalpha
0033+  0B13 C6 19 0B    	je _isalnum_exit
0034+  0B16 07 1A 0B    	call _isdigit
0035+  0B19             _isalnum_exit:
0036+  0B19 09          	ret	
0037+  0B1A             ;;;;;;;;;;;;;;;;;;;;;;;;;;;;;;;;;;;;;;;;;;;;;;;;;;;;;;;;;;;;;;;;;;;;;;;;;;;;;;;;;;
0038+  0B1A             ;; IS DIGIT
0039+  0B1A             ;; sets ZF according with result
0040+  0B1A             ;;;;;;;;;;;;;;;;;;;;;;;;;;;;;;;;;;;;;;;;;;;;;;;;;;;;;;;;;;;;;;;;;;;;;;;;;;;;;;;;;;
0041+  0B1A             _isdigit:
0042+  0B1A DB          	push al
0043+  0B1B B9 30       	cmp al, '0'
0044+  0B1D C8 29 0B    	jlu _isdigit_false
0045+  0B20 B9 39       	cmp al, '9'
0046+  0B22 D1 29 0B    	jgu _isdigit_false
0047+  0B25 87 00       	and al, 0	; set ZF
0048+  0B27 E8          	pop al
0049+  0B28 09          	ret
0050+  0B29             _isdigit_false:
0051+  0B29 8B 01       	or al, 1	; clear ZF
0052+  0B2B E8          	pop al
0053+  0B2C 09          	ret	
0054+  0B2D             	
0055+  0B2D             ;;;;;;;;;;;;;;;;;;;;;;;;;;;;;;;;;;;;;;;;;;;;;;;;;;;;;;;;;;;;;;;;;;;;;;;;;;;;;;;;;;
0056+  0B2D             ;; IS ALPHA
0057+  0B2D             ;; sets ZF according with result
0058+  0B2D             ;;;;;;;;;;;;;;;;;;;;;;;;;;;;;;;;;;;;;;;;;;;;;;;;;;;;;;;;;;;;;;;;;;;;;;;;;;;;;;;;;;
0059+  0B2D             _isalpha:
0060+  0B2D DB          	push al
0061+  0B2E B9 5F       	cmp al, '_'
0062+  0B30 C6 50 0B    	je _isalpha_true
0063+  0B33 B9 2E       	cmp al, '.'
0064+  0B35 C6 50 0B    	je _isalpha_true
0065+  0B38 B9 41       	cmp al, 'A'
0066+  0B3A C8 4C 0B    	jlu _isalpha_false
0067+  0B3D B9 7A       	cmp al, 'z'
0068+  0B3F D1 4C 0B    	jgu _isalpha_false
0069+  0B42 B9 5A       	cmp al, 'Z'
0070+  0B44 D0 50 0B    	jleu _isalpha_true
0071+  0B47 B9 61       	cmp al, 'a'
0072+  0B49 C9 50 0B    	jgeu _isalpha_true
0073+  0B4C             _isalpha_false:
0074+  0B4C 8B 01       	or al, 1	; clear ZF
0075+  0B4E E8          	pop al
0076+  0B4F 09          	ret
0077+  0B50             _isalpha_true:
0078+  0B50 87 00       	and al, 0	; set ZF
0079+  0B52 E8          	pop al
0080+  0B53 09          	ret
0081+  0B54             
0082+  0B54             ;;;;;;;;;;;;;;;;;;;;;;;;;;;;;;;;;;;;;;;;;;;;;;;;;;;;;;;;;;;;;;;;;;;;;;;;;;;;;;;;;;
0083+  0B54             ;; IS PATH-ALPHA
0084+  0B54             ;; sets ZF according with result
0085+  0B54             ;;;;;;;;;;;;;;;;;;;;;;;;;;;;;;;;;;;;;;;;;;;;;;;;;;;;;;;;;;;;;;;;;;;;;;;;;;;;;;;;;;
0086+  0B54             ispath:
0087+  0B54 DB          	push al
0088+  0B55 07 1A 0B    	call _isdigit
0089+  0B58 C6 82 0B    	je ispath_true
0090+  0B5B B9 5F       	cmp al, '_'
0091+  0B5D C6 82 0B    	je ispath_true
0092+  0B60 B9 2F       	cmp al, '/'
0093+  0B62 C6 82 0B    	je ispath_true
0094+  0B65 B9 2E       	cmp al, '.'
0095+  0B67 C6 82 0B    	je ispath_true
0096+  0B6A B9 41       	cmp al, 'A'
0097+  0B6C C8 7E 0B    	jlu ispath_false
0098+  0B6F B9 7A       	cmp al, 'z'
0099+  0B71 D1 7E 0B    	jgu ispath_false
0100+  0B74 B9 5A       	cmp al, 'Z'
0101+  0B76 D0 82 0B    	jleu ispath_true
0102+  0B79 B9 61       	cmp al, 'a'
0103+  0B7B C9 82 0B    	jgeu ispath_true
0104+  0B7E             ispath_false:
0105+  0B7E 8B 01       	or al, 1	; clear ZF
0106+  0B80 E8          	pop al
0107+  0B81 09          	ret
0108+  0B82             ispath_true:
0109+  0B82 87 00       	and al, 0	; set ZF
0110+  0B84 E8          	pop al
0111+  0B85 09          	ret
0112+  0B86             ;;;;;;;;;;;;;;;;;;;;;;;;;;;;;;;;;;;;;;;;;;;;;;;;;;;;;;;;;;;;;;;;;;;;;;;;;;;;;;;;;;
0113+  0B86             ;; IS SPACE
0114+  0B86             ;; sets ZF according with result
0115+  0B86             ;;;;;;;;;;;;;;;;;;;;;;;;;;;;;;;;;;;;;;;;;;;;;;;;;;;;;;;;;;;;;;;;;;;;;;;;;;;;;;;;;;
0116+  0B86             _isspace:
0117+  0B86 B9 20       	cmp al, $20		; ' '
0118+  0B88 C6 9C 0B    	je _isspace_exit
0119+  0B8B B9 09       	cmp al, $09		; '\t'
0120+  0B8D C6 9C 0B    	je _isspace_exit
0121+  0B90 B9 0A       	cmp al, $0A		; '\n'
0122+  0B92 C6 9C 0B    	je _isspace_exit
0123+  0B95 B9 0D       	cmp al, $0D		; '\r'
0124+  0B97 C6 9C 0B    	je _isspace_exit
0125+  0B9A B9 0B       	cmp al, $0B		; '\v'
0126+  0B9C             _isspace_exit:
0127+  0B9C 09          	ret	
0128+  0B9D             
0129+  0B9D             ;;;;;;;;;;;;;;;;;;;;;;;;;;;;;;;;;;;;;;;;;;;;;;;;;;;;;;;;;;;;;;;;;;;;;;;;;;;;;;;;;;;;;;;;;;;;;;;;;;;;;;;;;;;;;;;;;;
0130+  0B9D             ; TO LOWER
0131+  0B9D             ; input in AL
0132+  0B9D             ; output in AL
0133+  0B9D             ;;;;;;;;;;;;;;;;;;;;;;;;;;;;;;;;;;;;;;;;;;;;;;;;;;;;;;;;;;;;;;;;;;;;;;;;;;;;;;;;;;;;;;;;;;;;;;;;;;;;;;;;;;;;;;;;;;
0134+  0B9D             _to_lower:
0135+  0B9D B9 5A       	cmp al, 'Z'
0136+  0B9F D1 A4 0B    	jgu _to_lower_ret
0137+  0BA2 6A 20       	add al, $20				; convert to lower case
0138+  0BA4             _to_lower_ret:
0139+  0BA4 09          	ret
0140+  0BA5             ;;;;;;;;;;;;;;;;;;;;;;;;;;;;;;;;;;;;;;;;;;;;;;;;;;;;;;;;;;;;;;;;;;;;;;;;;;;;;;;;;;;;;;;;;;;;;;;;;;;;;;;;;;;;;;;;;;
0141+  0BA5             ; TO UPPER
0142+  0BA5             ; input in AL
0143+  0BA5             ; output in AL
0144+  0BA5             ;;;;;;;;;;;;;;;;;;;;;;;;;;;;;;;;;;;;;;;;;;;;;;;;;;;;;;;;;;;;;;;;;;;;;;;;;;;;;;;;;;;;;;;;;;;;;;;;;;;;;;;;;;;;;;;;;;
0145+  0BA5             _to_upper:
0146+  0BA5 B9 61       	cmp al, 'a'
0147+  0BA7 C8 AC 0B    	jlu _to_upper_ret
0148+  0BAA 6F 20       	sub al, $20			; convert to upper case
0149+  0BAC             _to_upper_ret:
0150+  0BAC 09          	ret
0151+  0BAD             
0038   0BAD             
0039   0BAD             .end
0040   0BAD             
0041   0BAD             
0042   0BAD             
tasm: Number of errors = 0
