0001   0000             .include "lib/kernel.exp"
0001+  0000             TEXT_ORG         .EQU  $0400
0002+  0000             sys_break        .EQU  $0000
0003+  0000             sys_rtc          .EQU  $0001
0004+  0000             sys_ide          .EQU  $0002
0005+  0000             sys_io           .EQU  $0003
0006+  0000             sys_filesystem   .EQU  $0004
0007+  0000             sys_spawn_proc   .EQU  $0005
0008+  0000             sys_list         .EQU  $0006
0009+  0000             sys_datetime     .EQU  $0007
0010+  0000             sys_reboot       .EQU  $0008
0011+  0000             sys_pause_proc   .EQU  $0009
0012+  0000             sys_resume_proc  .EQU  $000a
0013+  0000             sys_terminate_proc .EQU  $000b
0014+  0000             sys_system       .EQU  $000c
0002   0000             
0003   0400             .org TEXT_ORG			; origin at 1024
0004   0400             
0005   0400             cmd_man:
0006   0400 3B DB 0C      mov d, s_telnet_clear
0007   0403 07 97 0B      call _puts
0008   0406 10 00 00      mov a, 0
0009   0409 42 7F 08      mov [prog], a			; move tokennizer pointer to the beginning of the arguments area (address 0)
0010   040C 07 E0 06      call get_token
0011   040F 1D 82 08      mov al, [tok]
0012   0412 B9 14         cmp al, TOK_END
0013   0414 C6 41 04      je cmd_man_fail
0014   0417             
0015   0417 FD 4D 43 04   mov si, manpath
0016   041B FD 4F 53 04   mov di, temp_data
0017   041F 07 EF 09      call _strcpy        ; complete path with command name
0018   0422 FD 4D 83 08   mov si, tokstr
0019   0426 FD 4F 53 04   mov di, temp_data
0020   042A 07 FD 09      call _strcat        ; complete path with command name
0021   042D 3B 53 04      mov d, temp_data
0022   0430 FD 4F 8A 0D   mov di, transient_area
0023   0434 19 14         mov al, 20
0024   0436 05 04         syscall sys_filesystem
0025   0438 3B 8A 0D      mov d, transient_area
0026   043B 07 97 0B      call _puts
0027   043E 07 44 0B      call printnl
0028   0441             cmd_man_fail:
0029   0441 05 0B       	syscall sys_terminate_proc
0030   0443             
0031   0443 2F 75 73 72 manpath:  .db "/usr/share/man/", 0
0031   0447 2F 73 68 61 
0031   044B 72 65 2F 6D 
0031   044F 61 6E 2F 00 
0032   0453 00 00 00 00 temp_data: .fill 512, 0
0032   0457 00 00 00 00 
0032   045B 00 00 00 00 
0032   045F 00 00 00 00 
0032   0463 00 00 00 00 
0032   0467 00 00 00 00 
0032   046B 00 00 00 00 
0032   046F 00 00 00 00 
0032   0473 00 00 00 00 
0032   0477 00 00 00 00 
0032   047B 00 00 00 00 
0032   047F 00 00 00 00 
0032   0483 00 00 00 00 
0032   0487 00 00 00 00 
0032   048B 00 00 00 00 
0032   048F 00 00 00 00 
0032   0493 00 00 00 00 
0032   0497 00 00 00 00 
0032   049B 00 00 00 00 
0032   049F 00 00 00 00 
0032   04A3 00 00 00 00 
0032   04A7 00 00 00 00 
0032   04AB 00 00 00 00 
0032   04AF 00 00 00 00 
0032   04B3 00 00 00 00 
0032   04B7 00 00 00 00 
0032   04BB 00 00 00 00 
0032   04BF 00 00 00 00 
0032   04C3 00 00 00 00 
0032   04C7 00 00 00 00 
0032   04CB 00 00 00 00 
0032   04CF 00 00 00 00 
0032   04D3 00 00 00 00 
0032   04D7 00 00 00 00 
0032   04DB 00 00 00 00 
0032   04DF 00 00 00 00 
0032   04E3 00 00 00 00 
0032   04E7 00 00 00 00 
0032   04EB 00 00 00 00 
0032   04EF 00 00 00 00 
0032   04F3 00 00 00 00 
0032   04F7 00 00 00 00 
0032   04FB 00 00 00 00 
0032   04FF 00 00 00 00 
0032   0503 00 00 00 00 
0032   0507 00 00 00 00 
0032   050B 00 00 00 00 
0032   050F 00 00 00 00 
0032   0513 00 00 00 00 
0032   0517 00 00 00 00 
0032   051B 00 00 00 00 
0032   051F 00 00 00 00 
0032   0523 00 00 00 00 
0032   0527 00 00 00 00 
0032   052B 00 00 00 00 
0032   052F 00 00 00 00 
0032   0533 00 00 00 00 
0032   0537 00 00 00 00 
0032   053B 00 00 00 00 
0032   053F 00 00 00 00 
0032   0543 00 00 00 00 
0032   0547 00 00 00 00 
0032   054B 00 00 00 00 
0032   054F 00 00 00 00 
0032   0553 00 00 00 00 
0032   0557 00 00 00 00 
0032   055B 00 00 00 00 
0032   055F 00 00 00 00 
0032   0563 00 00 00 00 
0032   0567 00 00 00 00 
0032   056B 00 00 00 00 
0032   056F 00 00 00 00 
0032   0573 00 00 00 00 
0032   0577 00 00 00 00 
0032   057B 00 00 00 00 
0032   057F 00 00 00 00 
0032   0583 00 00 00 00 
0032   0587 00 00 00 00 
0032   058B 00 00 00 00 
0032   058F 00 00 00 00 
0032   0593 00 00 00 00 
0032   0597 00 00 00 00 
0032   059B 00 00 00 00 
0032   059F 00 00 00 00 
0032   05A3 00 00 00 00 
0032   05A7 00 00 00 00 
0032   05AB 00 00 00 00 
0032   05AF 00 00 00 00 
0032   05B3 00 00 00 00 
0032   05B7 00 00 00 00 
0032   05BB 00 00 00 00 
0032   05BF 00 00 00 00 
0032   05C3 00 00 00 00 
0032   05C7 00 00 00 00 
0032   05CB 00 00 00 00 
0032   05CF 00 00 00 00 
0032   05D3 00 00 00 00 
0032   05D7 00 00 00 00 
0032   05DB 00 00 00 00 
0032   05DF 00 00 00 00 
0032   05E3 00 00 00 00 
0032   05E7 00 00 00 00 
0032   05EB 00 00 00 00 
0032   05EF 00 00 00 00 
0032   05F3 00 00 00 00 
0032   05F7 00 00 00 00 
0032   05FB 00 00 00 00 
0032   05FF 00 00 00 00 
0032   0603 00 00 00 00 
0032   0607 00 00 00 00 
0032   060B 00 00 00 00 
0032   060F 00 00 00 00 
0032   0613 00 00 00 00 
0032   0617 00 00 00 00 
0032   061B 00 00 00 00 
0032   061F 00 00 00 00 
0032   0623 00 00 00 00 
0032   0627 00 00 00 00 
0032   062B 00 00 00 00 
0032   062F 00 00 00 00 
0032   0633 00 00 00 00 
0032   0637 00 00 00 00 
0032   063B 00 00 00 00 
0032   063F 00 00 00 00 
0032   0643 00 00 00 00 
0032   0647 00 00 00 00 
0032   064B 00 00 00 00 
0032   064F 00 00 00 00 
0033   0653 2F 00       s_fslash:  .db "/", 0
0034   0655             
0035   0655             .include "lib/token.asm"
0001+  0655             TOKTYP_IDENTIFIER  .equ 0
0002+  0655             TOKTYP_KEYWORD     .equ 1
0003+  0655             TOKTYP_DELIMITER   .equ 2
0004+  0655             TOKTYP_STRING      .equ 3
0005+  0655             TOKTYP_CHAR        .equ 4
0006+  0655             TOKTYP_NUMERIC     .equ 5
0007+  0655             TOKTYP_END         .equ 6
0008+  0655             
0009+  0655             TOK_NULL           .equ 0
0010+  0655             TOK_FSLASH         .equ 1
0011+  0655             TOK_TIMES          .equ 2
0012+  0655             TOK_PLUS           .equ 3
0013+  0655             TOK_MINUS          .equ 4
0014+  0655             TOK_DOT            .equ 5
0015+  0655             TOK_SEMI           .equ 6
0016+  0655             TOK_ANGLE          .equ 7
0017+  0655             TOK_TILDE          .equ 8
0018+  0655             TOK_EQUAL          .equ 9
0019+  0655             TOK_COLON          .equ 10
0020+  0655             TOK_COMMA          .equ 11
0021+  0655             
0022+  0655             TOK_END            .equ 20
0023+  0655             
0024+  0655             
0025+  0655             ;;;;;;;;;;;;;;;;;;;;;;;;;;;;;;;;;;;;;;;;;;;;;;;;;;;;;;;;;;;;;;;;;;;;;;;;;;;;;;;;;;
0026+  0655             ;; read a full command argment from shell input buffer
0027+  0655             ;; argument is written into tokstr
0028+  0655             ;;;;;;;;;;;;;;;;;;;;;;;;;;;;;;;;;;;;;;;;;;;;;;;;;;;;;;;;;;;;;;;;;;;;;;;;;;;;;;;;;;
0029+  0655             get_arg:
0030+  0655 D7            push a
0031+  0656 E2            push si
0032+  0657 E3            push di
0033+  0658 19 00         mov al, 0
0034+  065A 3D 83 08      mov [tokstr], al      ; nullify tokstr string
0035+  065D 14 7F 08      mov a, [prog]
0036+  0660 4D            mov si, a
0037+  0661 FD 4F 83 08   mov di, tokstr
0038+  0665             get_arg_skip_spaces:
0039+  0665 F6            lodsb
0040+  0666 07 63 0D      call _isspace
0041+  0669 C6 65 06      je get_arg_skip_spaces
0042+  066C             get_arg_L0:
0043+  066C B9 3B         cmp al, $3B        ; check if is ';'
0044+  066E C6 7B 06      je get_arg_end
0045+  0671 B9 00         cmp al, 0
0046+  0673 C6 7B 06      je get_arg_end      ; check if end of input
0047+  0676 F7            stosb
0048+  0677 F6            lodsb
0049+  0678 0A 6C 06      jmp get_arg_L0
0050+  067B             get_arg_end:
0051+  067B 19 00         mov al, 0
0052+  067D F7            stosb
0053+  067E D5 01 00      sub si, 1
0054+  0681 4E            mov a, si
0055+  0682 42 7F 08      mov [prog], a    ; update pointer
0056+  0685 F0            pop di
0057+  0686 EF            pop si
0058+  0687 E4            pop a
0059+  0688 09            ret
0060+  0689             
0061+  0689             ;;;;;;;;;;;;;;;;;;;;;;;;;;;;;;;;;;;;;;;;;;;;;;;;;;;;;;;;;;;;;;;;;;;;;;;;;;;;;;;;;;
0062+  0689             ;; read a path formation from shell input buffer
0063+  0689             ;; path is written into tokstr
0064+  0689             ;; /usr/bin
0065+  0689             ;;;;;;;;;;;;;;;;;;;;;;;;;;;;;;;;;;;;;;;;;;;;;;;;;;;;;;;;;;;;;;;;;;;;;;;;;;;;;;;;;;
0066+  0689             get_path:
0067+  0689 D7            push a
0068+  068A E2            push si
0069+  068B E3            push di
0070+  068C 19 00         mov al, 0
0071+  068E 3D 83 08      mov [tokstr], al      ; nullify tokstr string
0072+  0691 14 7F 08      mov a, [prog]
0073+  0694 4D            mov si, a
0074+  0695 FD 4F 83 08   mov di, tokstr
0075+  0699             get_path_skip_spaces:
0076+  0699 F6            lodsb
0077+  069A 07 63 0D      call _isspace
0078+  069D C6 99 06      je get_path_skip_spaces
0079+  06A0             get_path_is_pathchar:
0080+  06A0 F7            stosb
0081+  06A1 F6            lodsb
0082+  06A2 07 ED 0C      call _isalnum      ;check if is alphanumeric
0083+  06A5 C6 A0 06      je get_path_is_pathchar
0084+  06A8 B9 2F         cmp al, '/'        ; check if is '/'
0085+  06AA C6 A0 06      je get_path_is_pathchar
0086+  06AD 19 00         mov al, 0
0087+  06AF F7            stosb
0088+  06B0 D5 01 00      sub si, 1
0089+  06B3 4E            mov a, si
0090+  06B4 42 7F 08      mov [prog], a    ; update pointer
0091+  06B7             get_path_end:
0092+  06B7 F0            pop di
0093+  06B8 EF            pop si
0094+  06B9 E4            pop a
0095+  06BA 09            ret
0096+  06BB             
0097+  06BB             ;;;;;;;;;;;;;;;;;;;;;;;;;;;;;;;;;;;;;;;;;;;;;;;;;;;;;;;;;;;;;;;;;;;;;;;;;;;;;;;;;;
0098+  06BB             ;; read a line
0099+  06BB             ;; line is written into tokstr
0100+  06BB             ;;;;;;;;;;;;;;;;;;;;;;;;;;;;;;;;;;;;;;;;;;;;;;;;;;;;;;;;;;;;;;;;;;;;;;;;;;;;;;;;;;
0101+  06BB             get_line:
0102+  06BB D7            push a
0103+  06BC E2            push si
0104+  06BD E3            push di
0105+  06BE 19 00         mov al, 0
0106+  06C0 3D 83 08      mov [tokstr], al      ; nullify tokstr string
0107+  06C3 14 7F 08      mov a, [prog]
0108+  06C6 4D            mov si, a
0109+  06C7 FD 4F 83 08   mov di, tokstr
0110+  06CB             get_line_L0:
0111+  06CB F6            lodsb
0112+  06CC B9 0A         cmp al, $0A    ; check for new line
0113+  06CE C6 D5 06      je get_line_exit
0114+  06D1 F7            stosb
0115+  06D2 0A CB 06      jmp get_line_L0
0116+  06D5             get_line_exit:
0117+  06D5 19 00         mov al, 0
0118+  06D7 F7            stosb
0119+  06D8 4E            mov a, si
0120+  06D9 42 7F 08      mov [prog], a    ; update pointer
0121+  06DC F0            pop di
0122+  06DD EF            pop si
0123+  06DE E4            pop a
0124+  06DF 09            ret
0125+  06E0             
0126+  06E0             ;;;;;;;;;;;;;;;;;;;;;;;;;;;;;;;;;;;;;;;;;;;;;;;;;;;;;;;;;;;;;;;;;;;;;;;;;;;;;;;;;;
0127+  06E0             ;; token parser
0128+  06E0             ;;;;;;;;;;;;;;;;;;;;;;;;;;;;;;;;;;;;;;;;;;;;;;;;;;;;;;;;;;;;;;;;;;;;;;;;;;;;;;;;;;
0129+  06E0             get_token:
0130+  06E0 D7            push a
0131+  06E1 DA            push d
0132+  06E2 E2            push si
0133+  06E3 E3            push di
0134+  06E4 19 00         mov al, 0
0135+  06E6 3D 83 08      mov [tokstr], al      ; nullify tokstr string
0136+  06E9 19 00         mov al, TOK_NULL
0137+  06EB 3D 82 08      mov [tok], al        ; nullify token
0138+  06EE 14 7F 08      mov a, [prog]
0139+  06F1 4D            mov si, a
0140+  06F2 FD 4F 83 08   mov di, tokstr
0141+  06F6             get_tok_skip_spaces:
0142+  06F6 F6            lodsb
0143+  06F7 07 63 0D      call _isspace
0144+  06FA C6 F6 06      je get_tok_skip_spaces
0145+  06FD B9 00         cmp al, 0      ; check for end of input (NULL)
0146+  06FF C6 E4 07      je get_token_end
0147+  0702 B9 23         cmp al, '#'      ; comments!
0148+  0704 C6 12 08      je get_tok_comment
0149+  0707 07 ED 0C      call _isalnum
0150+  070A C6 F1 07      jz is_alphanumeric
0151+  070D             ; other token types
0152+  070D             get_token_slash:
0153+  070D B9 2F         cmp al, '/'        ; check if '/'
0154+  070F C7 27 07      jne get_token_minus
0155+  0712 F7            stosb          ; store '/' into token string
0156+  0713 19 00         mov al, 0
0157+  0715 F7            stosb          ; terminate token string
0158+  0716 19 01         mov al, TOK_FSLASH
0159+  0718 3D 82 08      mov [tok], al      
0160+  071B 19 02         mov al, TOKTYP_DELIMITER
0161+  071D 3D 81 08      mov [toktyp], al
0162+  0720 4E            mov a, si
0163+  0721 42 7F 08      mov [prog], a    ; update pointer
0164+  0724 0A 0D 08      jmp get_token_return
0165+  0727             get_token_minus:
0166+  0727 B9 2D         cmp al, '-'        ; check if '-'
0167+  0729 C7 41 07      jne get_token_comma
0168+  072C F7            stosb          ; store '-' into token string
0169+  072D 19 00         mov al, 0
0170+  072F F7            stosb          ; terminate token string
0171+  0730 19 04         mov al, TOK_MINUS
0172+  0732 3D 82 08      mov [tok], al      
0173+  0735 19 02         mov al, TOKTYP_DELIMITER
0174+  0737 3D 81 08      mov [toktyp], al
0175+  073A 4E            mov a, si
0176+  073B 42 7F 08      mov [prog], a    ; update pointer
0177+  073E 0A 0D 08      jmp get_token_return
0178+  0741             get_token_comma:
0179+  0741 B9 2C         cmp al, ','        ; check if ','
0180+  0743 C7 5B 07      jne get_token_semi
0181+  0746 F7            stosb          ; store ',' into token string
0182+  0747 19 00         mov al, 0
0183+  0749 F7            stosb          ; terminate token string
0184+  074A 19 0B         mov al, TOK_COMMA
0185+  074C 3D 82 08      mov [tok], al      
0186+  074F 19 02         mov al, TOKTYP_DELIMITER
0187+  0751 3D 81 08      mov [toktyp], al
0188+  0754 4E            mov a, si
0189+  0755 42 7F 08      mov [prog], a    ; update pointer
0190+  0758 0A 0D 08      jmp get_token_return
0191+  075B             get_token_semi:
0192+  075B B9 3B         cmp al, $3B        ; check if ';'
0193+  075D C7 75 07      jne get_token_colon
0194+  0760 F7            stosb          ; store ';' into token string
0195+  0761 19 00         mov al, 0
0196+  0763 F7            stosb          ; terminate token string
0197+  0764 19 06         mov al, TOK_SEMI
0198+  0766 3D 82 08      mov [tok], al      
0199+  0769 19 02         mov al, TOKTYP_DELIMITER
0200+  076B 3D 81 08      mov [toktyp], al
0201+  076E 4E            mov a, si
0202+  076F 42 7F 08      mov [prog], a    ; update pointer
0203+  0772 0A 0D 08      jmp get_token_return
0204+  0775             get_token_colon:
0205+  0775 B9 3A         cmp al, $3A        ; check if ':'
0206+  0777 C7 8F 07      jne get_token_angle
0207+  077A F7            stosb          ; store ':' into token string
0208+  077B 19 00         mov al, 0
0209+  077D F7            stosb          ; terminate token string
0210+  077E 19 0A         mov al, TOK_COLON
0211+  0780 3D 82 08      mov [tok], al      
0212+  0783 19 02         mov al, TOKTYP_DELIMITER
0213+  0785 3D 81 08      mov [toktyp], al
0214+  0788 4E            mov a, si
0215+  0789 42 7F 08      mov [prog], a    ; update pointer
0216+  078C 0A 0D 08      jmp get_token_return
0217+  078F             get_token_angle:
0218+  078F B9 3E         cmp al, $3E        ; check if '>'
0219+  0791 C7 A9 07      jne get_token_tilde
0220+  0794 F7            stosb          ; store '>' into token string
0221+  0795 19 00         mov al, 0
0222+  0797 F7            stosb          ; terminate token string
0223+  0798 19 07         mov al, TOK_ANGLE
0224+  079A 3D 82 08      mov [tok], al      
0225+  079D 19 02         mov al, TOKTYP_DELIMITER
0226+  079F 3D 81 08      mov [toktyp], al
0227+  07A2 4E            mov a, si
0228+  07A3 42 7F 08      mov [prog], a    ; update pointer
0229+  07A6 0A 0D 08      jmp get_token_return
0230+  07A9             get_token_tilde:
0231+  07A9 B9 7E         cmp al, '~'        ; check if '~'
0232+  07AB C7 C3 07      jne get_token_equal
0233+  07AE F7            stosb          ; store '~' into token string
0234+  07AF 19 00         mov al, 0
0235+  07B1 F7            stosb          ; terminate token string
0236+  07B2 19 08         mov al, TOK_TILDE
0237+  07B4 3D 82 08      mov [tok], al      
0238+  07B7 19 02         mov al, TOKTYP_DELIMITER
0239+  07B9 3D 81 08      mov [toktyp], al
0240+  07BC 4E            mov a, si
0241+  07BD 42 7F 08      mov [prog], a    ; update pointer
0242+  07C0 0A 0D 08      jmp get_token_return
0243+  07C3             get_token_equal:
0244+  07C3 B9 3D         cmp al, '='        ; check if '='
0245+  07C5 C7 DD 07      jne get_token_skip
0246+  07C8 F7            stosb          ; store '=' into token string
0247+  07C9 19 00         mov al, 0
0248+  07CB F7            stosb          ; terminate token string
0249+  07CC 19 09         mov al, TOK_EQUAL
0250+  07CE 3D 82 08      mov [tok], al      
0251+  07D1 19 02         mov al, TOKTYP_DELIMITER
0252+  07D3 3D 81 08      mov [toktyp], al
0253+  07D6 4E            mov a, si
0254+  07D7 42 7F 08      mov [prog], a    ; update pointer
0255+  07DA 0A 0D 08      jmp get_token_return
0256+  07DD             get_token_skip:
0257+  07DD 4E            mov a, si
0258+  07DE 42 7F 08      mov [prog], a    ; update pointer
0259+  07E1 0A 0D 08      jmp get_token_return
0260+  07E4             get_token_end:        ; end of file token
0261+  07E4 19 14         mov al, TOK_END
0262+  07E6 3D 82 08      mov [tok], al
0263+  07E9 19 06         mov al, TOKTYP_END
0264+  07EB 3D 81 08      mov [toktyp], al
0265+  07EE 0A 0D 08      jmp get_token_return
0266+  07F1             is_alphanumeric:
0267+  07F1 F7            stosb
0268+  07F2 F6            lodsb
0269+  07F3 07 ED 0C      call _isalnum      ;check if is alphanumeric
0270+  07F6 C6 F1 07      jz is_alphanumeric
0271+  07F9 B9 2E         cmp al, $2E        ; check if is '.'
0272+  07FB C6 F1 07      je is_alphanumeric
0273+  07FE 19 00         mov al, 0
0274+  0800 F7            stosb
0275+  0801 19 00         mov al, TOKTYP_IDENTIFIER
0276+  0803 3D 81 08      mov [toktyp], al
0277+  0806 D5 01 00      sub si, 1
0278+  0809 4E            mov a, si
0279+  080A 42 7F 08      mov [prog], a    ; update pointer
0280+  080D             get_token_return:
0281+  080D F0            pop di
0282+  080E EF            pop si
0283+  080F E7            pop d
0284+  0810 E4            pop a
0285+  0811 09            ret
0286+  0812             get_tok_comment:
0287+  0812 F6            lodsb
0288+  0813 B9 0A         cmp al, $0A      ; new line
0289+  0815 C7 12 08      jne get_tok_comment
0290+  0818 0A F6 06      jmp get_tok_skip_spaces
0291+  081B             
0292+  081B             
0293+  081B             get_number:
0294+  081B D7            push a
0295+  081C DA            push d
0296+  081D E2            push si
0297+  081E E3            push di
0298+  081F 19 00         mov al, 0
0299+  0821 3D 83 08      mov [tokstr], al      ; nullify tokstr string
0300+  0824 19 00         mov al, TOK_NULL
0301+  0826 3D 82 08      mov [tok], al        ; nullify token
0302+  0829 14 7F 08      mov a, [prog]
0303+  082C 4D            mov si, a
0304+  082D FD 4F 83 08   mov di, tokstr
0305+  0831             get_number_skip_spaces:
0306+  0831 F6            lodsb
0307+  0832 07 63 0D      call _isspace
0308+  0835 C6 31 08      je get_number_skip_spaces
0309+  0838 B9 00         cmp al, 0      ; check for end of input (NULL)
0310+  083A C7 4A 08      jne get_number_L0
0311+  083D 19 14         mov al, TOK_END
0312+  083F 3D 82 08      mov [tok], al
0313+  0842 19 06         mov al, TOKTYP_END
0314+  0844 3D 81 08      mov [toktyp], al
0315+  0847 0A 61 08      jmp get_number_return
0316+  084A             get_number_L0:
0317+  084A F7            stosb
0318+  084B F6            lodsb
0319+  084C 07 F7 0C      call _isdigit      ;check if is numeric
0320+  084F C6 4A 08      jz get_number_L0
0321+  0852 19 00         mov al, 0
0322+  0854 F7            stosb
0323+  0855 19 05         mov al, TOKTYP_NUMERIC
0324+  0857 3D 81 08      mov [toktyp], al
0325+  085A D5 01 00      sub si, 1
0326+  085D 4E            mov a, si
0327+  085E 42 7F 08      mov [prog], a    ; update pointer
0328+  0861             get_number_return:
0329+  0861 F0            pop di
0330+  0862 EF            pop si
0331+  0863 E7            pop d
0332+  0864 E4            pop a
0333+  0865 09            ret
0334+  0866             
0335+  0866             ;;;;;;;;;;;;;;;;;;;;;;;;;;;;;;;;;;;;;;;;;;;;;;;;;;;;;;;;;;;;;;;;;;;;;;;;;;;;;;;;;;
0336+  0866             ;; PUT BACK TOKEN
0337+  0866             ;;;;;;;;;;;;;;;;;;;;;;;;;;;;;;;;;;;;;;;;;;;;;;;;;;;;;;;;;;;;;;;;;;;;;;;;;;;;;;;;;;  
0338+  0866             _putback:
0339+  0866 D7            push a
0340+  0867 E2            push si
0341+  0868 FD 4D 83 08   mov si, tokstr  
0342+  086C             _putback_loop:
0343+  086C F6            lodsb
0344+  086D B9 00         cmp al, 0
0345+  086F C6 7C 08      je _putback_end
0346+  0872 14 7F 08      mov a, [prog]
0347+  0875 7D            dec a
0348+  0876 42 7F 08      mov [prog], a      ; update pointer
0349+  0879 0A 6C 08      jmp _putback_loop
0350+  087C             _putback_end:
0351+  087C EF            pop si
0352+  087D E4            pop a
0353+  087E 09            ret
0354+  087F             
0355+  087F             
0356+  087F             
0357+  087F             
0358+  087F 00 00       prog:      .dw 0          ; pointer to current position in buffer
0359+  0881             
0360+  0881 00          toktyp:    .db 0          ; token type symbol
0361+  0882 00          tok:       .db 0          ; current token symbol
0362+  0883 00 00 00 00 tokstr:    .fill 256, 0   ; token as a string
0362+  0887 00 00 00 00 
0362+  088B 00 00 00 00 
0362+  088F 00 00 00 00 
0362+  0893 00 00 00 00 
0362+  0897 00 00 00 00 
0362+  089B 00 00 00 00 
0362+  089F 00 00 00 00 
0362+  08A3 00 00 00 00 
0362+  08A7 00 00 00 00 
0362+  08AB 00 00 00 00 
0362+  08AF 00 00 00 00 
0362+  08B3 00 00 00 00 
0362+  08B7 00 00 00 00 
0362+  08BB 00 00 00 00 
0362+  08BF 00 00 00 00 
0362+  08C3 00 00 00 00 
0362+  08C7 00 00 00 00 
0362+  08CB 00 00 00 00 
0362+  08CF 00 00 00 00 
0362+  08D3 00 00 00 00 
0362+  08D7 00 00 00 00 
0362+  08DB 00 00 00 00 
0362+  08DF 00 00 00 00 
0362+  08E3 00 00 00 00 
0362+  08E7 00 00 00 00 
0362+  08EB 00 00 00 00 
0362+  08EF 00 00 00 00 
0362+  08F3 00 00 00 00 
0362+  08F7 00 00 00 00 
0362+  08FB 00 00 00 00 
0362+  08FF 00 00 00 00 
0362+  0903 00 00 00 00 
0362+  0907 00 00 00 00 
0362+  090B 00 00 00 00 
0362+  090F 00 00 00 00 
0362+  0913 00 00 00 00 
0362+  0917 00 00 00 00 
0362+  091B 00 00 00 00 
0362+  091F 00 00 00 00 
0362+  0923 00 00 00 00 
0362+  0927 00 00 00 00 
0362+  092B 00 00 00 00 
0362+  092F 00 00 00 00 
0362+  0933 00 00 00 00 
0362+  0937 00 00 00 00 
0362+  093B 00 00 00 00 
0362+  093F 00 00 00 00 
0362+  0943 00 00 00 00 
0362+  0947 00 00 00 00 
0362+  094B 00 00 00 00 
0362+  094F 00 00 00 00 
0362+  0953 00 00 00 00 
0362+  0957 00 00 00 00 
0362+  095B 00 00 00 00 
0362+  095F 00 00 00 00 
0362+  0963 00 00 00 00 
0362+  0967 00 00 00 00 
0362+  096B 00 00 00 00 
0362+  096F 00 00 00 00 
0362+  0973 00 00 00 00 
0362+  0977 00 00 00 00 
0362+  097B 00 00 00 00 
0362+  097F 00 00 00 00 
0036   0983             .include "lib/stdio.asm"
0001+  0983             ;;;;;;;;;;;;;;;;;;;;;;;;;;;;;;;;;;;;;;;;;;;;;;;;;;;;;;;;;;;;;;;;;;;;;;;;;;;;;;;;;;;;;;;;;;;;;;;;;;;;;;;;;;;;;;;;;;
0002+  0983             ; stdio.s
0003+  0983             ;;;;;;;;;;;;;;;;;;;;;;;;;;;;;;;;;;;;;;;;;;;;;;;;;;;;;;;;;;;;;;;;;;;;;;;;;;;;;;;;;;;;;;;;;;;;;;;;;;;;;;;;;;;;;;;;;;
0004+  0983             .include "lib/string.asm"
0001++ 0983             ;;;;;;;;;;;;;;;;;;;;;;;;;;;;;;;;;;;;;;;;;;;;;;;;;;;;;;;;;;;;;;;;;;;;;;;;;;;;;;;;;;;;;;;;;;;;;;;;;;;;;;;;;;;;;;;;;;
0002++ 0983             ; string.s
0003++ 0983             ;;;;;;;;;;;;;;;;;;;;;;;;;;;;;;;;;;;;;;;;;;;;;;;;;;;;;;;;;;;;;;;;;;;;;;;;;;;;;;;;;;;;;;;;;;;;;;;;;;;;;;;;;;;;;;;;;;
0004++ 0983             
0005++ 0983             
0006++ 0983             ;;;;;;;;;;;;;;;;;;;;;;;;;;;;;;;;;;;;;;;;;;;;;;;;;;;;;;;;;;;;;;;;;;;;;;;;;;;;;;;;;;;;;;;;;;;;;;;;;;;;;;;;;;;;;;;;;;
0007++ 0983             ; _strrev
0008++ 0983             ; reverse a string
0009++ 0983             ; D = string address
0010++ 0983             ;;;;;;;;;;;;;;;;;;;;;;;;;;;;;;;;;;;;;;;;;;;;;;;;;;;;;;;;;;;;;;;;;;;;;;;;;;;;;;;;;;;;;;;;;;;;;;;;;;;;;;;;;;;;;;;;;;
0011++ 0983             ; 01234
0012++ 0983             _strrev:
0013++ 0983 4B          	pusha
0014++ 0984 07 CA 09    	call _strlen	; length in C
0015++ 0987 12          	mov a, c
0016++ 0988 AF 01 00    	cmp a, 1
0017++ 098B D0 A5 09    	jleu _strrev_end	; check string length. string len must be > 1
0018++ 098E 7D          	dec a
0019++ 098F FD 4E       	mov si, d	; beginning of string
0020++ 0991 FD 50       	mov di, d	; beginning of string (for destinations)
0021++ 0993 59          	add d, a	; end of string
0022++ 0994 12          	mov a, c
0023++ 0995 FD 9B       	shr a		; divide by 2
0024++ 0997 39          	mov c, a	; C now counts the steps
0025++ 0998             _strrev_L0:
0026++ 0998 32          	mov bl, [d]	; save load right-side char into BL
0027++ 0999 F6          	lodsb		; load left-side char into AL; increase SI
0028++ 099A 3E          	mov [d], al	; store left char into right side
0029++ 099B 1B          	mov al, bl
0030++ 099C F7          	stosb		; store right-side char into left-side; increase DI
0031++ 099D 7E          	dec c
0032++ 099E 7F          	dec d
0033++ 099F C2 00 00    	cmp c, 0
0034++ 09A2 C7 98 09    	jne _strrev_L0
0035++ 09A5             _strrev_end:
0036++ 09A5 4C          	popa
0037++ 09A6 09          	ret
0038++ 09A7             	
0039++ 09A7             ;;;;;;;;;;;;;;;;;;;;;;;;;;;;;;;;;;;;;;;;;;;;;;;;;;;;;;;;;;;;;;;;;;;;;;;;;;;;;;;;;;;;;;;;;;;;;;;;;;;;;;;;;;;;;;;;;;
0040++ 09A7             ; _strchr
0041++ 09A7             ; search string in D for char in AL
0042++ 09A7             ;;;;;;;;;;;;;;;;;;;;;;;;;;;;;;;;;;;;;;;;;;;;;;;;;;;;;;;;;;;;;;;;;;;;;;;;;;;;;;;;;;;;;;;;;;;;;;;;;;;;;;;;;;;;;;;;;;
0043++ 09A7             _strchr:
0044++ 09A7             _strchr_L0:
0045++ 09A7 32          	mov bl, [d]
0046++ 09A8 C1 00       	cmp bl, 0
0047++ 09AA C6 B5 09    	je _strchr_end
0048++ 09AD BA          	cmp al, bl
0049++ 09AE C6 B5 09    	je _strchr_end
0050++ 09B1 79          	inc d
0051++ 09B2 0A A7 09    	jmp _strchr_L0
0052++ 09B5             _strchr_end:
0053++ 09B5 1B          	mov al, bl
0054++ 09B6 09          	ret
0055++ 09B7             
0056++ 09B7             ;;;;;;;;;;;;;;;;;;;;;;;;;;;;;;;;;;;;;;;;;;;;;;;;;;;;;;;;;;;;;;;;;;;;;;;;;;;;;;;;;;;;;;;;;;;;;;;;;;;;;;;;;;;;;;;;;;
0057++ 09B7             ; _strstr
0058++ 09B7             ; find sub-string
0059++ 09B7             ; str1 in SI
0060++ 09B7             ; str2 in DI
0061++ 09B7             ; SI points to end of source string
0062++ 09B7             ;;;;;;;;;;;;;;;;;;;;;;;;;;;;;;;;;;;;;;;;;;;;;;;;;;;;;;;;;;;;;;;;;;;;;;;;;;;;;;;;;;;;;;;;;;;;;;;;;;;;;;;;;;;;;;;;;;
0063++ 09B7             _strstr:
0064++ 09B7 DB          	push al
0065++ 09B8 DA          	push d
0066++ 09B9 E3          	push di
0067++ 09BA             _strstr_loop:
0068++ 09BA F3          	cmpsb					; compare a byte of the strings
0069++ 09BB C7 C6 09    	jne _strstr_ret
0070++ 09BE FC 00 00    	lea d, [di + 0]
0071++ 09C1 BD 00       	cmp byte[d], 0				; check if at end of string (null)
0072++ 09C3 C7 BA 09    	jne _strstr_loop				; equal chars but not at end
0073++ 09C6             _strstr_ret:
0074++ 09C6 F0          	pop di
0075++ 09C7 E7          	pop d
0076++ 09C8 E8          	pop al
0077++ 09C9 09          	ret
0078++ 09CA             ;;;;;;;;;;;;;;;;;;;;;;;;;;;;;;;;;;;;;;;;;;;;;;;;;;;;;;;;;;;;;;;;;;;;;;;;;;;;;;;;;;;;;;;
0079++ 09CA             ; length of null terminated string
0080++ 09CA             ; result in C
0081++ 09CA             ; pointer in D
0082++ 09CA             ;;;;;;;;;;;;;;;;;;;;;;;;;;;;;;;;;;;;;;;;;;;;;;;;;;;;;;;;;;;;;;;;;;;;;;;;;;;;;;;;;;;;;;;
0083++ 09CA             _strlen:
0084++ 09CA DA          	push d
0085++ 09CB 38 00 00    	mov c, 0
0086++ 09CE             _strlen_L1:
0087++ 09CE BD 00       	cmp byte [d], 0
0088++ 09D0 C6 D8 09    	je _strlen_ret
0089++ 09D3 79          	inc d
0090++ 09D4 78          	inc c
0091++ 09D5 0A CE 09    	jmp _strlen_L1
0092++ 09D8             _strlen_ret:
0093++ 09D8 E7          	pop d
0094++ 09D9 09          	ret
0095++ 09DA             
0096++ 09DA             ;;;;;;;;;;;;;;;;;;;;;;;;;;;;;;;;;;;;;;;;;;;;;;;;;;;;;;;;;;;;;;;;;;;;;;;;;;;;;;;;;;;;;;;;;;;;;;;;;;;;;;;;;;;;;;;;;;
0097++ 09DA             ; STRCMP
0098++ 09DA             ; compare two strings
0099++ 09DA             ; str1 in SI
0100++ 09DA             ; str2 in DI
0101++ 09DA             ; CREATE A STRING COMPAIRON INSTRUCION ?????
0102++ 09DA             ;;;;;;;;;;;;;;;;;;;;;;;;;;;;;;;;;;;;;;;;;;;;;;;;;;;;;;;;;;;;;;;;;;;;;;;;;;;;;;;;;;;;;;;;;;;;;;;;;;;;;;;;;;;;;;;;;;
0103++ 09DA             _strcmp:
0104++ 09DA DB          	push al
0105++ 09DB DA          	push d
0106++ 09DC E3          	push di
0107++ 09DD E2          	push si
0108++ 09DE             _strcmp_loop:
0109++ 09DE F3          	cmpsb					; compare a byte of the strings
0110++ 09DF C7 EA 09    	jne _strcmp_ret
0111++ 09E2 FB FF FF    	lea d, [si +- 1]
0112++ 09E5 BD 00       	cmp byte[d], 0				; check if at end of string (null)
0113++ 09E7 C7 DE 09    	jne _strcmp_loop				; equal chars but not at end
0114++ 09EA             _strcmp_ret:
0115++ 09EA EF          	pop si
0116++ 09EB F0          	pop di
0117++ 09EC E7          	pop d
0118++ 09ED E8          	pop al
0119++ 09EE 09          	ret
0120++ 09EF             
0121++ 09EF             
0122++ 09EF             ; STRCPY
0123++ 09EF             ; copy null terminated string from SI to DI
0124++ 09EF             ; source in SI
0125++ 09EF             ; destination in DI
0126++ 09EF             _strcpy:
0127++ 09EF E2          	push si
0128++ 09F0 E3          	push di
0129++ 09F1 DB          	push al
0130++ 09F2             _strcpy_L1:
0131++ 09F2 F6          	lodsb
0132++ 09F3 F7          	stosb
0133++ 09F4 B9 00       	cmp al, 0
0134++ 09F6 C7 F2 09    	jne _strcpy_L1
0135++ 09F9             _strcpy_end:
0136++ 09F9 E8          	pop al
0137++ 09FA F0          	pop di
0138++ 09FB EF          	pop si
0139++ 09FC 09          	ret
0140++ 09FD             
0141++ 09FD             ; STRCAT
0142++ 09FD             ; concatenate a NULL terminated string into string at DI, from string at SI
0143++ 09FD             ; source in SI
0144++ 09FD             ; destination in DI
0145++ 09FD             _strcat:
0146++ 09FD E2          	push si
0147++ 09FE E3          	push di
0148++ 09FF D7          	push a
0149++ 0A00 DA          	push d
0150++ 0A01 50          	mov a, di
0151++ 0A02 3C          	mov d, a
0152++ 0A03             _strcat_goto_end_L1:
0153++ 0A03 BD 00       	cmp byte[d], 0
0154++ 0A05 C6 0C 0A    	je _strcat_start
0155++ 0A08 79          	inc d
0156++ 0A09 0A 03 0A    	jmp _strcat_goto_end_L1
0157++ 0A0C             _strcat_start:
0158++ 0A0C FD 50       	mov di, d
0159++ 0A0E             _strcat_L1:
0160++ 0A0E F6          	lodsb
0161++ 0A0F F7          	stosb
0162++ 0A10 B9 00       	cmp al, 0
0163++ 0A12 C7 0E 0A    	jne _strcat_L1
0164++ 0A15             _strcat_end:
0165++ 0A15 E7          	pop d
0166++ 0A16 E4          	pop a
0167++ 0A17 F0          	pop di
0168++ 0A18 EF          	pop si
0169++ 0A19 09          	ret
0170++ 0A1A             
0171++ 0A1A             
0005+  0A1A             
0006+  0A1A             
0007+  0A1A             ;;;;;;;;;;;;;;;;;;;;;;;;;;;;;;;;;;;;;;;;;;;;;;;;;;;;;;;;;;;;;;;;;;;;;;;;;;;;;;;;;;;;;;;;;;;;;;;;;;;;;;;;;;;;;;;;;;
0008+  0A1A             ; CONVERT ASCII 'O'..'F' TO INTEGER 0..15
0009+  0A1A             ; ASCII in BL
0010+  0A1A             ; result in AL
0011+  0A1A             ; ascii for F = 0100 0110
0012+  0A1A             ; ascii for 9 = 0011 1001
0013+  0A1A             ;;;;;;;;;;;;;;;;;;;;;;;;;;;;;;;;;;;;;;;;;;;;;;;;;;;;;;;;;;;;;;;;;;;;;;;;;;;;;;;;;;;;;;;;;;;;;;;;;;;;;;;;;;;;;;;;;;
0014+  0A1A             hex_ascii_encode:
0015+  0A1A 1B            mov al, bl
0016+  0A1B 93 40         test al, $40        ; test if letter or number
0017+  0A1D C7 23 0A      jnz hex_letter
0018+  0A20 87 0F         and al, $0F        ; get number
0019+  0A22 09            ret
0020+  0A23             hex_letter:
0021+  0A23 87 0F         and al, $0F        ; get letter
0022+  0A25 6A 09         add al, 9
0023+  0A27 09            ret
0024+  0A28             
0025+  0A28             ;;;;;;;;;;;;;;;;;;;;;;;;;;;;;;;;;;;;;;;;;;;;;;;;;;;;;;;;;;;;;;;;;;;;;;;;;;;;;;;;;;;;;;;;;;;;;;;;;;;;;;;;;;;;;;;;;;
0026+  0A28             ; ATOI
0027+  0A28             ; 2 letter hex string in B
0028+  0A28             ; 8bit integer returned in AL
0029+  0A28             ;;;;;;;;;;;;;;;;;;;;;;;;;;;;;;;;;;;;;;;;;;;;;;;;;;;;;;;;;;;;;;;;;;;;;;;;;;;;;;;;;;;;;;;;;;;;;;;;;;;;;;;;;;;;;;;;;;
0030+  0A28             _atoi:
0031+  0A28 D8            push b
0032+  0A29 07 1A 0A      call hex_ascii_encode      ; convert BL to 4bit code in AL
0033+  0A2C 30            mov bl, bh
0034+  0A2D DB            push al          ; save a
0035+  0A2E 07 1A 0A      call hex_ascii_encode
0036+  0A31 EA            pop bl  
0037+  0A32 FD 9E 04      shl al, 4
0038+  0A35 8C            or al, bl
0039+  0A36 E5            pop b
0040+  0A37 09            ret  
0041+  0A38             
0042+  0A38             
0043+  0A38             ;;;;;;;;;;;;;;;;;;;;;;;;;;;;;;;;;;;;;;;;;;;;;;;;;;;;;;;;;;;;;;;;;;;;;;;;;;;;;;;;;;;;;;;;;;;;;;;;;;;;;;;;;;;;;;;;;;
0044+  0A38             ; scanf
0045+  0A38             ; no need for explanations!
0046+  0A38             ;;;;;;;;;;;;;;;;;;;;;;;;;;;;;;;;;;;;;;;;;;;;;;;;;;;;;;;;;;;;;;;;;;;;;;;;;;;;;;;;;;;;;;;;;;;;;;;;;;;;;;;;;;;;;;;;;;
0047+  0A38             scanf:
0048+  0A38 09            ret
0049+  0A39             
0050+  0A39             ;;;;;;;;;;;;;;;;;;;;;;;;;;;;;;;;;;;;;;;;;;;;;;;;;;;;;;;;;;;;;;;;;;;;;;;;;;;;;;;;;;;;;;;;;;;;;;;;;;;;;;;;;;;;;;;;;;
0051+  0A39             ; ITOA
0052+  0A39             ; 8bit value in BL
0053+  0A39             ; 2 byte ASCII result in A
0054+  0A39             ;;;;;;;;;;;;;;;;;;;;;;;;;;;;;;;;;;;;;;;;;;;;;;;;;;;;;;;;;;;;;;;;;;;;;;;;;;;;;;;;;;;;;;;;;;;;;;;;;;;;;;;;;;;;;;;;;;
0055+  0A39             _itoa:
0056+  0A39 DA            push d
0057+  0A3A D8            push b
0058+  0A3B A7 00         mov bh, 0
0059+  0A3D FD A4 04      shr bl, 4  
0060+  0A40 74            mov d, b
0061+  0A41 1F CB 0C      mov al, [d + s_hex_digits]
0062+  0A44 23            mov ah, al
0063+  0A45               
0064+  0A45 E5            pop b
0065+  0A46 D8            push b
0066+  0A47 A7 00         mov bh, 0
0067+  0A49 FD 87 0F      and bl, $0F
0068+  0A4C 74            mov d, b
0069+  0A4D 1F CB 0C      mov al, [d + s_hex_digits]
0070+  0A50 E5            pop b
0071+  0A51 E7            pop d
0072+  0A52 09            ret
0073+  0A53             
0074+  0A53             ;;;;;;;;;;;;;;;;;;;;;;;;;;;;;;;;;;;;;;;;;;;;;;;;;;;;;;;;;;;;;;;;;;;;;;;;;;;;;;;;;;;;;;;;;;;;;;;;;;;;;;;;;;;;;;;;;;
0075+  0A53             ; HEX STRING TO BINARY
0076+  0A53             ; di = destination address
0077+  0A53             ; si = source
0078+  0A53             ;;;;;;;;;;;;;;;;;;;;;;;;;;;;;;;;;;;;;;;;;;;;;;;;;;;;;;;;;;;;;;;;;;;;;;;;;;;;;;;;;;;;;;;;;;;;;;;;;;;;;;;;;;;;;;;;;;
0079+  0A53             _hex_to_int:
0080+  0A53             _hex_to_int_L1:
0081+  0A53 F6            lodsb          ; load from [SI] to AL
0082+  0A54 B9 00         cmp al, 0        ; check if ASCII 0
0083+  0A56 C6 63 0A      jz _hex_to_int_ret
0084+  0A59 36            mov bh, al
0085+  0A5A F6            lodsb
0086+  0A5B 2F            mov bl, al
0087+  0A5C 07 28 0A      call _atoi        ; convert ASCII byte in B to int (to AL)
0088+  0A5F F7            stosb          ; store AL to [DI]
0089+  0A60 0A 53 0A      jmp _hex_to_int_L1
0090+  0A63             _hex_to_int_ret:
0091+  0A63 09            ret    
0092+  0A64             
0093+  0A64             
0094+  0A64             
0095+  0A64             ;;;;;;;;;;;;;;;;;;;;;;;;;;;;;;;;;;;;;;;;;;;;;;;;;;;;;;;;;;;;;;;;;;;;;;;;;;;;;;;;;;;;;;;;;;;;;;;;;;;;;;;;;;;;;;;;;;
0096+  0A64             ; GETCHAR
0097+  0A64             ; char in ah
0098+  0A64             ;;;;;;;;;;;;;;;;;;;;;;;;;;;;;;;;;;;;;;;;;;;;;;;;;;;;;;;;;;;;;;;;;;;;;;;;;;;;;;;;;;;;;;;;;;;;;;;;;;;;;;;;;;;;;;;;;;
0099+  0A64             getch:
0100+  0A64 DB            push al
0101+  0A65             getch_retry:
0102+  0A65 19 01         mov al, 1
0103+  0A67 05 03         syscall sys_io      ; receive in AH
0104+  0A69 E8            pop al
0105+  0A6A 09            ret
0106+  0A6B             
0107+  0A6B             ;;;;;;;;;;;;;;;;;;;;;;;;;;;;;;;;;;;;;;;;;;;;;;;;;;;;;;;;;;;;;;;;;;;;;;;;;;;;;;;;;;;;;;;;;;;;;;;;;;;;;;;;;;;;;;;;;;
0108+  0A6B             ; PUTCHAR
0109+  0A6B             ; char in ah
0110+  0A6B             ;;;;;;;;;;;;;;;;;;;;;;;;;;;;;;;;;;;;;;;;;;;;;;;;;;;;;;;;;;;;;;;;;;;;;;;;;;;;;;;;;;;;;;;;;;;;;;;;;;;;;;;;;;;;;;;;;;
0111+  0A6B             _putchar:
0112+  0A6B D7            push a
0113+  0A6C 19 00         mov al, 0
0114+  0A6E 05 03         syscall sys_io      ; char in AH
0115+  0A70 E4            pop a
0116+  0A71 09            ret
0117+  0A72             
0118+  0A72             ;;;;;;;;;;;;;;;;;;;;;;;;;;;;;;;;;;;;;;;;;;;;;;;;;;;;;;;;;;;;;;;;;;;;;;;;;;;;;;;;;;;;;;;;;;;;;;;;;;;;;;;;;;;;;;;;;;
0119+  0A72             ;; INPUT A STRING
0120+  0A72             ;; terminates with null
0121+  0A72             ;; pointer in D
0122+  0A72             ;;;;;;;;;;;;;;;;;;;;;;;;;;;;;;;;;;;;;;;;;;;;;;;;;;;;;;;;;;;;;;;;;;;;;;;;;;;;;;;;;;;;;;;;;;;;;;;;;;;;;;;;;;;;;;;;;;
0123+  0A72             _gets:
0124+  0A72 D7            push a
0125+  0A73 DA            push d
0126+  0A74             _gets_loop:
0127+  0A74 19 01         mov al, 1
0128+  0A76 05 03         syscall sys_io      ; receive in AH
0129+  0A78             
0130+  0A78 76 1B         cmp ah, 27
0131+  0A7A C6 9B 0A      je _gets_ansi_esc
0132+  0A7D 76 0A         cmp ah, $0A        ; LF
0133+  0A7F C6 F7 0A      je _gets_end
0134+  0A82 76 0D         cmp ah, $0D        ; CR
0135+  0A84 C6 F7 0A      je _gets_end
0136+  0A87 76 5C         cmp ah, $5C        ; '\\'
0137+  0A89 C6 BD 0A      je _gets_escape
0138+  0A8C               
0139+  0A8C 76 08         cmp ah, $08      ; check for backspace
0140+  0A8E C6 97 0A      je _gets_backspace
0141+  0A91             
0142+  0A91 1A            mov al, ah
0143+  0A92 3E            mov [d], al
0144+  0A93 79            inc d
0145+  0A94 0A 74 0A      jmp _gets_loop
0146+  0A97             _gets_backspace:
0147+  0A97 7F            dec d
0148+  0A98 0A 74 0A      jmp _gets_loop
0149+  0A9B             _gets_ansi_esc:
0150+  0A9B 19 01         mov al, 1
0151+  0A9D 05 03         syscall sys_io        ; receive in AH without echo
0152+  0A9F 76 5B         cmp ah, '['
0153+  0AA1 C7 74 0A      jne _gets_loop
0154+  0AA4 19 01         mov al, 1
0155+  0AA6 05 03         syscall sys_io          ; receive in AH without echo
0156+  0AA8 76 44         cmp ah, 'D'
0157+  0AAA C6 B5 0A      je _gets_left_arrow
0158+  0AAD 76 43         cmp ah, 'C'
0159+  0AAF C6 B9 0A      je _gets_right_arrow
0160+  0AB2 0A 74 0A      jmp _gets_loop
0161+  0AB5             _gets_left_arrow:
0162+  0AB5 7F            dec d
0163+  0AB6 0A 74 0A      jmp _gets_loop
0164+  0AB9             _gets_right_arrow:
0165+  0AB9 79            inc d
0166+  0ABA 0A 74 0A      jmp _gets_loop
0167+  0ABD             _gets_escape:
0168+  0ABD 19 01         mov al, 1
0169+  0ABF 05 03         syscall sys_io      ; receive in AH
0170+  0AC1 76 6E         cmp ah, 'n'
0171+  0AC3 C6 E2 0A      je _gets_LF
0172+  0AC6 76 72         cmp ah, 'r'
0173+  0AC8 C6 E9 0A      je _gets_CR
0174+  0ACB 76 30         cmp ah, '0'
0175+  0ACD C6 F0 0A      je _gets_NULL
0176+  0AD0 76 5C         cmp ah, $5C  ; '\'
0177+  0AD2 C6 DB 0A      je _gets_slash
0178+  0AD5 1A            mov al, ah        ; if not a known escape, it is just a normal letter
0179+  0AD6 3E            mov [d], al
0180+  0AD7 79            inc d
0181+  0AD8 0A 74 0A      jmp _gets_loop
0182+  0ADB             _gets_slash:
0183+  0ADB 19 5C         mov al, $5C
0184+  0ADD 3E            mov [d], al
0185+  0ADE 79            inc d
0186+  0ADF 0A 74 0A      jmp _gets_loop
0187+  0AE2             _gets_LF:
0188+  0AE2 19 0A         mov al, $0A
0189+  0AE4 3E            mov [d], al
0190+  0AE5 79            inc d
0191+  0AE6 0A 74 0A      jmp _gets_loop
0192+  0AE9             _gets_CR:
0193+  0AE9 19 0D         mov al, $0D
0194+  0AEB 3E            mov [d], al
0195+  0AEC 79            inc d
0196+  0AED 0A 74 0A      jmp _gets_loop
0197+  0AF0             _gets_NULL:
0198+  0AF0 19 00         mov al, $00
0199+  0AF2 3E            mov [d], al
0200+  0AF3 79            inc d
0201+  0AF4 0A 74 0A      jmp _gets_loop
0202+  0AF7             _gets_end:
0203+  0AF7 19 00         mov al, 0
0204+  0AF9 3E            mov [d], al        ; terminate string
0205+  0AFA E7            pop d
0206+  0AFB E4            pop a
0207+  0AFC 09            ret
0208+  0AFD             
0209+  0AFD             
0210+  0AFD             ;;;;;;;;;;;;;;;;;;;;;;;;;;;;;;;;;;;;;;;;;;;;;;;;;;;;;;;;;;;;;;;;;;;;;;;;;;;;;;;;;;;;;;;;;;;;;;;;;;;;;;;;;;;;;;;;;;
0211+  0AFD             ;; INPUT TEXT
0212+  0AFD             ;; terminated with CTRL+D
0213+  0AFD             ;; pointer in D
0214+  0AFD             ;;;;;;;;;;;;;;;;;;;;;;;;;;;;;;;;;;;;;;;;;;;;;;;;;;;;;;;;;;;;;;;;;;;;;;;;;;;;;;;;;;;;;;;;;;;;;;;;;;;;;;;;;;;;;;;;;;
0215+  0AFD             _gettxt:
0216+  0AFD D7            push a
0217+  0AFE DA            push d
0218+  0AFF             _gettxt_loop:
0219+  0AFF 19 01         mov al, 1
0220+  0B01 05 03         syscall sys_io      ; receive in AH
0221+  0B03 76 04         cmp ah, 4      ; EOT
0222+  0B05 C6 3E 0B      je _gettxt_end
0223+  0B08 76 08         cmp ah, $08      ; check for backspace
0224+  0B0A C6 3A 0B      je _gettxt_backspace
0225+  0B0D 76 5C         cmp ah, $5C        ; '\'
0226+  0B0F C6 18 0B      je _gettxt_escape
0227+  0B12 1A            mov al, ah
0228+  0B13 3E            mov [d], al
0229+  0B14 79            inc d
0230+  0B15 0A FF 0A      jmp _gettxt_loop
0231+  0B18             _gettxt_escape:
0232+  0B18 19 01         mov al, 1
0233+  0B1A 05 03         syscall sys_io      ; receive in AH
0234+  0B1C 76 6E         cmp ah, 'n'
0235+  0B1E C6 2C 0B      je _gettxt_LF
0236+  0B21 76 72         cmp ah, 'r'
0237+  0B23 C6 33 0B      je _gettxt_CR
0238+  0B26 1A            mov al, ah        ; if not a known escape, it is just a normal letter
0239+  0B27 3E            mov [d], al
0240+  0B28 79            inc d
0241+  0B29 0A FF 0A      jmp _gettxt_loop
0242+  0B2C             _gettxt_LF:
0243+  0B2C 19 0A         mov al, $0A
0244+  0B2E 3E            mov [d], al
0245+  0B2F 79            inc d
0246+  0B30 0A FF 0A      jmp _gettxt_loop
0247+  0B33             _gettxt_CR:
0248+  0B33 19 0D         mov al, $0D
0249+  0B35 3E            mov [d], al
0250+  0B36 79            inc d
0251+  0B37 0A FF 0A      jmp _gettxt_loop
0252+  0B3A             _gettxt_backspace:
0253+  0B3A 7F            dec d
0254+  0B3B 0A FF 0A      jmp _gettxt_loop
0255+  0B3E             _gettxt_end:
0256+  0B3E 19 00         mov al, 0
0257+  0B40 3E            mov [d], al        ; terminate string
0258+  0B41 E7            pop d
0259+  0B42 E4            pop a
0260+  0B43 09            ret
0261+  0B44             
0262+  0B44             ;;;;;;;;;;;;;;;;;;;;;;;;;;;;;;;;;;;;;;;;;;;;;;;;;;;;;;;;;;;;;;;;;;;;;;;;;;;;;;;;;;;;;;;;;;;;;;;;;;;;;;;;;;;;;;;;;;
0263+  0B44             ; PRINT NEW LINE
0264+  0B44             ;;;;;;;;;;;;;;;;;;;;;;;;;;;;;;;;;;;;;;;;;;;;;;;;;;;;;;;;;;;;;;;;;;;;;;;;;;;;;;;;;;;;;;;;;;;;;;;;;;;;;;;;;;;;;;;;;;
0265+  0B44             printnl:
0266+  0B44 D7            push a
0267+  0B45 10 00 0A      mov a, $0A00
0268+  0B48 05 03         syscall sys_io
0269+  0B4A 10 00 0D      mov a, $0D00
0270+  0B4D 05 03         syscall sys_io
0271+  0B4F E4            pop a
0272+  0B50 09            ret
0273+  0B51             
0274+  0B51             ;;;;;;;;;;;;;;;;;;;;;;;;;;;;;;;;;;;;;;;;;;;;;;;;;;;;;;;;;;;;;;;;;;;;;;;;;;;;;;;;;;;;;;;;;;;;;;;;;;;;;;;;;;;;;;;;;;
0275+  0B51             ; _strtoint
0276+  0B51             ; 4 digit hex string number in d
0277+  0B51             ; integer returned in A
0278+  0B51             ;;;;;;;;;;;;;;;;;;;;;;;;;;;;;;;;;;;;;;;;;;;;;;;;;;;;;;;;;;;;;;;;;;;;;;;;;;;;;;;;;;;;;;;;;;;;;;;;;;;;;;;;;;;;;;;;;;
0279+  0B51             _strtointx:
0280+  0B51 D8            push b
0281+  0B52 32            mov bl, [d]
0282+  0B53 37            mov bh, bl
0283+  0B54 33 01 00      mov bl, [d + 1]
0284+  0B57 07 28 0A      call _atoi        ; convert to int in AL
0285+  0B5A 23            mov ah, al        ; move to AH
0286+  0B5B 33 02 00      mov bl, [d + 2]
0287+  0B5E 37            mov bh, bl
0288+  0B5F 33 03 00      mov bl, [d + 3]
0289+  0B62 07 28 0A      call _atoi        ; convert to int in AL
0290+  0B65 E5            pop b
0291+  0B66 09            ret
0292+  0B67             
0293+  0B67             ;;;;;;;;;;;;;;;;;;;;;;;;;;;;;;;;;;;;;;;;;;;;;;;;;;;;;;;;;;;;;;;;;;;;;;;;;;;;;;;;;;;;;;;;;;;;;;;;;;;;;;;;;;;;;;;;;;
0294+  0B67             ; _strtoint
0295+  0B67             ; 5 digit base10 string number in d
0296+  0B67             ; integer returned in A
0297+  0B67             ;;;;;;;;;;;;;;;;;;;;;;;;;;;;;;;;;;;;;;;;;;;;;;;;;;;;;;;;;;;;;;;;;;;;;;;;;;;;;;;;;;;;;;;;;;;;;;;;;;;;;;;;;;;;;;;;;;
0298+  0B67             _strtoint:
0299+  0B67 E2            push si
0300+  0B68 D8            push b
0301+  0B69 D9            push c
0302+  0B6A DA            push d
0303+  0B6B 07 CA 09      call _strlen      ; get string length in C
0304+  0B6E 7E            dec c
0305+  0B6F FD 4E         mov si, d
0306+  0B71 12            mov a, c
0307+  0B72 FD 99         shl a
0308+  0B74 3B E3 0C      mov d, table_power
0309+  0B77 59            add d, a
0310+  0B78 38 00 00      mov c, 0
0311+  0B7B             _strtoint_L0:
0312+  0B7B F6            lodsb      ; load ASCII to al
0313+  0B7C B9 00         cmp al, 0
0314+  0B7E C6 91 0B      je _strtoint_end
0315+  0B81 6F 30         sub al, $30    ; make into integer
0316+  0B83 22 00         mov ah, 0
0317+  0B85 2A            mov b, [d]
0318+  0B86 AC            mul a, b      ; result in B since it fits in 16bits
0319+  0B87 11            mov a, b
0320+  0B88 28            mov b, c
0321+  0B89 54            add a, b
0322+  0B8A 39            mov c, a
0323+  0B8B 63 02 00      sub d, 2
0324+  0B8E 0A 7B 0B      jmp _strtoint_L0
0325+  0B91             _strtoint_end:
0326+  0B91 12            mov a, c
0327+  0B92 E7            pop d
0328+  0B93 E6            pop c
0329+  0B94 E5            pop b
0330+  0B95 EF            pop si
0331+  0B96 09            ret
0332+  0B97             
0333+  0B97             
0334+  0B97             ;;;;;;;;;;;;;;;;;;;;;;;;;;;;;;;;;;;;;;;;;;;;;;;;;;;;;;;;;;;;;;;;;;;;;;;;;;;;;;;;;;;;;;;;;;;;;;;;;;;;;;;;;;;;;;;;;;
0335+  0B97             ; PRINT NULL TERMINATED STRING
0336+  0B97             ; pointer in D
0337+  0B97             ;;;;;;;;;;;;;;;;;;;;;;;;;;;;;;;;;;;;;;;;;;;;;;;;;;;;;;;;;;;;;;;;;;;;;;;;;;;;;;;;;;;;;;;;;;;;;;;;;;;;;;;;;;;;;;;;;;
0338+  0B97             _puts:
0339+  0B97 D7            push a
0340+  0B98 DA            push d
0341+  0B99             _puts_L1:
0342+  0B99 1E            mov al, [d]
0343+  0B9A B9 00         cmp al, 0
0344+  0B9C C6 A8 0B      jz _puts_END
0345+  0B9F 23            mov ah, al
0346+  0BA0 19 00         mov al, 0
0347+  0BA2 05 03         syscall sys_io
0348+  0BA4 79            inc d
0349+  0BA5 0A 99 0B      jmp _puts_L1
0350+  0BA8             _puts_END:
0351+  0BA8 E7            pop d
0352+  0BA9 E4            pop a
0353+  0BAA 09            ret
0354+  0BAB             
0355+  0BAB             ;;;;;;;;;;;;;;;;;;;;;;;;;;;;;;;;;;;;;;;;;;;;;;;;;;;;;;;;;;;;;;;;;;;;;;;;;;;;;;;;;;;;;;;;;;;;;;;;;;;;;;;;;;;;;;;;;;
0356+  0BAB             ; PRINT N SIZE STRING
0357+  0BAB             ; pointer in D
0358+  0BAB             ; size in C
0359+  0BAB             ;;;;;;;;;;;;;;;;;;;;;;;;;;;;;;;;;;;;;;;;;;;;;;;;;;;;;;;;;;;;;;;;;;;;;;;;;;;;;;;;;;;;;;;;;;;;;;;;;;;;;;;;;;;;;;;;;;
0360+  0BAB             _putsn:
0361+  0BAB DB            push al
0362+  0BAC DA            push d
0363+  0BAD D9            push c
0364+  0BAE             _putsn_L0:
0365+  0BAE 1E            mov al, [d]
0366+  0BAF 23            mov ah, al
0367+  0BB0 19 00         mov al, 0
0368+  0BB2 05 03         syscall sys_io
0369+  0BB4 79            inc d
0370+  0BB5 7E            dec c  
0371+  0BB6 C2 00 00      cmp c, 0
0372+  0BB9 C7 AE 0B      jne _putsn_L0
0373+  0BBC             _putsn_end:
0374+  0BBC E6            pop c
0375+  0BBD E7            pop d
0376+  0BBE E8            pop al
0377+  0BBF 09            ret
0378+  0BC0             
0379+  0BC0             ;;;;;;;;;;;;;;;;;;;;;;;;;;;;;;;;;;;;;;;;;;;;;;;;;;;;;;;;;;;;;;;;;;;;;;;;;;;;;;;;;;;;;;;
0380+  0BC0             ; print 16bit decimal number
0381+  0BC0             ; input number in A
0382+  0BC0             ;;;;;;;;;;;;;;;;;;;;;;;;;;;;;;;;;;;;;;;;;;;;;;;;;;;;;;;;;;;;;;;;;;;;;;;;;;;;;;;;;;;;;;;
0383+  0BC0             print_u16d:
0384+  0BC0 D7            push a
0385+  0BC1 D8            push b
0386+  0BC2 26 10 27      mov b, 10000
0387+  0BC5 AE            div a, b      ; get 10000's coeff.
0388+  0BC6 07 E8 0B      call print_number
0389+  0BC9 11            mov a, b
0390+  0BCA 26 E8 03      mov b, 1000
0391+  0BCD AE            div a, b      ; get 1000's coeff.
0392+  0BCE 07 E8 0B      call print_number
0393+  0BD1 11            mov a, b
0394+  0BD2 26 64 00      mov b, 100
0395+  0BD5 AE            div a, b
0396+  0BD6 07 E8 0B      call print_number
0397+  0BD9 11            mov a, b
0398+  0BDA 26 0A 00      mov b, 10
0399+  0BDD AE            div a, b
0400+  0BDE 07 E8 0B      call print_number
0401+  0BE1 1B            mov al, bl      ; 1's coeff in bl
0402+  0BE2 07 E8 0B      call print_number
0403+  0BE5 E5            pop b
0404+  0BE6 E4            pop a
0405+  0BE7 09            ret
0406+  0BE8             
0407+  0BE8             ;;;;;;;;;;;;;;;;;;;;;;;;;;;;;;;;;;;;;;;;;;;;;;;;;;;;;;;;;;;;;;;;;;;;;;;;;;;;;;;;;;;;;;;
0408+  0BE8             ; print AL
0409+  0BE8             ;;;;;;;;;;;;;;;;;;;;;;;;;;;;;;;;;;;;;;;;;;;;;;;;;;;;;;;;;;;;;;;;;;;;;;;;;;;;;;;;;;;;;;;
0410+  0BE8             print_number:
0411+  0BE8 6A 30         add al, $30
0412+  0BEA 23            mov ah, al
0413+  0BEB 07 6B 0A      call _putchar
0414+  0BEE 09            ret
0415+  0BEF             
0416+  0BEF             ;;;;;;;;;;;;;;;;;;;;;;;;;;;;;;;;;;;;;;;;;;;;;;;;;;;;;;;;;;;;;;;;;;;;;;;;;;;;;;;;;;;;;;;;;;;;;;;;;;;;;;;;;;;;;;;;;;
0417+  0BEF             ; PRINT 16BIT HEX INTEGER
0418+  0BEF             ; integer value in reg B
0419+  0BEF             ;;;;;;;;;;;;;;;;;;;;;;;;;;;;;;;;;;;;;;;;;;;;;;;;;;;;;;;;;;;;;;;;;;;;;;;;;;;;;;;;;;;;;;;;;;;;;;;;;;;;;;;;;;;;;;;;;;
0420+  0BEF             print_u16x:
0421+  0BEF D7            push a
0422+  0BF0 D8            push b
0423+  0BF1 DD            push bl
0424+  0BF2 30            mov bl, bh
0425+  0BF3 07 39 0A      call _itoa        ; convert bh to char in A
0426+  0BF6 2F            mov bl, al        ; save al
0427+  0BF7 19 00         mov al, 0
0428+  0BF9 05 03         syscall sys_io        ; display AH
0429+  0BFB 24            mov ah, bl        ; retrieve al
0430+  0BFC 19 00         mov al, 0
0431+  0BFE 05 03         syscall sys_io        ; display AL
0432+  0C00             
0433+  0C00 EA            pop bl
0434+  0C01 07 39 0A      call _itoa        ; convert bh to char in A
0435+  0C04 2F            mov bl, al        ; save al
0436+  0C05 19 00         mov al, 0
0437+  0C07 05 03         syscall sys_io        ; display AH
0438+  0C09 24            mov ah, bl        ; retrieve al
0439+  0C0A 19 00         mov al, 0
0440+  0C0C 05 03         syscall sys_io        ; display AL
0441+  0C0E             
0442+  0C0E E5            pop b
0443+  0C0F E4            pop a
0444+  0C10 09            ret
0445+  0C11             
0446+  0C11             ;;;;;;;;;;;;;;;;;;;;;;;;;;;;;;;;;;;;;;;;;;;;;;;;;;;;;;;;;;;;;;;;;;;;;;;;;;;;;;;;;;;;;;;;;;;;;;;;;;;;;;;;;;;;;;;;;;
0447+  0C11             ; INPUT 16BIT HEX INTEGER
0448+  0C11             ; read 16bit integer into A
0449+  0C11             ;;;;;;;;;;;;;;;;;;;;;;;;;;;;;;;;;;;;;;;;;;;;;;;;;;;;;;;;;;;;;;;;;;;;;;;;;;;;;;;;;;;;;;;;;;;;;;;;;;;;;;;;;;;;;;;;;;
0450+  0C11             scan_u16x:
0451+  0C11 F8 10 00      enter 16
0452+  0C14 D8            push b
0453+  0C15 DA            push d
0454+  0C16             
0455+  0C16 FA F1 FF      lea d, [bp + -15]
0456+  0C19 07 72 0A      call _gets        ; get number
0457+  0C1C             
0458+  0C1C 32            mov bl, [d]
0459+  0C1D 37            mov bh, bl
0460+  0C1E 33 01 00      mov bl, [d + 1]
0461+  0C21 07 28 0A      call _atoi        ; convert to int in AL
0462+  0C24 23            mov ah, al        ; move to AH
0463+  0C25             
0464+  0C25 33 02 00      mov bl, [d + 2]
0465+  0C28 37            mov bh, bl
0466+  0C29 33 03 00      mov bl, [d + 3]
0467+  0C2C 07 28 0A      call _atoi        ; convert to int in AL
0468+  0C2F             
0469+  0C2F E7            pop d
0470+  0C30 E5            pop b
0471+  0C31 F9            leave
0472+  0C32 09            ret
0473+  0C33             
0474+  0C33             ;;;;;;;;;;;;;;;;;;;;;;;;;;;;;;;;;;;;;;;;;;;;;;;;;;;;;;;;;;;;;;;;;;;;;;;;;;;;;;;;;;;;;;;;;;;;;;;;;;;;;;;;;;;;;;;;;;
0475+  0C33             ; PRINT 8bit HEX INTEGER
0476+  0C33             ; integer value in reg bl
0477+  0C33             ;;;;;;;;;;;;;;;;;;;;;;;;;;;;;;;;;;;;;;;;;;;;;;;;;;;;;;;;;;;;;;;;;;;;;;;;;;;;;;;;;;;;;;;;;;;;;;;;;;;;;;;;;;;;;;;;;;
0478+  0C33             print_u8x:
0479+  0C33 D7            push a
0480+  0C34 DD            push bl
0481+  0C35             
0482+  0C35 07 39 0A      call _itoa        ; convert bl to char in A
0483+  0C38 2F            mov bl, al        ; save al
0484+  0C39 19 00         mov al, 0
0485+  0C3B 05 03         syscall sys_io        ; display AH
0486+  0C3D 24            mov ah, bl        ; retrieve al
0487+  0C3E 19 00         mov al, 0
0488+  0C40 05 03         syscall sys_io        ; display AL
0489+  0C42             
0490+  0C42 EA            pop bl
0491+  0C43 E4            pop a
0492+  0C44 09            ret
0493+  0C45             
0494+  0C45             ;;;;;;;;;;;;;;;;;;;;;;;;;;;;;;;;;;;;;;;;;;;;;;;;;;;;;;;;;;;;;;;;;;;;;;;;;;;;;;;;;;;;;;;
0495+  0C45             ; print 8bit decimal unsigned number
0496+  0C45             ; input number in AL
0497+  0C45             ;;;;;;;;;;;;;;;;;;;;;;;;;;;;;;;;;;;;;;;;;;;;;;;;;;;;;;;;;;;;;;;;;;;;;;;;;;;;;;;;;;;;;;;
0498+  0C45             print_u8d:
0499+  0C45 D7            push a
0500+  0C46 D8            push b
0501+  0C47             
0502+  0C47 22 00         mov ah, 0
0503+  0C49 26 64 00      mov b, 100
0504+  0C4C AE            div a, b
0505+  0C4D D8            push b      ; save remainder
0506+  0C4E B9 00         cmp al, 0
0507+  0C50 C6 5A 0C      je skip100
0508+  0C53 6A 30         add al, $30
0509+  0C55 23            mov ah, al
0510+  0C56 19 00         mov al, 0
0511+  0C58 05 03         syscall sys_io  ; print coeff
0512+  0C5A             skip100:
0513+  0C5A E4            pop a
0514+  0C5B 22 00         mov ah, 0
0515+  0C5D 26 0A 00      mov b, 10
0516+  0C60 AE            div a, b
0517+  0C61 D8            push b      ; save remainder
0518+  0C62 B9 00         cmp al, 0
0519+  0C64 C6 6E 0C      je skip10
0520+  0C67 6A 30         add al, $30
0521+  0C69 23            mov ah, al
0522+  0C6A 19 00         mov al, 0
0523+  0C6C 05 03         syscall sys_io  ; print coeff
0524+  0C6E             skip10:
0525+  0C6E E4            pop a
0526+  0C6F 1B            mov al, bl
0527+  0C70 6A 30         add al, $30
0528+  0C72 23            mov ah, al
0529+  0C73 19 00         mov al, 0
0530+  0C75 05 03         syscall sys_io  ; print coeff
0531+  0C77 E5            pop b
0532+  0C78 E4            pop a
0533+  0C79 09            ret
0534+  0C7A             
0535+  0C7A             ;;;;;;;;;;;;;;;;;;;;;;;;;;;;;;;;;;;;;;;;;;;;;;;;;;;;;;;;;;;;;;;;;;;;;;;;;;;;;;;;;;;;;;;;;;;;;;;;;;;;;;;;;;;;;;;;;;
0536+  0C7A             ; INPUT 8BIT HEX INTEGER
0537+  0C7A             ; read 8bit integer into AL
0538+  0C7A             ;;;;;;;;;;;;;;;;;;;;;;;;;;;;;;;;;;;;;;;;;;;;;;;;;;;;;;;;;;;;;;;;;;;;;;;;;;;;;;;;;;;;;;;;;;;;;;;;;;;;;;;;;;;;;;;;;;
0539+  0C7A             scan_u8x:
0540+  0C7A F8 04 00      enter 4
0541+  0C7D D8            push b
0542+  0C7E DA            push d
0543+  0C7F             
0544+  0C7F FA FD FF      lea d, [bp + -3]
0545+  0C82 07 72 0A      call _gets        ; get number
0546+  0C85             
0547+  0C85 32            mov bl, [d]
0548+  0C86 37            mov bh, bl
0549+  0C87 33 01 00      mov bl, [d + 1]
0550+  0C8A 07 28 0A      call _atoi        ; convert to int in AL
0551+  0C8D             
0552+  0C8D E7            pop d
0553+  0C8E E5            pop b
0554+  0C8F F9            leave
0555+  0C90 09            ret
0556+  0C91             
0557+  0C91             ;;;;;;;;;;;;;;;;;;;;;;;;;;;;;;;;;;;;;;;;;;;;;;;;;;;;;;;;;;;;;;;;;;;;;;;;;;;;;;;;;;;;;;;
0558+  0C91             ; input decimal number
0559+  0C91             ; result in A
0560+  0C91             ; 655'\0'
0561+  0C91             ; low--------high
0562+  0C91             ;;;;;;;;;;;;;;;;;;;;;;;;;;;;;;;;;;;;;;;;;;;;;;;;;;;;;;;;;;;;;;;;;;;;;;;;;;;;;;;;;;;;;;;
0563+  0C91             scan_u16d:
0564+  0C91 F8 08 00      enter 8
0565+  0C94 E2            push si
0566+  0C95 D8            push b
0567+  0C96 D9            push c
0568+  0C97 DA            push d
0569+  0C98 FA F9 FF      lea d, [bp +- 7]
0570+  0C9B 07 72 0A      call _gets
0571+  0C9E 07 CA 09      call _strlen      ; get string length in C
0572+  0CA1 7E            dec c
0573+  0CA2 FD 4E         mov si, d
0574+  0CA4 12            mov a, c
0575+  0CA5 FD 99         shl a
0576+  0CA7 3B E3 0C      mov d, table_power
0577+  0CAA 59            add d, a
0578+  0CAB 38 00 00      mov c, 0
0579+  0CAE             mul_loop:
0580+  0CAE F6            lodsb      ; load ASCII to al
0581+  0CAF B9 00         cmp al, 0
0582+  0CB1 C6 C4 0C      je mul_exit
0583+  0CB4 6F 30         sub al, $30    ; make into integer
0584+  0CB6 22 00         mov ah, 0
0585+  0CB8 2A            mov b, [d]
0586+  0CB9 AC            mul a, b      ; result in B since it fits in 16bits
0587+  0CBA 11            mov a, b
0588+  0CBB 28            mov b, c
0589+  0CBC 54            add a, b
0590+  0CBD 39            mov c, a
0591+  0CBE 63 02 00      sub d, 2
0592+  0CC1 0A AE 0C      jmp mul_loop
0593+  0CC4             mul_exit:
0594+  0CC4 12            mov a, c
0595+  0CC5 E7            pop d
0596+  0CC6 E6            pop c
0597+  0CC7 E5            pop b
0598+  0CC8 EF            pop si
0599+  0CC9 F9            leave
0600+  0CCA 09            ret
0601+  0CCB             
0602+  0CCB             
0603+  0CCB 30 31 32 33 s_hex_digits:    .db "0123456789ABCDEF"  
0603+  0CCF 34 35 36 37 
0603+  0CD3 38 39 41 42 
0603+  0CD7 43 44 45 46 
0604+  0CDB 1B 5B 32 4A s_telnet_clear:  .db "\033[2J\033[H", 0
0604+  0CDF 1B 5B 48 00 
0605+  0CE3             
0606+  0CE3             table_power:
0607+  0CE3 01 00         .dw 1
0608+  0CE5 0A 00         .dw 10
0609+  0CE7 64 00         .dw 100
0610+  0CE9 E8 03         .dw 1000
0611+  0CEB 10 27         .dw 100000037   0CED             .include "lib/ctype.asm"
0001+  0CED             ;;;;;;;;;;;;;;;;;;;;;;;;;;;;;;;;;;;;;;;;;;;;;;;;;;;;;;;;;;;;;;;;;;;;;;;;;;;;;;;;;;;;;;;;;;;;;;;;;;;;;;;;;;;;;;;;;;
0002+  0CED             ; ctype.s
0003+  0CED             ;;;;;;;;;;;;;;;;;;;;;;;;;;;;;;;;;;;;;;;;;;;;;;;;;;;;;;;;;;;;;;;;;;;;;;;;;;;;;;;;;;;;;;;;;;;;;;;;;;;;;;;;;;;;;;;;;;
0004+  0CED             
0005+  0CED             ;;;;;;;;;;;;;;;;;;;;;;;;;;;;;;;;;;;;;;;;;;;;;;;;;;;;;;;;;;;;;;;;;;;;;;;;;;;;;;;;;;;;;;;;;;;;;;;;;;;;;;;;;;;;;;;;;;
0006+  0CED             ;; C character classification is an operation provided by a group of functions in the ANSI C Standard Library
0007+  0CED             ;; for the C programming language. These functions are used to test characters for membership in a particular
0008+  0CED             ;; class of characters, such as alphabetic characters, control characters, etc. Both single-byte, and wide
0009+  0CED             ;; characters are supported.
0010+  0CED             ;;;;;;;;;;;;;;;;;;;;;;;;;;;;;;;;;;;;;;;;;;;;;;;;;;;;;;;;;;;;;;;;;;;;;;;;;;;;;;;;;;;;;;;;;;;;;;;;;;;;;;;;;;;;;;;;;;
0011+  0CED             ;; _isalnum 
0012+  0CED             ;; _isalpha 
0013+  0CED             ;; islower 
0014+  0CED             ;; isupper 
0015+  0CED             ;; _isdigit 
0016+  0CED             ;; isxdigit
0017+  0CED             ;; iscntrl 
0018+  0CED             ;; isgraph 
0019+  0CED             ;; _isspace 
0020+  0CED             ;; isblank 
0021+  0CED             ;; isprint 
0022+  0CED             ;; ispunct 
0023+  0CED             ;; tolower 
0024+  0CED             ;; toupper
0025+  0CED             
0026+  0CED             
0027+  0CED             ;;;;;;;;;;;;;;;;;;;;;;;;;;;;;;;;;;;;;;;;;;;;;;;;;;;;;;;;;;;;;;;;;;;;;;;;;;;;;;;;;;
0028+  0CED             ;; IS ALPHANUMERIC
0029+  0CED             ;; sets ZF according with result
0030+  0CED             ;;;;;;;;;;;;;;;;;;;;;;;;;;;;;;;;;;;;;;;;;;;;;;;;;;;;;;;;;;;;;;;;;;;;;;;;;;;;;;;;;;
0031+  0CED             _isalnum:
0032+  0CED 07 0A 0D    	call _isalpha
0033+  0CF0 C6 F6 0C    	je _isalnum_exit
0034+  0CF3 07 F7 0C    	call _isdigit
0035+  0CF6             _isalnum_exit:
0036+  0CF6 09          	ret	
0037+  0CF7             ;;;;;;;;;;;;;;;;;;;;;;;;;;;;;;;;;;;;;;;;;;;;;;;;;;;;;;;;;;;;;;;;;;;;;;;;;;;;;;;;;;
0038+  0CF7             ;; IS DIGIT
0039+  0CF7             ;; sets ZF according with result
0040+  0CF7             ;;;;;;;;;;;;;;;;;;;;;;;;;;;;;;;;;;;;;;;;;;;;;;;;;;;;;;;;;;;;;;;;;;;;;;;;;;;;;;;;;;
0041+  0CF7             _isdigit:
0042+  0CF7 DB          	push al
0043+  0CF8 B9 30       	cmp al, '0'
0044+  0CFA C8 06 0D    	jlu _isdigit_false
0045+  0CFD B9 39       	cmp al, '9'
0046+  0CFF D1 06 0D    	jgu _isdigit_false
0047+  0D02 87 00       	and al, 0	; set ZF
0048+  0D04 E8          	pop al
0049+  0D05 09          	ret
0050+  0D06             _isdigit_false:
0051+  0D06 8B 01       	or al, 1	; clear ZF
0052+  0D08 E8          	pop al
0053+  0D09 09          	ret	
0054+  0D0A             	
0055+  0D0A             ;;;;;;;;;;;;;;;;;;;;;;;;;;;;;;;;;;;;;;;;;;;;;;;;;;;;;;;;;;;;;;;;;;;;;;;;;;;;;;;;;;
0056+  0D0A             ;; IS ALPHA
0057+  0D0A             ;; sets ZF according with result
0058+  0D0A             ;;;;;;;;;;;;;;;;;;;;;;;;;;;;;;;;;;;;;;;;;;;;;;;;;;;;;;;;;;;;;;;;;;;;;;;;;;;;;;;;;;
0059+  0D0A             _isalpha:
0060+  0D0A DB          	push al
0061+  0D0B B9 5F       	cmp al, '_'
0062+  0D0D C6 2D 0D    	je _isalpha_true
0063+  0D10 B9 2E       	cmp al, '.'
0064+  0D12 C6 2D 0D    	je _isalpha_true
0065+  0D15 B9 41       	cmp al, 'A'
0066+  0D17 C8 29 0D    	jlu _isalpha_false
0067+  0D1A B9 7A       	cmp al, 'z'
0068+  0D1C D1 29 0D    	jgu _isalpha_false
0069+  0D1F B9 5A       	cmp al, 'Z'
0070+  0D21 D0 2D 0D    	jleu _isalpha_true
0071+  0D24 B9 61       	cmp al, 'a'
0072+  0D26 C9 2D 0D    	jgeu _isalpha_true
0073+  0D29             _isalpha_false:
0074+  0D29 8B 01       	or al, 1	; clear ZF
0075+  0D2B E8          	pop al
0076+  0D2C 09          	ret
0077+  0D2D             _isalpha_true:
0078+  0D2D 87 00       	and al, 0	; set ZF
0079+  0D2F E8          	pop al
0080+  0D30 09          	ret
0081+  0D31             
0082+  0D31             ;;;;;;;;;;;;;;;;;;;;;;;;;;;;;;;;;;;;;;;;;;;;;;;;;;;;;;;;;;;;;;;;;;;;;;;;;;;;;;;;;;
0083+  0D31             ;; IS PATH-ALPHA
0084+  0D31             ;; sets ZF according with result
0085+  0D31             ;;;;;;;;;;;;;;;;;;;;;;;;;;;;;;;;;;;;;;;;;;;;;;;;;;;;;;;;;;;;;;;;;;;;;;;;;;;;;;;;;;
0086+  0D31             ispath:
0087+  0D31 DB          	push al
0088+  0D32 07 F7 0C    	call _isdigit
0089+  0D35 C6 5F 0D    	je ispath_true
0090+  0D38 B9 5F       	cmp al, '_'
0091+  0D3A C6 5F 0D    	je ispath_true
0092+  0D3D B9 2F       	cmp al, '/'
0093+  0D3F C6 5F 0D    	je ispath_true
0094+  0D42 B9 2E       	cmp al, '.'
0095+  0D44 C6 5F 0D    	je ispath_true
0096+  0D47 B9 41       	cmp al, 'A'
0097+  0D49 C8 5B 0D    	jlu ispath_false
0098+  0D4C B9 7A       	cmp al, 'z'
0099+  0D4E D1 5B 0D    	jgu ispath_false
0100+  0D51 B9 5A       	cmp al, 'Z'
0101+  0D53 D0 5F 0D    	jleu ispath_true
0102+  0D56 B9 61       	cmp al, 'a'
0103+  0D58 C9 5F 0D    	jgeu ispath_true
0104+  0D5B             ispath_false:
0105+  0D5B 8B 01       	or al, 1	; clear ZF
0106+  0D5D E8          	pop al
0107+  0D5E 09          	ret
0108+  0D5F             ispath_true:
0109+  0D5F 87 00       	and al, 0	; set ZF
0110+  0D61 E8          	pop al
0111+  0D62 09          	ret
0112+  0D63             ;;;;;;;;;;;;;;;;;;;;;;;;;;;;;;;;;;;;;;;;;;;;;;;;;;;;;;;;;;;;;;;;;;;;;;;;;;;;;;;;;;
0113+  0D63             ;; IS SPACE
0114+  0D63             ;; sets ZF according with result
0115+  0D63             ;;;;;;;;;;;;;;;;;;;;;;;;;;;;;;;;;;;;;;;;;;;;;;;;;;;;;;;;;;;;;;;;;;;;;;;;;;;;;;;;;;
0116+  0D63             _isspace:
0117+  0D63 B9 20       	cmp al, $20		; ' '
0118+  0D65 C6 79 0D    	je _isspace_exit
0119+  0D68 B9 09       	cmp al, $09		; '\t'
0120+  0D6A C6 79 0D    	je _isspace_exit
0121+  0D6D B9 0A       	cmp al, $0A		; '\n'
0122+  0D6F C6 79 0D    	je _isspace_exit
0123+  0D72 B9 0D       	cmp al, $0D		; '\r'
0124+  0D74 C6 79 0D    	je _isspace_exit
0125+  0D77 B9 0B       	cmp al, $0B		; '\v'
0126+  0D79             _isspace_exit:
0127+  0D79 09          	ret	
0128+  0D7A             
0129+  0D7A             ;;;;;;;;;;;;;;;;;;;;;;;;;;;;;;;;;;;;;;;;;;;;;;;;;;;;;;;;;;;;;;;;;;;;;;;;;;;;;;;;;;;;;;;;;;;;;;;;;;;;;;;;;;;;;;;;;;
0130+  0D7A             ; TO LOWER
0131+  0D7A             ; input in AL
0132+  0D7A             ; output in AL
0133+  0D7A             ;;;;;;;;;;;;;;;;;;;;;;;;;;;;;;;;;;;;;;;;;;;;;;;;;;;;;;;;;;;;;;;;;;;;;;;;;;;;;;;;;;;;;;;;;;;;;;;;;;;;;;;;;;;;;;;;;;
0134+  0D7A             _to_lower:
0135+  0D7A B9 5A       	cmp al, 'Z'
0136+  0D7C D1 81 0D    	jgu _to_lower_ret
0137+  0D7F 6A 20       	add al, $20				; convert to lower case
0138+  0D81             _to_lower_ret:
0139+  0D81 09          	ret
0140+  0D82             ;;;;;;;;;;;;;;;;;;;;;;;;;;;;;;;;;;;;;;;;;;;;;;;;;;;;;;;;;;;;;;;;;;;;;;;;;;;;;;;;;;;;;;;;;;;;;;;;;;;;;;;;;;;;;;;;;;
0141+  0D82             ; TO UPPER
0142+  0D82             ; input in AL
0143+  0D82             ; output in AL
0144+  0D82             ;;;;;;;;;;;;;;;;;;;;;;;;;;;;;;;;;;;;;;;;;;;;;;;;;;;;;;;;;;;;;;;;;;;;;;;;;;;;;;;;;;;;;;;;;;;;;;;;;;;;;;;;;;;;;;;;;;
0145+  0D82             _to_upper:
0146+  0D82 B9 61       	cmp al, 'a'
0147+  0D84 C8 89 0D    	jlu _to_upper_ret
0148+  0D87 6F 20       	sub al, $20			; convert to upper case
0149+  0D89             _to_upper_ret:
0150+  0D89 09          	ret
0151+  0D8A             
0038   0D8A             
0039   0D8A             transient_area:
0040   0D8A             
0041   0D8A             .endtasm: Number of errors = 0
