0001   0000             .include "lib/kernel.exp"
0001+  0000             TEXT_ORG         .EQU  $0400
0002+  0000             sys_bkpt         .EQU  $0000
0003+  0000             sys_rtc          .EQU  $0001
0004+  0000             sys_ide          .EQU  $0002
0005+  0000             sys_io           .EQU  $0003
0006+  0000             sys_filesystem   .EQU  $0004
0007+  0000             sys_spawn_proc   .EQU  $0005
0008+  0000             sys_list         .EQU  $0006
0009+  0000             sys_datetime     .EQU  $0007
0010+  0000             sys_reboot       .EQU  $0008
0011+  0000             sys_pause_proc   .EQU  $0009
0012+  0000             sys_resume_proc  .EQU  $000a
0013+  0000             sys_terminate_proc .EQU  $000b
0014+  0000             sys_system       .EQU  $000c
0002   0000             
0003   0400             .org TEXT_ORG
0004   0400             
0005   0400             primes:
0006   0400 FD 47 FF FF 	mov sp, $FFFF
0007   0404 FD 49 FF FF 	mov bp, $FFFF
0008   0408             
0009   0408 10 00 00    	mov a, 0
0010   040B 42 5E 0A    	mov [prog], a
0011   040E 07 BF 08    	call get_token
0012   0411 1D 61 0A    	mov al, [tok]
0013   0414 B9 14       	cmp al, TOK_END
0014   0416 C6 78 04    	je bad_args
0015   0419 3B 62 0A    	mov d, tokstr
0016   041C 07 AE 06    	call _strtoint
0017   041F 42 1E 0C    	mov [min], a
0018   0422 07 BF 08    	call get_token
0019   0425 1D 61 0A    	mov al, [tok]
0020   0428 B9 14       	cmp al, TOK_END
0021   042A C6 78 04    	je bad_args
0022   042D 3B 62 0A    	mov d, tokstr
0023   0430 07 AE 06    	call _strtoint
0024   0433 42 1C 0C    	mov [max], a
0025   0436             	
0026   0436 14 1E 0C    	mov a, [min]
0027   0439             primes_L1:
0028   0439 38 02 00    	mov c, 2	
0029   043C             primes_L2:
0030   043C D7          	push a
0031   043D 28          	mov b, c
0032   043E AE          	div a, b
0033   043F C0 00 00    	cmp b, 0
0034   0442 C6 4A 04    	jz divisible
0035   0445 78          	inc c
0036   0446 E4          	pop a
0037   0447 0A 3C 04    	jmp primes_L2		
0038   044A             divisible:
0039   044A E4          	pop a
0040   044B B1          	cmp a, c
0041   044C C7 72 04    	jnz notprime			
0042   044F             isprime:
0043   044F 07 07 07    	call print_u16d
0044   0452             	
0045   0452 D7          	push a
0046   0453 14 1A 0C    	mov a, [total]
0047   0456 77          	inc a
0048   0457 42 1A 0C    	mov [total], a
0049   045A 3B 2F 0C    	mov d, s_total
0050   045D 07 DE 06    	call _puts
0051   0460 07 07 07    	call print_u16d
0052   0463             	
0053   0463 E4          	pop a
0054   0464             
0055   0464 07 8B 06    	call printnl
0056   0467 77          	inc a
0057   0468 29 1C 0C    	mov b, [max]
0058   046B B0          	cmp a, b
0059   046C C9 76 04    	jgeu primes_ret
0060   046F 0A 39 04    	jmp primes_L1
0061   0472             notprime:
0062   0472 77          	inc a
0063   0473 0A 39 04    	jmp primes_L1		
0064   0476             primes_ret:
0065   0476 05 0B       	syscall sys_terminate_proc
0066   0478             
0067   0478             bad_args:
0068   0478 3B FF 0B    	mov d, s_usage
0069   047B 07 DE 06    	call _puts
0070   047E 0A 76 04    	jmp primes_ret
0071   0481             
0072   0481             .include "lib/stdio.asm"
0001+  0481             ;;;;;;;;;;;;;;;;;;;;;;;;;;;;;;;;;;;;;;;;;;;;;;;;;;;;;;;;;;;;;;;;;;;;;;;;;;;;;;;;;;;;;;;;;;;;;;;;;;;;;;;;;;;;;;;;;;
0002+  0481             ; stdio.s
0003+  0481             ;;;;;;;;;;;;;;;;;;;;;;;;;;;;;;;;;;;;;;;;;;;;;;;;;;;;;;;;;;;;;;;;;;;;;;;;;;;;;;;;;;;;;;;;;;;;;;;;;;;;;;;;;;;;;;;;;;
0004+  0481             .include "lib/string.asm"
0001++ 0481             ;;;;;;;;;;;;;;;;;;;;;;;;;;;;;;;;;;;;;;;;;;;;;;;;;;;;;;;;;;;;;;;;;;;;;;;;;;;;;;;;;;;;;;;;;;;;;;;;;;;;;;;;;;;;;;;;;;
0002++ 0481             ; string.s
0003++ 0481             ;;;;;;;;;;;;;;;;;;;;;;;;;;;;;;;;;;;;;;;;;;;;;;;;;;;;;;;;;;;;;;;;;;;;;;;;;;;;;;;;;;;;;;;;;;;;;;;;;;;;;;;;;;;;;;;;;;
0004++ 0481             
0005++ 0481             
0006++ 0481             ;;;;;;;;;;;;;;;;;;;;;;;;;;;;;;;;;;;;;;;;;;;;;;;;;;;;;;;;;;;;;;;;;;;;;;;;;;;;;;;;;;;;;;;;;;;;;;;;;;;;;;;;;;;;;;;;;;
0007++ 0481             ; _strrev
0008++ 0481             ; reverse a string
0009++ 0481             ; D = string address
0010++ 0481             ;;;;;;;;;;;;;;;;;;;;;;;;;;;;;;;;;;;;;;;;;;;;;;;;;;;;;;;;;;;;;;;;;;;;;;;;;;;;;;;;;;;;;;;;;;;;;;;;;;;;;;;;;;;;;;;;;;
0011++ 0481             ; 01234
0012++ 0481             _strrev:
0013++ 0481 4B          	pusha
0014++ 0482 07 C8 04    	call _strlen	; length in C
0015++ 0485 12          	mov a, c
0016++ 0486 AF 01 00    	cmp a, 1
0017++ 0489 D0 A3 04    	jleu _strrev_end	; check string length. string len must be > 1
0018++ 048C 7D          	dec a
0019++ 048D FD 4E       	mov si, d	; beginning of string
0020++ 048F FD 50       	mov di, d	; beginning of string (for destinations)
0021++ 0491 59          	add d, a	; end of string
0022++ 0492 12          	mov a, c
0023++ 0493 FD 9B       	shr a		; divide by 2
0024++ 0495 39          	mov c, a	; C now counts the steps
0025++ 0496             _strrev_L0:
0026++ 0496 32          	mov bl, [d]	; save load right-side char into BL
0027++ 0497 F6          	lodsb		; load left-side char into AL; increase SI
0028++ 0498 3E          	mov [d], al	; store left char into right side
0029++ 0499 1B          	mov al, bl
0030++ 049A F7          	stosb		; store right-side char into left-side; increase DI
0031++ 049B 7E          	dec c
0032++ 049C 7F          	dec d
0033++ 049D C2 00 00    	cmp c, 0
0034++ 04A0 C7 96 04    	jne _strrev_L0
0035++ 04A3             _strrev_end:
0036++ 04A3 4C          	popa
0037++ 04A4 09          	ret
0038++ 04A5             	
0039++ 04A5             ;;;;;;;;;;;;;;;;;;;;;;;;;;;;;;;;;;;;;;;;;;;;;;;;;;;;;;;;;;;;;;;;;;;;;;;;;;;;;;;;;;;;;;;;;;;;;;;;;;;;;;;;;;;;;;;;;;
0040++ 04A5             ; _strchr
0041++ 04A5             ; search string in D for char in AL
0042++ 04A5             ;;;;;;;;;;;;;;;;;;;;;;;;;;;;;;;;;;;;;;;;;;;;;;;;;;;;;;;;;;;;;;;;;;;;;;;;;;;;;;;;;;;;;;;;;;;;;;;;;;;;;;;;;;;;;;;;;;
0043++ 04A5             _strchr:
0044++ 04A5             _strchr_L0:
0045++ 04A5 32          	mov bl, [d]
0046++ 04A6 C1 00       	cmp bl, 0
0047++ 04A8 C6 B3 04    	je _strchr_end
0048++ 04AB BA          	cmp al, bl
0049++ 04AC C6 B3 04    	je _strchr_end
0050++ 04AF 79          	inc d
0051++ 04B0 0A A5 04    	jmp _strchr_L0
0052++ 04B3             _strchr_end:
0053++ 04B3 1B          	mov al, bl
0054++ 04B4 09          	ret
0055++ 04B5             
0056++ 04B5             ;;;;;;;;;;;;;;;;;;;;;;;;;;;;;;;;;;;;;;;;;;;;;;;;;;;;;;;;;;;;;;;;;;;;;;;;;;;;;;;;;;;;;;;;;;;;;;;;;;;;;;;;;;;;;;;;;;
0057++ 04B5             ; _strstr
0058++ 04B5             ; find sub-string
0059++ 04B5             ; str1 in SI
0060++ 04B5             ; str2 in DI
0061++ 04B5             ; SI points to end of source string
0062++ 04B5             ;;;;;;;;;;;;;;;;;;;;;;;;;;;;;;;;;;;;;;;;;;;;;;;;;;;;;;;;;;;;;;;;;;;;;;;;;;;;;;;;;;;;;;;;;;;;;;;;;;;;;;;;;;;;;;;;;;
0063++ 04B5             _strstr:
0064++ 04B5 DB          	push al
0065++ 04B6 DA          	push d
0066++ 04B7 E3          	push di
0067++ 04B8             _strstr_loop:
0068++ 04B8 F3          	cmpsb					; compare a byte of the strings
0069++ 04B9 C7 C4 04    	jne _strstr_ret
0070++ 04BC FC 00 00    	lea d, [di + 0]
0071++ 04BF BD 00       	cmp byte[d], 0				; check if at end of string (null)
0072++ 04C1 C7 B8 04    	jne _strstr_loop				; equal chars but not at end
0073++ 04C4             _strstr_ret:
0074++ 04C4 F0          	pop di
0075++ 04C5 E7          	pop d
0076++ 04C6 E8          	pop al
0077++ 04C7 09          	ret
0078++ 04C8             ;;;;;;;;;;;;;;;;;;;;;;;;;;;;;;;;;;;;;;;;;;;;;;;;;;;;;;;;;;;;;;;;;;;;;;;;;;;;;;;;;;;;;;;
0079++ 04C8             ; length of null terminated string
0080++ 04C8             ; result in C
0081++ 04C8             ; pointer in D
0082++ 04C8             ;;;;;;;;;;;;;;;;;;;;;;;;;;;;;;;;;;;;;;;;;;;;;;;;;;;;;;;;;;;;;;;;;;;;;;;;;;;;;;;;;;;;;;;
0083++ 04C8             _strlen:
0084++ 04C8 DA          	push d
0085++ 04C9 38 00 00    	mov c, 0
0086++ 04CC             _strlen_L1:
0087++ 04CC BD 00       	cmp byte [d], 0
0088++ 04CE C6 D6 04    	je _strlen_ret
0089++ 04D1 79          	inc d
0090++ 04D2 78          	inc c
0091++ 04D3 0A CC 04    	jmp _strlen_L1
0092++ 04D6             _strlen_ret:
0093++ 04D6 E7          	pop d
0094++ 04D7 09          	ret
0095++ 04D8             
0096++ 04D8             ;;;;;;;;;;;;;;;;;;;;;;;;;;;;;;;;;;;;;;;;;;;;;;;;;;;;;;;;;;;;;;;;;;;;;;;;;;;;;;;;;;;;;;;;;;;;;;;;;;;;;;;;;;;;;;;;;;
0097++ 04D8             ; STRCMP
0098++ 04D8             ; compare two strings
0099++ 04D8             ; str1 in SI
0100++ 04D8             ; str2 in DI
0101++ 04D8             ; CREATE A STRING COMPAIRON INSTRUCION ?????
0102++ 04D8             ;;;;;;;;;;;;;;;;;;;;;;;;;;;;;;;;;;;;;;;;;;;;;;;;;;;;;;;;;;;;;;;;;;;;;;;;;;;;;;;;;;;;;;;;;;;;;;;;;;;;;;;;;;;;;;;;;;
0103++ 04D8             _strcmp:
0104++ 04D8 DB          	push al
0105++ 04D9 DA          	push d
0106++ 04DA E3          	push di
0107++ 04DB E2          	push si
0108++ 04DC             _strcmp_loop:
0109++ 04DC F3          	cmpsb					; compare a byte of the strings
0110++ 04DD C7 E8 04    	jne _strcmp_ret
0111++ 04E0 FB FF FF    	lea d, [si +- 1]
0112++ 04E3 BD 00       	cmp byte[d], 0				; check if at end of string (null)
0113++ 04E5 C7 DC 04    	jne _strcmp_loop				; equal chars but not at end
0114++ 04E8             _strcmp_ret:
0115++ 04E8 EF          	pop si
0116++ 04E9 F0          	pop di
0117++ 04EA E7          	pop d
0118++ 04EB E8          	pop al
0119++ 04EC 09          	ret
0120++ 04ED             
0121++ 04ED             
0122++ 04ED             ; STRCPY
0123++ 04ED             ; copy null terminated string from SI to DI
0124++ 04ED             ; source in SI
0125++ 04ED             ; destination in DI
0126++ 04ED             _strcpy:
0127++ 04ED E2          	push si
0128++ 04EE E3          	push di
0129++ 04EF DB          	push al
0130++ 04F0             _strcpy_L1:
0131++ 04F0 F6          	lodsb
0132++ 04F1 F7          	stosb
0133++ 04F2 B9 00       	cmp al, 0
0134++ 04F4 C7 F0 04    	jne _strcpy_L1
0135++ 04F7             _strcpy_end:
0136++ 04F7 E8          	pop al
0137++ 04F8 F0          	pop di
0138++ 04F9 EF          	pop si
0139++ 04FA 09          	ret
0140++ 04FB             
0141++ 04FB             ; STRCAT
0142++ 04FB             ; concatenate a NULL terminated string into string at DI, from string at SI
0143++ 04FB             ; source in SI
0144++ 04FB             ; destination in DI
0145++ 04FB             _strcat:
0146++ 04FB E2          	push si
0147++ 04FC E3          	push di
0148++ 04FD D7          	push a
0149++ 04FE DA          	push d
0150++ 04FF 50          	mov a, di
0151++ 0500 3C          	mov d, a
0152++ 0501             _strcat_goto_end_L1:
0153++ 0501 BD 00       	cmp byte[d], 0
0154++ 0503 C6 0A 05    	je _strcat_start
0155++ 0506 79          	inc d
0156++ 0507 0A 01 05    	jmp _strcat_goto_end_L1
0157++ 050A             _strcat_start:
0158++ 050A FD 50       	mov di, d
0159++ 050C             _strcat_L1:
0160++ 050C F6          	lodsb
0161++ 050D F7          	stosb
0162++ 050E B9 00       	cmp al, 0
0163++ 0510 C7 0C 05    	jne _strcat_L1
0164++ 0513             _strcat_end:
0165++ 0513 E7          	pop d
0166++ 0514 E4          	pop a
0167++ 0515 F0          	pop di
0168++ 0516 EF          	pop si
0169++ 0517 09          	ret
0170++ 0518             
0171++ 0518             
0005+  0518             
0006+  0518             
0007+  0518             ;;;;;;;;;;;;;;;;;;;;;;;;;;;;;;;;;;;;;;;;;;;;;;;;;;;;;;;;;;;;;;;;;;;;;;;;;;;;;;;;;;;;;;;;;;;;;;;;;;;;;;;;;;;;;;;;;;
0008+  0518             ; CONVERT ASCII 'O'..'F' TO INTEGER 0..15
0009+  0518             ; ASCII in BL
0010+  0518             ; result in AL
0011+  0518             ; ascii for F = 0100 0110
0012+  0518             ; ascii for 9 = 0011 1001
0013+  0518             ;;;;;;;;;;;;;;;;;;;;;;;;;;;;;;;;;;;;;;;;;;;;;;;;;;;;;;;;;;;;;;;;;;;;;;;;;;;;;;;;;;;;;;;;;;;;;;;;;;;;;;;;;;;;;;;;;;
0014+  0518             hex_ascii_encode:
0015+  0518 1B            mov al, bl
0016+  0519 93 40         test al, $40        ; test if letter or number
0017+  051B C7 21 05      jnz hex_letter
0018+  051E 87 0F         and al, $0F        ; get number
0019+  0520 09            ret
0020+  0521             hex_letter:
0021+  0521 87 0F         and al, $0F        ; get letter
0022+  0523 6A 09         add al, 9
0023+  0525 09            ret
0024+  0526             
0025+  0526             ;;;;;;;;;;;;;;;;;;;;;;;;;;;;;;;;;;;;;;;;;;;;;;;;;;;;;;;;;;;;;;;;;;;;;;;;;;;;;;;;;;;;;;;;;;;;;;;;;;;;;;;;;;;;;;;;;;
0026+  0526             ; ATOI
0027+  0526             ; 2 letter hex string in B
0028+  0526             ; 8bit integer returned in AL
0029+  0526             ;;;;;;;;;;;;;;;;;;;;;;;;;;;;;;;;;;;;;;;;;;;;;;;;;;;;;;;;;;;;;;;;;;;;;;;;;;;;;;;;;;;;;;;;;;;;;;;;;;;;;;;;;;;;;;;;;;
0030+  0526             _atoi:
0031+  0526 D8            push b
0032+  0527 07 18 05      call hex_ascii_encode      ; convert BL to 4bit code in AL
0033+  052A 30            mov bl, bh
0034+  052B DB            push al          ; save a
0035+  052C 07 18 05      call hex_ascii_encode
0036+  052F EA            pop bl  
0037+  0530 FD 9E 04      shl al, 4
0038+  0533 8C            or al, bl
0039+  0534 E5            pop b
0040+  0535 09            ret  
0041+  0536             
0042+  0536             
0043+  0536             ;;;;;;;;;;;;;;;;;;;;;;;;;;;;;;;;;;;;;;;;;;;;;;;;;;;;;;;;;;;;;;;;;;;;;;;;;;;;;;;;;;;;;;;;;;;;;;;;;;;;;;;;;;;;;;;;;;
0044+  0536             ; scanf
0045+  0536             ; no need for explanations!
0046+  0536             ;;;;;;;;;;;;;;;;;;;;;;;;;;;;;;;;;;;;;;;;;;;;;;;;;;;;;;;;;;;;;;;;;;;;;;;;;;;;;;;;;;;;;;;;;;;;;;;;;;;;;;;;;;;;;;;;;;
0047+  0536             scanf:
0048+  0536 09            ret
0049+  0537             
0050+  0537             ;;;;;;;;;;;;;;;;;;;;;;;;;;;;;;;;;;;;;;;;;;;;;;;;;;;;;;;;;;;;;;;;;;;;;;;;;;;;;;;;;;;;;;;;;;;;;;;;;;;;;;;;;;;;;;;;;;
0051+  0537             ; ITOA
0052+  0537             ; 8bit value in BL
0053+  0537             ; 2 byte ASCII result in A
0054+  0537             ;;;;;;;;;;;;;;;;;;;;;;;;;;;;;;;;;;;;;;;;;;;;;;;;;;;;;;;;;;;;;;;;;;;;;;;;;;;;;;;;;;;;;;;;;;;;;;;;;;;;;;;;;;;;;;;;;;
0055+  0537             _itoa:
0056+  0537 DA            push d
0057+  0538 D8            push b
0058+  0539 A7 00         mov bh, 0
0059+  053B FD A4 04      shr bl, 4  
0060+  053E 74            mov d, b
0061+  053F 1F 12 08      mov al, [d + s_hex_digits]
0062+  0542 23            mov ah, al
0063+  0543               
0064+  0543 E5            pop b
0065+  0544 D8            push b
0066+  0545 A7 00         mov bh, 0
0067+  0547 FD 87 0F      and bl, $0F
0068+  054A 74            mov d, b
0069+  054B 1F 12 08      mov al, [d + s_hex_digits]
0070+  054E E5            pop b
0071+  054F E7            pop d
0072+  0550 09            ret
0073+  0551             
0074+  0551             ;;;;;;;;;;;;;;;;;;;;;;;;;;;;;;;;;;;;;;;;;;;;;;;;;;;;;;;;;;;;;;;;;;;;;;;;;;;;;;;;;;;;;;;;;;;;;;;;;;;;;;;;;;;;;;;;;;
0075+  0551             ; HEX STRING TO BINARY
0076+  0551             ; di = destination address
0077+  0551             ; si = source
0078+  0551             ;;;;;;;;;;;;;;;;;;;;;;;;;;;;;;;;;;;;;;;;;;;;;;;;;;;;;;;;;;;;;;;;;;;;;;;;;;;;;;;;;;;;;;;;;;;;;;;;;;;;;;;;;;;;;;;;;;
0079+  0551             _hex_to_int:
0080+  0551             _hex_to_int_L1:
0081+  0551 F6            lodsb          ; load from [SI] to AL
0082+  0552 B9 00         cmp al, 0        ; check if ASCII 0
0083+  0554 C6 61 05      jz _hex_to_int_ret
0084+  0557 36            mov bh, al
0085+  0558 F6            lodsb
0086+  0559 2F            mov bl, al
0087+  055A 07 26 05      call _atoi        ; convert ASCII byte in B to int (to AL)
0088+  055D F7            stosb          ; store AL to [DI]
0089+  055E 0A 51 05      jmp _hex_to_int_L1
0090+  0561             _hex_to_int_ret:
0091+  0561 09            ret    
0092+  0562             
0093+  0562             
0094+  0562             
0095+  0562             ;;;;;;;;;;;;;;;;;;;;;;;;;;;;;;;;;;;;;;;;;;;;;;;;;;;;;;;;;;;;;;;;;;;;;;;;;;;;;;;;;;;;;;;;;;;;;;;;;;;;;;;;;;;;;;;;;;
0096+  0562             ; GETCHAR
0097+  0562             ; char in ah
0098+  0562             ;;;;;;;;;;;;;;;;;;;;;;;;;;;;;;;;;;;;;;;;;;;;;;;;;;;;;;;;;;;;;;;;;;;;;;;;;;;;;;;;;;;;;;;;;;;;;;;;;;;;;;;;;;;;;;;;;;
0099+  0562             _getchar:
0100+  0562 DB            push al
0101+  0563             _getchar_retry:
0102+  0563 FD 0C         sti
0103+  0565 19 01         mov al, 1
0104+  0567 05 03         syscall sys_io      ; receive in AH
0105+  0569 B9 00         cmp al, 0      ; check if any char was received
0106+  056B C6 63 05      je _getchar_retry
0107+  056E E8            pop al
0108+  056F 09            ret
0109+  0570             
0110+  0570             ;;;;;;;;;;;;;;;;;;;;;;;;;;;;;;;;;;;;;;;;;;;;;;;;;;;;;;;;;;;;;;;;;;;;;;;;;;;;;;;;;;;;;;;;;;;;;;;;;;;;;;;;;;;;;;;;;;
0111+  0570             ; PUTCHAR
0112+  0570             ; char in ah
0113+  0570             ;;;;;;;;;;;;;;;;;;;;;;;;;;;;;;;;;;;;;;;;;;;;;;;;;;;;;;;;;;;;;;;;;;;;;;;;;;;;;;;;;;;;;;;;;;;;;;;;;;;;;;;;;;;;;;;;;;
0114+  0570             _putchar:
0115+  0570 D7            push a
0116+  0571 19 00         mov al, 0
0117+  0573 05 03         syscall sys_io      ; char in AH
0118+  0575 E4            pop a
0119+  0576 09            ret
0120+  0577             
0121+  0577             ;;;;;;;;;;;;;;;;;;;;;;;;;;;;;;;;;;;;;;;;;;;;;;;;;;;;;;;;;;;;;;;;;;;;;;;;;;;;;;;;;;;;;;;;;;;;;;;;;;;;;;;;;;;;;;;;;;
0122+  0577             ;; INPUT A STRING
0123+  0577             ;; terminates with null
0124+  0577             ;; pointer in D
0125+  0577             ;;;;;;;;;;;;;;;;;;;;;;;;;;;;;;;;;;;;;;;;;;;;;;;;;;;;;;;;;;;;;;;;;;;;;;;;;;;;;;;;;;;;;;;;;;;;;;;;;;;;;;;;;;;;;;;;;;
0126+  0577             _gets:
0127+  0577 D7            push a
0128+  0578 DA            push d
0129+  0579             _gets_loop:
0130+  0579 FD 0C         sti
0131+  057B 19 01         mov al, 1
0132+  057D 05 03         syscall sys_io      ; receive in AH
0133+  057F B9 00         cmp al, 0        ; check error code (AL)
0134+  0581 C6 79 05      je _gets_loop      ; if no char received, retry
0135+  0584             
0136+  0584 76 1B         cmp ah, 27
0137+  0586 C6 A7 05      je _gets_ansi_esc
0138+  0589 76 0A         cmp ah, $0A        ; LF
0139+  058B C6 18 06      je _gets_end
0140+  058E 76 0D         cmp ah, $0D        ; CR
0141+  0590 C6 18 06      je _gets_end
0142+  0593 76 5C         cmp ah, $5C        ; '\\'
0143+  0595 C6 D7 05      je _gets_escape
0144+  0598               
0145+  0598 76 08         cmp ah, $08      ; check for backspace
0146+  059A C6 A3 05      je _gets_backspace
0147+  059D             
0148+  059D 1A            mov al, ah
0149+  059E 3E            mov [d], al
0150+  059F 79            inc d
0151+  05A0 0A 79 05      jmp _gets_loop
0152+  05A3             _gets_backspace:
0153+  05A3 7F            dec d
0154+  05A4 0A 79 05      jmp _gets_loop
0155+  05A7             _gets_ansi_esc:
0156+  05A7 FD 0C         sti
0157+  05A9 19 01         mov al, 1
0158+  05AB 05 03         syscall sys_io        ; receive in AH without echo
0159+  05AD B9 00         cmp al, 0          ; check error code (AL)
0160+  05AF C6 A7 05      je _gets_ansi_esc    ; if no char received, retry
0161+  05B2 76 5B         cmp ah, '['
0162+  05B4 C7 79 05      jne _gets_loop
0163+  05B7             _gets_ansi_esc_2:
0164+  05B7 FD 0C         sti
0165+  05B9 19 01         mov al, 1
0166+  05BB 05 03         syscall sys_io          ; receive in AH without echo
0167+  05BD B9 00         cmp al, 0            ; check error code (AL)
0168+  05BF C6 B7 05      je _gets_ansi_esc_2  ; if no char received, retry
0169+  05C2 76 44         cmp ah, 'D'
0170+  05C4 C6 CF 05      je _gets_left_arrow
0171+  05C7 76 43         cmp ah, 'C'
0172+  05C9 C6 D3 05      je _gets_right_arrow
0173+  05CC 0A 79 05      jmp _gets_loop
0174+  05CF             _gets_left_arrow:
0175+  05CF 7F            dec d
0176+  05D0 0A 79 05      jmp _gets_loop
0177+  05D3             _gets_right_arrow:
0178+  05D3 79            inc d
0179+  05D4 0A 79 05      jmp _gets_loop
0180+  05D7             _gets_escape:
0181+  05D7 FD 0C         sti
0182+  05D9 19 01         mov al, 1
0183+  05DB 05 03         syscall sys_io      ; receive in AH
0184+  05DD B9 00         cmp al, 0        ; check error code (AL)
0185+  05DF C6 D7 05      je _gets_escape      ; if no char received, retry
0186+  05E2 76 6E         cmp ah, 'n'
0187+  05E4 C6 03 06      je _gets_LF
0188+  05E7 76 72         cmp ah, 'r'
0189+  05E9 C6 0A 06      je _gets_CR
0190+  05EC 76 30         cmp ah, '0'
0191+  05EE C6 11 06      je _gets_NULL
0192+  05F1 76 5C         cmp ah, $5C  ; '\'
0193+  05F3 C6 FC 05      je _gets_slash
0194+  05F6 1A            mov al, ah        ; if not a known escape, it is just a normal letter
0195+  05F7 3E            mov [d], al
0196+  05F8 79            inc d
0197+  05F9 0A 79 05      jmp _gets_loop
0198+  05FC             _gets_slash:
0199+  05FC 19 5C         mov al, $5C
0200+  05FE 3E            mov [d], al
0201+  05FF 79            inc d
0202+  0600 0A 79 05      jmp _gets_loop
0203+  0603             _gets_LF:
0204+  0603 19 0A         mov al, $0A
0205+  0605 3E            mov [d], al
0206+  0606 79            inc d
0207+  0607 0A 79 05      jmp _gets_loop
0208+  060A             _gets_CR:
0209+  060A 19 0D         mov al, $0D
0210+  060C 3E            mov [d], al
0211+  060D 79            inc d
0212+  060E 0A 79 05      jmp _gets_loop
0213+  0611             _gets_NULL:
0214+  0611 19 00         mov al, $00
0215+  0613 3E            mov [d], al
0216+  0614 79            inc d
0217+  0615 0A 79 05      jmp _gets_loop
0218+  0618             _gets_end:
0219+  0618 19 00         mov al, 0
0220+  061A 3E            mov [d], al        ; terminate string
0221+  061B E7            pop d
0222+  061C E4            pop a
0223+  061D 09            ret
0224+  061E             
0225+  061E             ;;;;;;;;;;;;;;;;;;;;;;;;;;;;;;;;;;;;;;;;;;;;;;;;;;;;;;;;;;;;;;;;;;;;;;;;;;;;;;;;;;;;;;;;;;;;;;;;;;;;;;;;;;;;;;;;;;
0226+  061E             ;; INPUT BINARY
0227+  061E             ;; pointer in D
0228+  061E             ;; size in b
0229+  061E             ;;;;;;;;;;;;;;;;;;;;;;;;;;;;;;;;;;;;;;;;;;;;;;;;;;;;;;;;;;;;;;;;;;;;;;;;;;;;;;;;;;;;;;;;;;;;;;;;;;;;;;;;;;;;;;;;;;
0230+  061E             _load_binary:
0231+  061E D7            push a
0232+  061F DA            push d
0233+  0620 D9            push c
0234+  0621 38 00 00      mov c, 0
0235+  0624             _load_binary_loop:
0236+  0624 19 03         mov al, 3
0237+  0626 05 03         syscall sys_io      ; receive in AH with no echo
0238+  0628 B9 00         cmp al, 0        ; check error code (AL)
0239+  062A C6 24 06      je _load_binary_loop    ; if no char received, retry
0240+  062D 1A            mov al, ah
0241+  062E 3E            mov [d], al
0242+  062F 79            inc d
0243+  0630 78            inc c
0244+  0631 FD C0         cmp b, c
0245+  0633 C7 24 06      jne _load_binary_loop
0246+  0636             _load_binary_end:
0247+  0636 E6            pop c
0248+  0637 E7            pop d
0249+  0638 E4            pop a
0250+  0639 09            ret
0251+  063A             
0252+  063A             ;;;;;;;;;;;;;;;;;;;;;;;;;;;;;;;;;;;;;;;;;;;;;;;;;;;;;;;;;;;;;;;;;;;;;;;;;;;;;;;;;;;;;;;;;;;;;;;;;;;;;;;;;;;;;;;;;;
0253+  063A             ;; INPUT TEXT
0254+  063A             ;; terminated with CTRL+D
0255+  063A             ;; pointer in D
0256+  063A             ;;;;;;;;;;;;;;;;;;;;;;;;;;;;;;;;;;;;;;;;;;;;;;;;;;;;;;;;;;;;;;;;;;;;;;;;;;;;;;;;;;;;;;;;;;;;;;;;;;;;;;;;;;;;;;;;;;
0257+  063A             _gettxt:
0258+  063A D7            push a
0259+  063B DA            push d
0260+  063C             _gettxt_loop:
0261+  063C 19 01         mov al, 1
0262+  063E 05 03         syscall sys_io      ; receive in AH
0263+  0640 B9 00         cmp al, 0        ; check error code (AL)
0264+  0642 C6 3C 06      je _gettxt_loop    ; if no char received, retry
0265+  0645 76 04         cmp ah, 4      ; EOT
0266+  0647 C6 85 06      je _gettxt_end
0267+  064A 76 08         cmp ah, $08      ; check for backspace
0268+  064C C6 81 06      je _gettxt_backspace
0269+  064F 76 5C         cmp ah, $5C        ; '\'
0270+  0651 C6 5A 06      je _gettxt_escape
0271+  0654 1A            mov al, ah
0272+  0655 3E            mov [d], al
0273+  0656 79            inc d
0274+  0657 0A 3C 06      jmp _gettxt_loop
0275+  065A             _gettxt_escape:
0276+  065A 19 01         mov al, 1
0277+  065C 05 03         syscall sys_io      ; receive in AH
0278+  065E B9 00         cmp al, 0        ; check error code (AL)
0279+  0660 C6 5A 06      je _gettxt_escape    ; if no char received, retry
0280+  0663 76 6E         cmp ah, 'n'
0281+  0665 C6 73 06      je _gettxt_LF
0282+  0668 76 72         cmp ah, 'r'
0283+  066A C6 7A 06      je _gettxt_CR
0284+  066D 1A            mov al, ah        ; if not a known escape, it is just a normal letter
0285+  066E 3E            mov [d], al
0286+  066F 79            inc d
0287+  0670 0A 3C 06      jmp _gettxt_loop
0288+  0673             _gettxt_LF:
0289+  0673 19 0A         mov al, $0A
0290+  0675 3E            mov [d], al
0291+  0676 79            inc d
0292+  0677 0A 3C 06      jmp _gettxt_loop
0293+  067A             _gettxt_CR:
0294+  067A 19 0D         mov al, $0D
0295+  067C 3E            mov [d], al
0296+  067D 79            inc d
0297+  067E 0A 3C 06      jmp _gettxt_loop
0298+  0681             _gettxt_backspace:
0299+  0681 7F            dec d
0300+  0682 0A 3C 06      jmp _gettxt_loop
0301+  0685             _gettxt_end:
0302+  0685 19 00         mov al, 0
0303+  0687 3E            mov [d], al        ; terminate string
0304+  0688 E7            pop d
0305+  0689 E4            pop a
0306+  068A 09            ret
0307+  068B             
0308+  068B             ;;;;;;;;;;;;;;;;;;;;;;;;;;;;;;;;;;;;;;;;;;;;;;;;;;;;;;;;;;;;;;;;;;;;;;;;;;;;;;;;;;;;;;;;;;;;;;;;;;;;;;;;;;;;;;;;;;
0309+  068B             ; PRINT NEW LINE
0310+  068B             ;;;;;;;;;;;;;;;;;;;;;;;;;;;;;;;;;;;;;;;;;;;;;;;;;;;;;;;;;;;;;;;;;;;;;;;;;;;;;;;;;;;;;;;;;;;;;;;;;;;;;;;;;;;;;;;;;;
0311+  068B             printnl:
0312+  068B D7            push a
0313+  068C 10 00 0A      mov a, $0A00
0314+  068F 05 03         syscall sys_io
0315+  0691 10 00 0D      mov a, $0D00
0316+  0694 05 03         syscall sys_io
0317+  0696 E4            pop a
0318+  0697 09            ret
0319+  0698             
0320+  0698             ;;;;;;;;;;;;;;;;;;;;;;;;;;;;;;;;;;;;;;;;;;;;;;;;;;;;;;;;;;;;;;;;;;;;;;;;;;;;;;;;;;;;;;;;;;;;;;;;;;;;;;;;;;;;;;;;;;
0321+  0698             ; _strtoint
0322+  0698             ; 4 digit hex string number in d
0323+  0698             ; integer returned in A
0324+  0698             ;;;;;;;;;;;;;;;;;;;;;;;;;;;;;;;;;;;;;;;;;;;;;;;;;;;;;;;;;;;;;;;;;;;;;;;;;;;;;;;;;;;;;;;;;;;;;;;;;;;;;;;;;;;;;;;;;;
0325+  0698             _strtointx:
0326+  0698 D8            push b
0327+  0699 32            mov bl, [d]
0328+  069A 37            mov bh, bl
0329+  069B 33 01 00      mov bl, [d + 1]
0330+  069E 07 26 05      call _atoi        ; convert to int in AL
0331+  06A1 23            mov ah, al        ; move to AH
0332+  06A2 33 02 00      mov bl, [d + 2]
0333+  06A5 37            mov bh, bl
0334+  06A6 33 03 00      mov bl, [d + 3]
0335+  06A9 07 26 05      call _atoi        ; convert to int in AL
0336+  06AC E5            pop b
0337+  06AD 09            ret
0338+  06AE             
0339+  06AE             ;;;;;;;;;;;;;;;;;;;;;;;;;;;;;;;;;;;;;;;;;;;;;;;;;;;;;;;;;;;;;;;;;;;;;;;;;;;;;;;;;;;;;;;;;;;;;;;;;;;;;;;;;;;;;;;;;;
0340+  06AE             ; _strtoint
0341+  06AE             ; 5 digit base10 string number in d
0342+  06AE             ; integer returned in A
0343+  06AE             ;;;;;;;;;;;;;;;;;;;;;;;;;;;;;;;;;;;;;;;;;;;;;;;;;;;;;;;;;;;;;;;;;;;;;;;;;;;;;;;;;;;;;;;;;;;;;;;;;;;;;;;;;;;;;;;;;;
0344+  06AE             _strtoint:
0345+  06AE E2            push si
0346+  06AF D8            push b
0347+  06B0 D9            push c
0348+  06B1 DA            push d
0349+  06B2 07 C8 04      call _strlen      ; get string length in C
0350+  06B5 7E            dec c
0351+  06B6 FD 4E         mov si, d
0352+  06B8 12            mov a, c
0353+  06B9 FD 99         shl a
0354+  06BB 3B 2A 08      mov d, table_power
0355+  06BE 59            add d, a
0356+  06BF 38 00 00      mov c, 0
0357+  06C2             _strtoint_L0:
0358+  06C2 F6            lodsb      ; load ASCII to al
0359+  06C3 B9 00         cmp al, 0
0360+  06C5 C6 D8 06      je _strtoint_end
0361+  06C8 6F 30         sub al, $30    ; make into integer
0362+  06CA 22 00         mov ah, 0
0363+  06CC 2A            mov b, [d]
0364+  06CD AC            mul a, b      ; result in B since it fits in 16bits
0365+  06CE 11            mov a, b
0366+  06CF 28            mov b, c
0367+  06D0 54            add a, b
0368+  06D1 39            mov c, a
0369+  06D2 63 02 00      sub d, 2
0370+  06D5 0A C2 06      jmp _strtoint_L0
0371+  06D8             _strtoint_end:
0372+  06D8 12            mov a, c
0373+  06D9 E7            pop d
0374+  06DA E6            pop c
0375+  06DB E5            pop b
0376+  06DC EF            pop si
0377+  06DD 09            ret
0378+  06DE             
0379+  06DE             
0380+  06DE             ;;;;;;;;;;;;;;;;;;;;;;;;;;;;;;;;;;;;;;;;;;;;;;;;;;;;;;;;;;;;;;;;;;;;;;;;;;;;;;;;;;;;;;;;;;;;;;;;;;;;;;;;;;;;;;;;;;
0381+  06DE             ; PRINT NULL TERMINATED STRING
0382+  06DE             ; pointer in D
0383+  06DE             ;;;;;;;;;;;;;;;;;;;;;;;;;;;;;;;;;;;;;;;;;;;;;;;;;;;;;;;;;;;;;;;;;;;;;;;;;;;;;;;;;;;;;;;;;;;;;;;;;;;;;;;;;;;;;;;;;;
0384+  06DE             _puts:
0385+  06DE D7            push a
0386+  06DF DA            push d
0387+  06E0             _puts_L1:
0388+  06E0 1E            mov al, [d]
0389+  06E1 B9 00         cmp al, 0
0390+  06E3 C6 EF 06      jz _puts_END
0391+  06E6 23            mov ah, al
0392+  06E7 19 00         mov al, 0
0393+  06E9 05 03         syscall sys_io
0394+  06EB 79            inc d
0395+  06EC 0A E0 06      jmp _puts_L1
0396+  06EF             _puts_END:
0397+  06EF E7            pop d
0398+  06F0 E4            pop a
0399+  06F1 09            ret
0400+  06F2             
0401+  06F2             ;;;;;;;;;;;;;;;;;;;;;;;;;;;;;;;;;;;;;;;;;;;;;;;;;;;;;;;;;;;;;;;;;;;;;;;;;;;;;;;;;;;;;;;;;;;;;;;;;;;;;;;;;;;;;;;;;;
0402+  06F2             ; PRINT N SIZE STRING
0403+  06F2             ; pointer in D
0404+  06F2             ; size in C
0405+  06F2             ;;;;;;;;;;;;;;;;;;;;;;;;;;;;;;;;;;;;;;;;;;;;;;;;;;;;;;;;;;;;;;;;;;;;;;;;;;;;;;;;;;;;;;;;;;;;;;;;;;;;;;;;;;;;;;;;;;
0406+  06F2             _putsn:
0407+  06F2 DB            push al
0408+  06F3 DA            push d
0409+  06F4 D9            push c
0410+  06F5             _putsn_L0:
0411+  06F5 1E            mov al, [d]
0412+  06F6 23            mov ah, al
0413+  06F7 19 00         mov al, 0
0414+  06F9 05 03         syscall sys_io
0415+  06FB 79            inc d
0416+  06FC 7E            dec c  
0417+  06FD C2 00 00      cmp c, 0
0418+  0700 C7 F5 06      jne _putsn_L0
0419+  0703             _putsn_end:
0420+  0703 E6            pop c
0421+  0704 E7            pop d
0422+  0705 E8            pop al
0423+  0706 09            ret
0424+  0707             
0425+  0707             ;;;;;;;;;;;;;;;;;;;;;;;;;;;;;;;;;;;;;;;;;;;;;;;;;;;;;;;;;;;;;;;;;;;;;;;;;;;;;;;;;;;;;;;
0426+  0707             ; print 16bit decimal number
0427+  0707             ; input number in A
0428+  0707             ;;;;;;;;;;;;;;;;;;;;;;;;;;;;;;;;;;;;;;;;;;;;;;;;;;;;;;;;;;;;;;;;;;;;;;;;;;;;;;;;;;;;;;;
0429+  0707             print_u16d:
0430+  0707 D7            push a
0431+  0708 D8            push b
0432+  0709 26 10 27      mov b, 10000
0433+  070C AE            div a, b      ; get 10000's coeff.
0434+  070D 07 2F 07      call print_number
0435+  0710 11            mov a, b
0436+  0711 26 E8 03      mov b, 1000
0437+  0714 AE            div a, b      ; get 1000's coeff.
0438+  0715 07 2F 07      call print_number
0439+  0718 11            mov a, b
0440+  0719 26 64 00      mov b, 100
0441+  071C AE            div a, b
0442+  071D 07 2F 07      call print_number
0443+  0720 11            mov a, b
0444+  0721 26 0A 00      mov b, 10
0445+  0724 AE            div a, b
0446+  0725 07 2F 07      call print_number
0447+  0728 1B            mov al, bl      ; 1's coeff in bl
0448+  0729 07 2F 07      call print_number
0449+  072C E5            pop b
0450+  072D E4            pop a
0451+  072E 09            ret
0452+  072F             
0453+  072F             ;;;;;;;;;;;;;;;;;;;;;;;;;;;;;;;;;;;;;;;;;;;;;;;;;;;;;;;;;;;;;;;;;;;;;;;;;;;;;;;;;;;;;;;
0454+  072F             ; print AL
0455+  072F             ;;;;;;;;;;;;;;;;;;;;;;;;;;;;;;;;;;;;;;;;;;;;;;;;;;;;;;;;;;;;;;;;;;;;;;;;;;;;;;;;;;;;;;;
0456+  072F             print_number:
0457+  072F 6A 30         add al, $30
0458+  0731 23            mov ah, al
0459+  0732 07 70 05      call _putchar
0460+  0735 09            ret
0461+  0736             
0462+  0736             ;;;;;;;;;;;;;;;;;;;;;;;;;;;;;;;;;;;;;;;;;;;;;;;;;;;;;;;;;;;;;;;;;;;;;;;;;;;;;;;;;;;;;;;;;;;;;;;;;;;;;;;;;;;;;;;;;;
0463+  0736             ; PRINT 16BIT HEX INTEGER
0464+  0736             ; integer value in reg B
0465+  0736             ;;;;;;;;;;;;;;;;;;;;;;;;;;;;;;;;;;;;;;;;;;;;;;;;;;;;;;;;;;;;;;;;;;;;;;;;;;;;;;;;;;;;;;;;;;;;;;;;;;;;;;;;;;;;;;;;;;
0466+  0736             print_u16x:
0467+  0736 D7            push a
0468+  0737 D8            push b
0469+  0738 DD            push bl
0470+  0739 30            mov bl, bh
0471+  073A 07 37 05      call _itoa        ; convert bh to char in A
0472+  073D 2F            mov bl, al        ; save al
0473+  073E 19 00         mov al, 0
0474+  0740 05 03         syscall sys_io        ; display AH
0475+  0742 24            mov ah, bl        ; retrieve al
0476+  0743 19 00         mov al, 0
0477+  0745 05 03         syscall sys_io        ; display AL
0478+  0747             
0479+  0747 EA            pop bl
0480+  0748 07 37 05      call _itoa        ; convert bh to char in A
0481+  074B 2F            mov bl, al        ; save al
0482+  074C 19 00         mov al, 0
0483+  074E 05 03         syscall sys_io        ; display AH
0484+  0750 24            mov ah, bl        ; retrieve al
0485+  0751 19 00         mov al, 0
0486+  0753 05 03         syscall sys_io        ; display AL
0487+  0755             
0488+  0755 E5            pop b
0489+  0756 E4            pop a
0490+  0757 09            ret
0491+  0758             
0492+  0758             ;;;;;;;;;;;;;;;;;;;;;;;;;;;;;;;;;;;;;;;;;;;;;;;;;;;;;;;;;;;;;;;;;;;;;;;;;;;;;;;;;;;;;;;;;;;;;;;;;;;;;;;;;;;;;;;;;;
0493+  0758             ; INPUT 16BIT HEX INTEGER
0494+  0758             ; read 16bit integer into A
0495+  0758             ;;;;;;;;;;;;;;;;;;;;;;;;;;;;;;;;;;;;;;;;;;;;;;;;;;;;;;;;;;;;;;;;;;;;;;;;;;;;;;;;;;;;;;;;;;;;;;;;;;;;;;;;;;;;;;;;;;
0496+  0758             scan_u16x:
0497+  0758 F8 10 00      enter 16
0498+  075B D8            push b
0499+  075C DA            push d
0500+  075D             
0501+  075D FA F1 FF      lea d, [bp + -15]
0502+  0760 07 77 05      call _gets        ; get number
0503+  0763             
0504+  0763 32            mov bl, [d]
0505+  0764 37            mov bh, bl
0506+  0765 33 01 00      mov bl, [d + 1]
0507+  0768 07 26 05      call _atoi        ; convert to int in AL
0508+  076B 23            mov ah, al        ; move to AH
0509+  076C             
0510+  076C 33 02 00      mov bl, [d + 2]
0511+  076F 37            mov bh, bl
0512+  0770 33 03 00      mov bl, [d + 3]
0513+  0773 07 26 05      call _atoi        ; convert to int in AL
0514+  0776             
0515+  0776 E7            pop d
0516+  0777 E5            pop b
0517+  0778 F9            leave
0518+  0779 09            ret
0519+  077A             
0520+  077A             ;;;;;;;;;;;;;;;;;;;;;;;;;;;;;;;;;;;;;;;;;;;;;;;;;;;;;;;;;;;;;;;;;;;;;;;;;;;;;;;;;;;;;;;;;;;;;;;;;;;;;;;;;;;;;;;;;;
0521+  077A             ; PRINT 8bit HEX INTEGER
0522+  077A             ; integer value in reg bl
0523+  077A             ;;;;;;;;;;;;;;;;;;;;;;;;;;;;;;;;;;;;;;;;;;;;;;;;;;;;;;;;;;;;;;;;;;;;;;;;;;;;;;;;;;;;;;;;;;;;;;;;;;;;;;;;;;;;;;;;;;
0524+  077A             print_u8x:
0525+  077A D7            push a
0526+  077B DD            push bl
0527+  077C             
0528+  077C 07 37 05      call _itoa        ; convert bl to char in A
0529+  077F 2F            mov bl, al        ; save al
0530+  0780 19 00         mov al, 0
0531+  0782 05 03         syscall sys_io        ; display AH
0532+  0784 24            mov ah, bl        ; retrieve al
0533+  0785 19 00         mov al, 0
0534+  0787 05 03         syscall sys_io        ; display AL
0535+  0789             
0536+  0789 EA            pop bl
0537+  078A E4            pop a
0538+  078B 09            ret
0539+  078C             
0540+  078C             ;;;;;;;;;;;;;;;;;;;;;;;;;;;;;;;;;;;;;;;;;;;;;;;;;;;;;;;;;;;;;;;;;;;;;;;;;;;;;;;;;;;;;;;
0541+  078C             ; print 8bit decimal unsigned number
0542+  078C             ; input number in AL
0543+  078C             ;;;;;;;;;;;;;;;;;;;;;;;;;;;;;;;;;;;;;;;;;;;;;;;;;;;;;;;;;;;;;;;;;;;;;;;;;;;;;;;;;;;;;;;
0544+  078C             print_u8d:
0545+  078C D7            push a
0546+  078D D8            push b
0547+  078E             
0548+  078E 22 00         mov ah, 0
0549+  0790 26 64 00      mov b, 100
0550+  0793 AE            div a, b
0551+  0794 D8            push b      ; save remainder
0552+  0795 B9 00         cmp al, 0
0553+  0797 C6 A1 07      je skip100
0554+  079A 6A 30         add al, $30
0555+  079C 23            mov ah, al
0556+  079D 19 00         mov al, 0
0557+  079F 05 03         syscall sys_io  ; print coeff
0558+  07A1             skip100:
0559+  07A1 E4            pop a
0560+  07A2 22 00         mov ah, 0
0561+  07A4 26 0A 00      mov b, 10
0562+  07A7 AE            div a, b
0563+  07A8 D8            push b      ; save remainder
0564+  07A9 B9 00         cmp al, 0
0565+  07AB C6 B5 07      je skip10
0566+  07AE 6A 30         add al, $30
0567+  07B0 23            mov ah, al
0568+  07B1 19 00         mov al, 0
0569+  07B3 05 03         syscall sys_io  ; print coeff
0570+  07B5             skip10:
0571+  07B5 E4            pop a
0572+  07B6 1B            mov al, bl
0573+  07B7 6A 30         add al, $30
0574+  07B9 23            mov ah, al
0575+  07BA 19 00         mov al, 0
0576+  07BC 05 03         syscall sys_io  ; print coeff
0577+  07BE E5            pop b
0578+  07BF E4            pop a
0579+  07C0 09            ret
0580+  07C1             
0581+  07C1             ;;;;;;;;;;;;;;;;;;;;;;;;;;;;;;;;;;;;;;;;;;;;;;;;;;;;;;;;;;;;;;;;;;;;;;;;;;;;;;;;;;;;;;;;;;;;;;;;;;;;;;;;;;;;;;;;;;
0582+  07C1             ; INPUT 8BIT HEX INTEGER
0583+  07C1             ; read 8bit integer into AL
0584+  07C1             ;;;;;;;;;;;;;;;;;;;;;;;;;;;;;;;;;;;;;;;;;;;;;;;;;;;;;;;;;;;;;;;;;;;;;;;;;;;;;;;;;;;;;;;;;;;;;;;;;;;;;;;;;;;;;;;;;;
0585+  07C1             scan_u8x:
0586+  07C1 F8 04 00      enter 4
0587+  07C4 D8            push b
0588+  07C5 DA            push d
0589+  07C6             
0590+  07C6 FA FD FF      lea d, [bp + -3]
0591+  07C9 07 77 05      call _gets        ; get number
0592+  07CC             
0593+  07CC 32            mov bl, [d]
0594+  07CD 37            mov bh, bl
0595+  07CE 33 01 00      mov bl, [d + 1]
0596+  07D1 07 26 05      call _atoi        ; convert to int in AL
0597+  07D4             
0598+  07D4 E7            pop d
0599+  07D5 E5            pop b
0600+  07D6 F9            leave
0601+  07D7 09            ret
0602+  07D8             
0603+  07D8             ;;;;;;;;;;;;;;;;;;;;;;;;;;;;;;;;;;;;;;;;;;;;;;;;;;;;;;;;;;;;;;;;;;;;;;;;;;;;;;;;;;;;;;;
0604+  07D8             ; input decimal number
0605+  07D8             ; result in A
0606+  07D8             ; 655'\0'
0607+  07D8             ; low--------high
0608+  07D8             ;;;;;;;;;;;;;;;;;;;;;;;;;;;;;;;;;;;;;;;;;;;;;;;;;;;;;;;;;;;;;;;;;;;;;;;;;;;;;;;;;;;;;;;
0609+  07D8             scan_u16d:
0610+  07D8 F8 08 00      enter 8
0611+  07DB E2            push si
0612+  07DC D8            push b
0613+  07DD D9            push c
0614+  07DE DA            push d
0615+  07DF FA F9 FF      lea d, [bp +- 7]
0616+  07E2 07 77 05      call _gets
0617+  07E5 07 C8 04      call _strlen      ; get string length in C
0618+  07E8 7E            dec c
0619+  07E9 FD 4E         mov si, d
0620+  07EB 12            mov a, c
0621+  07EC FD 99         shl a
0622+  07EE 3B 2A 08      mov d, table_power
0623+  07F1 59            add d, a
0624+  07F2 38 00 00      mov c, 0
0625+  07F5             mul_loop:
0626+  07F5 F6            lodsb      ; load ASCII to al
0627+  07F6 B9 00         cmp al, 0
0628+  07F8 C6 0B 08      je mul_exit
0629+  07FB 6F 30         sub al, $30    ; make into integer
0630+  07FD 22 00         mov ah, 0
0631+  07FF 2A            mov b, [d]
0632+  0800 AC            mul a, b      ; result in B since it fits in 16bits
0633+  0801 11            mov a, b
0634+  0802 28            mov b, c
0635+  0803 54            add a, b
0636+  0804 39            mov c, a
0637+  0805 63 02 00      sub d, 2
0638+  0808 0A F5 07      jmp mul_loop
0639+  080B             mul_exit:
0640+  080B 12            mov a, c
0641+  080C E7            pop d
0642+  080D E6            pop c
0643+  080E E5            pop b
0644+  080F EF            pop si
0645+  0810 F9            leave
0646+  0811 09            ret
0647+  0812             
0648+  0812             
0649+  0812 30 31 32 33 s_hex_digits:    .db "0123456789ABCDEF"  
0649+  0816 34 35 36 37 
0649+  081A 38 39 41 42 
0649+  081E 43 44 45 46 
0650+  0822 1B 5B 32 4A s_telnet_clear:  .db "\033[2J\033[H", 0
0650+  0826 1B 5B 48 00 
0651+  082A             
0652+  082A             table_power:
0653+  082A 01 00         .dw 1
0654+  082C 0A 00         .dw 10
0655+  082E 64 00         .dw 100
0656+  0830 E8 03         .dw 1000
0657+  0832 10 27         .dw 100000073   0834             .include "lib/token.asm"
0001+  0834             TOKTYP_IDENTIFIER  .equ 0
0002+  0834             TOKTYP_KEYWORD     .equ 1
0003+  0834             TOKTYP_DELIMITER   .equ 2
0004+  0834             TOKTYP_STRING      .equ 3
0005+  0834             TOKTYP_CHAR        .equ 4
0006+  0834             TOKTYP_NUMERIC     .equ 5
0007+  0834             TOKTYP_END         .equ 6
0008+  0834             
0009+  0834             TOK_NULL           .equ 0
0010+  0834             TOK_FSLASH         .equ 1
0011+  0834             TOK_TIMES          .equ 2
0012+  0834             TOK_PLUS           .equ 3
0013+  0834             TOK_MINUS          .equ 4
0014+  0834             TOK_DOT            .equ 5
0015+  0834             TOK_SEMI           .equ 6
0016+  0834             TOK_ANGLE          .equ 7
0017+  0834             TOK_TILDE          .equ 8
0018+  0834             TOK_EQUAL          .equ 9
0019+  0834             TOK_COLON          .equ 10
0020+  0834             TOK_COMMA          .equ 11
0021+  0834             
0022+  0834             TOK_END            .equ 20
0023+  0834             
0024+  0834             
0025+  0834             ;;;;;;;;;;;;;;;;;;;;;;;;;;;;;;;;;;;;;;;;;;;;;;;;;;;;;;;;;;;;;;;;;;;;;;;;;;;;;;;;;;
0026+  0834             ;; read a full command argment from shell input buffer
0027+  0834             ;; argument is written into tokstr
0028+  0834             ;;;;;;;;;;;;;;;;;;;;;;;;;;;;;;;;;;;;;;;;;;;;;;;;;;;;;;;;;;;;;;;;;;;;;;;;;;;;;;;;;;
0029+  0834             get_arg:
0030+  0834 D7            push a
0031+  0835 E2            push si
0032+  0836 E3            push di
0033+  0837 19 00         mov al, 0
0034+  0839 3D 62 0A      mov [tokstr], al      ; nullify tokstr string
0035+  083C 14 5E 0A      mov a, [prog]
0036+  083F 4D            mov si, a
0037+  0840 FD 4F 62 0A   mov di, tokstr
0038+  0844             get_arg_skip_spaces:
0039+  0844 F6            lodsb
0040+  0845 07 D8 0B      call _isspace
0041+  0848 C6 44 08      je get_arg_skip_spaces
0042+  084B             get_arg_L0:
0043+  084B B9 3B         cmp al, $3B        ; check if is ';'
0044+  084D C6 5A 08      je get_arg_end
0045+  0850 B9 00         cmp al, 0
0046+  0852 C6 5A 08      je get_arg_end      ; check if end of input
0047+  0855 F7            stosb
0048+  0856 F6            lodsb
0049+  0857 0A 4B 08      jmp get_arg_L0
0050+  085A             get_arg_end:
0051+  085A 19 00         mov al, 0
0052+  085C F7            stosb
0053+  085D D5 01 00      sub si, 1
0054+  0860 4E            mov a, si
0055+  0861 42 5E 0A      mov [prog], a    ; update pointer
0056+  0864 F0            pop di
0057+  0865 EF            pop si
0058+  0866 E4            pop a
0059+  0867 09            ret
0060+  0868             
0061+  0868             ;;;;;;;;;;;;;;;;;;;;;;;;;;;;;;;;;;;;;;;;;;;;;;;;;;;;;;;;;;;;;;;;;;;;;;;;;;;;;;;;;;
0062+  0868             ;; read a path formation from shell input buffer
0063+  0868             ;; path is written into tokstr
0064+  0868             ;; /usr/bin
0065+  0868             ;;;;;;;;;;;;;;;;;;;;;;;;;;;;;;;;;;;;;;;;;;;;;;;;;;;;;;;;;;;;;;;;;;;;;;;;;;;;;;;;;;
0066+  0868             get_path:
0067+  0868 D7            push a
0068+  0869 E2            push si
0069+  086A E3            push di
0070+  086B 19 00         mov al, 0
0071+  086D 3D 62 0A      mov [tokstr], al      ; nullify tokstr string
0072+  0870 14 5E 0A      mov a, [prog]
0073+  0873 4D            mov si, a
0074+  0874 FD 4F 62 0A   mov di, tokstr
0075+  0878             get_path_skip_spaces:
0076+  0878 F6            lodsb
0077+  0879 07 D8 0B      call _isspace
0078+  087C C6 78 08      je get_path_skip_spaces
0079+  087F             get_path_is_pathchar:
0080+  087F F7            stosb
0081+  0880 F6            lodsb
0082+  0881 07 62 0B      call _isalnum      ;check if is alphanumeric
0083+  0884 C6 7F 08      je get_path_is_pathchar
0084+  0887 B9 2F         cmp al, '/'        ; check if is '/'
0085+  0889 C6 7F 08      je get_path_is_pathchar
0086+  088C 19 00         mov al, 0
0087+  088E F7            stosb
0088+  088F D5 01 00      sub si, 1
0089+  0892 4E            mov a, si
0090+  0893 42 5E 0A      mov [prog], a    ; update pointer
0091+  0896             get_path_end:
0092+  0896 F0            pop di
0093+  0897 EF            pop si
0094+  0898 E4            pop a
0095+  0899 09            ret
0096+  089A             
0097+  089A             ;;;;;;;;;;;;;;;;;;;;;;;;;;;;;;;;;;;;;;;;;;;;;;;;;;;;;;;;;;;;;;;;;;;;;;;;;;;;;;;;;;
0098+  089A             ;; read a line
0099+  089A             ;; line is written into tokstr
0100+  089A             ;;;;;;;;;;;;;;;;;;;;;;;;;;;;;;;;;;;;;;;;;;;;;;;;;;;;;;;;;;;;;;;;;;;;;;;;;;;;;;;;;;
0101+  089A             get_line:
0102+  089A D7            push a
0103+  089B E2            push si
0104+  089C E3            push di
0105+  089D 19 00         mov al, 0
0106+  089F 3D 62 0A      mov [tokstr], al      ; nullify tokstr string
0107+  08A2 14 5E 0A      mov a, [prog]
0108+  08A5 4D            mov si, a
0109+  08A6 FD 4F 62 0A   mov di, tokstr
0110+  08AA             get_line_L0:
0111+  08AA F6            lodsb
0112+  08AB B9 0A         cmp al, $0A    ; check for new line
0113+  08AD C6 B4 08      je get_line_exit
0114+  08B0 F7            stosb
0115+  08B1 0A AA 08      jmp get_line_L0
0116+  08B4             get_line_exit:
0117+  08B4 19 00         mov al, 0
0118+  08B6 F7            stosb
0119+  08B7 4E            mov a, si
0120+  08B8 42 5E 0A      mov [prog], a    ; update pointer
0121+  08BB F0            pop di
0122+  08BC EF            pop si
0123+  08BD E4            pop a
0124+  08BE 09            ret
0125+  08BF             
0126+  08BF             ;;;;;;;;;;;;;;;;;;;;;;;;;;;;;;;;;;;;;;;;;;;;;;;;;;;;;;;;;;;;;;;;;;;;;;;;;;;;;;;;;;
0127+  08BF             ;; token parser
0128+  08BF             ;;;;;;;;;;;;;;;;;;;;;;;;;;;;;;;;;;;;;;;;;;;;;;;;;;;;;;;;;;;;;;;;;;;;;;;;;;;;;;;;;;
0129+  08BF             get_token:
0130+  08BF D7            push a
0131+  08C0 DA            push d
0132+  08C1 E2            push si
0133+  08C2 E3            push di
0134+  08C3 19 00         mov al, 0
0135+  08C5 3D 62 0A      mov [tokstr], al      ; nullify tokstr string
0136+  08C8 19 00         mov al, TOK_NULL
0137+  08CA 3D 61 0A      mov [tok], al        ; nullify token
0138+  08CD 14 5E 0A      mov a, [prog]
0139+  08D0 4D            mov si, a
0140+  08D1 FD 4F 62 0A   mov di, tokstr
0141+  08D5             get_tok_skip_spaces:
0142+  08D5 F6            lodsb
0143+  08D6 07 D8 0B      call _isspace
0144+  08D9 C6 D5 08      je get_tok_skip_spaces
0145+  08DC B9 00         cmp al, 0      ; check for end of input (NULL)
0146+  08DE C6 C3 09      je get_token_end
0147+  08E1 B9 23         cmp al, '#'      ; comments!
0148+  08E3 C6 F1 09      je get_tok_comment
0149+  08E6 07 62 0B      call _isalnum
0150+  08E9 C6 D0 09      jz is_alphanumeric
0151+  08EC             ; other token types
0152+  08EC             get_token_slash:
0153+  08EC B9 2F         cmp al, '/'        ; check if '/'
0154+  08EE C7 06 09      jne get_token_minus
0155+  08F1 F7            stosb          ; store '/' into token string
0156+  08F2 19 00         mov al, 0
0157+  08F4 F7            stosb          ; terminate token string
0158+  08F5 19 01         mov al, TOK_FSLASH
0159+  08F7 3D 61 0A      mov [tok], al      
0160+  08FA 19 02         mov al, TOKTYP_DELIMITER
0161+  08FC 3D 60 0A      mov [toktyp], al
0162+  08FF 4E            mov a, si
0163+  0900 42 5E 0A      mov [prog], a    ; update pointer
0164+  0903 0A EC 09      jmp get_token_return
0165+  0906             get_token_minus:
0166+  0906 B9 2D         cmp al, '-'        ; check if '-'
0167+  0908 C7 20 09      jne get_token_comma
0168+  090B F7            stosb          ; store '-' into token string
0169+  090C 19 00         mov al, 0
0170+  090E F7            stosb          ; terminate token string
0171+  090F 19 04         mov al, TOK_MINUS
0172+  0911 3D 61 0A      mov [tok], al      
0173+  0914 19 02         mov al, TOKTYP_DELIMITER
0174+  0916 3D 60 0A      mov [toktyp], al
0175+  0919 4E            mov a, si
0176+  091A 42 5E 0A      mov [prog], a    ; update pointer
0177+  091D 0A EC 09      jmp get_token_return
0178+  0920             get_token_comma:
0179+  0920 B9 2C         cmp al, ','        ; check if ','
0180+  0922 C7 3A 09      jne get_token_semi
0181+  0925 F7            stosb          ; store ',' into token string
0182+  0926 19 00         mov al, 0
0183+  0928 F7            stosb          ; terminate token string
0184+  0929 19 0B         mov al, TOK_COMMA
0185+  092B 3D 61 0A      mov [tok], al      
0186+  092E 19 02         mov al, TOKTYP_DELIMITER
0187+  0930 3D 60 0A      mov [toktyp], al
0188+  0933 4E            mov a, si
0189+  0934 42 5E 0A      mov [prog], a    ; update pointer
0190+  0937 0A EC 09      jmp get_token_return
0191+  093A             get_token_semi:
0192+  093A B9 3B         cmp al, $3B        ; check if ';'
0193+  093C C7 54 09      jne get_token_colon
0194+  093F F7            stosb          ; store ';' into token string
0195+  0940 19 00         mov al, 0
0196+  0942 F7            stosb          ; terminate token string
0197+  0943 19 06         mov al, TOK_SEMI
0198+  0945 3D 61 0A      mov [tok], al      
0199+  0948 19 02         mov al, TOKTYP_DELIMITER
0200+  094A 3D 60 0A      mov [toktyp], al
0201+  094D 4E            mov a, si
0202+  094E 42 5E 0A      mov [prog], a    ; update pointer
0203+  0951 0A EC 09      jmp get_token_return
0204+  0954             get_token_colon:
0205+  0954 B9 3A         cmp al, $3A        ; check if ':'
0206+  0956 C7 6E 09      jne get_token_angle
0207+  0959 F7            stosb          ; store ':' into token string
0208+  095A 19 00         mov al, 0
0209+  095C F7            stosb          ; terminate token string
0210+  095D 19 0A         mov al, TOK_COLON
0211+  095F 3D 61 0A      mov [tok], al      
0212+  0962 19 02         mov al, TOKTYP_DELIMITER
0213+  0964 3D 60 0A      mov [toktyp], al
0214+  0967 4E            mov a, si
0215+  0968 42 5E 0A      mov [prog], a    ; update pointer
0216+  096B 0A EC 09      jmp get_token_return
0217+  096E             get_token_angle:
0218+  096E B9 3E         cmp al, $3E        ; check if '>'
0219+  0970 C7 88 09      jne get_token_tilde
0220+  0973 F7            stosb          ; store '>' into token string
0221+  0974 19 00         mov al, 0
0222+  0976 F7            stosb          ; terminate token string
0223+  0977 19 07         mov al, TOK_ANGLE
0224+  0979 3D 61 0A      mov [tok], al      
0225+  097C 19 02         mov al, TOKTYP_DELIMITER
0226+  097E 3D 60 0A      mov [toktyp], al
0227+  0981 4E            mov a, si
0228+  0982 42 5E 0A      mov [prog], a    ; update pointer
0229+  0985 0A EC 09      jmp get_token_return
0230+  0988             get_token_tilde:
0231+  0988 B9 7E         cmp al, '~'        ; check if '~'
0232+  098A C7 A2 09      jne get_token_equal
0233+  098D F7            stosb          ; store '~' into token string
0234+  098E 19 00         mov al, 0
0235+  0990 F7            stosb          ; terminate token string
0236+  0991 19 08         mov al, TOK_TILDE
0237+  0993 3D 61 0A      mov [tok], al      
0238+  0996 19 02         mov al, TOKTYP_DELIMITER
0239+  0998 3D 60 0A      mov [toktyp], al
0240+  099B 4E            mov a, si
0241+  099C 42 5E 0A      mov [prog], a    ; update pointer
0242+  099F 0A EC 09      jmp get_token_return
0243+  09A2             get_token_equal:
0244+  09A2 B9 3D         cmp al, '='        ; check if '='
0245+  09A4 C7 BC 09      jne get_token_skip
0246+  09A7 F7            stosb          ; store '=' into token string
0247+  09A8 19 00         mov al, 0
0248+  09AA F7            stosb          ; terminate token string
0249+  09AB 19 09         mov al, TOK_EQUAL
0250+  09AD 3D 61 0A      mov [tok], al      
0251+  09B0 19 02         mov al, TOKTYP_DELIMITER
0252+  09B2 3D 60 0A      mov [toktyp], al
0253+  09B5 4E            mov a, si
0254+  09B6 42 5E 0A      mov [prog], a    ; update pointer
0255+  09B9 0A EC 09      jmp get_token_return
0256+  09BC             get_token_skip:
0257+  09BC 4E            mov a, si
0258+  09BD 42 5E 0A      mov [prog], a    ; update pointer
0259+  09C0 0A EC 09      jmp get_token_return
0260+  09C3             get_token_end:        ; end of file token
0261+  09C3 19 14         mov al, TOK_END
0262+  09C5 3D 61 0A      mov [tok], al
0263+  09C8 19 06         mov al, TOKTYP_END
0264+  09CA 3D 60 0A      mov [toktyp], al
0265+  09CD 0A EC 09      jmp get_token_return
0266+  09D0             is_alphanumeric:
0267+  09D0 F7            stosb
0268+  09D1 F6            lodsb
0269+  09D2 07 62 0B      call _isalnum      ;check if is alphanumeric
0270+  09D5 C6 D0 09      jz is_alphanumeric
0271+  09D8 B9 2E         cmp al, $2E        ; check if is '.'
0272+  09DA C6 D0 09      je is_alphanumeric
0273+  09DD 19 00         mov al, 0
0274+  09DF F7            stosb
0275+  09E0 19 00         mov al, TOKTYP_IDENTIFIER
0276+  09E2 3D 60 0A      mov [toktyp], al
0277+  09E5 D5 01 00      sub si, 1
0278+  09E8 4E            mov a, si
0279+  09E9 42 5E 0A      mov [prog], a    ; update pointer
0280+  09EC             get_token_return:
0281+  09EC F0            pop di
0282+  09ED EF            pop si
0283+  09EE E7            pop d
0284+  09EF E4            pop a
0285+  09F0 09            ret
0286+  09F1             get_tok_comment:
0287+  09F1 F6            lodsb
0288+  09F2 B9 0A         cmp al, $0A      ; new line
0289+  09F4 C7 F1 09      jne get_tok_comment
0290+  09F7 0A D5 08      jmp get_tok_skip_spaces
0291+  09FA             
0292+  09FA             
0293+  09FA             get_number:
0294+  09FA D7            push a
0295+  09FB DA            push d
0296+  09FC E2            push si
0297+  09FD E3            push di
0298+  09FE 19 00         mov al, 0
0299+  0A00 3D 62 0A      mov [tokstr], al      ; nullify tokstr string
0300+  0A03 19 00         mov al, TOK_NULL
0301+  0A05 3D 61 0A      mov [tok], al        ; nullify token
0302+  0A08 14 5E 0A      mov a, [prog]
0303+  0A0B 4D            mov si, a
0304+  0A0C FD 4F 62 0A   mov di, tokstr
0305+  0A10             get_number_skip_spaces:
0306+  0A10 F6            lodsb
0307+  0A11 07 D8 0B      call _isspace
0308+  0A14 C6 10 0A      je get_number_skip_spaces
0309+  0A17 B9 00         cmp al, 0      ; check for end of input (NULL)
0310+  0A19 C7 29 0A      jne get_number_L0
0311+  0A1C 19 14         mov al, TOK_END
0312+  0A1E 3D 61 0A      mov [tok], al
0313+  0A21 19 06         mov al, TOKTYP_END
0314+  0A23 3D 60 0A      mov [toktyp], al
0315+  0A26 0A 40 0A      jmp get_number_return
0316+  0A29             get_number_L0:
0317+  0A29 F7            stosb
0318+  0A2A F6            lodsb
0319+  0A2B 07 6C 0B      call _isdigit      ;check if is numeric
0320+  0A2E C6 29 0A      jz get_number_L0
0321+  0A31 19 00         mov al, 0
0322+  0A33 F7            stosb
0323+  0A34 19 05         mov al, TOKTYP_NUMERIC
0324+  0A36 3D 60 0A      mov [toktyp], al
0325+  0A39 D5 01 00      sub si, 1
0326+  0A3C 4E            mov a, si
0327+  0A3D 42 5E 0A      mov [prog], a    ; update pointer
0328+  0A40             get_number_return:
0329+  0A40 F0            pop di
0330+  0A41 EF            pop si
0331+  0A42 E7            pop d
0332+  0A43 E4            pop a
0333+  0A44 09            ret
0334+  0A45             
0335+  0A45             ;;;;;;;;;;;;;;;;;;;;;;;;;;;;;;;;;;;;;;;;;;;;;;;;;;;;;;;;;;;;;;;;;;;;;;;;;;;;;;;;;;
0336+  0A45             ;; PUT BACK TOKEN
0337+  0A45             ;;;;;;;;;;;;;;;;;;;;;;;;;;;;;;;;;;;;;;;;;;;;;;;;;;;;;;;;;;;;;;;;;;;;;;;;;;;;;;;;;;  
0338+  0A45             _putback:
0339+  0A45 D7            push a
0340+  0A46 E2            push si
0341+  0A47 FD 4D 62 0A   mov si, tokstr  
0342+  0A4B             _putback_loop:
0343+  0A4B F6            lodsb
0344+  0A4C B9 00         cmp al, 0
0345+  0A4E C6 5B 0A      je _putback_end
0346+  0A51 14 5E 0A      mov a, [prog]
0347+  0A54 7D            dec a
0348+  0A55 42 5E 0A      mov [prog], a      ; update pointer
0349+  0A58 0A 4B 0A      jmp _putback_loop
0350+  0A5B             _putback_end:
0351+  0A5B EF            pop si
0352+  0A5C E4            pop a
0353+  0A5D 09            ret
0354+  0A5E             
0355+  0A5E             
0356+  0A5E             
0357+  0A5E             
0358+  0A5E 00 00       prog:      .dw 0          ; pointer to current position in buffer
0359+  0A60             
0360+  0A60 00          toktyp:    .db 0          ; token type symbol
0361+  0A61 00          tok:       .db 0          ; current token symbol
0362+  0A62 00 00 00 00 tokstr:    .fill 256, 0   ; token as a string
0362+  0A66 00 00 00 00 
0362+  0A6A 00 00 00 00 
0362+  0A6E 00 00 00 00 
0362+  0A72 00 00 00 00 
0362+  0A76 00 00 00 00 
0362+  0A7A 00 00 00 00 
0362+  0A7E 00 00 00 00 
0362+  0A82 00 00 00 00 
0362+  0A86 00 00 00 00 
0362+  0A8A 00 00 00 00 
0362+  0A8E 00 00 00 00 
0362+  0A92 00 00 00 00 
0362+  0A96 00 00 00 00 
0362+  0A9A 00 00 00 00 
0362+  0A9E 00 00 00 00 
0362+  0AA2 00 00 00 00 
0362+  0AA6 00 00 00 00 
0362+  0AAA 00 00 00 00 
0362+  0AAE 00 00 00 00 
0362+  0AB2 00 00 00 00 
0362+  0AB6 00 00 00 00 
0362+  0ABA 00 00 00 00 
0362+  0ABE 00 00 00 00 
0362+  0AC2 00 00 00 00 
0362+  0AC6 00 00 00 00 
0362+  0ACA 00 00 00 00 
0362+  0ACE 00 00 00 00 
0362+  0AD2 00 00 00 00 
0362+  0AD6 00 00 00 00 
0362+  0ADA 00 00 00 00 
0362+  0ADE 00 00 00 00 
0362+  0AE2 00 00 00 00 
0362+  0AE6 00 00 00 00 
0362+  0AEA 00 00 00 00 
0362+  0AEE 00 00 00 00 
0362+  0AF2 00 00 00 00 
0362+  0AF6 00 00 00 00 
0362+  0AFA 00 00 00 00 
0362+  0AFE 00 00 00 00 
0362+  0B02 00 00 00 00 
0362+  0B06 00 00 00 00 
0362+  0B0A 00 00 00 00 
0362+  0B0E 00 00 00 00 
0362+  0B12 00 00 00 00 
0362+  0B16 00 00 00 00 
0362+  0B1A 00 00 00 00 
0362+  0B1E 00 00 00 00 
0362+  0B22 00 00 00 00 
0362+  0B26 00 00 00 00 
0362+  0B2A 00 00 00 00 
0362+  0B2E 00 00 00 00 
0362+  0B32 00 00 00 00 
0362+  0B36 00 00 00 00 
0362+  0B3A 00 00 00 00 
0362+  0B3E 00 00 00 00 
0362+  0B42 00 00 00 00 
0362+  0B46 00 00 00 00 
0362+  0B4A 00 00 00 00 
0362+  0B4E 00 00 00 00 
0362+  0B52 00 00 00 00 
0362+  0B56 00 00 00 00 
0362+  0B5A 00 00 00 00 
0362+  0B5E 00 00 00 00 
0074   0B62             .include "lib/ctype.asm"
0001+  0B62             ;;;;;;;;;;;;;;;;;;;;;;;;;;;;;;;;;;;;;;;;;;;;;;;;;;;;;;;;;;;;;;;;;;;;;;;;;;;;;;;;;;;;;;;;;;;;;;;;;;;;;;;;;;;;;;;;;;
0002+  0B62             ; ctype.s
0003+  0B62             ;;;;;;;;;;;;;;;;;;;;;;;;;;;;;;;;;;;;;;;;;;;;;;;;;;;;;;;;;;;;;;;;;;;;;;;;;;;;;;;;;;;;;;;;;;;;;;;;;;;;;;;;;;;;;;;;;;
0004+  0B62             
0005+  0B62             ;;;;;;;;;;;;;;;;;;;;;;;;;;;;;;;;;;;;;;;;;;;;;;;;;;;;;;;;;;;;;;;;;;;;;;;;;;;;;;;;;;;;;;;;;;;;;;;;;;;;;;;;;;;;;;;;;;
0006+  0B62             ;; C character classification is an operation provided by a group of functions in the ANSI C Standard Library
0007+  0B62             ;; for the C programming language. These functions are used to test characters for membership in a particular
0008+  0B62             ;; class of characters, such as alphabetic characters, control characters, etc. Both single-byte, and wide
0009+  0B62             ;; characters are supported.
0010+  0B62             ;;;;;;;;;;;;;;;;;;;;;;;;;;;;;;;;;;;;;;;;;;;;;;;;;;;;;;;;;;;;;;;;;;;;;;;;;;;;;;;;;;;;;;;;;;;;;;;;;;;;;;;;;;;;;;;;;;
0011+  0B62             ;; _isalnum 
0012+  0B62             ;; _isalpha 
0013+  0B62             ;; islower 
0014+  0B62             ;; isupper 
0015+  0B62             ;; _isdigit 
0016+  0B62             ;; isxdigit
0017+  0B62             ;; iscntrl 
0018+  0B62             ;; isgraph 
0019+  0B62             ;; _isspace 
0020+  0B62             ;; isblank 
0021+  0B62             ;; isprint 
0022+  0B62             ;; ispunct 
0023+  0B62             ;; tolower 
0024+  0B62             ;; toupper
0025+  0B62             
0026+  0B62             
0027+  0B62             ;;;;;;;;;;;;;;;;;;;;;;;;;;;;;;;;;;;;;;;;;;;;;;;;;;;;;;;;;;;;;;;;;;;;;;;;;;;;;;;;;;
0028+  0B62             ;; IS ALPHANUMERIC
0029+  0B62             ;; sets ZF according with result
0030+  0B62             ;;;;;;;;;;;;;;;;;;;;;;;;;;;;;;;;;;;;;;;;;;;;;;;;;;;;;;;;;;;;;;;;;;;;;;;;;;;;;;;;;;
0031+  0B62             _isalnum:
0032+  0B62 07 7F 0B    	call _isalpha
0033+  0B65 C6 6B 0B    	je _isalnum_exit
0034+  0B68 07 6C 0B    	call _isdigit
0035+  0B6B             _isalnum_exit:
0036+  0B6B 09          	ret	
0037+  0B6C             ;;;;;;;;;;;;;;;;;;;;;;;;;;;;;;;;;;;;;;;;;;;;;;;;;;;;;;;;;;;;;;;;;;;;;;;;;;;;;;;;;;
0038+  0B6C             ;; IS DIGIT
0039+  0B6C             ;; sets ZF according with result
0040+  0B6C             ;;;;;;;;;;;;;;;;;;;;;;;;;;;;;;;;;;;;;;;;;;;;;;;;;;;;;;;;;;;;;;;;;;;;;;;;;;;;;;;;;;
0041+  0B6C             _isdigit:
0042+  0B6C DB          	push al
0043+  0B6D B9 30       	cmp al, '0'
0044+  0B6F C8 7B 0B    	jlu _isdigit_false
0045+  0B72 B9 39       	cmp al, '9'
0046+  0B74 D1 7B 0B    	jgu _isdigit_false
0047+  0B77 87 00       	and al, 0	; set ZF
0048+  0B79 E8          	pop al
0049+  0B7A 09          	ret
0050+  0B7B             _isdigit_false:
0051+  0B7B 8B 01       	or al, 1	; clear ZF
0052+  0B7D E8          	pop al
0053+  0B7E 09          	ret	
0054+  0B7F             	
0055+  0B7F             ;;;;;;;;;;;;;;;;;;;;;;;;;;;;;;;;;;;;;;;;;;;;;;;;;;;;;;;;;;;;;;;;;;;;;;;;;;;;;;;;;;
0056+  0B7F             ;; IS ALPHA
0057+  0B7F             ;; sets ZF according with result
0058+  0B7F             ;;;;;;;;;;;;;;;;;;;;;;;;;;;;;;;;;;;;;;;;;;;;;;;;;;;;;;;;;;;;;;;;;;;;;;;;;;;;;;;;;;
0059+  0B7F             _isalpha:
0060+  0B7F DB          	push al
0061+  0B80 B9 5F       	cmp al, '_'
0062+  0B82 C6 A2 0B    	je _isalpha_true
0063+  0B85 B9 2E       	cmp al, '.'
0064+  0B87 C6 A2 0B    	je _isalpha_true
0065+  0B8A B9 41       	cmp al, 'A'
0066+  0B8C C8 9E 0B    	jlu _isalpha_false
0067+  0B8F B9 7A       	cmp al, 'z'
0068+  0B91 D1 9E 0B    	jgu _isalpha_false
0069+  0B94 B9 5A       	cmp al, 'Z'
0070+  0B96 D0 A2 0B    	jleu _isalpha_true
0071+  0B99 B9 61       	cmp al, 'a'
0072+  0B9B C9 A2 0B    	jgeu _isalpha_true
0073+  0B9E             _isalpha_false:
0074+  0B9E 8B 01       	or al, 1	; clear ZF
0075+  0BA0 E8          	pop al
0076+  0BA1 09          	ret
0077+  0BA2             _isalpha_true:
0078+  0BA2 87 00       	and al, 0	; set ZF
0079+  0BA4 E8          	pop al
0080+  0BA5 09          	ret
0081+  0BA6             
0082+  0BA6             ;;;;;;;;;;;;;;;;;;;;;;;;;;;;;;;;;;;;;;;;;;;;;;;;;;;;;;;;;;;;;;;;;;;;;;;;;;;;;;;;;;
0083+  0BA6             ;; IS PATH-ALPHA
0084+  0BA6             ;; sets ZF according with result
0085+  0BA6             ;;;;;;;;;;;;;;;;;;;;;;;;;;;;;;;;;;;;;;;;;;;;;;;;;;;;;;;;;;;;;;;;;;;;;;;;;;;;;;;;;;
0086+  0BA6             ispath:
0087+  0BA6 DB          	push al
0088+  0BA7 07 6C 0B    	call _isdigit
0089+  0BAA C6 D4 0B    	je ispath_true
0090+  0BAD B9 5F       	cmp al, '_'
0091+  0BAF C6 D4 0B    	je ispath_true
0092+  0BB2 B9 2F       	cmp al, '/'
0093+  0BB4 C6 D4 0B    	je ispath_true
0094+  0BB7 B9 2E       	cmp al, '.'
0095+  0BB9 C6 D4 0B    	je ispath_true
0096+  0BBC B9 41       	cmp al, 'A'
0097+  0BBE C8 D0 0B    	jlu ispath_false
0098+  0BC1 B9 7A       	cmp al, 'z'
0099+  0BC3 D1 D0 0B    	jgu ispath_false
0100+  0BC6 B9 5A       	cmp al, 'Z'
0101+  0BC8 D0 D4 0B    	jleu ispath_true
0102+  0BCB B9 61       	cmp al, 'a'
0103+  0BCD C9 D4 0B    	jgeu ispath_true
0104+  0BD0             ispath_false:
0105+  0BD0 8B 01       	or al, 1	; clear ZF
0106+  0BD2 E8          	pop al
0107+  0BD3 09          	ret
0108+  0BD4             ispath_true:
0109+  0BD4 87 00       	and al, 0	; set ZF
0110+  0BD6 E8          	pop al
0111+  0BD7 09          	ret
0112+  0BD8             ;;;;;;;;;;;;;;;;;;;;;;;;;;;;;;;;;;;;;;;;;;;;;;;;;;;;;;;;;;;;;;;;;;;;;;;;;;;;;;;;;;
0113+  0BD8             ;; IS SPACE
0114+  0BD8             ;; sets ZF according with result
0115+  0BD8             ;;;;;;;;;;;;;;;;;;;;;;;;;;;;;;;;;;;;;;;;;;;;;;;;;;;;;;;;;;;;;;;;;;;;;;;;;;;;;;;;;;
0116+  0BD8             _isspace:
0117+  0BD8 B9 20       	cmp al, $20		; ' '
0118+  0BDA C6 EE 0B    	je _isspace_exit
0119+  0BDD B9 09       	cmp al, $09		; '\t'
0120+  0BDF C6 EE 0B    	je _isspace_exit
0121+  0BE2 B9 0A       	cmp al, $0A		; '\n'
0122+  0BE4 C6 EE 0B    	je _isspace_exit
0123+  0BE7 B9 0D       	cmp al, $0D		; '\r'
0124+  0BE9 C6 EE 0B    	je _isspace_exit
0125+  0BEC B9 0B       	cmp al, $0B		; '\v'
0126+  0BEE             _isspace_exit:
0127+  0BEE 09          	ret	
0128+  0BEF             
0129+  0BEF             ;;;;;;;;;;;;;;;;;;;;;;;;;;;;;;;;;;;;;;;;;;;;;;;;;;;;;;;;;;;;;;;;;;;;;;;;;;;;;;;;;;;;;;;;;;;;;;;;;;;;;;;;;;;;;;;;;;
0130+  0BEF             ; TO LOWER
0131+  0BEF             ; input in AL
0132+  0BEF             ; output in AL
0133+  0BEF             ;;;;;;;;;;;;;;;;;;;;;;;;;;;;;;;;;;;;;;;;;;;;;;;;;;;;;;;;;;;;;;;;;;;;;;;;;;;;;;;;;;;;;;;;;;;;;;;;;;;;;;;;;;;;;;;;;;
0134+  0BEF             _to_lower:
0135+  0BEF B9 5A       	cmp al, 'Z'
0136+  0BF1 D1 F6 0B    	jgu _to_lower_ret
0137+  0BF4 6A 20       	add al, $20				; convert to lower case
0138+  0BF6             _to_lower_ret:
0139+  0BF6 09          	ret
0140+  0BF7             ;;;;;;;;;;;;;;;;;;;;;;;;;;;;;;;;;;;;;;;;;;;;;;;;;;;;;;;;;;;;;;;;;;;;;;;;;;;;;;;;;;;;;;;;;;;;;;;;;;;;;;;;;;;;;;;;;;
0141+  0BF7             ; TO UPPER
0142+  0BF7             ; input in AL
0143+  0BF7             ; output in AL
0144+  0BF7             ;;;;;;;;;;;;;;;;;;;;;;;;;;;;;;;;;;;;;;;;;;;;;;;;;;;;;;;;;;;;;;;;;;;;;;;;;;;;;;;;;;;;;;;;;;;;;;;;;;;;;;;;;;;;;;;;;;
0145+  0BF7             _to_upper:
0146+  0BF7 B9 61       	cmp al, 'a'
0147+  0BF9 C8 FE 0B    	jlu _to_upper_ret
0148+  0BFC 6F 20       	sub al, $20			; convert to upper case
0149+  0BFE             _to_upper_ret:
0150+  0BFE 09          	ret
0151+  0BFF             
0075   0BFF             
0076   0BFF 55 73 61 67 s_usage:	.db "Usage: primes [min] [max]\n", 0
0076   0C03 65 3A 20 70 
0076   0C07 72 69 6D 65 
0076   0C0B 73 20 5B 6D 
0076   0C0F 69 6E 5D 20 
0076   0C13 5B 6D 61 78 
0076   0C17 5D 0A 00 
0077   0C1A 00 00       total:		.dw 0
0078   0C1C E8 03       max:		.dw 1000
0079   0C1E 05 00       min:		.dw 5
0080   0C20             
0081   0C20 0D 55 70 70 s_max:		.db "\rUpper bound: ", 0
0081   0C24 65 72 20 62 
0081   0C28 6F 75 6E 64 
0081   0C2C 3A 20 00 
0082   0C2F 2C 20 54 6F s_total:	.db ", Total primes: ", 0
0082   0C33 74 61 6C 20 
0082   0C37 70 72 69 6D 
0082   0C3B 65 73 3A 20 
0082   0C3F 00 
0083   0C40             			
0084   0C40             .end
tasm: Number of errors = 0
