0001   0000             .include "lib/kernel.exp"
0001+  0000             TEXT_ORG         .EQU  $0400
0002+  0000             sys_bkpt         .EQU  $0000
0003+  0000             sys_rtc          .EQU  $0001
0004+  0000             sys_ide          .EQU  $0002
0005+  0000             sys_io           .EQU  $0003
0006+  0000             sys_filesystem   .EQU  $0004
0007+  0000             sys_spawn_proc   .EQU  $0005
0008+  0000             sys_list         .EQU  $0006
0009+  0000             sys_datetime     .EQU  $0007
0010+  0000             sys_reboot       .EQU  $0008
0011+  0000             sys_pause_proc   .EQU  $0009
0012+  0000             sys_resume_proc  .EQU  $000a
0013+  0000             sys_terminate_proc .EQU  $000b
0014+  0000             sys_system       .EQU  $000c
0002   0000             
0003   0400             .org TEXT_ORG			; origin at 1024
0004   0400             
0005   0400             cmd_ps:
0006   0400 05 06       	syscall sys_list
0007   0402             
0008   0402 05 0B       	syscall sys_terminate_proc
0009   0404             
0010   0404             
0011   0404             .include "lib/token.asm"
0001+  0404             TOKTYP_IDENTIFIER  .equ 0
0002+  0404             TOKTYP_KEYWORD     .equ 1
0003+  0404             TOKTYP_DELIMITER   .equ 2
0004+  0404             TOKTYP_STRING      .equ 3
0005+  0404             TOKTYP_CHAR        .equ 4
0006+  0404             TOKTYP_NUMERIC     .equ 5
0007+  0404             TOKTYP_END         .equ 6
0008+  0404             
0009+  0404             TOK_NULL           .equ 0
0010+  0404             TOK_FSLASH         .equ 1
0011+  0404             TOK_TIMES          .equ 2
0012+  0404             TOK_PLUS           .equ 3
0013+  0404             TOK_MINUS          .equ 4
0014+  0404             TOK_DOT            .equ 5
0015+  0404             TOK_SEMI           .equ 6
0016+  0404             TOK_ANGLE          .equ 7
0017+  0404             TOK_TILDE          .equ 8
0018+  0404             TOK_EQUAL          .equ 9
0019+  0404             TOK_COLON          .equ 10
0020+  0404             TOK_COMMA          .equ 11
0021+  0404             
0022+  0404             TOK_END            .equ 20
0023+  0404             
0024+  0404             
0025+  0404             ;;;;;;;;;;;;;;;;;;;;;;;;;;;;;;;;;;;;;;;;;;;;;;;;;;;;;;;;;;;;;;;;;;;;;;;;;;;;;;;;;;
0026+  0404             ;; read a full command argment from shell input buffer
0027+  0404             ;; argument is written into tokstr
0028+  0404             ;;;;;;;;;;;;;;;;;;;;;;;;;;;;;;;;;;;;;;;;;;;;;;;;;;;;;;;;;;;;;;;;;;;;;;;;;;;;;;;;;;
0029+  0404             get_arg:
0030+  0404 D7            push a
0031+  0405 E2            push si
0032+  0406 E3            push di
0033+  0407 19 00         mov al, 0
0034+  0409 3D 32 06      mov [tokstr], al      ; nullify tokstr string
0035+  040C 14 2E 06      mov a, [prog]
0036+  040F 4D            mov si, a
0037+  0410 FD 4F 32 06   mov di, tokstr
0038+  0414             get_arg_skip_spaces:
0039+  0414 F6            lodsb
0040+  0415 07 5B 0B      call _isspace
0041+  0418 C6 14 04      je get_arg_skip_spaces
0042+  041B             get_arg_L0:
0043+  041B B9 3B         cmp al, $3B        ; check if is ';'
0044+  041D C6 2A 04      je get_arg_end
0045+  0420 B9 00         cmp al, 0
0046+  0422 C6 2A 04      je get_arg_end      ; check if end of input
0047+  0425 F7            stosb
0048+  0426 F6            lodsb
0049+  0427 0A 1B 04      jmp get_arg_L0
0050+  042A             get_arg_end:
0051+  042A 19 00         mov al, 0
0052+  042C F7            stosb
0053+  042D D5 01 00      sub si, 1
0054+  0430 4E            mov a, si
0055+  0431 42 2E 06      mov [prog], a    ; update pointer
0056+  0434 F0            pop di
0057+  0435 EF            pop si
0058+  0436 E4            pop a
0059+  0437 09            ret
0060+  0438             
0061+  0438             ;;;;;;;;;;;;;;;;;;;;;;;;;;;;;;;;;;;;;;;;;;;;;;;;;;;;;;;;;;;;;;;;;;;;;;;;;;;;;;;;;;
0062+  0438             ;; read a path formation from shell input buffer
0063+  0438             ;; path is written into tokstr
0064+  0438             ;; /usr/bin
0065+  0438             ;;;;;;;;;;;;;;;;;;;;;;;;;;;;;;;;;;;;;;;;;;;;;;;;;;;;;;;;;;;;;;;;;;;;;;;;;;;;;;;;;;
0066+  0438             get_path:
0067+  0438 D7            push a
0068+  0439 E2            push si
0069+  043A E3            push di
0070+  043B 19 00         mov al, 0
0071+  043D 3D 32 06      mov [tokstr], al      ; nullify tokstr string
0072+  0440 14 2E 06      mov a, [prog]
0073+  0443 4D            mov si, a
0074+  0444 FD 4F 32 06   mov di, tokstr
0075+  0448             get_path_skip_spaces:
0076+  0448 F6            lodsb
0077+  0449 07 5B 0B      call _isspace
0078+  044C C6 48 04      je get_path_skip_spaces
0079+  044F             get_path_is_pathchar:
0080+  044F F7            stosb
0081+  0450 F6            lodsb
0082+  0451 07 E5 0A      call _isalnum      ;check if is alphanumeric
0083+  0454 C6 4F 04      je get_path_is_pathchar
0084+  0457 B9 2F         cmp al, '/'        ; check if is '/'
0085+  0459 C6 4F 04      je get_path_is_pathchar
0086+  045C 19 00         mov al, 0
0087+  045E F7            stosb
0088+  045F D5 01 00      sub si, 1
0089+  0462 4E            mov a, si
0090+  0463 42 2E 06      mov [prog], a    ; update pointer
0091+  0466             get_path_end:
0092+  0466 F0            pop di
0093+  0467 EF            pop si
0094+  0468 E4            pop a
0095+  0469 09            ret
0096+  046A             
0097+  046A             ;;;;;;;;;;;;;;;;;;;;;;;;;;;;;;;;;;;;;;;;;;;;;;;;;;;;;;;;;;;;;;;;;;;;;;;;;;;;;;;;;;
0098+  046A             ;; read a line
0099+  046A             ;; line is written into tokstr
0100+  046A             ;;;;;;;;;;;;;;;;;;;;;;;;;;;;;;;;;;;;;;;;;;;;;;;;;;;;;;;;;;;;;;;;;;;;;;;;;;;;;;;;;;
0101+  046A             get_line:
0102+  046A D7            push a
0103+  046B E2            push si
0104+  046C E3            push di
0105+  046D 19 00         mov al, 0
0106+  046F 3D 32 06      mov [tokstr], al      ; nullify tokstr string
0107+  0472 14 2E 06      mov a, [prog]
0108+  0475 4D            mov si, a
0109+  0476 FD 4F 32 06   mov di, tokstr
0110+  047A             get_line_L0:
0111+  047A F6            lodsb
0112+  047B B9 0A         cmp al, $0A    ; check for new line
0113+  047D C6 84 04      je get_line_exit
0114+  0480 F7            stosb
0115+  0481 0A 7A 04      jmp get_line_L0
0116+  0484             get_line_exit:
0117+  0484 19 00         mov al, 0
0118+  0486 F7            stosb
0119+  0487 4E            mov a, si
0120+  0488 42 2E 06      mov [prog], a    ; update pointer
0121+  048B F0            pop di
0122+  048C EF            pop si
0123+  048D E4            pop a
0124+  048E 09            ret
0125+  048F             
0126+  048F             ;;;;;;;;;;;;;;;;;;;;;;;;;;;;;;;;;;;;;;;;;;;;;;;;;;;;;;;;;;;;;;;;;;;;;;;;;;;;;;;;;;
0127+  048F             ;; token parser
0128+  048F             ;;;;;;;;;;;;;;;;;;;;;;;;;;;;;;;;;;;;;;;;;;;;;;;;;;;;;;;;;;;;;;;;;;;;;;;;;;;;;;;;;;
0129+  048F             get_token:
0130+  048F D7            push a
0131+  0490 DA            push d
0132+  0491 E2            push si
0133+  0492 E3            push di
0134+  0493 19 00         mov al, 0
0135+  0495 3D 32 06      mov [tokstr], al      ; nullify tokstr string
0136+  0498 19 00         mov al, TOK_NULL
0137+  049A 3D 31 06      mov [tok], al        ; nullify token
0138+  049D 14 2E 06      mov a, [prog]
0139+  04A0 4D            mov si, a
0140+  04A1 FD 4F 32 06   mov di, tokstr
0141+  04A5             get_tok_skip_spaces:
0142+  04A5 F6            lodsb
0143+  04A6 07 5B 0B      call _isspace
0144+  04A9 C6 A5 04      je get_tok_skip_spaces
0145+  04AC B9 00         cmp al, 0      ; check for end of input (NULL)
0146+  04AE C6 93 05      je get_token_end
0147+  04B1 B9 23         cmp al, '#'      ; comments!
0148+  04B3 C6 C1 05      je get_tok_comment
0149+  04B6 07 E5 0A      call _isalnum
0150+  04B9 C6 A0 05      jz is_alphanumeric
0151+  04BC             ; other token types
0152+  04BC             get_token_slash:
0153+  04BC B9 2F         cmp al, '/'        ; check if '/'
0154+  04BE C7 D6 04      jne get_token_minus
0155+  04C1 F7            stosb          ; store '/' into token string
0156+  04C2 19 00         mov al, 0
0157+  04C4 F7            stosb          ; terminate token string
0158+  04C5 19 01         mov al, TOK_FSLASH
0159+  04C7 3D 31 06      mov [tok], al      
0160+  04CA 19 02         mov al, TOKTYP_DELIMITER
0161+  04CC 3D 30 06      mov [toktyp], al
0162+  04CF 4E            mov a, si
0163+  04D0 42 2E 06      mov [prog], a    ; update pointer
0164+  04D3 0A BC 05      jmp get_token_return
0165+  04D6             get_token_minus:
0166+  04D6 B9 2D         cmp al, '-'        ; check if '-'
0167+  04D8 C7 F0 04      jne get_token_comma
0168+  04DB F7            stosb          ; store '-' into token string
0169+  04DC 19 00         mov al, 0
0170+  04DE F7            stosb          ; terminate token string
0171+  04DF 19 04         mov al, TOK_MINUS
0172+  04E1 3D 31 06      mov [tok], al      
0173+  04E4 19 02         mov al, TOKTYP_DELIMITER
0174+  04E6 3D 30 06      mov [toktyp], al
0175+  04E9 4E            mov a, si
0176+  04EA 42 2E 06      mov [prog], a    ; update pointer
0177+  04ED 0A BC 05      jmp get_token_return
0178+  04F0             get_token_comma:
0179+  04F0 B9 2C         cmp al, ','        ; check if ','
0180+  04F2 C7 0A 05      jne get_token_semi
0181+  04F5 F7            stosb          ; store ',' into token string
0182+  04F6 19 00         mov al, 0
0183+  04F8 F7            stosb          ; terminate token string
0184+  04F9 19 0B         mov al, TOK_COMMA
0185+  04FB 3D 31 06      mov [tok], al      
0186+  04FE 19 02         mov al, TOKTYP_DELIMITER
0187+  0500 3D 30 06      mov [toktyp], al
0188+  0503 4E            mov a, si
0189+  0504 42 2E 06      mov [prog], a    ; update pointer
0190+  0507 0A BC 05      jmp get_token_return
0191+  050A             get_token_semi:
0192+  050A B9 3B         cmp al, $3B        ; check if ';'
0193+  050C C7 24 05      jne get_token_colon
0194+  050F F7            stosb          ; store ';' into token string
0195+  0510 19 00         mov al, 0
0196+  0512 F7            stosb          ; terminate token string
0197+  0513 19 06         mov al, TOK_SEMI
0198+  0515 3D 31 06      mov [tok], al      
0199+  0518 19 02         mov al, TOKTYP_DELIMITER
0200+  051A 3D 30 06      mov [toktyp], al
0201+  051D 4E            mov a, si
0202+  051E 42 2E 06      mov [prog], a    ; update pointer
0203+  0521 0A BC 05      jmp get_token_return
0204+  0524             get_token_colon:
0205+  0524 B9 3A         cmp al, $3A        ; check if ':'
0206+  0526 C7 3E 05      jne get_token_angle
0207+  0529 F7            stosb          ; store ':' into token string
0208+  052A 19 00         mov al, 0
0209+  052C F7            stosb          ; terminate token string
0210+  052D 19 0A         mov al, TOK_COLON
0211+  052F 3D 31 06      mov [tok], al      
0212+  0532 19 02         mov al, TOKTYP_DELIMITER
0213+  0534 3D 30 06      mov [toktyp], al
0214+  0537 4E            mov a, si
0215+  0538 42 2E 06      mov [prog], a    ; update pointer
0216+  053B 0A BC 05      jmp get_token_return
0217+  053E             get_token_angle:
0218+  053E B9 3E         cmp al, $3E        ; check if '>'
0219+  0540 C7 58 05      jne get_token_tilde
0220+  0543 F7            stosb          ; store '>' into token string
0221+  0544 19 00         mov al, 0
0222+  0546 F7            stosb          ; terminate token string
0223+  0547 19 07         mov al, TOK_ANGLE
0224+  0549 3D 31 06      mov [tok], al      
0225+  054C 19 02         mov al, TOKTYP_DELIMITER
0226+  054E 3D 30 06      mov [toktyp], al
0227+  0551 4E            mov a, si
0228+  0552 42 2E 06      mov [prog], a    ; update pointer
0229+  0555 0A BC 05      jmp get_token_return
0230+  0558             get_token_tilde:
0231+  0558 B9 7E         cmp al, '~'        ; check if '~'
0232+  055A C7 72 05      jne get_token_equal
0233+  055D F7            stosb          ; store '~' into token string
0234+  055E 19 00         mov al, 0
0235+  0560 F7            stosb          ; terminate token string
0236+  0561 19 08         mov al, TOK_TILDE
0237+  0563 3D 31 06      mov [tok], al      
0238+  0566 19 02         mov al, TOKTYP_DELIMITER
0239+  0568 3D 30 06      mov [toktyp], al
0240+  056B 4E            mov a, si
0241+  056C 42 2E 06      mov [prog], a    ; update pointer
0242+  056F 0A BC 05      jmp get_token_return
0243+  0572             get_token_equal:
0244+  0572 B9 3D         cmp al, '='        ; check if '='
0245+  0574 C7 8C 05      jne get_token_skip
0246+  0577 F7            stosb          ; store '=' into token string
0247+  0578 19 00         mov al, 0
0248+  057A F7            stosb          ; terminate token string
0249+  057B 19 09         mov al, TOK_EQUAL
0250+  057D 3D 31 06      mov [tok], al      
0251+  0580 19 02         mov al, TOKTYP_DELIMITER
0252+  0582 3D 30 06      mov [toktyp], al
0253+  0585 4E            mov a, si
0254+  0586 42 2E 06      mov [prog], a    ; update pointer
0255+  0589 0A BC 05      jmp get_token_return
0256+  058C             get_token_skip:
0257+  058C 4E            mov a, si
0258+  058D 42 2E 06      mov [prog], a    ; update pointer
0259+  0590 0A BC 05      jmp get_token_return
0260+  0593             get_token_end:        ; end of file token
0261+  0593 19 14         mov al, TOK_END
0262+  0595 3D 31 06      mov [tok], al
0263+  0598 19 06         mov al, TOKTYP_END
0264+  059A 3D 30 06      mov [toktyp], al
0265+  059D 0A BC 05      jmp get_token_return
0266+  05A0             is_alphanumeric:
0267+  05A0 F7            stosb
0268+  05A1 F6            lodsb
0269+  05A2 07 E5 0A      call _isalnum      ;check if is alphanumeric
0270+  05A5 C6 A0 05      jz is_alphanumeric
0271+  05A8 B9 2E         cmp al, $2E        ; check if is '.'
0272+  05AA C6 A0 05      je is_alphanumeric
0273+  05AD 19 00         mov al, 0
0274+  05AF F7            stosb
0275+  05B0 19 00         mov al, TOKTYP_IDENTIFIER
0276+  05B2 3D 30 06      mov [toktyp], al
0277+  05B5 D5 01 00      sub si, 1
0278+  05B8 4E            mov a, si
0279+  05B9 42 2E 06      mov [prog], a    ; update pointer
0280+  05BC             get_token_return:
0281+  05BC F0            pop di
0282+  05BD EF            pop si
0283+  05BE E7            pop d
0284+  05BF E4            pop a
0285+  05C0 09            ret
0286+  05C1             get_tok_comment:
0287+  05C1 F6            lodsb
0288+  05C2 B9 0A         cmp al, $0A      ; new line
0289+  05C4 C7 C1 05      jne get_tok_comment
0290+  05C7 0A A5 04      jmp get_tok_skip_spaces
0291+  05CA             
0292+  05CA             
0293+  05CA             get_number:
0294+  05CA D7            push a
0295+  05CB DA            push d
0296+  05CC E2            push si
0297+  05CD E3            push di
0298+  05CE 19 00         mov al, 0
0299+  05D0 3D 32 06      mov [tokstr], al      ; nullify tokstr string
0300+  05D3 19 00         mov al, TOK_NULL
0301+  05D5 3D 31 06      mov [tok], al        ; nullify token
0302+  05D8 14 2E 06      mov a, [prog]
0303+  05DB 4D            mov si, a
0304+  05DC FD 4F 32 06   mov di, tokstr
0305+  05E0             get_number_skip_spaces:
0306+  05E0 F6            lodsb
0307+  05E1 07 5B 0B      call _isspace
0308+  05E4 C6 E0 05      je get_number_skip_spaces
0309+  05E7 B9 00         cmp al, 0      ; check for end of input (NULL)
0310+  05E9 C7 F9 05      jne get_number_L0
0311+  05EC 19 14         mov al, TOK_END
0312+  05EE 3D 31 06      mov [tok], al
0313+  05F1 19 06         mov al, TOKTYP_END
0314+  05F3 3D 30 06      mov [toktyp], al
0315+  05F6 0A 10 06      jmp get_number_return
0316+  05F9             get_number_L0:
0317+  05F9 F7            stosb
0318+  05FA F6            lodsb
0319+  05FB 07 EF 0A      call _isdigit      ;check if is numeric
0320+  05FE C6 F9 05      jz get_number_L0
0321+  0601 19 00         mov al, 0
0322+  0603 F7            stosb
0323+  0604 19 05         mov al, TOKTYP_NUMERIC
0324+  0606 3D 30 06      mov [toktyp], al
0325+  0609 D5 01 00      sub si, 1
0326+  060C 4E            mov a, si
0327+  060D 42 2E 06      mov [prog], a    ; update pointer
0328+  0610             get_number_return:
0329+  0610 F0            pop di
0330+  0611 EF            pop si
0331+  0612 E7            pop d
0332+  0613 E4            pop a
0333+  0614 09            ret
0334+  0615             
0335+  0615             ;;;;;;;;;;;;;;;;;;;;;;;;;;;;;;;;;;;;;;;;;;;;;;;;;;;;;;;;;;;;;;;;;;;;;;;;;;;;;;;;;;
0336+  0615             ;; PUT BACK TOKEN
0337+  0615             ;;;;;;;;;;;;;;;;;;;;;;;;;;;;;;;;;;;;;;;;;;;;;;;;;;;;;;;;;;;;;;;;;;;;;;;;;;;;;;;;;;  
0338+  0615             _putback:
0339+  0615 D7            push a
0340+  0616 E2            push si
0341+  0617 FD 4D 32 06   mov si, tokstr  
0342+  061B             _putback_loop:
0343+  061B F6            lodsb
0344+  061C B9 00         cmp al, 0
0345+  061E C6 2B 06      je _putback_end
0346+  0621 14 2E 06      mov a, [prog]
0347+  0624 7D            dec a
0348+  0625 42 2E 06      mov [prog], a      ; update pointer
0349+  0628 0A 1B 06      jmp _putback_loop
0350+  062B             _putback_end:
0351+  062B EF            pop si
0352+  062C E4            pop a
0353+  062D 09            ret
0354+  062E             
0355+  062E             
0356+  062E             
0357+  062E             
0358+  062E 00 00       prog:      .dw 0          ; pointer to current position in buffer
0359+  0630             
0360+  0630 00          toktyp:    .db 0          ; token type symbol
0361+  0631 00          tok:       .db 0          ; current token symbol
0362+  0632 00 00 00 00 tokstr:    .fill 256, 0   ; token as a string
0362+  0636 00 00 00 00 
0362+  063A 00 00 00 00 
0362+  063E 00 00 00 00 
0362+  0642 00 00 00 00 
0362+  0646 00 00 00 00 
0362+  064A 00 00 00 00 
0362+  064E 00 00 00 00 
0362+  0652 00 00 00 00 
0362+  0656 00 00 00 00 
0362+  065A 00 00 00 00 
0362+  065E 00 00 00 00 
0362+  0662 00 00 00 00 
0362+  0666 00 00 00 00 
0362+  066A 00 00 00 00 
0362+  066E 00 00 00 00 
0362+  0672 00 00 00 00 
0362+  0676 00 00 00 00 
0362+  067A 00 00 00 00 
0362+  067E 00 00 00 00 
0362+  0682 00 00 00 00 
0362+  0686 00 00 00 00 
0362+  068A 00 00 00 00 
0362+  068E 00 00 00 00 
0362+  0692 00 00 00 00 
0362+  0696 00 00 00 00 
0362+  069A 00 00 00 00 
0362+  069E 00 00 00 00 
0362+  06A2 00 00 00 00 
0362+  06A6 00 00 00 00 
0362+  06AA 00 00 00 00 
0362+  06AE 00 00 00 00 
0362+  06B2 00 00 00 00 
0362+  06B6 00 00 00 00 
0362+  06BA 00 00 00 00 
0362+  06BE 00 00 00 00 
0362+  06C2 00 00 00 00 
0362+  06C6 00 00 00 00 
0362+  06CA 00 00 00 00 
0362+  06CE 00 00 00 00 
0362+  06D2 00 00 00 00 
0362+  06D6 00 00 00 00 
0362+  06DA 00 00 00 00 
0362+  06DE 00 00 00 00 
0362+  06E2 00 00 00 00 
0362+  06E6 00 00 00 00 
0362+  06EA 00 00 00 00 
0362+  06EE 00 00 00 00 
0362+  06F2 00 00 00 00 
0362+  06F6 00 00 00 00 
0362+  06FA 00 00 00 00 
0362+  06FE 00 00 00 00 
0362+  0702 00 00 00 00 
0362+  0706 00 00 00 00 
0362+  070A 00 00 00 00 
0362+  070E 00 00 00 00 
0362+  0712 00 00 00 00 
0362+  0716 00 00 00 00 
0362+  071A 00 00 00 00 
0362+  071E 00 00 00 00 
0362+  0722 00 00 00 00 
0362+  0726 00 00 00 00 
0362+  072A 00 00 00 00 
0362+  072E 00 00 00 00 
0012   0732             .include "lib/stdio.asm"
0001+  0732             ;;;;;;;;;;;;;;;;;;;;;;;;;;;;;;;;;;;;;;;;;;;;;;;;;;;;;;;;;;;;;;;;;;;;;;;;;;;;;;;;;;;;;;;;;;;;;;;;;;;;;;;;;;;;;;;;;;
0002+  0732             ; stdio.s
0003+  0732             ;;;;;;;;;;;;;;;;;;;;;;;;;;;;;;;;;;;;;;;;;;;;;;;;;;;;;;;;;;;;;;;;;;;;;;;;;;;;;;;;;;;;;;;;;;;;;;;;;;;;;;;;;;;;;;;;;;
0004+  0732             .include "lib/string.asm"
0001++ 0732             ;;;;;;;;;;;;;;;;;;;;;;;;;;;;;;;;;;;;;;;;;;;;;;;;;;;;;;;;;;;;;;;;;;;;;;;;;;;;;;;;;;;;;;;;;;;;;;;;;;;;;;;;;;;;;;;;;;
0002++ 0732             ; string.s
0003++ 0732             ;;;;;;;;;;;;;;;;;;;;;;;;;;;;;;;;;;;;;;;;;;;;;;;;;;;;;;;;;;;;;;;;;;;;;;;;;;;;;;;;;;;;;;;;;;;;;;;;;;;;;;;;;;;;;;;;;;
0004++ 0732             
0005++ 0732             
0006++ 0732             ;;;;;;;;;;;;;;;;;;;;;;;;;;;;;;;;;;;;;;;;;;;;;;;;;;;;;;;;;;;;;;;;;;;;;;;;;;;;;;;;;;;;;;;;;;;;;;;;;;;;;;;;;;;;;;;;;;
0007++ 0732             ; _strrev
0008++ 0732             ; reverse a string
0009++ 0732             ; D = string address
0010++ 0732             ;;;;;;;;;;;;;;;;;;;;;;;;;;;;;;;;;;;;;;;;;;;;;;;;;;;;;;;;;;;;;;;;;;;;;;;;;;;;;;;;;;;;;;;;;;;;;;;;;;;;;;;;;;;;;;;;;;
0011++ 0732             ; 01234
0012++ 0732             _strrev:
0013++ 0732 4B          	pusha
0014++ 0733 07 79 07    	call _strlen	; length in C
0015++ 0736 12          	mov a, c
0016++ 0737 AF 01 00    	cmp a, 1
0017++ 073A D0 54 07    	jleu _strrev_end	; check string length. string len must be > 1
0018++ 073D 7D          	dec a
0019++ 073E FD 4E       	mov si, d	; beginning of string
0020++ 0740 FD 50       	mov di, d	; beginning of string (for destinations)
0021++ 0742 59          	add d, a	; end of string
0022++ 0743 12          	mov a, c
0023++ 0744 FD 9B       	shr a		; divide by 2
0024++ 0746 39          	mov c, a	; C now counts the steps
0025++ 0747             _strrev_L0:
0026++ 0747 32          	mov bl, [d]	; save load right-side char into BL
0027++ 0748 F6          	lodsb		; load left-side char into AL; increase SI
0028++ 0749 3E          	mov [d], al	; store left char into right side
0029++ 074A 1B          	mov al, bl
0030++ 074B F7          	stosb		; store right-side char into left-side; increase DI
0031++ 074C 7E          	dec c
0032++ 074D 7F          	dec d
0033++ 074E C2 00 00    	cmp c, 0
0034++ 0751 C7 47 07    	jne _strrev_L0
0035++ 0754             _strrev_end:
0036++ 0754 4C          	popa
0037++ 0755 09          	ret
0038++ 0756             	
0039++ 0756             ;;;;;;;;;;;;;;;;;;;;;;;;;;;;;;;;;;;;;;;;;;;;;;;;;;;;;;;;;;;;;;;;;;;;;;;;;;;;;;;;;;;;;;;;;;;;;;;;;;;;;;;;;;;;;;;;;;
0040++ 0756             ; _strchr
0041++ 0756             ; search string in D for char in AL
0042++ 0756             ;;;;;;;;;;;;;;;;;;;;;;;;;;;;;;;;;;;;;;;;;;;;;;;;;;;;;;;;;;;;;;;;;;;;;;;;;;;;;;;;;;;;;;;;;;;;;;;;;;;;;;;;;;;;;;;;;;
0043++ 0756             _strchr:
0044++ 0756             _strchr_L0:
0045++ 0756 32          	mov bl, [d]
0046++ 0757 C1 00       	cmp bl, 0
0047++ 0759 C6 64 07    	je _strchr_end
0048++ 075C BA          	cmp al, bl
0049++ 075D C6 64 07    	je _strchr_end
0050++ 0760 79          	inc d
0051++ 0761 0A 56 07    	jmp _strchr_L0
0052++ 0764             _strchr_end:
0053++ 0764 1B          	mov al, bl
0054++ 0765 09          	ret
0055++ 0766             
0056++ 0766             ;;;;;;;;;;;;;;;;;;;;;;;;;;;;;;;;;;;;;;;;;;;;;;;;;;;;;;;;;;;;;;;;;;;;;;;;;;;;;;;;;;;;;;;;;;;;;;;;;;;;;;;;;;;;;;;;;;
0057++ 0766             ; _strstr
0058++ 0766             ; find sub-string
0059++ 0766             ; str1 in SI
0060++ 0766             ; str2 in DI
0061++ 0766             ; SI points to end of source string
0062++ 0766             ;;;;;;;;;;;;;;;;;;;;;;;;;;;;;;;;;;;;;;;;;;;;;;;;;;;;;;;;;;;;;;;;;;;;;;;;;;;;;;;;;;;;;;;;;;;;;;;;;;;;;;;;;;;;;;;;;;
0063++ 0766             _strstr:
0064++ 0766 DB          	push al
0065++ 0767 DA          	push d
0066++ 0768 E3          	push di
0067++ 0769             _strstr_loop:
0068++ 0769 F3          	cmpsb					; compare a byte of the strings
0069++ 076A C7 75 07    	jne _strstr_ret
0070++ 076D FC 00 00    	lea d, [di + 0]
0071++ 0770 BD 00       	cmp byte[d], 0				; check if at end of string (null)
0072++ 0772 C7 69 07    	jne _strstr_loop				; equal chars but not at end
0073++ 0775             _strstr_ret:
0074++ 0775 F0          	pop di
0075++ 0776 E7          	pop d
0076++ 0777 E8          	pop al
0077++ 0778 09          	ret
0078++ 0779             ;;;;;;;;;;;;;;;;;;;;;;;;;;;;;;;;;;;;;;;;;;;;;;;;;;;;;;;;;;;;;;;;;;;;;;;;;;;;;;;;;;;;;;;
0079++ 0779             ; length of null terminated string
0080++ 0779             ; result in C
0081++ 0779             ; pointer in D
0082++ 0779             ;;;;;;;;;;;;;;;;;;;;;;;;;;;;;;;;;;;;;;;;;;;;;;;;;;;;;;;;;;;;;;;;;;;;;;;;;;;;;;;;;;;;;;;
0083++ 0779             _strlen:
0084++ 0779 DA          	push d
0085++ 077A 38 00 00    	mov c, 0
0086++ 077D             _strlen_L1:
0087++ 077D BD 00       	cmp byte [d], 0
0088++ 077F C6 87 07    	je _strlen_ret
0089++ 0782 79          	inc d
0090++ 0783 78          	inc c
0091++ 0784 0A 7D 07    	jmp _strlen_L1
0092++ 0787             _strlen_ret:
0093++ 0787 E7          	pop d
0094++ 0788 09          	ret
0095++ 0789             
0096++ 0789             ;;;;;;;;;;;;;;;;;;;;;;;;;;;;;;;;;;;;;;;;;;;;;;;;;;;;;;;;;;;;;;;;;;;;;;;;;;;;;;;;;;;;;;;;;;;;;;;;;;;;;;;;;;;;;;;;;;
0097++ 0789             ; STRCMP
0098++ 0789             ; compare two strings
0099++ 0789             ; str1 in SI
0100++ 0789             ; str2 in DI
0101++ 0789             ; CREATE A STRING COMPAIRON INSTRUCION ?????
0102++ 0789             ;;;;;;;;;;;;;;;;;;;;;;;;;;;;;;;;;;;;;;;;;;;;;;;;;;;;;;;;;;;;;;;;;;;;;;;;;;;;;;;;;;;;;;;;;;;;;;;;;;;;;;;;;;;;;;;;;;
0103++ 0789             _strcmp:
0104++ 0789 DB          	push al
0105++ 078A DA          	push d
0106++ 078B E3          	push di
0107++ 078C E2          	push si
0108++ 078D             _strcmp_loop:
0109++ 078D F3          	cmpsb					; compare a byte of the strings
0110++ 078E C7 99 07    	jne _strcmp_ret
0111++ 0791 FB FF FF    	lea d, [si +- 1]
0112++ 0794 BD 00       	cmp byte[d], 0				; check if at end of string (null)
0113++ 0796 C7 8D 07    	jne _strcmp_loop				; equal chars but not at end
0114++ 0799             _strcmp_ret:
0115++ 0799 EF          	pop si
0116++ 079A F0          	pop di
0117++ 079B E7          	pop d
0118++ 079C E8          	pop al
0119++ 079D 09          	ret
0120++ 079E             
0121++ 079E             
0122++ 079E             ; STRCPY
0123++ 079E             ; copy null terminated string from SI to DI
0124++ 079E             ; source in SI
0125++ 079E             ; destination in DI
0126++ 079E             _strcpy:
0127++ 079E E2          	push si
0128++ 079F E3          	push di
0129++ 07A0 DB          	push al
0130++ 07A1             _strcpy_L1:
0131++ 07A1 F6          	lodsb
0132++ 07A2 F7          	stosb
0133++ 07A3 B9 00       	cmp al, 0
0134++ 07A5 C7 A1 07    	jne _strcpy_L1
0135++ 07A8             _strcpy_end:
0136++ 07A8 E8          	pop al
0137++ 07A9 F0          	pop di
0138++ 07AA EF          	pop si
0139++ 07AB 09          	ret
0140++ 07AC             
0141++ 07AC             ; STRCAT
0142++ 07AC             ; concatenate a NULL terminated string into string at DI, from string at SI
0143++ 07AC             ; source in SI
0144++ 07AC             ; destination in DI
0145++ 07AC             _strcat:
0146++ 07AC E2          	push si
0147++ 07AD E3          	push di
0148++ 07AE D7          	push a
0149++ 07AF DA          	push d
0150++ 07B0 50          	mov a, di
0151++ 07B1 3C          	mov d, a
0152++ 07B2             _strcat_goto_end_L1:
0153++ 07B2 BD 00       	cmp byte[d], 0
0154++ 07B4 C6 BB 07    	je _strcat_start
0155++ 07B7 79          	inc d
0156++ 07B8 0A B2 07    	jmp _strcat_goto_end_L1
0157++ 07BB             _strcat_start:
0158++ 07BB FD 50       	mov di, d
0159++ 07BD             _strcat_L1:
0160++ 07BD F6          	lodsb
0161++ 07BE F7          	stosb
0162++ 07BF B9 00       	cmp al, 0
0163++ 07C1 C7 BD 07    	jne _strcat_L1
0164++ 07C4             _strcat_end:
0165++ 07C4 E7          	pop d
0166++ 07C5 E4          	pop a
0167++ 07C6 F0          	pop di
0168++ 07C7 EF          	pop si
0169++ 07C8 09          	ret
0170++ 07C9             
0171++ 07C9             
0005+  07C9             
0006+  07C9             
0007+  07C9             ;;;;;;;;;;;;;;;;;;;;;;;;;;;;;;;;;;;;;;;;;;;;;;;;;;;;;;;;;;;;;;;;;;;;;;;;;;;;;;;;;;;;;;;;;;;;;;;;;;;;;;;;;;;;;;;;;;
0008+  07C9             ; CONVERT ASCII 'O'..'F' TO INTEGER 0..15
0009+  07C9             ; ASCII in BL
0010+  07C9             ; result in AL
0011+  07C9             ; ascii for F = 0100 0110
0012+  07C9             ; ascii for 9 = 0011 1001
0013+  07C9             ;;;;;;;;;;;;;;;;;;;;;;;;;;;;;;;;;;;;;;;;;;;;;;;;;;;;;;;;;;;;;;;;;;;;;;;;;;;;;;;;;;;;;;;;;;;;;;;;;;;;;;;;;;;;;;;;;;
0014+  07C9             hex_ascii_encode:
0015+  07C9 1B            mov al, bl
0016+  07CA 93 40         test al, $40        ; test if letter or number
0017+  07CC C7 D2 07      jnz hex_letter
0018+  07CF 87 0F         and al, $0F        ; get number
0019+  07D1 09            ret
0020+  07D2             hex_letter:
0021+  07D2 87 0F         and al, $0F        ; get letter
0022+  07D4 6A 09         add al, 9
0023+  07D6 09            ret
0024+  07D7             
0025+  07D7             ;;;;;;;;;;;;;;;;;;;;;;;;;;;;;;;;;;;;;;;;;;;;;;;;;;;;;;;;;;;;;;;;;;;;;;;;;;;;;;;;;;;;;;;;;;;;;;;;;;;;;;;;;;;;;;;;;;
0026+  07D7             ; ATOI
0027+  07D7             ; 2 letter hex string in B
0028+  07D7             ; 8bit integer returned in AL
0029+  07D7             ;;;;;;;;;;;;;;;;;;;;;;;;;;;;;;;;;;;;;;;;;;;;;;;;;;;;;;;;;;;;;;;;;;;;;;;;;;;;;;;;;;;;;;;;;;;;;;;;;;;;;;;;;;;;;;;;;;
0030+  07D7             _atoi:
0031+  07D7 D8            push b
0032+  07D8 07 C9 07      call hex_ascii_encode      ; convert BL to 4bit code in AL
0033+  07DB 30            mov bl, bh
0034+  07DC DB            push al          ; save a
0035+  07DD 07 C9 07      call hex_ascii_encode
0036+  07E0 EA            pop bl  
0037+  07E1 FD 9E 04      shl al, 4
0038+  07E4 8C            or al, bl
0039+  07E5 E5            pop b
0040+  07E6 09            ret  
0041+  07E7             
0042+  07E7             
0043+  07E7             ;;;;;;;;;;;;;;;;;;;;;;;;;;;;;;;;;;;;;;;;;;;;;;;;;;;;;;;;;;;;;;;;;;;;;;;;;;;;;;;;;;;;;;;;;;;;;;;;;;;;;;;;;;;;;;;;;;
0044+  07E7             ; scanf
0045+  07E7             ; no need for explanations!
0046+  07E7             ;;;;;;;;;;;;;;;;;;;;;;;;;;;;;;;;;;;;;;;;;;;;;;;;;;;;;;;;;;;;;;;;;;;;;;;;;;;;;;;;;;;;;;;;;;;;;;;;;;;;;;;;;;;;;;;;;;
0047+  07E7             scanf:
0048+  07E7 09            ret
0049+  07E8             
0050+  07E8             ;;;;;;;;;;;;;;;;;;;;;;;;;;;;;;;;;;;;;;;;;;;;;;;;;;;;;;;;;;;;;;;;;;;;;;;;;;;;;;;;;;;;;;;;;;;;;;;;;;;;;;;;;;;;;;;;;;
0051+  07E8             ; ITOA
0052+  07E8             ; 8bit value in BL
0053+  07E8             ; 2 byte ASCII result in A
0054+  07E8             ;;;;;;;;;;;;;;;;;;;;;;;;;;;;;;;;;;;;;;;;;;;;;;;;;;;;;;;;;;;;;;;;;;;;;;;;;;;;;;;;;;;;;;;;;;;;;;;;;;;;;;;;;;;;;;;;;;
0055+  07E8             _itoa:
0056+  07E8 DA            push d
0057+  07E9 D8            push b
0058+  07EA A7 00         mov bh, 0
0059+  07EC FD A4 04      shr bl, 4  
0060+  07EF 74            mov d, b
0061+  07F0 1F C3 0A      mov al, [d + s_hex_digits]
0062+  07F3 23            mov ah, al
0063+  07F4               
0064+  07F4 E5            pop b
0065+  07F5 D8            push b
0066+  07F6 A7 00         mov bh, 0
0067+  07F8 FD 87 0F      and bl, $0F
0068+  07FB 74            mov d, b
0069+  07FC 1F C3 0A      mov al, [d + s_hex_digits]
0070+  07FF E5            pop b
0071+  0800 E7            pop d
0072+  0801 09            ret
0073+  0802             
0074+  0802             ;;;;;;;;;;;;;;;;;;;;;;;;;;;;;;;;;;;;;;;;;;;;;;;;;;;;;;;;;;;;;;;;;;;;;;;;;;;;;;;;;;;;;;;;;;;;;;;;;;;;;;;;;;;;;;;;;;
0075+  0802             ; HEX STRING TO BINARY
0076+  0802             ; di = destination address
0077+  0802             ; si = source
0078+  0802             ;;;;;;;;;;;;;;;;;;;;;;;;;;;;;;;;;;;;;;;;;;;;;;;;;;;;;;;;;;;;;;;;;;;;;;;;;;;;;;;;;;;;;;;;;;;;;;;;;;;;;;;;;;;;;;;;;;
0079+  0802             _hex_to_int:
0080+  0802             _hex_to_int_L1:
0081+  0802 F6            lodsb          ; load from [SI] to AL
0082+  0803 B9 00         cmp al, 0        ; check if ASCII 0
0083+  0805 C6 12 08      jz _hex_to_int_ret
0084+  0808 36            mov bh, al
0085+  0809 F6            lodsb
0086+  080A 2F            mov bl, al
0087+  080B 07 D7 07      call _atoi        ; convert ASCII byte in B to int (to AL)
0088+  080E F7            stosb          ; store AL to [DI]
0089+  080F 0A 02 08      jmp _hex_to_int_L1
0090+  0812             _hex_to_int_ret:
0091+  0812 09            ret    
0092+  0813             
0093+  0813             
0094+  0813             
0095+  0813             ;;;;;;;;;;;;;;;;;;;;;;;;;;;;;;;;;;;;;;;;;;;;;;;;;;;;;;;;;;;;;;;;;;;;;;;;;;;;;;;;;;;;;;;;;;;;;;;;;;;;;;;;;;;;;;;;;;
0096+  0813             ; GETCHAR
0097+  0813             ; char in ah
0098+  0813             ;;;;;;;;;;;;;;;;;;;;;;;;;;;;;;;;;;;;;;;;;;;;;;;;;;;;;;;;;;;;;;;;;;;;;;;;;;;;;;;;;;;;;;;;;;;;;;;;;;;;;;;;;;;;;;;;;;
0099+  0813             _getchar:
0100+  0813 DB            push al
0101+  0814             _getchar_retry:
0102+  0814 FD 0C         sti
0103+  0816 19 01         mov al, 1
0104+  0818 05 03         syscall sys_io      ; receive in AH
0105+  081A B9 00         cmp al, 0      ; check if any char was received
0106+  081C C6 14 08      je _getchar_retry
0107+  081F E8            pop al
0108+  0820 09            ret
0109+  0821             
0110+  0821             ;;;;;;;;;;;;;;;;;;;;;;;;;;;;;;;;;;;;;;;;;;;;;;;;;;;;;;;;;;;;;;;;;;;;;;;;;;;;;;;;;;;;;;;;;;;;;;;;;;;;;;;;;;;;;;;;;;
0111+  0821             ; PUTCHAR
0112+  0821             ; char in ah
0113+  0821             ;;;;;;;;;;;;;;;;;;;;;;;;;;;;;;;;;;;;;;;;;;;;;;;;;;;;;;;;;;;;;;;;;;;;;;;;;;;;;;;;;;;;;;;;;;;;;;;;;;;;;;;;;;;;;;;;;;
0114+  0821             _putchar:
0115+  0821 D7            push a
0116+  0822 19 00         mov al, 0
0117+  0824 05 03         syscall sys_io      ; char in AH
0118+  0826 E4            pop a
0119+  0827 09            ret
0120+  0828             
0121+  0828             ;;;;;;;;;;;;;;;;;;;;;;;;;;;;;;;;;;;;;;;;;;;;;;;;;;;;;;;;;;;;;;;;;;;;;;;;;;;;;;;;;;;;;;;;;;;;;;;;;;;;;;;;;;;;;;;;;;
0122+  0828             ;; INPUT A STRING
0123+  0828             ;; terminates with null
0124+  0828             ;; pointer in D
0125+  0828             ;;;;;;;;;;;;;;;;;;;;;;;;;;;;;;;;;;;;;;;;;;;;;;;;;;;;;;;;;;;;;;;;;;;;;;;;;;;;;;;;;;;;;;;;;;;;;;;;;;;;;;;;;;;;;;;;;;
0126+  0828             _gets:
0127+  0828 D7            push a
0128+  0829 DA            push d
0129+  082A             _gets_loop:
0130+  082A FD 0C         sti
0131+  082C 19 01         mov al, 1
0132+  082E 05 03         syscall sys_io      ; receive in AH
0133+  0830 B9 00         cmp al, 0        ; check error code (AL)
0134+  0832 C6 2A 08      je _gets_loop      ; if no char received, retry
0135+  0835             
0136+  0835 76 1B         cmp ah, 27
0137+  0837 C6 58 08      je _gets_ansi_esc
0138+  083A 76 0A         cmp ah, $0A        ; LF
0139+  083C C6 C9 08      je _gets_end
0140+  083F 76 0D         cmp ah, $0D        ; CR
0141+  0841 C6 C9 08      je _gets_end
0142+  0844 76 5C         cmp ah, $5C        ; '\\'
0143+  0846 C6 88 08      je _gets_escape
0144+  0849               
0145+  0849 76 08         cmp ah, $08      ; check for backspace
0146+  084B C6 54 08      je _gets_backspace
0147+  084E             
0148+  084E 1A            mov al, ah
0149+  084F 3E            mov [d], al
0150+  0850 79            inc d
0151+  0851 0A 2A 08      jmp _gets_loop
0152+  0854             _gets_backspace:
0153+  0854 7F            dec d
0154+  0855 0A 2A 08      jmp _gets_loop
0155+  0858             _gets_ansi_esc:
0156+  0858 FD 0C         sti
0157+  085A 19 01         mov al, 1
0158+  085C 05 03         syscall sys_io        ; receive in AH without echo
0159+  085E B9 00         cmp al, 0          ; check error code (AL)
0160+  0860 C6 58 08      je _gets_ansi_esc    ; if no char received, retry
0161+  0863 76 5B         cmp ah, '['
0162+  0865 C7 2A 08      jne _gets_loop
0163+  0868             _gets_ansi_esc_2:
0164+  0868 FD 0C         sti
0165+  086A 19 01         mov al, 1
0166+  086C 05 03         syscall sys_io          ; receive in AH without echo
0167+  086E B9 00         cmp al, 0            ; check error code (AL)
0168+  0870 C6 68 08      je _gets_ansi_esc_2  ; if no char received, retry
0169+  0873 76 44         cmp ah, 'D'
0170+  0875 C6 80 08      je _gets_left_arrow
0171+  0878 76 43         cmp ah, 'C'
0172+  087A C6 84 08      je _gets_right_arrow
0173+  087D 0A 2A 08      jmp _gets_loop
0174+  0880             _gets_left_arrow:
0175+  0880 7F            dec d
0176+  0881 0A 2A 08      jmp _gets_loop
0177+  0884             _gets_right_arrow:
0178+  0884 79            inc d
0179+  0885 0A 2A 08      jmp _gets_loop
0180+  0888             _gets_escape:
0181+  0888 FD 0C         sti
0182+  088A 19 01         mov al, 1
0183+  088C 05 03         syscall sys_io      ; receive in AH
0184+  088E B9 00         cmp al, 0        ; check error code (AL)
0185+  0890 C6 88 08      je _gets_escape      ; if no char received, retry
0186+  0893 76 6E         cmp ah, 'n'
0187+  0895 C6 B4 08      je _gets_LF
0188+  0898 76 72         cmp ah, 'r'
0189+  089A C6 BB 08      je _gets_CR
0190+  089D 76 30         cmp ah, '0'
0191+  089F C6 C2 08      je _gets_NULL
0192+  08A2 76 5C         cmp ah, $5C  ; '\'
0193+  08A4 C6 AD 08      je _gets_slash
0194+  08A7 1A            mov al, ah        ; if not a known escape, it is just a normal letter
0195+  08A8 3E            mov [d], al
0196+  08A9 79            inc d
0197+  08AA 0A 2A 08      jmp _gets_loop
0198+  08AD             _gets_slash:
0199+  08AD 19 5C         mov al, $5C
0200+  08AF 3E            mov [d], al
0201+  08B0 79            inc d
0202+  08B1 0A 2A 08      jmp _gets_loop
0203+  08B4             _gets_LF:
0204+  08B4 19 0A         mov al, $0A
0205+  08B6 3E            mov [d], al
0206+  08B7 79            inc d
0207+  08B8 0A 2A 08      jmp _gets_loop
0208+  08BB             _gets_CR:
0209+  08BB 19 0D         mov al, $0D
0210+  08BD 3E            mov [d], al
0211+  08BE 79            inc d
0212+  08BF 0A 2A 08      jmp _gets_loop
0213+  08C2             _gets_NULL:
0214+  08C2 19 00         mov al, $00
0215+  08C4 3E            mov [d], al
0216+  08C5 79            inc d
0217+  08C6 0A 2A 08      jmp _gets_loop
0218+  08C9             _gets_end:
0219+  08C9 19 00         mov al, 0
0220+  08CB 3E            mov [d], al        ; terminate string
0221+  08CC E7            pop d
0222+  08CD E4            pop a
0223+  08CE 09            ret
0224+  08CF             
0225+  08CF             ;;;;;;;;;;;;;;;;;;;;;;;;;;;;;;;;;;;;;;;;;;;;;;;;;;;;;;;;;;;;;;;;;;;;;;;;;;;;;;;;;;;;;;;;;;;;;;;;;;;;;;;;;;;;;;;;;;
0226+  08CF             ;; INPUT BINARY
0227+  08CF             ;; pointer in D
0228+  08CF             ;; size in b
0229+  08CF             ;;;;;;;;;;;;;;;;;;;;;;;;;;;;;;;;;;;;;;;;;;;;;;;;;;;;;;;;;;;;;;;;;;;;;;;;;;;;;;;;;;;;;;;;;;;;;;;;;;;;;;;;;;;;;;;;;;
0230+  08CF             _load_binary:
0231+  08CF D7            push a
0232+  08D0 DA            push d
0233+  08D1 D9            push c
0234+  08D2 38 00 00      mov c, 0
0235+  08D5             _load_binary_loop:
0236+  08D5 19 03         mov al, 3
0237+  08D7 05 03         syscall sys_io      ; receive in AH with no echo
0238+  08D9 B9 00         cmp al, 0        ; check error code (AL)
0239+  08DB C6 D5 08      je _load_binary_loop    ; if no char received, retry
0240+  08DE 1A            mov al, ah
0241+  08DF 3E            mov [d], al
0242+  08E0 79            inc d
0243+  08E1 78            inc c
0244+  08E2 FD C0         cmp b, c
0245+  08E4 C7 D5 08      jne _load_binary_loop
0246+  08E7             _load_binary_end:
0247+  08E7 E6            pop c
0248+  08E8 E7            pop d
0249+  08E9 E4            pop a
0250+  08EA 09            ret
0251+  08EB             
0252+  08EB             ;;;;;;;;;;;;;;;;;;;;;;;;;;;;;;;;;;;;;;;;;;;;;;;;;;;;;;;;;;;;;;;;;;;;;;;;;;;;;;;;;;;;;;;;;;;;;;;;;;;;;;;;;;;;;;;;;;
0253+  08EB             ;; INPUT TEXT
0254+  08EB             ;; terminated with CTRL+D
0255+  08EB             ;; pointer in D
0256+  08EB             ;;;;;;;;;;;;;;;;;;;;;;;;;;;;;;;;;;;;;;;;;;;;;;;;;;;;;;;;;;;;;;;;;;;;;;;;;;;;;;;;;;;;;;;;;;;;;;;;;;;;;;;;;;;;;;;;;;
0257+  08EB             _gettxt:
0258+  08EB D7            push a
0259+  08EC DA            push d
0260+  08ED             _gettxt_loop:
0261+  08ED 19 01         mov al, 1
0262+  08EF 05 03         syscall sys_io      ; receive in AH
0263+  08F1 B9 00         cmp al, 0        ; check error code (AL)
0264+  08F3 C6 ED 08      je _gettxt_loop    ; if no char received, retry
0265+  08F6 76 04         cmp ah, 4      ; EOT
0266+  08F8 C6 36 09      je _gettxt_end
0267+  08FB 76 08         cmp ah, $08      ; check for backspace
0268+  08FD C6 32 09      je _gettxt_backspace
0269+  0900 76 5C         cmp ah, $5C        ; '\'
0270+  0902 C6 0B 09      je _gettxt_escape
0271+  0905 1A            mov al, ah
0272+  0906 3E            mov [d], al
0273+  0907 79            inc d
0274+  0908 0A ED 08      jmp _gettxt_loop
0275+  090B             _gettxt_escape:
0276+  090B 19 01         mov al, 1
0277+  090D 05 03         syscall sys_io      ; receive in AH
0278+  090F B9 00         cmp al, 0        ; check error code (AL)
0279+  0911 C6 0B 09      je _gettxt_escape    ; if no char received, retry
0280+  0914 76 6E         cmp ah, 'n'
0281+  0916 C6 24 09      je _gettxt_LF
0282+  0919 76 72         cmp ah, 'r'
0283+  091B C6 2B 09      je _gettxt_CR
0284+  091E 1A            mov al, ah        ; if not a known escape, it is just a normal letter
0285+  091F 3E            mov [d], al
0286+  0920 79            inc d
0287+  0921 0A ED 08      jmp _gettxt_loop
0288+  0924             _gettxt_LF:
0289+  0924 19 0A         mov al, $0A
0290+  0926 3E            mov [d], al
0291+  0927 79            inc d
0292+  0928 0A ED 08      jmp _gettxt_loop
0293+  092B             _gettxt_CR:
0294+  092B 19 0D         mov al, $0D
0295+  092D 3E            mov [d], al
0296+  092E 79            inc d
0297+  092F 0A ED 08      jmp _gettxt_loop
0298+  0932             _gettxt_backspace:
0299+  0932 7F            dec d
0300+  0933 0A ED 08      jmp _gettxt_loop
0301+  0936             _gettxt_end:
0302+  0936 19 00         mov al, 0
0303+  0938 3E            mov [d], al        ; terminate string
0304+  0939 E7            pop d
0305+  093A E4            pop a
0306+  093B 09            ret
0307+  093C             
0308+  093C             ;;;;;;;;;;;;;;;;;;;;;;;;;;;;;;;;;;;;;;;;;;;;;;;;;;;;;;;;;;;;;;;;;;;;;;;;;;;;;;;;;;;;;;;;;;;;;;;;;;;;;;;;;;;;;;;;;;
0309+  093C             ; PRINT NEW LINE
0310+  093C             ;;;;;;;;;;;;;;;;;;;;;;;;;;;;;;;;;;;;;;;;;;;;;;;;;;;;;;;;;;;;;;;;;;;;;;;;;;;;;;;;;;;;;;;;;;;;;;;;;;;;;;;;;;;;;;;;;;
0311+  093C             printnl:
0312+  093C D7            push a
0313+  093D 10 00 0A      mov a, $0A00
0314+  0940 05 03         syscall sys_io
0315+  0942 10 00 0D      mov a, $0D00
0316+  0945 05 03         syscall sys_io
0317+  0947 E4            pop a
0318+  0948 09            ret
0319+  0949             
0320+  0949             ;;;;;;;;;;;;;;;;;;;;;;;;;;;;;;;;;;;;;;;;;;;;;;;;;;;;;;;;;;;;;;;;;;;;;;;;;;;;;;;;;;;;;;;;;;;;;;;;;;;;;;;;;;;;;;;;;;
0321+  0949             ; _strtoint
0322+  0949             ; 4 digit hex string number in d
0323+  0949             ; integer returned in A
0324+  0949             ;;;;;;;;;;;;;;;;;;;;;;;;;;;;;;;;;;;;;;;;;;;;;;;;;;;;;;;;;;;;;;;;;;;;;;;;;;;;;;;;;;;;;;;;;;;;;;;;;;;;;;;;;;;;;;;;;;
0325+  0949             _strtointx:
0326+  0949 D8            push b
0327+  094A 32            mov bl, [d]
0328+  094B 37            mov bh, bl
0329+  094C 33 01 00      mov bl, [d + 1]
0330+  094F 07 D7 07      call _atoi        ; convert to int in AL
0331+  0952 23            mov ah, al        ; move to AH
0332+  0953 33 02 00      mov bl, [d + 2]
0333+  0956 37            mov bh, bl
0334+  0957 33 03 00      mov bl, [d + 3]
0335+  095A 07 D7 07      call _atoi        ; convert to int in AL
0336+  095D E5            pop b
0337+  095E 09            ret
0338+  095F             
0339+  095F             ;;;;;;;;;;;;;;;;;;;;;;;;;;;;;;;;;;;;;;;;;;;;;;;;;;;;;;;;;;;;;;;;;;;;;;;;;;;;;;;;;;;;;;;;;;;;;;;;;;;;;;;;;;;;;;;;;;
0340+  095F             ; _strtoint
0341+  095F             ; 5 digit base10 string number in d
0342+  095F             ; integer returned in A
0343+  095F             ;;;;;;;;;;;;;;;;;;;;;;;;;;;;;;;;;;;;;;;;;;;;;;;;;;;;;;;;;;;;;;;;;;;;;;;;;;;;;;;;;;;;;;;;;;;;;;;;;;;;;;;;;;;;;;;;;;
0344+  095F             _strtoint:
0345+  095F E2            push si
0346+  0960 D8            push b
0347+  0961 D9            push c
0348+  0962 DA            push d
0349+  0963 07 79 07      call _strlen      ; get string length in C
0350+  0966 7E            dec c
0351+  0967 FD 4E         mov si, d
0352+  0969 12            mov a, c
0353+  096A FD 99         shl a
0354+  096C 3B DB 0A      mov d, table_power
0355+  096F 59            add d, a
0356+  0970 38 00 00      mov c, 0
0357+  0973             _strtoint_L0:
0358+  0973 F6            lodsb      ; load ASCII to al
0359+  0974 B9 00         cmp al, 0
0360+  0976 C6 89 09      je _strtoint_end
0361+  0979 6F 30         sub al, $30    ; make into integer
0362+  097B 22 00         mov ah, 0
0363+  097D 2A            mov b, [d]
0364+  097E AC            mul a, b      ; result in B since it fits in 16bits
0365+  097F 11            mov a, b
0366+  0980 28            mov b, c
0367+  0981 54            add a, b
0368+  0982 39            mov c, a
0369+  0983 63 02 00      sub d, 2
0370+  0986 0A 73 09      jmp _strtoint_L0
0371+  0989             _strtoint_end:
0372+  0989 12            mov a, c
0373+  098A E7            pop d
0374+  098B E6            pop c
0375+  098C E5            pop b
0376+  098D EF            pop si
0377+  098E 09            ret
0378+  098F             
0379+  098F             
0380+  098F             ;;;;;;;;;;;;;;;;;;;;;;;;;;;;;;;;;;;;;;;;;;;;;;;;;;;;;;;;;;;;;;;;;;;;;;;;;;;;;;;;;;;;;;;;;;;;;;;;;;;;;;;;;;;;;;;;;;
0381+  098F             ; PRINT NULL TERMINATED STRING
0382+  098F             ; pointer in D
0383+  098F             ;;;;;;;;;;;;;;;;;;;;;;;;;;;;;;;;;;;;;;;;;;;;;;;;;;;;;;;;;;;;;;;;;;;;;;;;;;;;;;;;;;;;;;;;;;;;;;;;;;;;;;;;;;;;;;;;;;
0384+  098F             _puts:
0385+  098F D7            push a
0386+  0990 DA            push d
0387+  0991             _puts_L1:
0388+  0991 1E            mov al, [d]
0389+  0992 B9 00         cmp al, 0
0390+  0994 C6 A0 09      jz _puts_END
0391+  0997 23            mov ah, al
0392+  0998 19 00         mov al, 0
0393+  099A 05 03         syscall sys_io
0394+  099C 79            inc d
0395+  099D 0A 91 09      jmp _puts_L1
0396+  09A0             _puts_END:
0397+  09A0 E7            pop d
0398+  09A1 E4            pop a
0399+  09A2 09            ret
0400+  09A3             
0401+  09A3             ;;;;;;;;;;;;;;;;;;;;;;;;;;;;;;;;;;;;;;;;;;;;;;;;;;;;;;;;;;;;;;;;;;;;;;;;;;;;;;;;;;;;;;;;;;;;;;;;;;;;;;;;;;;;;;;;;;
0402+  09A3             ; PRINT N SIZE STRING
0403+  09A3             ; pointer in D
0404+  09A3             ; size in C
0405+  09A3             ;;;;;;;;;;;;;;;;;;;;;;;;;;;;;;;;;;;;;;;;;;;;;;;;;;;;;;;;;;;;;;;;;;;;;;;;;;;;;;;;;;;;;;;;;;;;;;;;;;;;;;;;;;;;;;;;;;
0406+  09A3             _putsn:
0407+  09A3 DB            push al
0408+  09A4 DA            push d
0409+  09A5 D9            push c
0410+  09A6             _putsn_L0:
0411+  09A6 1E            mov al, [d]
0412+  09A7 23            mov ah, al
0413+  09A8 19 00         mov al, 0
0414+  09AA 05 03         syscall sys_io
0415+  09AC 79            inc d
0416+  09AD 7E            dec c  
0417+  09AE C2 00 00      cmp c, 0
0418+  09B1 C7 A6 09      jne _putsn_L0
0419+  09B4             _putsn_end:
0420+  09B4 E6            pop c
0421+  09B5 E7            pop d
0422+  09B6 E8            pop al
0423+  09B7 09            ret
0424+  09B8             
0425+  09B8             ;;;;;;;;;;;;;;;;;;;;;;;;;;;;;;;;;;;;;;;;;;;;;;;;;;;;;;;;;;;;;;;;;;;;;;;;;;;;;;;;;;;;;;;
0426+  09B8             ; print 16bit decimal number
0427+  09B8             ; input number in A
0428+  09B8             ;;;;;;;;;;;;;;;;;;;;;;;;;;;;;;;;;;;;;;;;;;;;;;;;;;;;;;;;;;;;;;;;;;;;;;;;;;;;;;;;;;;;;;;
0429+  09B8             print_u16d:
0430+  09B8 D7            push a
0431+  09B9 D8            push b
0432+  09BA 26 10 27      mov b, 10000
0433+  09BD AE            div a, b      ; get 10000's coeff.
0434+  09BE 07 E0 09      call print_number
0435+  09C1 11            mov a, b
0436+  09C2 26 E8 03      mov b, 1000
0437+  09C5 AE            div a, b      ; get 1000's coeff.
0438+  09C6 07 E0 09      call print_number
0439+  09C9 11            mov a, b
0440+  09CA 26 64 00      mov b, 100
0441+  09CD AE            div a, b
0442+  09CE 07 E0 09      call print_number
0443+  09D1 11            mov a, b
0444+  09D2 26 0A 00      mov b, 10
0445+  09D5 AE            div a, b
0446+  09D6 07 E0 09      call print_number
0447+  09D9 1B            mov al, bl      ; 1's coeff in bl
0448+  09DA 07 E0 09      call print_number
0449+  09DD E5            pop b
0450+  09DE E4            pop a
0451+  09DF 09            ret
0452+  09E0             
0453+  09E0             ;;;;;;;;;;;;;;;;;;;;;;;;;;;;;;;;;;;;;;;;;;;;;;;;;;;;;;;;;;;;;;;;;;;;;;;;;;;;;;;;;;;;;;;
0454+  09E0             ; print AL
0455+  09E0             ;;;;;;;;;;;;;;;;;;;;;;;;;;;;;;;;;;;;;;;;;;;;;;;;;;;;;;;;;;;;;;;;;;;;;;;;;;;;;;;;;;;;;;;
0456+  09E0             print_number:
0457+  09E0 6A 30         add al, $30
0458+  09E2 23            mov ah, al
0459+  09E3 07 21 08      call _putchar
0460+  09E6 09            ret
0461+  09E7             
0462+  09E7             ;;;;;;;;;;;;;;;;;;;;;;;;;;;;;;;;;;;;;;;;;;;;;;;;;;;;;;;;;;;;;;;;;;;;;;;;;;;;;;;;;;;;;;;;;;;;;;;;;;;;;;;;;;;;;;;;;;
0463+  09E7             ; PRINT 16BIT HEX INTEGER
0464+  09E7             ; integer value in reg B
0465+  09E7             ;;;;;;;;;;;;;;;;;;;;;;;;;;;;;;;;;;;;;;;;;;;;;;;;;;;;;;;;;;;;;;;;;;;;;;;;;;;;;;;;;;;;;;;;;;;;;;;;;;;;;;;;;;;;;;;;;;
0466+  09E7             print_u16x:
0467+  09E7 D7            push a
0468+  09E8 D8            push b
0469+  09E9 DD            push bl
0470+  09EA 30            mov bl, bh
0471+  09EB 07 E8 07      call _itoa        ; convert bh to char in A
0472+  09EE 2F            mov bl, al        ; save al
0473+  09EF 19 00         mov al, 0
0474+  09F1 05 03         syscall sys_io        ; display AH
0475+  09F3 24            mov ah, bl        ; retrieve al
0476+  09F4 19 00         mov al, 0
0477+  09F6 05 03         syscall sys_io        ; display AL
0478+  09F8             
0479+  09F8 EA            pop bl
0480+  09F9 07 E8 07      call _itoa        ; convert bh to char in A
0481+  09FC 2F            mov bl, al        ; save al
0482+  09FD 19 00         mov al, 0
0483+  09FF 05 03         syscall sys_io        ; display AH
0484+  0A01 24            mov ah, bl        ; retrieve al
0485+  0A02 19 00         mov al, 0
0486+  0A04 05 03         syscall sys_io        ; display AL
0487+  0A06             
0488+  0A06 E5            pop b
0489+  0A07 E4            pop a
0490+  0A08 09            ret
0491+  0A09             
0492+  0A09             ;;;;;;;;;;;;;;;;;;;;;;;;;;;;;;;;;;;;;;;;;;;;;;;;;;;;;;;;;;;;;;;;;;;;;;;;;;;;;;;;;;;;;;;;;;;;;;;;;;;;;;;;;;;;;;;;;;
0493+  0A09             ; INPUT 16BIT HEX INTEGER
0494+  0A09             ; read 16bit integer into A
0495+  0A09             ;;;;;;;;;;;;;;;;;;;;;;;;;;;;;;;;;;;;;;;;;;;;;;;;;;;;;;;;;;;;;;;;;;;;;;;;;;;;;;;;;;;;;;;;;;;;;;;;;;;;;;;;;;;;;;;;;;
0496+  0A09             scan_u16x:
0497+  0A09 F8 10 00      enter 16
0498+  0A0C D8            push b
0499+  0A0D DA            push d
0500+  0A0E             
0501+  0A0E FA F1 FF      lea d, [bp + -15]
0502+  0A11 07 28 08      call _gets        ; get number
0503+  0A14             
0504+  0A14 32            mov bl, [d]
0505+  0A15 37            mov bh, bl
0506+  0A16 33 01 00      mov bl, [d + 1]
0507+  0A19 07 D7 07      call _atoi        ; convert to int in AL
0508+  0A1C 23            mov ah, al        ; move to AH
0509+  0A1D             
0510+  0A1D 33 02 00      mov bl, [d + 2]
0511+  0A20 37            mov bh, bl
0512+  0A21 33 03 00      mov bl, [d + 3]
0513+  0A24 07 D7 07      call _atoi        ; convert to int in AL
0514+  0A27             
0515+  0A27 E7            pop d
0516+  0A28 E5            pop b
0517+  0A29 F9            leave
0518+  0A2A 09            ret
0519+  0A2B             
0520+  0A2B             ;;;;;;;;;;;;;;;;;;;;;;;;;;;;;;;;;;;;;;;;;;;;;;;;;;;;;;;;;;;;;;;;;;;;;;;;;;;;;;;;;;;;;;;;;;;;;;;;;;;;;;;;;;;;;;;;;;
0521+  0A2B             ; PRINT 8bit HEX INTEGER
0522+  0A2B             ; integer value in reg bl
0523+  0A2B             ;;;;;;;;;;;;;;;;;;;;;;;;;;;;;;;;;;;;;;;;;;;;;;;;;;;;;;;;;;;;;;;;;;;;;;;;;;;;;;;;;;;;;;;;;;;;;;;;;;;;;;;;;;;;;;;;;;
0524+  0A2B             print_u8x:
0525+  0A2B D7            push a
0526+  0A2C DD            push bl
0527+  0A2D             
0528+  0A2D 07 E8 07      call _itoa        ; convert bl to char in A
0529+  0A30 2F            mov bl, al        ; save al
0530+  0A31 19 00         mov al, 0
0531+  0A33 05 03         syscall sys_io        ; display AH
0532+  0A35 24            mov ah, bl        ; retrieve al
0533+  0A36 19 00         mov al, 0
0534+  0A38 05 03         syscall sys_io        ; display AL
0535+  0A3A             
0536+  0A3A EA            pop bl
0537+  0A3B E4            pop a
0538+  0A3C 09            ret
0539+  0A3D             
0540+  0A3D             ;;;;;;;;;;;;;;;;;;;;;;;;;;;;;;;;;;;;;;;;;;;;;;;;;;;;;;;;;;;;;;;;;;;;;;;;;;;;;;;;;;;;;;;
0541+  0A3D             ; print 8bit decimal unsigned number
0542+  0A3D             ; input number in AL
0543+  0A3D             ;;;;;;;;;;;;;;;;;;;;;;;;;;;;;;;;;;;;;;;;;;;;;;;;;;;;;;;;;;;;;;;;;;;;;;;;;;;;;;;;;;;;;;;
0544+  0A3D             print_u8d:
0545+  0A3D D7            push a
0546+  0A3E D8            push b
0547+  0A3F             
0548+  0A3F 22 00         mov ah, 0
0549+  0A41 26 64 00      mov b, 100
0550+  0A44 AE            div a, b
0551+  0A45 D8            push b      ; save remainder
0552+  0A46 B9 00         cmp al, 0
0553+  0A48 C6 52 0A      je skip100
0554+  0A4B 6A 30         add al, $30
0555+  0A4D 23            mov ah, al
0556+  0A4E 19 00         mov al, 0
0557+  0A50 05 03         syscall sys_io  ; print coeff
0558+  0A52             skip100:
0559+  0A52 E4            pop a
0560+  0A53 22 00         mov ah, 0
0561+  0A55 26 0A 00      mov b, 10
0562+  0A58 AE            div a, b
0563+  0A59 D8            push b      ; save remainder
0564+  0A5A B9 00         cmp al, 0
0565+  0A5C C6 66 0A      je skip10
0566+  0A5F 6A 30         add al, $30
0567+  0A61 23            mov ah, al
0568+  0A62 19 00         mov al, 0
0569+  0A64 05 03         syscall sys_io  ; print coeff
0570+  0A66             skip10:
0571+  0A66 E4            pop a
0572+  0A67 1B            mov al, bl
0573+  0A68 6A 30         add al, $30
0574+  0A6A 23            mov ah, al
0575+  0A6B 19 00         mov al, 0
0576+  0A6D 05 03         syscall sys_io  ; print coeff
0577+  0A6F E5            pop b
0578+  0A70 E4            pop a
0579+  0A71 09            ret
0580+  0A72             
0581+  0A72             ;;;;;;;;;;;;;;;;;;;;;;;;;;;;;;;;;;;;;;;;;;;;;;;;;;;;;;;;;;;;;;;;;;;;;;;;;;;;;;;;;;;;;;;;;;;;;;;;;;;;;;;;;;;;;;;;;;
0582+  0A72             ; INPUT 8BIT HEX INTEGER
0583+  0A72             ; read 8bit integer into AL
0584+  0A72             ;;;;;;;;;;;;;;;;;;;;;;;;;;;;;;;;;;;;;;;;;;;;;;;;;;;;;;;;;;;;;;;;;;;;;;;;;;;;;;;;;;;;;;;;;;;;;;;;;;;;;;;;;;;;;;;;;;
0585+  0A72             scan_u8x:
0586+  0A72 F8 04 00      enter 4
0587+  0A75 D8            push b
0588+  0A76 DA            push d
0589+  0A77             
0590+  0A77 FA FD FF      lea d, [bp + -3]
0591+  0A7A 07 28 08      call _gets        ; get number
0592+  0A7D             
0593+  0A7D 32            mov bl, [d]
0594+  0A7E 37            mov bh, bl
0595+  0A7F 33 01 00      mov bl, [d + 1]
0596+  0A82 07 D7 07      call _atoi        ; convert to int in AL
0597+  0A85             
0598+  0A85 E7            pop d
0599+  0A86 E5            pop b
0600+  0A87 F9            leave
0601+  0A88 09            ret
0602+  0A89             
0603+  0A89             ;;;;;;;;;;;;;;;;;;;;;;;;;;;;;;;;;;;;;;;;;;;;;;;;;;;;;;;;;;;;;;;;;;;;;;;;;;;;;;;;;;;;;;;
0604+  0A89             ; input decimal number
0605+  0A89             ; result in A
0606+  0A89             ; 655'\0'
0607+  0A89             ; low--------high
0608+  0A89             ;;;;;;;;;;;;;;;;;;;;;;;;;;;;;;;;;;;;;;;;;;;;;;;;;;;;;;;;;;;;;;;;;;;;;;;;;;;;;;;;;;;;;;;
0609+  0A89             scan_u16d:
0610+  0A89 F8 08 00      enter 8
0611+  0A8C E2            push si
0612+  0A8D D8            push b
0613+  0A8E D9            push c
0614+  0A8F DA            push d
0615+  0A90 FA F9 FF      lea d, [bp +- 7]
0616+  0A93 07 28 08      call _gets
0617+  0A96 07 79 07      call _strlen      ; get string length in C
0618+  0A99 7E            dec c
0619+  0A9A FD 4E         mov si, d
0620+  0A9C 12            mov a, c
0621+  0A9D FD 99         shl a
0622+  0A9F 3B DB 0A      mov d, table_power
0623+  0AA2 59            add d, a
0624+  0AA3 38 00 00      mov c, 0
0625+  0AA6             mul_loop:
0626+  0AA6 F6            lodsb      ; load ASCII to al
0627+  0AA7 B9 00         cmp al, 0
0628+  0AA9 C6 BC 0A      je mul_exit
0629+  0AAC 6F 30         sub al, $30    ; make into integer
0630+  0AAE 22 00         mov ah, 0
0631+  0AB0 2A            mov b, [d]
0632+  0AB1 AC            mul a, b      ; result in B since it fits in 16bits
0633+  0AB2 11            mov a, b
0634+  0AB3 28            mov b, c
0635+  0AB4 54            add a, b
0636+  0AB5 39            mov c, a
0637+  0AB6 63 02 00      sub d, 2
0638+  0AB9 0A A6 0A      jmp mul_loop
0639+  0ABC             mul_exit:
0640+  0ABC 12            mov a, c
0641+  0ABD E7            pop d
0642+  0ABE E6            pop c
0643+  0ABF E5            pop b
0644+  0AC0 EF            pop si
0645+  0AC1 F9            leave
0646+  0AC2 09            ret
0647+  0AC3             
0648+  0AC3             
0649+  0AC3 30 31 32 33 s_hex_digits:    .db "0123456789ABCDEF"  
0649+  0AC7 34 35 36 37 
0649+  0ACB 38 39 41 42 
0649+  0ACF 43 44 45 46 
0650+  0AD3 1B 5B 32 4A s_telnet_clear:  .db "\033[2J\033[H", 0
0650+  0AD7 1B 5B 48 00 
0651+  0ADB             
0652+  0ADB             table_power:
0653+  0ADB 01 00         .dw 1
0654+  0ADD 0A 00         .dw 10
0655+  0ADF 64 00         .dw 100
0656+  0AE1 E8 03         .dw 1000
0657+  0AE3 10 27         .dw 100000013   0AE5             .include "lib/ctype.asm"
0001+  0AE5             ;;;;;;;;;;;;;;;;;;;;;;;;;;;;;;;;;;;;;;;;;;;;;;;;;;;;;;;;;;;;;;;;;;;;;;;;;;;;;;;;;;;;;;;;;;;;;;;;;;;;;;;;;;;;;;;;;;
0002+  0AE5             ; ctype.s
0003+  0AE5             ;;;;;;;;;;;;;;;;;;;;;;;;;;;;;;;;;;;;;;;;;;;;;;;;;;;;;;;;;;;;;;;;;;;;;;;;;;;;;;;;;;;;;;;;;;;;;;;;;;;;;;;;;;;;;;;;;;
0004+  0AE5             
0005+  0AE5             ;;;;;;;;;;;;;;;;;;;;;;;;;;;;;;;;;;;;;;;;;;;;;;;;;;;;;;;;;;;;;;;;;;;;;;;;;;;;;;;;;;;;;;;;;;;;;;;;;;;;;;;;;;;;;;;;;;
0006+  0AE5             ;; C character classification is an operation provided by a group of functions in the ANSI C Standard Library
0007+  0AE5             ;; for the C programming language. These functions are used to test characters for membership in a particular
0008+  0AE5             ;; class of characters, such as alphabetic characters, control characters, etc. Both single-byte, and wide
0009+  0AE5             ;; characters are supported.
0010+  0AE5             ;;;;;;;;;;;;;;;;;;;;;;;;;;;;;;;;;;;;;;;;;;;;;;;;;;;;;;;;;;;;;;;;;;;;;;;;;;;;;;;;;;;;;;;;;;;;;;;;;;;;;;;;;;;;;;;;;;
0011+  0AE5             ;; _isalnum 
0012+  0AE5             ;; _isalpha 
0013+  0AE5             ;; islower 
0014+  0AE5             ;; isupper 
0015+  0AE5             ;; _isdigit 
0016+  0AE5             ;; isxdigit
0017+  0AE5             ;; iscntrl 
0018+  0AE5             ;; isgraph 
0019+  0AE5             ;; _isspace 
0020+  0AE5             ;; isblank 
0021+  0AE5             ;; isprint 
0022+  0AE5             ;; ispunct 
0023+  0AE5             ;; tolower 
0024+  0AE5             ;; toupper
0025+  0AE5             
0026+  0AE5             
0027+  0AE5             ;;;;;;;;;;;;;;;;;;;;;;;;;;;;;;;;;;;;;;;;;;;;;;;;;;;;;;;;;;;;;;;;;;;;;;;;;;;;;;;;;;
0028+  0AE5             ;; IS ALPHANUMERIC
0029+  0AE5             ;; sets ZF according with result
0030+  0AE5             ;;;;;;;;;;;;;;;;;;;;;;;;;;;;;;;;;;;;;;;;;;;;;;;;;;;;;;;;;;;;;;;;;;;;;;;;;;;;;;;;;;
0031+  0AE5             _isalnum:
0032+  0AE5 07 02 0B    	call _isalpha
0033+  0AE8 C6 EE 0A    	je _isalnum_exit
0034+  0AEB 07 EF 0A    	call _isdigit
0035+  0AEE             _isalnum_exit:
0036+  0AEE 09          	ret	
0037+  0AEF             ;;;;;;;;;;;;;;;;;;;;;;;;;;;;;;;;;;;;;;;;;;;;;;;;;;;;;;;;;;;;;;;;;;;;;;;;;;;;;;;;;;
0038+  0AEF             ;; IS DIGIT
0039+  0AEF             ;; sets ZF according with result
0040+  0AEF             ;;;;;;;;;;;;;;;;;;;;;;;;;;;;;;;;;;;;;;;;;;;;;;;;;;;;;;;;;;;;;;;;;;;;;;;;;;;;;;;;;;
0041+  0AEF             _isdigit:
0042+  0AEF DB          	push al
0043+  0AF0 B9 30       	cmp al, '0'
0044+  0AF2 C8 FE 0A    	jlu _isdigit_false
0045+  0AF5 B9 39       	cmp al, '9'
0046+  0AF7 D1 FE 0A    	jgu _isdigit_false
0047+  0AFA 87 00       	and al, 0	; set ZF
0048+  0AFC E8          	pop al
0049+  0AFD 09          	ret
0050+  0AFE             _isdigit_false:
0051+  0AFE 8B 01       	or al, 1	; clear ZF
0052+  0B00 E8          	pop al
0053+  0B01 09          	ret	
0054+  0B02             	
0055+  0B02             ;;;;;;;;;;;;;;;;;;;;;;;;;;;;;;;;;;;;;;;;;;;;;;;;;;;;;;;;;;;;;;;;;;;;;;;;;;;;;;;;;;
0056+  0B02             ;; IS ALPHA
0057+  0B02             ;; sets ZF according with result
0058+  0B02             ;;;;;;;;;;;;;;;;;;;;;;;;;;;;;;;;;;;;;;;;;;;;;;;;;;;;;;;;;;;;;;;;;;;;;;;;;;;;;;;;;;
0059+  0B02             _isalpha:
0060+  0B02 DB          	push al
0061+  0B03 B9 5F       	cmp al, '_'
0062+  0B05 C6 25 0B    	je _isalpha_true
0063+  0B08 B9 2E       	cmp al, '.'
0064+  0B0A C6 25 0B    	je _isalpha_true
0065+  0B0D B9 41       	cmp al, 'A'
0066+  0B0F C8 21 0B    	jlu _isalpha_false
0067+  0B12 B9 7A       	cmp al, 'z'
0068+  0B14 D1 21 0B    	jgu _isalpha_false
0069+  0B17 B9 5A       	cmp al, 'Z'
0070+  0B19 D0 25 0B    	jleu _isalpha_true
0071+  0B1C B9 61       	cmp al, 'a'
0072+  0B1E C9 25 0B    	jgeu _isalpha_true
0073+  0B21             _isalpha_false:
0074+  0B21 8B 01       	or al, 1	; clear ZF
0075+  0B23 E8          	pop al
0076+  0B24 09          	ret
0077+  0B25             _isalpha_true:
0078+  0B25 87 00       	and al, 0	; set ZF
0079+  0B27 E8          	pop al
0080+  0B28 09          	ret
0081+  0B29             
0082+  0B29             ;;;;;;;;;;;;;;;;;;;;;;;;;;;;;;;;;;;;;;;;;;;;;;;;;;;;;;;;;;;;;;;;;;;;;;;;;;;;;;;;;;
0083+  0B29             ;; IS PATH-ALPHA
0084+  0B29             ;; sets ZF according with result
0085+  0B29             ;;;;;;;;;;;;;;;;;;;;;;;;;;;;;;;;;;;;;;;;;;;;;;;;;;;;;;;;;;;;;;;;;;;;;;;;;;;;;;;;;;
0086+  0B29             ispath:
0087+  0B29 DB          	push al
0088+  0B2A 07 EF 0A    	call _isdigit
0089+  0B2D C6 57 0B    	je ispath_true
0090+  0B30 B9 5F       	cmp al, '_'
0091+  0B32 C6 57 0B    	je ispath_true
0092+  0B35 B9 2F       	cmp al, '/'
0093+  0B37 C6 57 0B    	je ispath_true
0094+  0B3A B9 2E       	cmp al, '.'
0095+  0B3C C6 57 0B    	je ispath_true
0096+  0B3F B9 41       	cmp al, 'A'
0097+  0B41 C8 53 0B    	jlu ispath_false
0098+  0B44 B9 7A       	cmp al, 'z'
0099+  0B46 D1 53 0B    	jgu ispath_false
0100+  0B49 B9 5A       	cmp al, 'Z'
0101+  0B4B D0 57 0B    	jleu ispath_true
0102+  0B4E B9 61       	cmp al, 'a'
0103+  0B50 C9 57 0B    	jgeu ispath_true
0104+  0B53             ispath_false:
0105+  0B53 8B 01       	or al, 1	; clear ZF
0106+  0B55 E8          	pop al
0107+  0B56 09          	ret
0108+  0B57             ispath_true:
0109+  0B57 87 00       	and al, 0	; set ZF
0110+  0B59 E8          	pop al
0111+  0B5A 09          	ret
0112+  0B5B             ;;;;;;;;;;;;;;;;;;;;;;;;;;;;;;;;;;;;;;;;;;;;;;;;;;;;;;;;;;;;;;;;;;;;;;;;;;;;;;;;;;
0113+  0B5B             ;; IS SPACE
0114+  0B5B             ;; sets ZF according with result
0115+  0B5B             ;;;;;;;;;;;;;;;;;;;;;;;;;;;;;;;;;;;;;;;;;;;;;;;;;;;;;;;;;;;;;;;;;;;;;;;;;;;;;;;;;;
0116+  0B5B             _isspace:
0117+  0B5B B9 20       	cmp al, $20		; ' '
0118+  0B5D C6 71 0B    	je _isspace_exit
0119+  0B60 B9 09       	cmp al, $09		; '\t'
0120+  0B62 C6 71 0B    	je _isspace_exit
0121+  0B65 B9 0A       	cmp al, $0A		; '\n'
0122+  0B67 C6 71 0B    	je _isspace_exit
0123+  0B6A B9 0D       	cmp al, $0D		; '\r'
0124+  0B6C C6 71 0B    	je _isspace_exit
0125+  0B6F B9 0B       	cmp al, $0B		; '\v'
0126+  0B71             _isspace_exit:
0127+  0B71 09          	ret	
0128+  0B72             
0129+  0B72             ;;;;;;;;;;;;;;;;;;;;;;;;;;;;;;;;;;;;;;;;;;;;;;;;;;;;;;;;;;;;;;;;;;;;;;;;;;;;;;;;;;;;;;;;;;;;;;;;;;;;;;;;;;;;;;;;;;
0130+  0B72             ; TO LOWER
0131+  0B72             ; input in AL
0132+  0B72             ; output in AL
0133+  0B72             ;;;;;;;;;;;;;;;;;;;;;;;;;;;;;;;;;;;;;;;;;;;;;;;;;;;;;;;;;;;;;;;;;;;;;;;;;;;;;;;;;;;;;;;;;;;;;;;;;;;;;;;;;;;;;;;;;;
0134+  0B72             _to_lower:
0135+  0B72 B9 5A       	cmp al, 'Z'
0136+  0B74 D1 79 0B    	jgu _to_lower_ret
0137+  0B77 6A 20       	add al, $20				; convert to lower case
0138+  0B79             _to_lower_ret:
0139+  0B79 09          	ret
0140+  0B7A             ;;;;;;;;;;;;;;;;;;;;;;;;;;;;;;;;;;;;;;;;;;;;;;;;;;;;;;;;;;;;;;;;;;;;;;;;;;;;;;;;;;;;;;;;;;;;;;;;;;;;;;;;;;;;;;;;;;
0141+  0B7A             ; TO UPPER
0142+  0B7A             ; input in AL
0143+  0B7A             ; output in AL
0144+  0B7A             ;;;;;;;;;;;;;;;;;;;;;;;;;;;;;;;;;;;;;;;;;;;;;;;;;;;;;;;;;;;;;;;;;;;;;;;;;;;;;;;;;;;;;;;;;;;;;;;;;;;;;;;;;;;;;;;;;;
0145+  0B7A             _to_upper:
0146+  0B7A B9 61       	cmp al, 'a'
0147+  0B7C C8 81 0B    	jlu _to_upper_ret
0148+  0B7F 6F 20       	sub al, $20			; convert to upper case
0149+  0B81             _to_upper_ret:
0150+  0B81 09          	ret
0151+  0B82             
0014   0B82             
0015   0B82             .end
0016   0B82             
0017   0B82             
tasm: Number of errors = 0
