0001   0000             .include "lib/kernel.exp"
0001+  0000             TEXT_ORG         .EQU  $0400
0002+  0000             sys_bkpt         .EQU  $0000
0003+  0000             sys_rtc          .EQU  $0001
0004+  0000             sys_ide          .EQU  $0002
0005+  0000             sys_io           .EQU  $0003
0006+  0000             sys_filesystem   .EQU  $0004
0007+  0000             sys_spawn_proc   .EQU  $0005
0008+  0000             sys_list         .EQU  $0006
0009+  0000             sys_datetime     .EQU  $0007
0010+  0000             sys_reboot       .EQU  $0008
0011+  0000             sys_pause_proc   .EQU  $0009
0012+  0000             sys_resume_proc  .EQU  $000a
0013+  0000             sys_terminate_proc .EQU  $000b
0014+  0000             sys_system       .EQU  $000c
0002   0000             
0003   0400             .org TEXT_ORG			; origin at 1024
0004   0400             
0005   0400             ;;;;;;;;;;;;;;;;;;;;;;;;;;;;;;;;;;;;;;;;;;;;;;;;;;;;;;;;;;;;;;;;;;;;;;;;;;;;;;;;;;
0006   0400             ;; RMDIR - remove DIR
0007   0400             ;;;;;;;;;;;;;;;;;;;;;;;;;;;;;;;;;;;;;;;;;;;;;;;;;;;;;;;;;;;;;;;;;;;;;;;;;;;;;;;;;;
0008   0400             ; deletes directory entry in the current directory's file list 
0009   0400             ; also deletes the actual directory entry in the FST
0010   0400             ; rmdir /my/first/dir /my/second/dir
0011   0400             ; rmdir /ends/with/semi;
0012   0400             ; rmdir ends/with/null
0013   0400             cmd_rmdir:
0014   0400 10 00 00    	mov a, 0
0015   0403 42 5A 06    	mov [prog], a
0016   0406             cmd_rmdir_L0:
0017   0406 07 BB 04    	call get_token
0018   0409 1D 5D 06    	mov al, [tok]
0019   040C B9 14       	cmp al, TOK_END
0020   040E C6 2B 04    	je cmd_rmdir_end
0021   0411 B9 06       	cmp al, TOK_SEMI
0022   0413 C6 2B 04    	je cmd_rmdir_end
0023   0416 07 41 06    	call _putback
0024   0419 07 64 04    	call get_path		; get path string in tokstr
0025   041C 3B 5E 06    	mov d, tokstr
0026   041F 19 13       	mov al, 19
0027   0421 05 04       	syscall sys_filesystem	; get dirID in A
0028   0423 27          	mov b, a
0029   0424 19 09       	mov al, 9
0030   0426 05 04       	syscall sys_filesystem	; rmdir syscall
0031   0428 0A 06 04    	jmp cmd_rmdir_L0
0032   042B             cmd_rmdir_end:
0033   042B 07 41 06    	call _putback		; if token was not an identifier, then put it back
0034   042E             
0035   042E 05 0B       	syscall sys_terminate_proc
0036   0430             
0037   0430             
0038   0430             .include "lib/token.asm"
0001+  0430             TOKTYP_IDENTIFIER  .equ 0
0002+  0430             TOKTYP_KEYWORD     .equ 1
0003+  0430             TOKTYP_DELIMITER   .equ 2
0004+  0430             TOKTYP_STRING      .equ 3
0005+  0430             TOKTYP_CHAR        .equ 4
0006+  0430             TOKTYP_NUMERIC     .equ 5
0007+  0430             TOKTYP_END         .equ 6
0008+  0430             
0009+  0430             TOK_NULL           .equ 0
0010+  0430             TOK_FSLASH         .equ 1
0011+  0430             TOK_TIMES          .equ 2
0012+  0430             TOK_PLUS           .equ 3
0013+  0430             TOK_MINUS          .equ 4
0014+  0430             TOK_DOT            .equ 5
0015+  0430             TOK_SEMI           .equ 6
0016+  0430             TOK_ANGLE          .equ 7
0017+  0430             TOK_TILDE          .equ 8
0018+  0430             TOK_EQUAL          .equ 9
0019+  0430             TOK_COLON          .equ 10
0020+  0430             TOK_COMMA          .equ 11
0021+  0430             
0022+  0430             TOK_END            .equ 20
0023+  0430             
0024+  0430             
0025+  0430             ;;;;;;;;;;;;;;;;;;;;;;;;;;;;;;;;;;;;;;;;;;;;;;;;;;;;;;;;;;;;;;;;;;;;;;;;;;;;;;;;;;
0026+  0430             ;; read a full command argment from shell input buffer
0027+  0430             ;; argument is written into tokstr
0028+  0430             ;;;;;;;;;;;;;;;;;;;;;;;;;;;;;;;;;;;;;;;;;;;;;;;;;;;;;;;;;;;;;;;;;;;;;;;;;;;;;;;;;;
0029+  0430             get_arg:
0030+  0430 D7            push a
0031+  0431 E2            push si
0032+  0432 E3            push di
0033+  0433 19 00         mov al, 0
0034+  0435 3D 5E 06      mov [tokstr], al      ; nullify tokstr string
0035+  0438 14 5A 06      mov a, [prog]
0036+  043B 4D            mov si, a
0037+  043C FD 4F 5E 06   mov di, tokstr
0038+  0440             get_arg_skip_spaces:
0039+  0440 F6            lodsb
0040+  0441 07 87 0B      call _isspace
0041+  0444 C6 40 04      je get_arg_skip_spaces
0042+  0447             get_arg_L0:
0043+  0447 B9 3B         cmp al, $3B        ; check if is ';'
0044+  0449 C6 56 04      je get_arg_end
0045+  044C B9 00         cmp al, 0
0046+  044E C6 56 04      je get_arg_end      ; check if end of input
0047+  0451 F7            stosb
0048+  0452 F6            lodsb
0049+  0453 0A 47 04      jmp get_arg_L0
0050+  0456             get_arg_end:
0051+  0456 19 00         mov al, 0
0052+  0458 F7            stosb
0053+  0459 D5 01 00      sub si, 1
0054+  045C 4E            mov a, si
0055+  045D 42 5A 06      mov [prog], a    ; update pointer
0056+  0460 F0            pop di
0057+  0461 EF            pop si
0058+  0462 E4            pop a
0059+  0463 09            ret
0060+  0464             
0061+  0464             ;;;;;;;;;;;;;;;;;;;;;;;;;;;;;;;;;;;;;;;;;;;;;;;;;;;;;;;;;;;;;;;;;;;;;;;;;;;;;;;;;;
0062+  0464             ;; read a path formation from shell input buffer
0063+  0464             ;; path is written into tokstr
0064+  0464             ;; /usr/bin
0065+  0464             ;;;;;;;;;;;;;;;;;;;;;;;;;;;;;;;;;;;;;;;;;;;;;;;;;;;;;;;;;;;;;;;;;;;;;;;;;;;;;;;;;;
0066+  0464             get_path:
0067+  0464 D7            push a
0068+  0465 E2            push si
0069+  0466 E3            push di
0070+  0467 19 00         mov al, 0
0071+  0469 3D 5E 06      mov [tokstr], al      ; nullify tokstr string
0072+  046C 14 5A 06      mov a, [prog]
0073+  046F 4D            mov si, a
0074+  0470 FD 4F 5E 06   mov di, tokstr
0075+  0474             get_path_skip_spaces:
0076+  0474 F6            lodsb
0077+  0475 07 87 0B      call _isspace
0078+  0478 C6 74 04      je get_path_skip_spaces
0079+  047B             get_path_is_pathchar:
0080+  047B F7            stosb
0081+  047C F6            lodsb
0082+  047D 07 11 0B      call _isalnum      ;check if is alphanumeric
0083+  0480 C6 7B 04      je get_path_is_pathchar
0084+  0483 B9 2F         cmp al, '/'        ; check if is '/'
0085+  0485 C6 7B 04      je get_path_is_pathchar
0086+  0488 19 00         mov al, 0
0087+  048A F7            stosb
0088+  048B D5 01 00      sub si, 1
0089+  048E 4E            mov a, si
0090+  048F 42 5A 06      mov [prog], a    ; update pointer
0091+  0492             get_path_end:
0092+  0492 F0            pop di
0093+  0493 EF            pop si
0094+  0494 E4            pop a
0095+  0495 09            ret
0096+  0496             
0097+  0496             ;;;;;;;;;;;;;;;;;;;;;;;;;;;;;;;;;;;;;;;;;;;;;;;;;;;;;;;;;;;;;;;;;;;;;;;;;;;;;;;;;;
0098+  0496             ;; read a line
0099+  0496             ;; line is written into tokstr
0100+  0496             ;;;;;;;;;;;;;;;;;;;;;;;;;;;;;;;;;;;;;;;;;;;;;;;;;;;;;;;;;;;;;;;;;;;;;;;;;;;;;;;;;;
0101+  0496             get_line:
0102+  0496 D7            push a
0103+  0497 E2            push si
0104+  0498 E3            push di
0105+  0499 19 00         mov al, 0
0106+  049B 3D 5E 06      mov [tokstr], al      ; nullify tokstr string
0107+  049E 14 5A 06      mov a, [prog]
0108+  04A1 4D            mov si, a
0109+  04A2 FD 4F 5E 06   mov di, tokstr
0110+  04A6             get_line_L0:
0111+  04A6 F6            lodsb
0112+  04A7 B9 0A         cmp al, $0A    ; check for new line
0113+  04A9 C6 B0 04      je get_line_exit
0114+  04AC F7            stosb
0115+  04AD 0A A6 04      jmp get_line_L0
0116+  04B0             get_line_exit:
0117+  04B0 19 00         mov al, 0
0118+  04B2 F7            stosb
0119+  04B3 4E            mov a, si
0120+  04B4 42 5A 06      mov [prog], a    ; update pointer
0121+  04B7 F0            pop di
0122+  04B8 EF            pop si
0123+  04B9 E4            pop a
0124+  04BA 09            ret
0125+  04BB             
0126+  04BB             ;;;;;;;;;;;;;;;;;;;;;;;;;;;;;;;;;;;;;;;;;;;;;;;;;;;;;;;;;;;;;;;;;;;;;;;;;;;;;;;;;;
0127+  04BB             ;; token parser
0128+  04BB             ;;;;;;;;;;;;;;;;;;;;;;;;;;;;;;;;;;;;;;;;;;;;;;;;;;;;;;;;;;;;;;;;;;;;;;;;;;;;;;;;;;
0129+  04BB             get_token:
0130+  04BB D7            push a
0131+  04BC DA            push d
0132+  04BD E2            push si
0133+  04BE E3            push di
0134+  04BF 19 00         mov al, 0
0135+  04C1 3D 5E 06      mov [tokstr], al      ; nullify tokstr string
0136+  04C4 19 00         mov al, TOK_NULL
0137+  04C6 3D 5D 06      mov [tok], al        ; nullify token
0138+  04C9 14 5A 06      mov a, [prog]
0139+  04CC 4D            mov si, a
0140+  04CD FD 4F 5E 06   mov di, tokstr
0141+  04D1             get_tok_skip_spaces:
0142+  04D1 F6            lodsb
0143+  04D2 07 87 0B      call _isspace
0144+  04D5 C6 D1 04      je get_tok_skip_spaces
0145+  04D8 B9 00         cmp al, 0      ; check for end of input (NULL)
0146+  04DA C6 BF 05      je get_token_end
0147+  04DD B9 23         cmp al, '#'      ; comments!
0148+  04DF C6 ED 05      je get_tok_comment
0149+  04E2 07 11 0B      call _isalnum
0150+  04E5 C6 CC 05      jz is_alphanumeric
0151+  04E8             ; other token types
0152+  04E8             get_token_slash:
0153+  04E8 B9 2F         cmp al, '/'        ; check if '/'
0154+  04EA C7 02 05      jne get_token_minus
0155+  04ED F7            stosb          ; store '/' into token string
0156+  04EE 19 00         mov al, 0
0157+  04F0 F7            stosb          ; terminate token string
0158+  04F1 19 01         mov al, TOK_FSLASH
0159+  04F3 3D 5D 06      mov [tok], al      
0160+  04F6 19 02         mov al, TOKTYP_DELIMITER
0161+  04F8 3D 5C 06      mov [toktyp], al
0162+  04FB 4E            mov a, si
0163+  04FC 42 5A 06      mov [prog], a    ; update pointer
0164+  04FF 0A E8 05      jmp get_token_return
0165+  0502             get_token_minus:
0166+  0502 B9 2D         cmp al, '-'        ; check if '-'
0167+  0504 C7 1C 05      jne get_token_comma
0168+  0507 F7            stosb          ; store '-' into token string
0169+  0508 19 00         mov al, 0
0170+  050A F7            stosb          ; terminate token string
0171+  050B 19 04         mov al, TOK_MINUS
0172+  050D 3D 5D 06      mov [tok], al      
0173+  0510 19 02         mov al, TOKTYP_DELIMITER
0174+  0512 3D 5C 06      mov [toktyp], al
0175+  0515 4E            mov a, si
0176+  0516 42 5A 06      mov [prog], a    ; update pointer
0177+  0519 0A E8 05      jmp get_token_return
0178+  051C             get_token_comma:
0179+  051C B9 2C         cmp al, ','        ; check if ','
0180+  051E C7 36 05      jne get_token_semi
0181+  0521 F7            stosb          ; store ',' into token string
0182+  0522 19 00         mov al, 0
0183+  0524 F7            stosb          ; terminate token string
0184+  0525 19 0B         mov al, TOK_COMMA
0185+  0527 3D 5D 06      mov [tok], al      
0186+  052A 19 02         mov al, TOKTYP_DELIMITER
0187+  052C 3D 5C 06      mov [toktyp], al
0188+  052F 4E            mov a, si
0189+  0530 42 5A 06      mov [prog], a    ; update pointer
0190+  0533 0A E8 05      jmp get_token_return
0191+  0536             get_token_semi:
0192+  0536 B9 3B         cmp al, $3B        ; check if ';'
0193+  0538 C7 50 05      jne get_token_colon
0194+  053B F7            stosb          ; store ';' into token string
0195+  053C 19 00         mov al, 0
0196+  053E F7            stosb          ; terminate token string
0197+  053F 19 06         mov al, TOK_SEMI
0198+  0541 3D 5D 06      mov [tok], al      
0199+  0544 19 02         mov al, TOKTYP_DELIMITER
0200+  0546 3D 5C 06      mov [toktyp], al
0201+  0549 4E            mov a, si
0202+  054A 42 5A 06      mov [prog], a    ; update pointer
0203+  054D 0A E8 05      jmp get_token_return
0204+  0550             get_token_colon:
0205+  0550 B9 3A         cmp al, $3A        ; check if ':'
0206+  0552 C7 6A 05      jne get_token_angle
0207+  0555 F7            stosb          ; store ':' into token string
0208+  0556 19 00         mov al, 0
0209+  0558 F7            stosb          ; terminate token string
0210+  0559 19 0A         mov al, TOK_COLON
0211+  055B 3D 5D 06      mov [tok], al      
0212+  055E 19 02         mov al, TOKTYP_DELIMITER
0213+  0560 3D 5C 06      mov [toktyp], al
0214+  0563 4E            mov a, si
0215+  0564 42 5A 06      mov [prog], a    ; update pointer
0216+  0567 0A E8 05      jmp get_token_return
0217+  056A             get_token_angle:
0218+  056A B9 3E         cmp al, $3E        ; check if '>'
0219+  056C C7 84 05      jne get_token_tilde
0220+  056F F7            stosb          ; store '>' into token string
0221+  0570 19 00         mov al, 0
0222+  0572 F7            stosb          ; terminate token string
0223+  0573 19 07         mov al, TOK_ANGLE
0224+  0575 3D 5D 06      mov [tok], al      
0225+  0578 19 02         mov al, TOKTYP_DELIMITER
0226+  057A 3D 5C 06      mov [toktyp], al
0227+  057D 4E            mov a, si
0228+  057E 42 5A 06      mov [prog], a    ; update pointer
0229+  0581 0A E8 05      jmp get_token_return
0230+  0584             get_token_tilde:
0231+  0584 B9 7E         cmp al, '~'        ; check if '~'
0232+  0586 C7 9E 05      jne get_token_equal
0233+  0589 F7            stosb          ; store '~' into token string
0234+  058A 19 00         mov al, 0
0235+  058C F7            stosb          ; terminate token string
0236+  058D 19 08         mov al, TOK_TILDE
0237+  058F 3D 5D 06      mov [tok], al      
0238+  0592 19 02         mov al, TOKTYP_DELIMITER
0239+  0594 3D 5C 06      mov [toktyp], al
0240+  0597 4E            mov a, si
0241+  0598 42 5A 06      mov [prog], a    ; update pointer
0242+  059B 0A E8 05      jmp get_token_return
0243+  059E             get_token_equal:
0244+  059E B9 3D         cmp al, '='        ; check if '='
0245+  05A0 C7 B8 05      jne get_token_skip
0246+  05A3 F7            stosb          ; store '=' into token string
0247+  05A4 19 00         mov al, 0
0248+  05A6 F7            stosb          ; terminate token string
0249+  05A7 19 09         mov al, TOK_EQUAL
0250+  05A9 3D 5D 06      mov [tok], al      
0251+  05AC 19 02         mov al, TOKTYP_DELIMITER
0252+  05AE 3D 5C 06      mov [toktyp], al
0253+  05B1 4E            mov a, si
0254+  05B2 42 5A 06      mov [prog], a    ; update pointer
0255+  05B5 0A E8 05      jmp get_token_return
0256+  05B8             get_token_skip:
0257+  05B8 4E            mov a, si
0258+  05B9 42 5A 06      mov [prog], a    ; update pointer
0259+  05BC 0A E8 05      jmp get_token_return
0260+  05BF             get_token_end:        ; end of file token
0261+  05BF 19 14         mov al, TOK_END
0262+  05C1 3D 5D 06      mov [tok], al
0263+  05C4 19 06         mov al, TOKTYP_END
0264+  05C6 3D 5C 06      mov [toktyp], al
0265+  05C9 0A E8 05      jmp get_token_return
0266+  05CC             is_alphanumeric:
0267+  05CC F7            stosb
0268+  05CD F6            lodsb
0269+  05CE 07 11 0B      call _isalnum      ;check if is alphanumeric
0270+  05D1 C6 CC 05      jz is_alphanumeric
0271+  05D4 B9 2E         cmp al, $2E        ; check if is '.'
0272+  05D6 C6 CC 05      je is_alphanumeric
0273+  05D9 19 00         mov al, 0
0274+  05DB F7            stosb
0275+  05DC 19 00         mov al, TOKTYP_IDENTIFIER
0276+  05DE 3D 5C 06      mov [toktyp], al
0277+  05E1 D5 01 00      sub si, 1
0278+  05E4 4E            mov a, si
0279+  05E5 42 5A 06      mov [prog], a    ; update pointer
0280+  05E8             get_token_return:
0281+  05E8 F0            pop di
0282+  05E9 EF            pop si
0283+  05EA E7            pop d
0284+  05EB E4            pop a
0285+  05EC 09            ret
0286+  05ED             get_tok_comment:
0287+  05ED F6            lodsb
0288+  05EE B9 0A         cmp al, $0A      ; new line
0289+  05F0 C7 ED 05      jne get_tok_comment
0290+  05F3 0A D1 04      jmp get_tok_skip_spaces
0291+  05F6             
0292+  05F6             
0293+  05F6             get_number:
0294+  05F6 D7            push a
0295+  05F7 DA            push d
0296+  05F8 E2            push si
0297+  05F9 E3            push di
0298+  05FA 19 00         mov al, 0
0299+  05FC 3D 5E 06      mov [tokstr], al      ; nullify tokstr string
0300+  05FF 19 00         mov al, TOK_NULL
0301+  0601 3D 5D 06      mov [tok], al        ; nullify token
0302+  0604 14 5A 06      mov a, [prog]
0303+  0607 4D            mov si, a
0304+  0608 FD 4F 5E 06   mov di, tokstr
0305+  060C             get_number_skip_spaces:
0306+  060C F6            lodsb
0307+  060D 07 87 0B      call _isspace
0308+  0610 C6 0C 06      je get_number_skip_spaces
0309+  0613 B9 00         cmp al, 0      ; check for end of input (NULL)
0310+  0615 C7 25 06      jne get_number_L0
0311+  0618 19 14         mov al, TOK_END
0312+  061A 3D 5D 06      mov [tok], al
0313+  061D 19 06         mov al, TOKTYP_END
0314+  061F 3D 5C 06      mov [toktyp], al
0315+  0622 0A 3C 06      jmp get_number_return
0316+  0625             get_number_L0:
0317+  0625 F7            stosb
0318+  0626 F6            lodsb
0319+  0627 07 1B 0B      call _isdigit      ;check if is numeric
0320+  062A C6 25 06      jz get_number_L0
0321+  062D 19 00         mov al, 0
0322+  062F F7            stosb
0323+  0630 19 05         mov al, TOKTYP_NUMERIC
0324+  0632 3D 5C 06      mov [toktyp], al
0325+  0635 D5 01 00      sub si, 1
0326+  0638 4E            mov a, si
0327+  0639 42 5A 06      mov [prog], a    ; update pointer
0328+  063C             get_number_return:
0329+  063C F0            pop di
0330+  063D EF            pop si
0331+  063E E7            pop d
0332+  063F E4            pop a
0333+  0640 09            ret
0334+  0641             
0335+  0641             ;;;;;;;;;;;;;;;;;;;;;;;;;;;;;;;;;;;;;;;;;;;;;;;;;;;;;;;;;;;;;;;;;;;;;;;;;;;;;;;;;;
0336+  0641             ;; PUT BACK TOKEN
0337+  0641             ;;;;;;;;;;;;;;;;;;;;;;;;;;;;;;;;;;;;;;;;;;;;;;;;;;;;;;;;;;;;;;;;;;;;;;;;;;;;;;;;;;  
0338+  0641             _putback:
0339+  0641 D7            push a
0340+  0642 E2            push si
0341+  0643 FD 4D 5E 06   mov si, tokstr  
0342+  0647             _putback_loop:
0343+  0647 F6            lodsb
0344+  0648 B9 00         cmp al, 0
0345+  064A C6 57 06      je _putback_end
0346+  064D 14 5A 06      mov a, [prog]
0347+  0650 7D            dec a
0348+  0651 42 5A 06      mov [prog], a      ; update pointer
0349+  0654 0A 47 06      jmp _putback_loop
0350+  0657             _putback_end:
0351+  0657 EF            pop si
0352+  0658 E4            pop a
0353+  0659 09            ret
0354+  065A             
0355+  065A             
0356+  065A             
0357+  065A             
0358+  065A 00 00       prog:      .dw 0          ; pointer to current position in buffer
0359+  065C             
0360+  065C 00          toktyp:    .db 0          ; token type symbol
0361+  065D 00          tok:       .db 0          ; current token symbol
0362+  065E 00 00 00 00 tokstr:    .fill 256, 0   ; token as a string
0362+  0662 00 00 00 00 
0362+  0666 00 00 00 00 
0362+  066A 00 00 00 00 
0362+  066E 00 00 00 00 
0362+  0672 00 00 00 00 
0362+  0676 00 00 00 00 
0362+  067A 00 00 00 00 
0362+  067E 00 00 00 00 
0362+  0682 00 00 00 00 
0362+  0686 00 00 00 00 
0362+  068A 00 00 00 00 
0362+  068E 00 00 00 00 
0362+  0692 00 00 00 00 
0362+  0696 00 00 00 00 
0362+  069A 00 00 00 00 
0362+  069E 00 00 00 00 
0362+  06A2 00 00 00 00 
0362+  06A6 00 00 00 00 
0362+  06AA 00 00 00 00 
0362+  06AE 00 00 00 00 
0362+  06B2 00 00 00 00 
0362+  06B6 00 00 00 00 
0362+  06BA 00 00 00 00 
0362+  06BE 00 00 00 00 
0362+  06C2 00 00 00 00 
0362+  06C6 00 00 00 00 
0362+  06CA 00 00 00 00 
0362+  06CE 00 00 00 00 
0362+  06D2 00 00 00 00 
0362+  06D6 00 00 00 00 
0362+  06DA 00 00 00 00 
0362+  06DE 00 00 00 00 
0362+  06E2 00 00 00 00 
0362+  06E6 00 00 00 00 
0362+  06EA 00 00 00 00 
0362+  06EE 00 00 00 00 
0362+  06F2 00 00 00 00 
0362+  06F6 00 00 00 00 
0362+  06FA 00 00 00 00 
0362+  06FE 00 00 00 00 
0362+  0702 00 00 00 00 
0362+  0706 00 00 00 00 
0362+  070A 00 00 00 00 
0362+  070E 00 00 00 00 
0362+  0712 00 00 00 00 
0362+  0716 00 00 00 00 
0362+  071A 00 00 00 00 
0362+  071E 00 00 00 00 
0362+  0722 00 00 00 00 
0362+  0726 00 00 00 00 
0362+  072A 00 00 00 00 
0362+  072E 00 00 00 00 
0362+  0732 00 00 00 00 
0362+  0736 00 00 00 00 
0362+  073A 00 00 00 00 
0362+  073E 00 00 00 00 
0362+  0742 00 00 00 00 
0362+  0746 00 00 00 00 
0362+  074A 00 00 00 00 
0362+  074E 00 00 00 00 
0362+  0752 00 00 00 00 
0362+  0756 00 00 00 00 
0362+  075A 00 00 00 00 
0039   075E             .include "lib/stdio.asm"
0001+  075E             ;;;;;;;;;;;;;;;;;;;;;;;;;;;;;;;;;;;;;;;;;;;;;;;;;;;;;;;;;;;;;;;;;;;;;;;;;;;;;;;;;;;;;;;;;;;;;;;;;;;;;;;;;;;;;;;;;;
0002+  075E             ; stdio.s
0003+  075E             ;;;;;;;;;;;;;;;;;;;;;;;;;;;;;;;;;;;;;;;;;;;;;;;;;;;;;;;;;;;;;;;;;;;;;;;;;;;;;;;;;;;;;;;;;;;;;;;;;;;;;;;;;;;;;;;;;;
0004+  075E             .include "lib/string.asm"
0001++ 075E             ;;;;;;;;;;;;;;;;;;;;;;;;;;;;;;;;;;;;;;;;;;;;;;;;;;;;;;;;;;;;;;;;;;;;;;;;;;;;;;;;;;;;;;;;;;;;;;;;;;;;;;;;;;;;;;;;;;
0002++ 075E             ; string.s
0003++ 075E             ;;;;;;;;;;;;;;;;;;;;;;;;;;;;;;;;;;;;;;;;;;;;;;;;;;;;;;;;;;;;;;;;;;;;;;;;;;;;;;;;;;;;;;;;;;;;;;;;;;;;;;;;;;;;;;;;;;
0004++ 075E             
0005++ 075E             
0006++ 075E             ;;;;;;;;;;;;;;;;;;;;;;;;;;;;;;;;;;;;;;;;;;;;;;;;;;;;;;;;;;;;;;;;;;;;;;;;;;;;;;;;;;;;;;;;;;;;;;;;;;;;;;;;;;;;;;;;;;
0007++ 075E             ; _strrev
0008++ 075E             ; reverse a string
0009++ 075E             ; D = string address
0010++ 075E             ;;;;;;;;;;;;;;;;;;;;;;;;;;;;;;;;;;;;;;;;;;;;;;;;;;;;;;;;;;;;;;;;;;;;;;;;;;;;;;;;;;;;;;;;;;;;;;;;;;;;;;;;;;;;;;;;;;
0011++ 075E             ; 01234
0012++ 075E             _strrev:
0013++ 075E 4B          	pusha
0014++ 075F 07 A5 07    	call _strlen	; length in C
0015++ 0762 12          	mov a, c
0016++ 0763 AF 01 00    	cmp a, 1
0017++ 0766 D0 80 07    	jleu _strrev_end	; check string length. string len must be > 1
0018++ 0769 7D          	dec a
0019++ 076A FD 4E       	mov si, d	; beginning of string
0020++ 076C FD 50       	mov di, d	; beginning of string (for destinations)
0021++ 076E 59          	add d, a	; end of string
0022++ 076F 12          	mov a, c
0023++ 0770 FD 9B       	shr a		; divide by 2
0024++ 0772 39          	mov c, a	; C now counts the steps
0025++ 0773             _strrev_L0:
0026++ 0773 32          	mov bl, [d]	; save load right-side char into BL
0027++ 0774 F6          	lodsb		; load left-side char into AL; increase SI
0028++ 0775 3E          	mov [d], al	; store left char into right side
0029++ 0776 1B          	mov al, bl
0030++ 0777 F7          	stosb		; store right-side char into left-side; increase DI
0031++ 0778 7E          	dec c
0032++ 0779 7F          	dec d
0033++ 077A C2 00 00    	cmp c, 0
0034++ 077D C7 73 07    	jne _strrev_L0
0035++ 0780             _strrev_end:
0036++ 0780 4C          	popa
0037++ 0781 09          	ret
0038++ 0782             	
0039++ 0782             ;;;;;;;;;;;;;;;;;;;;;;;;;;;;;;;;;;;;;;;;;;;;;;;;;;;;;;;;;;;;;;;;;;;;;;;;;;;;;;;;;;;;;;;;;;;;;;;;;;;;;;;;;;;;;;;;;;
0040++ 0782             ; _strchr
0041++ 0782             ; search string in D for char in AL
0042++ 0782             ;;;;;;;;;;;;;;;;;;;;;;;;;;;;;;;;;;;;;;;;;;;;;;;;;;;;;;;;;;;;;;;;;;;;;;;;;;;;;;;;;;;;;;;;;;;;;;;;;;;;;;;;;;;;;;;;;;
0043++ 0782             _strchr:
0044++ 0782             _strchr_L0:
0045++ 0782 32          	mov bl, [d]
0046++ 0783 C1 00       	cmp bl, 0
0047++ 0785 C6 90 07    	je _strchr_end
0048++ 0788 BA          	cmp al, bl
0049++ 0789 C6 90 07    	je _strchr_end
0050++ 078C 79          	inc d
0051++ 078D 0A 82 07    	jmp _strchr_L0
0052++ 0790             _strchr_end:
0053++ 0790 1B          	mov al, bl
0054++ 0791 09          	ret
0055++ 0792             
0056++ 0792             ;;;;;;;;;;;;;;;;;;;;;;;;;;;;;;;;;;;;;;;;;;;;;;;;;;;;;;;;;;;;;;;;;;;;;;;;;;;;;;;;;;;;;;;;;;;;;;;;;;;;;;;;;;;;;;;;;;
0057++ 0792             ; _strstr
0058++ 0792             ; find sub-string
0059++ 0792             ; str1 in SI
0060++ 0792             ; str2 in DI
0061++ 0792             ; SI points to end of source string
0062++ 0792             ;;;;;;;;;;;;;;;;;;;;;;;;;;;;;;;;;;;;;;;;;;;;;;;;;;;;;;;;;;;;;;;;;;;;;;;;;;;;;;;;;;;;;;;;;;;;;;;;;;;;;;;;;;;;;;;;;;
0063++ 0792             _strstr:
0064++ 0792 DB          	push al
0065++ 0793 DA          	push d
0066++ 0794 E3          	push di
0067++ 0795             _strstr_loop:
0068++ 0795 F3          	cmpsb					; compare a byte of the strings
0069++ 0796 C7 A1 07    	jne _strstr_ret
0070++ 0799 FC 00 00    	lea d, [di + 0]
0071++ 079C BD 00       	cmp byte[d], 0				; check if at end of string (null)
0072++ 079E C7 95 07    	jne _strstr_loop				; equal chars but not at end
0073++ 07A1             _strstr_ret:
0074++ 07A1 F0          	pop di
0075++ 07A2 E7          	pop d
0076++ 07A3 E8          	pop al
0077++ 07A4 09          	ret
0078++ 07A5             ;;;;;;;;;;;;;;;;;;;;;;;;;;;;;;;;;;;;;;;;;;;;;;;;;;;;;;;;;;;;;;;;;;;;;;;;;;;;;;;;;;;;;;;
0079++ 07A5             ; length of null terminated string
0080++ 07A5             ; result in C
0081++ 07A5             ; pointer in D
0082++ 07A5             ;;;;;;;;;;;;;;;;;;;;;;;;;;;;;;;;;;;;;;;;;;;;;;;;;;;;;;;;;;;;;;;;;;;;;;;;;;;;;;;;;;;;;;;
0083++ 07A5             _strlen:
0084++ 07A5 DA          	push d
0085++ 07A6 38 00 00    	mov c, 0
0086++ 07A9             _strlen_L1:
0087++ 07A9 BD 00       	cmp byte [d], 0
0088++ 07AB C6 B3 07    	je _strlen_ret
0089++ 07AE 79          	inc d
0090++ 07AF 78          	inc c
0091++ 07B0 0A A9 07    	jmp _strlen_L1
0092++ 07B3             _strlen_ret:
0093++ 07B3 E7          	pop d
0094++ 07B4 09          	ret
0095++ 07B5             
0096++ 07B5             ;;;;;;;;;;;;;;;;;;;;;;;;;;;;;;;;;;;;;;;;;;;;;;;;;;;;;;;;;;;;;;;;;;;;;;;;;;;;;;;;;;;;;;;;;;;;;;;;;;;;;;;;;;;;;;;;;;
0097++ 07B5             ; STRCMP
0098++ 07B5             ; compare two strings
0099++ 07B5             ; str1 in SI
0100++ 07B5             ; str2 in DI
0101++ 07B5             ; CREATE A STRING COMPAIRON INSTRUCION ?????
0102++ 07B5             ;;;;;;;;;;;;;;;;;;;;;;;;;;;;;;;;;;;;;;;;;;;;;;;;;;;;;;;;;;;;;;;;;;;;;;;;;;;;;;;;;;;;;;;;;;;;;;;;;;;;;;;;;;;;;;;;;;
0103++ 07B5             _strcmp:
0104++ 07B5 DB          	push al
0105++ 07B6 DA          	push d
0106++ 07B7 E3          	push di
0107++ 07B8 E2          	push si
0108++ 07B9             _strcmp_loop:
0109++ 07B9 F3          	cmpsb					; compare a byte of the strings
0110++ 07BA C7 C5 07    	jne _strcmp_ret
0111++ 07BD FB FF FF    	lea d, [si +- 1]
0112++ 07C0 BD 00       	cmp byte[d], 0				; check if at end of string (null)
0113++ 07C2 C7 B9 07    	jne _strcmp_loop				; equal chars but not at end
0114++ 07C5             _strcmp_ret:
0115++ 07C5 EF          	pop si
0116++ 07C6 F0          	pop di
0117++ 07C7 E7          	pop d
0118++ 07C8 E8          	pop al
0119++ 07C9 09          	ret
0120++ 07CA             
0121++ 07CA             
0122++ 07CA             ; STRCPY
0123++ 07CA             ; copy null terminated string from SI to DI
0124++ 07CA             ; source in SI
0125++ 07CA             ; destination in DI
0126++ 07CA             _strcpy:
0127++ 07CA E2          	push si
0128++ 07CB E3          	push di
0129++ 07CC DB          	push al
0130++ 07CD             _strcpy_L1:
0131++ 07CD F6          	lodsb
0132++ 07CE F7          	stosb
0133++ 07CF B9 00       	cmp al, 0
0134++ 07D1 C7 CD 07    	jne _strcpy_L1
0135++ 07D4             _strcpy_end:
0136++ 07D4 E8          	pop al
0137++ 07D5 F0          	pop di
0138++ 07D6 EF          	pop si
0139++ 07D7 09          	ret
0140++ 07D8             
0141++ 07D8             ; STRCAT
0142++ 07D8             ; concatenate a NULL terminated string into string at DI, from string at SI
0143++ 07D8             ; source in SI
0144++ 07D8             ; destination in DI
0145++ 07D8             _strcat:
0146++ 07D8 E2          	push si
0147++ 07D9 E3          	push di
0148++ 07DA D7          	push a
0149++ 07DB DA          	push d
0150++ 07DC 50          	mov a, di
0151++ 07DD 3C          	mov d, a
0152++ 07DE             _strcat_goto_end_L1:
0153++ 07DE BD 00       	cmp byte[d], 0
0154++ 07E0 C6 E7 07    	je _strcat_start
0155++ 07E3 79          	inc d
0156++ 07E4 0A DE 07    	jmp _strcat_goto_end_L1
0157++ 07E7             _strcat_start:
0158++ 07E7 FD 50       	mov di, d
0159++ 07E9             _strcat_L1:
0160++ 07E9 F6          	lodsb
0161++ 07EA F7          	stosb
0162++ 07EB B9 00       	cmp al, 0
0163++ 07ED C7 E9 07    	jne _strcat_L1
0164++ 07F0             _strcat_end:
0165++ 07F0 E7          	pop d
0166++ 07F1 E4          	pop a
0167++ 07F2 F0          	pop di
0168++ 07F3 EF          	pop si
0169++ 07F4 09          	ret
0170++ 07F5             
0171++ 07F5             
0005+  07F5             
0006+  07F5             
0007+  07F5             ;;;;;;;;;;;;;;;;;;;;;;;;;;;;;;;;;;;;;;;;;;;;;;;;;;;;;;;;;;;;;;;;;;;;;;;;;;;;;;;;;;;;;;;;;;;;;;;;;;;;;;;;;;;;;;;;;;
0008+  07F5             ; CONVERT ASCII 'O'..'F' TO INTEGER 0..15
0009+  07F5             ; ASCII in BL
0010+  07F5             ; result in AL
0011+  07F5             ; ascii for F = 0100 0110
0012+  07F5             ; ascii for 9 = 0011 1001
0013+  07F5             ;;;;;;;;;;;;;;;;;;;;;;;;;;;;;;;;;;;;;;;;;;;;;;;;;;;;;;;;;;;;;;;;;;;;;;;;;;;;;;;;;;;;;;;;;;;;;;;;;;;;;;;;;;;;;;;;;;
0014+  07F5             hex_ascii_encode:
0015+  07F5 1B            mov al, bl
0016+  07F6 93 40         test al, $40        ; test if letter or number
0017+  07F8 C7 FE 07      jnz hex_letter
0018+  07FB 87 0F         and al, $0F        ; get number
0019+  07FD 09            ret
0020+  07FE             hex_letter:
0021+  07FE 87 0F         and al, $0F        ; get letter
0022+  0800 6A 09         add al, 9
0023+  0802 09            ret
0024+  0803             
0025+  0803             ;;;;;;;;;;;;;;;;;;;;;;;;;;;;;;;;;;;;;;;;;;;;;;;;;;;;;;;;;;;;;;;;;;;;;;;;;;;;;;;;;;;;;;;;;;;;;;;;;;;;;;;;;;;;;;;;;;
0026+  0803             ; ATOI
0027+  0803             ; 2 letter hex string in B
0028+  0803             ; 8bit integer returned in AL
0029+  0803             ;;;;;;;;;;;;;;;;;;;;;;;;;;;;;;;;;;;;;;;;;;;;;;;;;;;;;;;;;;;;;;;;;;;;;;;;;;;;;;;;;;;;;;;;;;;;;;;;;;;;;;;;;;;;;;;;;;
0030+  0803             _atoi:
0031+  0803 D8            push b
0032+  0804 07 F5 07      call hex_ascii_encode      ; convert BL to 4bit code in AL
0033+  0807 30            mov bl, bh
0034+  0808 DB            push al          ; save a
0035+  0809 07 F5 07      call hex_ascii_encode
0036+  080C EA            pop bl  
0037+  080D FD 9E 04      shl al, 4
0038+  0810 8C            or al, bl
0039+  0811 E5            pop b
0040+  0812 09            ret  
0041+  0813             
0042+  0813             
0043+  0813             ;;;;;;;;;;;;;;;;;;;;;;;;;;;;;;;;;;;;;;;;;;;;;;;;;;;;;;;;;;;;;;;;;;;;;;;;;;;;;;;;;;;;;;;;;;;;;;;;;;;;;;;;;;;;;;;;;;
0044+  0813             ; scanf
0045+  0813             ; no need for explanations!
0046+  0813             ;;;;;;;;;;;;;;;;;;;;;;;;;;;;;;;;;;;;;;;;;;;;;;;;;;;;;;;;;;;;;;;;;;;;;;;;;;;;;;;;;;;;;;;;;;;;;;;;;;;;;;;;;;;;;;;;;;
0047+  0813             scanf:
0048+  0813 09            ret
0049+  0814             
0050+  0814             ;;;;;;;;;;;;;;;;;;;;;;;;;;;;;;;;;;;;;;;;;;;;;;;;;;;;;;;;;;;;;;;;;;;;;;;;;;;;;;;;;;;;;;;;;;;;;;;;;;;;;;;;;;;;;;;;;;
0051+  0814             ; ITOA
0052+  0814             ; 8bit value in BL
0053+  0814             ; 2 byte ASCII result in A
0054+  0814             ;;;;;;;;;;;;;;;;;;;;;;;;;;;;;;;;;;;;;;;;;;;;;;;;;;;;;;;;;;;;;;;;;;;;;;;;;;;;;;;;;;;;;;;;;;;;;;;;;;;;;;;;;;;;;;;;;;
0055+  0814             _itoa:
0056+  0814 DA            push d
0057+  0815 D8            push b
0058+  0816 A7 00         mov bh, 0
0059+  0818 FD A4 04      shr bl, 4  
0060+  081B 74            mov d, b
0061+  081C 1F EF 0A      mov al, [d + s_hex_digits]
0062+  081F 23            mov ah, al
0063+  0820               
0064+  0820 E5            pop b
0065+  0821 D8            push b
0066+  0822 A7 00         mov bh, 0
0067+  0824 FD 87 0F      and bl, $0F
0068+  0827 74            mov d, b
0069+  0828 1F EF 0A      mov al, [d + s_hex_digits]
0070+  082B E5            pop b
0071+  082C E7            pop d
0072+  082D 09            ret
0073+  082E             
0074+  082E             ;;;;;;;;;;;;;;;;;;;;;;;;;;;;;;;;;;;;;;;;;;;;;;;;;;;;;;;;;;;;;;;;;;;;;;;;;;;;;;;;;;;;;;;;;;;;;;;;;;;;;;;;;;;;;;;;;;
0075+  082E             ; HEX STRING TO BINARY
0076+  082E             ; di = destination address
0077+  082E             ; si = source
0078+  082E             ;;;;;;;;;;;;;;;;;;;;;;;;;;;;;;;;;;;;;;;;;;;;;;;;;;;;;;;;;;;;;;;;;;;;;;;;;;;;;;;;;;;;;;;;;;;;;;;;;;;;;;;;;;;;;;;;;;
0079+  082E             _hex_to_int:
0080+  082E             _hex_to_int_L1:
0081+  082E F6            lodsb          ; load from [SI] to AL
0082+  082F B9 00         cmp al, 0        ; check if ASCII 0
0083+  0831 C6 3E 08      jz _hex_to_int_ret
0084+  0834 36            mov bh, al
0085+  0835 F6            lodsb
0086+  0836 2F            mov bl, al
0087+  0837 07 03 08      call _atoi        ; convert ASCII byte in B to int (to AL)
0088+  083A F7            stosb          ; store AL to [DI]
0089+  083B 0A 2E 08      jmp _hex_to_int_L1
0090+  083E             _hex_to_int_ret:
0091+  083E 09            ret    
0092+  083F             
0093+  083F             
0094+  083F             
0095+  083F             ;;;;;;;;;;;;;;;;;;;;;;;;;;;;;;;;;;;;;;;;;;;;;;;;;;;;;;;;;;;;;;;;;;;;;;;;;;;;;;;;;;;;;;;;;;;;;;;;;;;;;;;;;;;;;;;;;;
0096+  083F             ; GETCHAR
0097+  083F             ; char in ah
0098+  083F             ;;;;;;;;;;;;;;;;;;;;;;;;;;;;;;;;;;;;;;;;;;;;;;;;;;;;;;;;;;;;;;;;;;;;;;;;;;;;;;;;;;;;;;;;;;;;;;;;;;;;;;;;;;;;;;;;;;
0099+  083F             _getchar:
0100+  083F DB            push al
0101+  0840             _getchar_retry:
0102+  0840 FD 0C         sti
0103+  0842 19 01         mov al, 1
0104+  0844 05 03         syscall sys_io      ; receive in AH
0105+  0846 B9 00         cmp al, 0      ; check if any char was received
0106+  0848 C6 40 08      je _getchar_retry
0107+  084B E8            pop al
0108+  084C 09            ret
0109+  084D             
0110+  084D             ;;;;;;;;;;;;;;;;;;;;;;;;;;;;;;;;;;;;;;;;;;;;;;;;;;;;;;;;;;;;;;;;;;;;;;;;;;;;;;;;;;;;;;;;;;;;;;;;;;;;;;;;;;;;;;;;;;
0111+  084D             ; PUTCHAR
0112+  084D             ; char in ah
0113+  084D             ;;;;;;;;;;;;;;;;;;;;;;;;;;;;;;;;;;;;;;;;;;;;;;;;;;;;;;;;;;;;;;;;;;;;;;;;;;;;;;;;;;;;;;;;;;;;;;;;;;;;;;;;;;;;;;;;;;
0114+  084D             _putchar:
0115+  084D D7            push a
0116+  084E 19 00         mov al, 0
0117+  0850 05 03         syscall sys_io      ; char in AH
0118+  0852 E4            pop a
0119+  0853 09            ret
0120+  0854             
0121+  0854             ;;;;;;;;;;;;;;;;;;;;;;;;;;;;;;;;;;;;;;;;;;;;;;;;;;;;;;;;;;;;;;;;;;;;;;;;;;;;;;;;;;;;;;;;;;;;;;;;;;;;;;;;;;;;;;;;;;
0122+  0854             ;; INPUT A STRING
0123+  0854             ;; terminates with null
0124+  0854             ;; pointer in D
0125+  0854             ;;;;;;;;;;;;;;;;;;;;;;;;;;;;;;;;;;;;;;;;;;;;;;;;;;;;;;;;;;;;;;;;;;;;;;;;;;;;;;;;;;;;;;;;;;;;;;;;;;;;;;;;;;;;;;;;;;
0126+  0854             _gets:
0127+  0854 D7            push a
0128+  0855 DA            push d
0129+  0856             _gets_loop:
0130+  0856 FD 0C         sti
0131+  0858 19 01         mov al, 1
0132+  085A 05 03         syscall sys_io      ; receive in AH
0133+  085C B9 00         cmp al, 0        ; check error code (AL)
0134+  085E C6 56 08      je _gets_loop      ; if no char received, retry
0135+  0861             
0136+  0861 76 1B         cmp ah, 27
0137+  0863 C6 84 08      je _gets_ansi_esc
0138+  0866 76 0A         cmp ah, $0A        ; LF
0139+  0868 C6 F5 08      je _gets_end
0140+  086B 76 0D         cmp ah, $0D        ; CR
0141+  086D C6 F5 08      je _gets_end
0142+  0870 76 5C         cmp ah, $5C        ; '\\'
0143+  0872 C6 B4 08      je _gets_escape
0144+  0875               
0145+  0875 76 08         cmp ah, $08      ; check for backspace
0146+  0877 C6 80 08      je _gets_backspace
0147+  087A             
0148+  087A 1A            mov al, ah
0149+  087B 3E            mov [d], al
0150+  087C 79            inc d
0151+  087D 0A 56 08      jmp _gets_loop
0152+  0880             _gets_backspace:
0153+  0880 7F            dec d
0154+  0881 0A 56 08      jmp _gets_loop
0155+  0884             _gets_ansi_esc:
0156+  0884 FD 0C         sti
0157+  0886 19 01         mov al, 1
0158+  0888 05 03         syscall sys_io        ; receive in AH without echo
0159+  088A B9 00         cmp al, 0          ; check error code (AL)
0160+  088C C6 84 08      je _gets_ansi_esc    ; if no char received, retry
0161+  088F 76 5B         cmp ah, '['
0162+  0891 C7 56 08      jne _gets_loop
0163+  0894             _gets_ansi_esc_2:
0164+  0894 FD 0C         sti
0165+  0896 19 01         mov al, 1
0166+  0898 05 03         syscall sys_io          ; receive in AH without echo
0167+  089A B9 00         cmp al, 0            ; check error code (AL)
0168+  089C C6 94 08      je _gets_ansi_esc_2  ; if no char received, retry
0169+  089F 76 44         cmp ah, 'D'
0170+  08A1 C6 AC 08      je _gets_left_arrow
0171+  08A4 76 43         cmp ah, 'C'
0172+  08A6 C6 B0 08      je _gets_right_arrow
0173+  08A9 0A 56 08      jmp _gets_loop
0174+  08AC             _gets_left_arrow:
0175+  08AC 7F            dec d
0176+  08AD 0A 56 08      jmp _gets_loop
0177+  08B0             _gets_right_arrow:
0178+  08B0 79            inc d
0179+  08B1 0A 56 08      jmp _gets_loop
0180+  08B4             _gets_escape:
0181+  08B4 FD 0C         sti
0182+  08B6 19 01         mov al, 1
0183+  08B8 05 03         syscall sys_io      ; receive in AH
0184+  08BA B9 00         cmp al, 0        ; check error code (AL)
0185+  08BC C6 B4 08      je _gets_escape      ; if no char received, retry
0186+  08BF 76 6E         cmp ah, 'n'
0187+  08C1 C6 E0 08      je _gets_LF
0188+  08C4 76 72         cmp ah, 'r'
0189+  08C6 C6 E7 08      je _gets_CR
0190+  08C9 76 30         cmp ah, '0'
0191+  08CB C6 EE 08      je _gets_NULL
0192+  08CE 76 5C         cmp ah, $5C  ; '\'
0193+  08D0 C6 D9 08      je _gets_slash
0194+  08D3 1A            mov al, ah        ; if not a known escape, it is just a normal letter
0195+  08D4 3E            mov [d], al
0196+  08D5 79            inc d
0197+  08D6 0A 56 08      jmp _gets_loop
0198+  08D9             _gets_slash:
0199+  08D9 19 5C         mov al, $5C
0200+  08DB 3E            mov [d], al
0201+  08DC 79            inc d
0202+  08DD 0A 56 08      jmp _gets_loop
0203+  08E0             _gets_LF:
0204+  08E0 19 0A         mov al, $0A
0205+  08E2 3E            mov [d], al
0206+  08E3 79            inc d
0207+  08E4 0A 56 08      jmp _gets_loop
0208+  08E7             _gets_CR:
0209+  08E7 19 0D         mov al, $0D
0210+  08E9 3E            mov [d], al
0211+  08EA 79            inc d
0212+  08EB 0A 56 08      jmp _gets_loop
0213+  08EE             _gets_NULL:
0214+  08EE 19 00         mov al, $00
0215+  08F0 3E            mov [d], al
0216+  08F1 79            inc d
0217+  08F2 0A 56 08      jmp _gets_loop
0218+  08F5             _gets_end:
0219+  08F5 19 00         mov al, 0
0220+  08F7 3E            mov [d], al        ; terminate string
0221+  08F8 E7            pop d
0222+  08F9 E4            pop a
0223+  08FA 09            ret
0224+  08FB             
0225+  08FB             ;;;;;;;;;;;;;;;;;;;;;;;;;;;;;;;;;;;;;;;;;;;;;;;;;;;;;;;;;;;;;;;;;;;;;;;;;;;;;;;;;;;;;;;;;;;;;;;;;;;;;;;;;;;;;;;;;;
0226+  08FB             ;; INPUT BINARY
0227+  08FB             ;; pointer in D
0228+  08FB             ;; size in b
0229+  08FB             ;;;;;;;;;;;;;;;;;;;;;;;;;;;;;;;;;;;;;;;;;;;;;;;;;;;;;;;;;;;;;;;;;;;;;;;;;;;;;;;;;;;;;;;;;;;;;;;;;;;;;;;;;;;;;;;;;;
0230+  08FB             _load_binary:
0231+  08FB D7            push a
0232+  08FC DA            push d
0233+  08FD D9            push c
0234+  08FE 38 00 00      mov c, 0
0235+  0901             _load_binary_loop:
0236+  0901 19 03         mov al, 3
0237+  0903 05 03         syscall sys_io      ; receive in AH with no echo
0238+  0905 B9 00         cmp al, 0        ; check error code (AL)
0239+  0907 C6 01 09      je _load_binary_loop    ; if no char received, retry
0240+  090A 1A            mov al, ah
0241+  090B 3E            mov [d], al
0242+  090C 79            inc d
0243+  090D 78            inc c
0244+  090E FD C0         cmp b, c
0245+  0910 C7 01 09      jne _load_binary_loop
0246+  0913             _load_binary_end:
0247+  0913 E6            pop c
0248+  0914 E7            pop d
0249+  0915 E4            pop a
0250+  0916 09            ret
0251+  0917             
0252+  0917             ;;;;;;;;;;;;;;;;;;;;;;;;;;;;;;;;;;;;;;;;;;;;;;;;;;;;;;;;;;;;;;;;;;;;;;;;;;;;;;;;;;;;;;;;;;;;;;;;;;;;;;;;;;;;;;;;;;
0253+  0917             ;; INPUT TEXT
0254+  0917             ;; terminated with CTRL+D
0255+  0917             ;; pointer in D
0256+  0917             ;;;;;;;;;;;;;;;;;;;;;;;;;;;;;;;;;;;;;;;;;;;;;;;;;;;;;;;;;;;;;;;;;;;;;;;;;;;;;;;;;;;;;;;;;;;;;;;;;;;;;;;;;;;;;;;;;;
0257+  0917             _gettxt:
0258+  0917 D7            push a
0259+  0918 DA            push d
0260+  0919             _gettxt_loop:
0261+  0919 19 01         mov al, 1
0262+  091B 05 03         syscall sys_io      ; receive in AH
0263+  091D B9 00         cmp al, 0        ; check error code (AL)
0264+  091F C6 19 09      je _gettxt_loop    ; if no char received, retry
0265+  0922 76 04         cmp ah, 4      ; EOT
0266+  0924 C6 62 09      je _gettxt_end
0267+  0927 76 08         cmp ah, $08      ; check for backspace
0268+  0929 C6 5E 09      je _gettxt_backspace
0269+  092C 76 5C         cmp ah, $5C        ; '\'
0270+  092E C6 37 09      je _gettxt_escape
0271+  0931 1A            mov al, ah
0272+  0932 3E            mov [d], al
0273+  0933 79            inc d
0274+  0934 0A 19 09      jmp _gettxt_loop
0275+  0937             _gettxt_escape:
0276+  0937 19 01         mov al, 1
0277+  0939 05 03         syscall sys_io      ; receive in AH
0278+  093B B9 00         cmp al, 0        ; check error code (AL)
0279+  093D C6 37 09      je _gettxt_escape    ; if no char received, retry
0280+  0940 76 6E         cmp ah, 'n'
0281+  0942 C6 50 09      je _gettxt_LF
0282+  0945 76 72         cmp ah, 'r'
0283+  0947 C6 57 09      je _gettxt_CR
0284+  094A 1A            mov al, ah        ; if not a known escape, it is just a normal letter
0285+  094B 3E            mov [d], al
0286+  094C 79            inc d
0287+  094D 0A 19 09      jmp _gettxt_loop
0288+  0950             _gettxt_LF:
0289+  0950 19 0A         mov al, $0A
0290+  0952 3E            mov [d], al
0291+  0953 79            inc d
0292+  0954 0A 19 09      jmp _gettxt_loop
0293+  0957             _gettxt_CR:
0294+  0957 19 0D         mov al, $0D
0295+  0959 3E            mov [d], al
0296+  095A 79            inc d
0297+  095B 0A 19 09      jmp _gettxt_loop
0298+  095E             _gettxt_backspace:
0299+  095E 7F            dec d
0300+  095F 0A 19 09      jmp _gettxt_loop
0301+  0962             _gettxt_end:
0302+  0962 19 00         mov al, 0
0303+  0964 3E            mov [d], al        ; terminate string
0304+  0965 E7            pop d
0305+  0966 E4            pop a
0306+  0967 09            ret
0307+  0968             
0308+  0968             ;;;;;;;;;;;;;;;;;;;;;;;;;;;;;;;;;;;;;;;;;;;;;;;;;;;;;;;;;;;;;;;;;;;;;;;;;;;;;;;;;;;;;;;;;;;;;;;;;;;;;;;;;;;;;;;;;;
0309+  0968             ; PRINT NEW LINE
0310+  0968             ;;;;;;;;;;;;;;;;;;;;;;;;;;;;;;;;;;;;;;;;;;;;;;;;;;;;;;;;;;;;;;;;;;;;;;;;;;;;;;;;;;;;;;;;;;;;;;;;;;;;;;;;;;;;;;;;;;
0311+  0968             printnl:
0312+  0968 D7            push a
0313+  0969 10 00 0A      mov a, $0A00
0314+  096C 05 03         syscall sys_io
0315+  096E 10 00 0D      mov a, $0D00
0316+  0971 05 03         syscall sys_io
0317+  0973 E4            pop a
0318+  0974 09            ret
0319+  0975             
0320+  0975             ;;;;;;;;;;;;;;;;;;;;;;;;;;;;;;;;;;;;;;;;;;;;;;;;;;;;;;;;;;;;;;;;;;;;;;;;;;;;;;;;;;;;;;;;;;;;;;;;;;;;;;;;;;;;;;;;;;
0321+  0975             ; _strtoint
0322+  0975             ; 4 digit hex string number in d
0323+  0975             ; integer returned in A
0324+  0975             ;;;;;;;;;;;;;;;;;;;;;;;;;;;;;;;;;;;;;;;;;;;;;;;;;;;;;;;;;;;;;;;;;;;;;;;;;;;;;;;;;;;;;;;;;;;;;;;;;;;;;;;;;;;;;;;;;;
0325+  0975             _strtointx:
0326+  0975 D8            push b
0327+  0976 32            mov bl, [d]
0328+  0977 37            mov bh, bl
0329+  0978 33 01 00      mov bl, [d + 1]
0330+  097B 07 03 08      call _atoi        ; convert to int in AL
0331+  097E 23            mov ah, al        ; move to AH
0332+  097F 33 02 00      mov bl, [d + 2]
0333+  0982 37            mov bh, bl
0334+  0983 33 03 00      mov bl, [d + 3]
0335+  0986 07 03 08      call _atoi        ; convert to int in AL
0336+  0989 E5            pop b
0337+  098A 09            ret
0338+  098B             
0339+  098B             ;;;;;;;;;;;;;;;;;;;;;;;;;;;;;;;;;;;;;;;;;;;;;;;;;;;;;;;;;;;;;;;;;;;;;;;;;;;;;;;;;;;;;;;;;;;;;;;;;;;;;;;;;;;;;;;;;;
0340+  098B             ; _strtoint
0341+  098B             ; 5 digit base10 string number in d
0342+  098B             ; integer returned in A
0343+  098B             ;;;;;;;;;;;;;;;;;;;;;;;;;;;;;;;;;;;;;;;;;;;;;;;;;;;;;;;;;;;;;;;;;;;;;;;;;;;;;;;;;;;;;;;;;;;;;;;;;;;;;;;;;;;;;;;;;;
0344+  098B             _strtoint:
0345+  098B E2            push si
0346+  098C D8            push b
0347+  098D D9            push c
0348+  098E DA            push d
0349+  098F 07 A5 07      call _strlen      ; get string length in C
0350+  0992 7E            dec c
0351+  0993 FD 4E         mov si, d
0352+  0995 12            mov a, c
0353+  0996 FD 99         shl a
0354+  0998 3B 07 0B      mov d, table_power
0355+  099B 59            add d, a
0356+  099C 38 00 00      mov c, 0
0357+  099F             _strtoint_L0:
0358+  099F F6            lodsb      ; load ASCII to al
0359+  09A0 B9 00         cmp al, 0
0360+  09A2 C6 B5 09      je _strtoint_end
0361+  09A5 6F 30         sub al, $30    ; make into integer
0362+  09A7 22 00         mov ah, 0
0363+  09A9 2A            mov b, [d]
0364+  09AA AC            mul a, b      ; result in B since it fits in 16bits
0365+  09AB 11            mov a, b
0366+  09AC 28            mov b, c
0367+  09AD 54            add a, b
0368+  09AE 39            mov c, a
0369+  09AF 63 02 00      sub d, 2
0370+  09B2 0A 9F 09      jmp _strtoint_L0
0371+  09B5             _strtoint_end:
0372+  09B5 12            mov a, c
0373+  09B6 E7            pop d
0374+  09B7 E6            pop c
0375+  09B8 E5            pop b
0376+  09B9 EF            pop si
0377+  09BA 09            ret
0378+  09BB             
0379+  09BB             
0380+  09BB             ;;;;;;;;;;;;;;;;;;;;;;;;;;;;;;;;;;;;;;;;;;;;;;;;;;;;;;;;;;;;;;;;;;;;;;;;;;;;;;;;;;;;;;;;;;;;;;;;;;;;;;;;;;;;;;;;;;
0381+  09BB             ; PRINT NULL TERMINATED STRING
0382+  09BB             ; pointer in D
0383+  09BB             ;;;;;;;;;;;;;;;;;;;;;;;;;;;;;;;;;;;;;;;;;;;;;;;;;;;;;;;;;;;;;;;;;;;;;;;;;;;;;;;;;;;;;;;;;;;;;;;;;;;;;;;;;;;;;;;;;;
0384+  09BB             _puts:
0385+  09BB D7            push a
0386+  09BC DA            push d
0387+  09BD             _puts_L1:
0388+  09BD 1E            mov al, [d]
0389+  09BE B9 00         cmp al, 0
0390+  09C0 C6 CC 09      jz _puts_END
0391+  09C3 23            mov ah, al
0392+  09C4 19 00         mov al, 0
0393+  09C6 05 03         syscall sys_io
0394+  09C8 79            inc d
0395+  09C9 0A BD 09      jmp _puts_L1
0396+  09CC             _puts_END:
0397+  09CC E7            pop d
0398+  09CD E4            pop a
0399+  09CE 09            ret
0400+  09CF             
0401+  09CF             ;;;;;;;;;;;;;;;;;;;;;;;;;;;;;;;;;;;;;;;;;;;;;;;;;;;;;;;;;;;;;;;;;;;;;;;;;;;;;;;;;;;;;;;;;;;;;;;;;;;;;;;;;;;;;;;;;;
0402+  09CF             ; PRINT N SIZE STRING
0403+  09CF             ; pointer in D
0404+  09CF             ; size in C
0405+  09CF             ;;;;;;;;;;;;;;;;;;;;;;;;;;;;;;;;;;;;;;;;;;;;;;;;;;;;;;;;;;;;;;;;;;;;;;;;;;;;;;;;;;;;;;;;;;;;;;;;;;;;;;;;;;;;;;;;;;
0406+  09CF             _putsn:
0407+  09CF DB            push al
0408+  09D0 DA            push d
0409+  09D1 D9            push c
0410+  09D2             _putsn_L0:
0411+  09D2 1E            mov al, [d]
0412+  09D3 23            mov ah, al
0413+  09D4 19 00         mov al, 0
0414+  09D6 05 03         syscall sys_io
0415+  09D8 79            inc d
0416+  09D9 7E            dec c  
0417+  09DA C2 00 00      cmp c, 0
0418+  09DD C7 D2 09      jne _putsn_L0
0419+  09E0             _putsn_end:
0420+  09E0 E6            pop c
0421+  09E1 E7            pop d
0422+  09E2 E8            pop al
0423+  09E3 09            ret
0424+  09E4             
0425+  09E4             ;;;;;;;;;;;;;;;;;;;;;;;;;;;;;;;;;;;;;;;;;;;;;;;;;;;;;;;;;;;;;;;;;;;;;;;;;;;;;;;;;;;;;;;
0426+  09E4             ; print 16bit decimal number
0427+  09E4             ; input number in A
0428+  09E4             ;;;;;;;;;;;;;;;;;;;;;;;;;;;;;;;;;;;;;;;;;;;;;;;;;;;;;;;;;;;;;;;;;;;;;;;;;;;;;;;;;;;;;;;
0429+  09E4             print_u16d:
0430+  09E4 D7            push a
0431+  09E5 D8            push b
0432+  09E6 26 10 27      mov b, 10000
0433+  09E9 AE            div a, b      ; get 10000's coeff.
0434+  09EA 07 0C 0A      call print_number
0435+  09ED 11            mov a, b
0436+  09EE 26 E8 03      mov b, 1000
0437+  09F1 AE            div a, b      ; get 1000's coeff.
0438+  09F2 07 0C 0A      call print_number
0439+  09F5 11            mov a, b
0440+  09F6 26 64 00      mov b, 100
0441+  09F9 AE            div a, b
0442+  09FA 07 0C 0A      call print_number
0443+  09FD 11            mov a, b
0444+  09FE 26 0A 00      mov b, 10
0445+  0A01 AE            div a, b
0446+  0A02 07 0C 0A      call print_number
0447+  0A05 1B            mov al, bl      ; 1's coeff in bl
0448+  0A06 07 0C 0A      call print_number
0449+  0A09 E5            pop b
0450+  0A0A E4            pop a
0451+  0A0B 09            ret
0452+  0A0C             
0453+  0A0C             ;;;;;;;;;;;;;;;;;;;;;;;;;;;;;;;;;;;;;;;;;;;;;;;;;;;;;;;;;;;;;;;;;;;;;;;;;;;;;;;;;;;;;;;
0454+  0A0C             ; print AL
0455+  0A0C             ;;;;;;;;;;;;;;;;;;;;;;;;;;;;;;;;;;;;;;;;;;;;;;;;;;;;;;;;;;;;;;;;;;;;;;;;;;;;;;;;;;;;;;;
0456+  0A0C             print_number:
0457+  0A0C 6A 30         add al, $30
0458+  0A0E 23            mov ah, al
0459+  0A0F 07 4D 08      call _putchar
0460+  0A12 09            ret
0461+  0A13             
0462+  0A13             ;;;;;;;;;;;;;;;;;;;;;;;;;;;;;;;;;;;;;;;;;;;;;;;;;;;;;;;;;;;;;;;;;;;;;;;;;;;;;;;;;;;;;;;;;;;;;;;;;;;;;;;;;;;;;;;;;;
0463+  0A13             ; PRINT 16BIT HEX INTEGER
0464+  0A13             ; integer value in reg B
0465+  0A13             ;;;;;;;;;;;;;;;;;;;;;;;;;;;;;;;;;;;;;;;;;;;;;;;;;;;;;;;;;;;;;;;;;;;;;;;;;;;;;;;;;;;;;;;;;;;;;;;;;;;;;;;;;;;;;;;;;;
0466+  0A13             print_u16x:
0467+  0A13 D7            push a
0468+  0A14 D8            push b
0469+  0A15 DD            push bl
0470+  0A16 30            mov bl, bh
0471+  0A17 07 14 08      call _itoa        ; convert bh to char in A
0472+  0A1A 2F            mov bl, al        ; save al
0473+  0A1B 19 00         mov al, 0
0474+  0A1D 05 03         syscall sys_io        ; display AH
0475+  0A1F 24            mov ah, bl        ; retrieve al
0476+  0A20 19 00         mov al, 0
0477+  0A22 05 03         syscall sys_io        ; display AL
0478+  0A24             
0479+  0A24 EA            pop bl
0480+  0A25 07 14 08      call _itoa        ; convert bh to char in A
0481+  0A28 2F            mov bl, al        ; save al
0482+  0A29 19 00         mov al, 0
0483+  0A2B 05 03         syscall sys_io        ; display AH
0484+  0A2D 24            mov ah, bl        ; retrieve al
0485+  0A2E 19 00         mov al, 0
0486+  0A30 05 03         syscall sys_io        ; display AL
0487+  0A32             
0488+  0A32 E5            pop b
0489+  0A33 E4            pop a
0490+  0A34 09            ret
0491+  0A35             
0492+  0A35             ;;;;;;;;;;;;;;;;;;;;;;;;;;;;;;;;;;;;;;;;;;;;;;;;;;;;;;;;;;;;;;;;;;;;;;;;;;;;;;;;;;;;;;;;;;;;;;;;;;;;;;;;;;;;;;;;;;
0493+  0A35             ; INPUT 16BIT HEX INTEGER
0494+  0A35             ; read 16bit integer into A
0495+  0A35             ;;;;;;;;;;;;;;;;;;;;;;;;;;;;;;;;;;;;;;;;;;;;;;;;;;;;;;;;;;;;;;;;;;;;;;;;;;;;;;;;;;;;;;;;;;;;;;;;;;;;;;;;;;;;;;;;;;
0496+  0A35             scan_u16x:
0497+  0A35 F8 10 00      enter 16
0498+  0A38 D8            push b
0499+  0A39 DA            push d
0500+  0A3A             
0501+  0A3A FA F1 FF      lea d, [bp + -15]
0502+  0A3D 07 54 08      call _gets        ; get number
0503+  0A40             
0504+  0A40 32            mov bl, [d]
0505+  0A41 37            mov bh, bl
0506+  0A42 33 01 00      mov bl, [d + 1]
0507+  0A45 07 03 08      call _atoi        ; convert to int in AL
0508+  0A48 23            mov ah, al        ; move to AH
0509+  0A49             
0510+  0A49 33 02 00      mov bl, [d + 2]
0511+  0A4C 37            mov bh, bl
0512+  0A4D 33 03 00      mov bl, [d + 3]
0513+  0A50 07 03 08      call _atoi        ; convert to int in AL
0514+  0A53             
0515+  0A53 E7            pop d
0516+  0A54 E5            pop b
0517+  0A55 F9            leave
0518+  0A56 09            ret
0519+  0A57             
0520+  0A57             ;;;;;;;;;;;;;;;;;;;;;;;;;;;;;;;;;;;;;;;;;;;;;;;;;;;;;;;;;;;;;;;;;;;;;;;;;;;;;;;;;;;;;;;;;;;;;;;;;;;;;;;;;;;;;;;;;;
0521+  0A57             ; PRINT 8bit HEX INTEGER
0522+  0A57             ; integer value in reg bl
0523+  0A57             ;;;;;;;;;;;;;;;;;;;;;;;;;;;;;;;;;;;;;;;;;;;;;;;;;;;;;;;;;;;;;;;;;;;;;;;;;;;;;;;;;;;;;;;;;;;;;;;;;;;;;;;;;;;;;;;;;;
0524+  0A57             print_u8x:
0525+  0A57 D7            push a
0526+  0A58 DD            push bl
0527+  0A59             
0528+  0A59 07 14 08      call _itoa        ; convert bl to char in A
0529+  0A5C 2F            mov bl, al        ; save al
0530+  0A5D 19 00         mov al, 0
0531+  0A5F 05 03         syscall sys_io        ; display AH
0532+  0A61 24            mov ah, bl        ; retrieve al
0533+  0A62 19 00         mov al, 0
0534+  0A64 05 03         syscall sys_io        ; display AL
0535+  0A66             
0536+  0A66 EA            pop bl
0537+  0A67 E4            pop a
0538+  0A68 09            ret
0539+  0A69             
0540+  0A69             ;;;;;;;;;;;;;;;;;;;;;;;;;;;;;;;;;;;;;;;;;;;;;;;;;;;;;;;;;;;;;;;;;;;;;;;;;;;;;;;;;;;;;;;
0541+  0A69             ; print 8bit decimal unsigned number
0542+  0A69             ; input number in AL
0543+  0A69             ;;;;;;;;;;;;;;;;;;;;;;;;;;;;;;;;;;;;;;;;;;;;;;;;;;;;;;;;;;;;;;;;;;;;;;;;;;;;;;;;;;;;;;;
0544+  0A69             print_u8d:
0545+  0A69 D7            push a
0546+  0A6A D8            push b
0547+  0A6B             
0548+  0A6B 22 00         mov ah, 0
0549+  0A6D 26 64 00      mov b, 100
0550+  0A70 AE            div a, b
0551+  0A71 D8            push b      ; save remainder
0552+  0A72 B9 00         cmp al, 0
0553+  0A74 C6 7E 0A      je skip100
0554+  0A77 6A 30         add al, $30
0555+  0A79 23            mov ah, al
0556+  0A7A 19 00         mov al, 0
0557+  0A7C 05 03         syscall sys_io  ; print coeff
0558+  0A7E             skip100:
0559+  0A7E E4            pop a
0560+  0A7F 22 00         mov ah, 0
0561+  0A81 26 0A 00      mov b, 10
0562+  0A84 AE            div a, b
0563+  0A85 D8            push b      ; save remainder
0564+  0A86 B9 00         cmp al, 0
0565+  0A88 C6 92 0A      je skip10
0566+  0A8B 6A 30         add al, $30
0567+  0A8D 23            mov ah, al
0568+  0A8E 19 00         mov al, 0
0569+  0A90 05 03         syscall sys_io  ; print coeff
0570+  0A92             skip10:
0571+  0A92 E4            pop a
0572+  0A93 1B            mov al, bl
0573+  0A94 6A 30         add al, $30
0574+  0A96 23            mov ah, al
0575+  0A97 19 00         mov al, 0
0576+  0A99 05 03         syscall sys_io  ; print coeff
0577+  0A9B E5            pop b
0578+  0A9C E4            pop a
0579+  0A9D 09            ret
0580+  0A9E             
0581+  0A9E             ;;;;;;;;;;;;;;;;;;;;;;;;;;;;;;;;;;;;;;;;;;;;;;;;;;;;;;;;;;;;;;;;;;;;;;;;;;;;;;;;;;;;;;;;;;;;;;;;;;;;;;;;;;;;;;;;;;
0582+  0A9E             ; INPUT 8BIT HEX INTEGER
0583+  0A9E             ; read 8bit integer into AL
0584+  0A9E             ;;;;;;;;;;;;;;;;;;;;;;;;;;;;;;;;;;;;;;;;;;;;;;;;;;;;;;;;;;;;;;;;;;;;;;;;;;;;;;;;;;;;;;;;;;;;;;;;;;;;;;;;;;;;;;;;;;
0585+  0A9E             scan_u8x:
0586+  0A9E F8 04 00      enter 4
0587+  0AA1 D8            push b
0588+  0AA2 DA            push d
0589+  0AA3             
0590+  0AA3 FA FD FF      lea d, [bp + -3]
0591+  0AA6 07 54 08      call _gets        ; get number
0592+  0AA9             
0593+  0AA9 32            mov bl, [d]
0594+  0AAA 37            mov bh, bl
0595+  0AAB 33 01 00      mov bl, [d + 1]
0596+  0AAE 07 03 08      call _atoi        ; convert to int in AL
0597+  0AB1             
0598+  0AB1 E7            pop d
0599+  0AB2 E5            pop b
0600+  0AB3 F9            leave
0601+  0AB4 09            ret
0602+  0AB5             
0603+  0AB5             ;;;;;;;;;;;;;;;;;;;;;;;;;;;;;;;;;;;;;;;;;;;;;;;;;;;;;;;;;;;;;;;;;;;;;;;;;;;;;;;;;;;;;;;
0604+  0AB5             ; input decimal number
0605+  0AB5             ; result in A
0606+  0AB5             ; 655'\0'
0607+  0AB5             ; low--------high
0608+  0AB5             ;;;;;;;;;;;;;;;;;;;;;;;;;;;;;;;;;;;;;;;;;;;;;;;;;;;;;;;;;;;;;;;;;;;;;;;;;;;;;;;;;;;;;;;
0609+  0AB5             scan_u16d:
0610+  0AB5 F8 08 00      enter 8
0611+  0AB8 E2            push si
0612+  0AB9 D8            push b
0613+  0ABA D9            push c
0614+  0ABB DA            push d
0615+  0ABC FA F9 FF      lea d, [bp +- 7]
0616+  0ABF 07 54 08      call _gets
0617+  0AC2 07 A5 07      call _strlen      ; get string length in C
0618+  0AC5 7E            dec c
0619+  0AC6 FD 4E         mov si, d
0620+  0AC8 12            mov a, c
0621+  0AC9 FD 99         shl a
0622+  0ACB 3B 07 0B      mov d, table_power
0623+  0ACE 59            add d, a
0624+  0ACF 38 00 00      mov c, 0
0625+  0AD2             mul_loop:
0626+  0AD2 F6            lodsb      ; load ASCII to al
0627+  0AD3 B9 00         cmp al, 0
0628+  0AD5 C6 E8 0A      je mul_exit
0629+  0AD8 6F 30         sub al, $30    ; make into integer
0630+  0ADA 22 00         mov ah, 0
0631+  0ADC 2A            mov b, [d]
0632+  0ADD AC            mul a, b      ; result in B since it fits in 16bits
0633+  0ADE 11            mov a, b
0634+  0ADF 28            mov b, c
0635+  0AE0 54            add a, b
0636+  0AE1 39            mov c, a
0637+  0AE2 63 02 00      sub d, 2
0638+  0AE5 0A D2 0A      jmp mul_loop
0639+  0AE8             mul_exit:
0640+  0AE8 12            mov a, c
0641+  0AE9 E7            pop d
0642+  0AEA E6            pop c
0643+  0AEB E5            pop b
0644+  0AEC EF            pop si
0645+  0AED F9            leave
0646+  0AEE 09            ret
0647+  0AEF             
0648+  0AEF             
0649+  0AEF 30 31 32 33 s_hex_digits:    .db "0123456789ABCDEF"  
0649+  0AF3 34 35 36 37 
0649+  0AF7 38 39 41 42 
0649+  0AFB 43 44 45 46 
0650+  0AFF 1B 5B 32 4A s_telnet_clear:  .db "\033[2J\033[H", 0
0650+  0B03 1B 5B 48 00 
0651+  0B07             
0652+  0B07             table_power:
0653+  0B07 01 00         .dw 1
0654+  0B09 0A 00         .dw 10
0655+  0B0B 64 00         .dw 100
0656+  0B0D E8 03         .dw 1000
0657+  0B0F 10 27         .dw 100000040   0B11             .include "lib/ctype.asm"
0001+  0B11             ;;;;;;;;;;;;;;;;;;;;;;;;;;;;;;;;;;;;;;;;;;;;;;;;;;;;;;;;;;;;;;;;;;;;;;;;;;;;;;;;;;;;;;;;;;;;;;;;;;;;;;;;;;;;;;;;;;
0002+  0B11             ; ctype.s
0003+  0B11             ;;;;;;;;;;;;;;;;;;;;;;;;;;;;;;;;;;;;;;;;;;;;;;;;;;;;;;;;;;;;;;;;;;;;;;;;;;;;;;;;;;;;;;;;;;;;;;;;;;;;;;;;;;;;;;;;;;
0004+  0B11             
0005+  0B11             ;;;;;;;;;;;;;;;;;;;;;;;;;;;;;;;;;;;;;;;;;;;;;;;;;;;;;;;;;;;;;;;;;;;;;;;;;;;;;;;;;;;;;;;;;;;;;;;;;;;;;;;;;;;;;;;;;;
0006+  0B11             ;; C character classification is an operation provided by a group of functions in the ANSI C Standard Library
0007+  0B11             ;; for the C programming language. These functions are used to test characters for membership in a particular
0008+  0B11             ;; class of characters, such as alphabetic characters, control characters, etc. Both single-byte, and wide
0009+  0B11             ;; characters are supported.
0010+  0B11             ;;;;;;;;;;;;;;;;;;;;;;;;;;;;;;;;;;;;;;;;;;;;;;;;;;;;;;;;;;;;;;;;;;;;;;;;;;;;;;;;;;;;;;;;;;;;;;;;;;;;;;;;;;;;;;;;;;
0011+  0B11             ;; _isalnum 
0012+  0B11             ;; _isalpha 
0013+  0B11             ;; islower 
0014+  0B11             ;; isupper 
0015+  0B11             ;; _isdigit 
0016+  0B11             ;; isxdigit
0017+  0B11             ;; iscntrl 
0018+  0B11             ;; isgraph 
0019+  0B11             ;; _isspace 
0020+  0B11             ;; isblank 
0021+  0B11             ;; isprint 
0022+  0B11             ;; ispunct 
0023+  0B11             ;; tolower 
0024+  0B11             ;; toupper
0025+  0B11             
0026+  0B11             
0027+  0B11             ;;;;;;;;;;;;;;;;;;;;;;;;;;;;;;;;;;;;;;;;;;;;;;;;;;;;;;;;;;;;;;;;;;;;;;;;;;;;;;;;;;
0028+  0B11             ;; IS ALPHANUMERIC
0029+  0B11             ;; sets ZF according with result
0030+  0B11             ;;;;;;;;;;;;;;;;;;;;;;;;;;;;;;;;;;;;;;;;;;;;;;;;;;;;;;;;;;;;;;;;;;;;;;;;;;;;;;;;;;
0031+  0B11             _isalnum:
0032+  0B11 07 2E 0B    	call _isalpha
0033+  0B14 C6 1A 0B    	je _isalnum_exit
0034+  0B17 07 1B 0B    	call _isdigit
0035+  0B1A             _isalnum_exit:
0036+  0B1A 09          	ret	
0037+  0B1B             ;;;;;;;;;;;;;;;;;;;;;;;;;;;;;;;;;;;;;;;;;;;;;;;;;;;;;;;;;;;;;;;;;;;;;;;;;;;;;;;;;;
0038+  0B1B             ;; IS DIGIT
0039+  0B1B             ;; sets ZF according with result
0040+  0B1B             ;;;;;;;;;;;;;;;;;;;;;;;;;;;;;;;;;;;;;;;;;;;;;;;;;;;;;;;;;;;;;;;;;;;;;;;;;;;;;;;;;;
0041+  0B1B             _isdigit:
0042+  0B1B DB          	push al
0043+  0B1C B9 30       	cmp al, '0'
0044+  0B1E C8 2A 0B    	jlu _isdigit_false
0045+  0B21 B9 39       	cmp al, '9'
0046+  0B23 D1 2A 0B    	jgu _isdigit_false
0047+  0B26 87 00       	and al, 0	; set ZF
0048+  0B28 E8          	pop al
0049+  0B29 09          	ret
0050+  0B2A             _isdigit_false:
0051+  0B2A 8B 01       	or al, 1	; clear ZF
0052+  0B2C E8          	pop al
0053+  0B2D 09          	ret	
0054+  0B2E             	
0055+  0B2E             ;;;;;;;;;;;;;;;;;;;;;;;;;;;;;;;;;;;;;;;;;;;;;;;;;;;;;;;;;;;;;;;;;;;;;;;;;;;;;;;;;;
0056+  0B2E             ;; IS ALPHA
0057+  0B2E             ;; sets ZF according with result
0058+  0B2E             ;;;;;;;;;;;;;;;;;;;;;;;;;;;;;;;;;;;;;;;;;;;;;;;;;;;;;;;;;;;;;;;;;;;;;;;;;;;;;;;;;;
0059+  0B2E             _isalpha:
0060+  0B2E DB          	push al
0061+  0B2F B9 5F       	cmp al, '_'
0062+  0B31 C6 51 0B    	je _isalpha_true
0063+  0B34 B9 2E       	cmp al, '.'
0064+  0B36 C6 51 0B    	je _isalpha_true
0065+  0B39 B9 41       	cmp al, 'A'
0066+  0B3B C8 4D 0B    	jlu _isalpha_false
0067+  0B3E B9 7A       	cmp al, 'z'
0068+  0B40 D1 4D 0B    	jgu _isalpha_false
0069+  0B43 B9 5A       	cmp al, 'Z'
0070+  0B45 D0 51 0B    	jleu _isalpha_true
0071+  0B48 B9 61       	cmp al, 'a'
0072+  0B4A C9 51 0B    	jgeu _isalpha_true
0073+  0B4D             _isalpha_false:
0074+  0B4D 8B 01       	or al, 1	; clear ZF
0075+  0B4F E8          	pop al
0076+  0B50 09          	ret
0077+  0B51             _isalpha_true:
0078+  0B51 87 00       	and al, 0	; set ZF
0079+  0B53 E8          	pop al
0080+  0B54 09          	ret
0081+  0B55             
0082+  0B55             ;;;;;;;;;;;;;;;;;;;;;;;;;;;;;;;;;;;;;;;;;;;;;;;;;;;;;;;;;;;;;;;;;;;;;;;;;;;;;;;;;;
0083+  0B55             ;; IS PATH-ALPHA
0084+  0B55             ;; sets ZF according with result
0085+  0B55             ;;;;;;;;;;;;;;;;;;;;;;;;;;;;;;;;;;;;;;;;;;;;;;;;;;;;;;;;;;;;;;;;;;;;;;;;;;;;;;;;;;
0086+  0B55             ispath:
0087+  0B55 DB          	push al
0088+  0B56 07 1B 0B    	call _isdigit
0089+  0B59 C6 83 0B    	je ispath_true
0090+  0B5C B9 5F       	cmp al, '_'
0091+  0B5E C6 83 0B    	je ispath_true
0092+  0B61 B9 2F       	cmp al, '/'
0093+  0B63 C6 83 0B    	je ispath_true
0094+  0B66 B9 2E       	cmp al, '.'
0095+  0B68 C6 83 0B    	je ispath_true
0096+  0B6B B9 41       	cmp al, 'A'
0097+  0B6D C8 7F 0B    	jlu ispath_false
0098+  0B70 B9 7A       	cmp al, 'z'
0099+  0B72 D1 7F 0B    	jgu ispath_false
0100+  0B75 B9 5A       	cmp al, 'Z'
0101+  0B77 D0 83 0B    	jleu ispath_true
0102+  0B7A B9 61       	cmp al, 'a'
0103+  0B7C C9 83 0B    	jgeu ispath_true
0104+  0B7F             ispath_false:
0105+  0B7F 8B 01       	or al, 1	; clear ZF
0106+  0B81 E8          	pop al
0107+  0B82 09          	ret
0108+  0B83             ispath_true:
0109+  0B83 87 00       	and al, 0	; set ZF
0110+  0B85 E8          	pop al
0111+  0B86 09          	ret
0112+  0B87             ;;;;;;;;;;;;;;;;;;;;;;;;;;;;;;;;;;;;;;;;;;;;;;;;;;;;;;;;;;;;;;;;;;;;;;;;;;;;;;;;;;
0113+  0B87             ;; IS SPACE
0114+  0B87             ;; sets ZF according with result
0115+  0B87             ;;;;;;;;;;;;;;;;;;;;;;;;;;;;;;;;;;;;;;;;;;;;;;;;;;;;;;;;;;;;;;;;;;;;;;;;;;;;;;;;;;
0116+  0B87             _isspace:
0117+  0B87 B9 20       	cmp al, $20		; ' '
0118+  0B89 C6 9D 0B    	je _isspace_exit
0119+  0B8C B9 09       	cmp al, $09		; '\t'
0120+  0B8E C6 9D 0B    	je _isspace_exit
0121+  0B91 B9 0A       	cmp al, $0A		; '\n'
0122+  0B93 C6 9D 0B    	je _isspace_exit
0123+  0B96 B9 0D       	cmp al, $0D		; '\r'
0124+  0B98 C6 9D 0B    	je _isspace_exit
0125+  0B9B B9 0B       	cmp al, $0B		; '\v'
0126+  0B9D             _isspace_exit:
0127+  0B9D 09          	ret	
0128+  0B9E             
0129+  0B9E             ;;;;;;;;;;;;;;;;;;;;;;;;;;;;;;;;;;;;;;;;;;;;;;;;;;;;;;;;;;;;;;;;;;;;;;;;;;;;;;;;;;;;;;;;;;;;;;;;;;;;;;;;;;;;;;;;;;
0130+  0B9E             ; TO LOWER
0131+  0B9E             ; input in AL
0132+  0B9E             ; output in AL
0133+  0B9E             ;;;;;;;;;;;;;;;;;;;;;;;;;;;;;;;;;;;;;;;;;;;;;;;;;;;;;;;;;;;;;;;;;;;;;;;;;;;;;;;;;;;;;;;;;;;;;;;;;;;;;;;;;;;;;;;;;;
0134+  0B9E             _to_lower:
0135+  0B9E B9 5A       	cmp al, 'Z'
0136+  0BA0 D1 A5 0B    	jgu _to_lower_ret
0137+  0BA3 6A 20       	add al, $20				; convert to lower case
0138+  0BA5             _to_lower_ret:
0139+  0BA5 09          	ret
0140+  0BA6             ;;;;;;;;;;;;;;;;;;;;;;;;;;;;;;;;;;;;;;;;;;;;;;;;;;;;;;;;;;;;;;;;;;;;;;;;;;;;;;;;;;;;;;;;;;;;;;;;;;;;;;;;;;;;;;;;;;
0141+  0BA6             ; TO UPPER
0142+  0BA6             ; input in AL
0143+  0BA6             ; output in AL
0144+  0BA6             ;;;;;;;;;;;;;;;;;;;;;;;;;;;;;;;;;;;;;;;;;;;;;;;;;;;;;;;;;;;;;;;;;;;;;;;;;;;;;;;;;;;;;;;;;;;;;;;;;;;;;;;;;;;;;;;;;;
0145+  0BA6             _to_upper:
0146+  0BA6 B9 61       	cmp al, 'a'
0147+  0BA8 C8 AD 0B    	jlu _to_upper_ret
0148+  0BAB 6F 20       	sub al, $20			; convert to upper case
0149+  0BAD             _to_upper_ret:
0150+  0BAD 09          	ret
0151+  0BAE             
0041   0BAE             
0042   0BAE             .end
0043   0BAE             
0044   0BAE             
tasm: Number of errors = 0
