0001   0000             .include "lib/kernel.exp"
0001+  0000             TEXT_ORG         .EQU  $0400
0002+  0000             sys_bkpt         .EQU  $0000
0003+  0000             sys_rtc          .EQU  $0001
0004+  0000             sys_ide          .EQU  $0002
0005+  0000             sys_io           .EQU  $0003
0006+  0000             sys_filesystem   .EQU  $0004
0007+  0000             sys_spawn_proc   .EQU  $0005
0008+  0000             sys_list         .EQU  $0006
0009+  0000             sys_datetime     .EQU  $0007
0010+  0000             sys_reboot       .EQU  $0008
0011+  0000             sys_pause_proc   .EQU  $0009
0012+  0000             sys_resume_proc  .EQU  $000a
0013+  0000             sys_terminate_proc .EQU  $000b
0014+  0000             sys_system       .EQU  $000c
0002   0000             
0003   0400             .org TEXT_ORG			; origin at 1024
0004   0400             
0005   0400             TRUE:	.equ 1
0006   0400             FALSE:	.equ 0
0007   0400             SIZE:	.equ 8190
0008   0400             SIZEP1:	.equ 8191
0009   0400             
0010   0400             main:
0011   0400 3B A2 04    	mov d, s_title
0012   0403 07 F1 07    	call _puts
0013   0406             
0014   0406 10 01 00    	mov a, 1
0015   0409 42 92 05    	mov [iter], a
0016   040C             L0:
0017   040C FD 10       	cla
0018   040E 42 90 05    	mov [count], a
0019   0411 42 8A 05    	mov [i], a
0020   0414             L0_0:
0021   0414 14 8A 05    	mov a, [i]
0022   0417 3C          	mov d, a
0023   0418 19 01       	mov al, TRUE
0024   041A 3F 47 09    	mov [d + flags], al
0025   041D 14 8A 05    	mov a, [i]
0026   0420 77          	inc a
0027   0421 42 8A 05    	mov [i], a
0028   0424 AF FE 1F    	cmp a, SIZE
0029   0427 D0 14 04    	jleu L0_0	
0030   042A             
0031   042A 10 00 00    	mov a, 0
0032   042D 42 8A 05    	mov [i], a
0033   0430             L0_1:
0034   0430 14 8A 05    	mov a, [i]
0035   0433 3C          	mov d, a
0036   0434 1F 47 09    	mov al, [d + flags]
0037   0437 B9 01       	cmp al, TRUE
0038   0439 C6 59 04    	je IF_0_TRUE
0039   043C             L0_1_COND:	
0040   043C 14 8A 05    	mov a, [i]
0041   043F 77          	inc a
0042   0440 42 8A 05    	mov [i], a
0043   0443 AF FE 1F    	cmp a, SIZE
0044   0446 D0 30 04    	jleu L0_1	
0045   0449             L0_COND:
0046   0449 14 92 05    	mov a, [iter]
0047   044C 77          	inc a
0048   044D 42 92 05    	mov [iter], a
0049   0450 AF 0A 00    	cmp a, 10
0050   0453 D0 0C 04    	jleu L0
0051   0456 0A 94 04    	jmp L0_EXIT
0052   0459             IF_0_TRUE:
0053   0459 29 8A 05    	mov b, [i]
0054   045C 14 8A 05    	mov a, [i]
0055   045F 54          	add a, b
0056   0460 53 03 00    	add a, 3
0057   0463 42 8C 05    	mov [prime], a		; prime = i + i + 3
0058   0466 54          	add a, b
0059   0467 42 8E 05    	mov [k], a			; k = i + prime	
0060   046A             WHILE:
0061   046A 14 8E 05    	mov a, [k]
0062   046D 26 FE 1F    	mov b, SIZE
0063   0470 B0          	cmp a, b
0064   0471 D1 8A 04    	jgu WHILE_EXIT
0065   0474 14 8E 05    	mov a, [k]
0066   0477 3C          	mov d, a
0067   0478 19 00       	mov al, FALSE
0068   047A 3F 47 09    	mov [d + flags], al
0069   047D 14 8E 05    	mov a, [k]
0070   0480 29 8C 05    	mov b, [prime]
0071   0483 54          	add a, b
0072   0484 42 8E 05    	mov [k], a
0073   0487 0A 6A 04    	jmp WHILE
0074   048A             WHILE_EXIT:	
0075   048A 14 90 05    	mov a, [count]
0076   048D 77          	inc a
0077   048E 42 90 05    	mov [count], a	
0078   0491 0A 3C 04    	jmp L0_1_COND
0079   0494             
0080   0494             L0_EXIT:
0081   0494 14 90 05    	mov a, [count]
0082   0497 07 1A 08    	call print_u16d
0083   049A 3B 4D 05    	mov d, s_result
0084   049D 07 F1 07    	call _puts
0085   04A0             
0086   04A0 05 0B       	syscall sys_terminate_proc
0087   04A2             
0088   04A2 2D 2D 2D 2D s_title:	.db "-----------------------------------------------\n"
0088   04A6 2D 2D 2D 2D 
0088   04AA 2D 2D 2D 2D 
0088   04AE 2D 2D 2D 2D 
0088   04B2 2D 2D 2D 2D 
0088   04B6 2D 2D 2D 2D 
0088   04BA 2D 2D 2D 2D 
0088   04BE 2D 2D 2D 2D 
0088   04C2 2D 2D 2D 2D 
0088   04C6 2D 2D 2D 2D 
0088   04CA 2D 2D 2D 2D 
0088   04CE 2D 2D 2D 0A 
0089   04D2 42 79 74 65 			.db "Byte Magazine\'s Sieve of Erastothenes Benchmark\n"
0089   04D6 20 4D 61 67 
0089   04DA 61 7A 69 6E 
0089   04DE 65 27 73 20 
0089   04E2 53 69 65 76 
0089   04E6 65 20 6F 66 
0089   04EA 20 45 72 61 
0089   04EE 73 74 6F 74 
0089   04F2 68 65 6E 65 
0089   04F6 73 20 42 65 
0089   04FA 6E 63 68 6D 
0089   04FE 61 72 6B 0A 
0090   0502 53 69 7A 65 			.db "Size: 8192\n"
0090   0506 3A 20 38 31 
0090   050A 39 32 0A 
0091   050D 49 74 65 72 			.db "Iterations: 10\n"
0091   0511 61 74 69 6F 
0091   0515 6E 73 3A 20 
0091   0519 31 30 0A 
0092   051C 2D 2D 2D 2D 			.db "-----------------------------------------------\n", 0
0092   0520 2D 2D 2D 2D 
0092   0524 2D 2D 2D 2D 
0092   0528 2D 2D 2D 2D 
0092   052C 2D 2D 2D 2D 
0092   0530 2D 2D 2D 2D 
0092   0534 2D 2D 2D 2D 
0092   0538 2D 2D 2D 2D 
0092   053C 2D 2D 2D 2D 
0092   0540 2D 2D 2D 2D 
0092   0544 2D 2D 2D 2D 
0092   0548 2D 2D 2D 0A 
0092   054C 00 
0093   054D             
0094   054D 20 70 72 69 s_result:	.db " primes.\n"
0094   0551 6D 65 73 2E 
0094   0555 0A 
0095   0556 2D 2D 2D 2D 			.db "-----------------------------------------------\n", 0
0095   055A 2D 2D 2D 2D 
0095   055E 2D 2D 2D 2D 
0095   0562 2D 2D 2D 2D 
0095   0566 2D 2D 2D 2D 
0095   056A 2D 2D 2D 2D 
0095   056E 2D 2D 2D 2D 
0095   0572 2D 2D 2D 2D 
0095   0576 2D 2D 2D 2D 
0095   057A 2D 2D 2D 2D 
0095   057E 2D 2D 2D 2D 
0095   0582 2D 2D 2D 0A 
0095   0586 00 
0096   0587             
0097   0587 2C 20 00    s_comma:	.db ", ", 0
0098   058A             
0099   058A 00 00       i:		.dw
0100   058C 00 00       prime:	.dw
0101   058E 00 00       k:		.dw
0102   0590 00 00       count:	.dw
0103   0592 00 00       iter:	.dw
0104   0594             
0105   0594             
0106   0594             .include "lib/stdio.asm"
0001+  0594             ;;;;;;;;;;;;;;;;;;;;;;;;;;;;;;;;;;;;;;;;;;;;;;;;;;;;;;;;;;;;;;;;;;;;;;;;;;;;;;;;;;;;;;;;;;;;;;;;;;;;;;;;;;;;;;;;;;
0002+  0594             ; stdio.s
0003+  0594             ;;;;;;;;;;;;;;;;;;;;;;;;;;;;;;;;;;;;;;;;;;;;;;;;;;;;;;;;;;;;;;;;;;;;;;;;;;;;;;;;;;;;;;;;;;;;;;;;;;;;;;;;;;;;;;;;;;
0004+  0594             .include "lib/string.asm"
0001++ 0594             ;;;;;;;;;;;;;;;;;;;;;;;;;;;;;;;;;;;;;;;;;;;;;;;;;;;;;;;;;;;;;;;;;;;;;;;;;;;;;;;;;;;;;;;;;;;;;;;;;;;;;;;;;;;;;;;;;;
0002++ 0594             ; string.s
0003++ 0594             ;;;;;;;;;;;;;;;;;;;;;;;;;;;;;;;;;;;;;;;;;;;;;;;;;;;;;;;;;;;;;;;;;;;;;;;;;;;;;;;;;;;;;;;;;;;;;;;;;;;;;;;;;;;;;;;;;;
0004++ 0594             
0005++ 0594             
0006++ 0594             ;;;;;;;;;;;;;;;;;;;;;;;;;;;;;;;;;;;;;;;;;;;;;;;;;;;;;;;;;;;;;;;;;;;;;;;;;;;;;;;;;;;;;;;;;;;;;;;;;;;;;;;;;;;;;;;;;;
0007++ 0594             ; _strrev
0008++ 0594             ; reverse a string
0009++ 0594             ; D = string address
0010++ 0594             ;;;;;;;;;;;;;;;;;;;;;;;;;;;;;;;;;;;;;;;;;;;;;;;;;;;;;;;;;;;;;;;;;;;;;;;;;;;;;;;;;;;;;;;;;;;;;;;;;;;;;;;;;;;;;;;;;;
0011++ 0594             ; 01234
0012++ 0594             _strrev:
0013++ 0594 4B          	pusha
0014++ 0595 07 DB 05    	call _strlen	; length in C
0015++ 0598 12          	mov a, c
0016++ 0599 AF 01 00    	cmp a, 1
0017++ 059C D0 B6 05    	jleu _strrev_end	; check string length. string len must be > 1
0018++ 059F 7D          	dec a
0019++ 05A0 FD 4E       	mov si, d	; beginning of string
0020++ 05A2 FD 50       	mov di, d	; beginning of string (for destinations)
0021++ 05A4 59          	add d, a	; end of string
0022++ 05A5 12          	mov a, c
0023++ 05A6 FD 9B       	shr a		; divide by 2
0024++ 05A8 39          	mov c, a	; C now counts the steps
0025++ 05A9             _strrev_L0:
0026++ 05A9 32          	mov bl, [d]	; save load right-side char into BL
0027++ 05AA F6          	lodsb		; load left-side char into AL; increase SI
0028++ 05AB 3E          	mov [d], al	; store left char into right side
0029++ 05AC 1B          	mov al, bl
0030++ 05AD F7          	stosb		; store right-side char into left-side; increase DI
0031++ 05AE 7E          	dec c
0032++ 05AF 7F          	dec d
0033++ 05B0 C2 00 00    	cmp c, 0
0034++ 05B3 C7 A9 05    	jne _strrev_L0
0035++ 05B6             _strrev_end:
0036++ 05B6 4C          	popa
0037++ 05B7 09          	ret
0038++ 05B8             	
0039++ 05B8             ;;;;;;;;;;;;;;;;;;;;;;;;;;;;;;;;;;;;;;;;;;;;;;;;;;;;;;;;;;;;;;;;;;;;;;;;;;;;;;;;;;;;;;;;;;;;;;;;;;;;;;;;;;;;;;;;;;
0040++ 05B8             ; _strchr
0041++ 05B8             ; search string in D for char in AL
0042++ 05B8             ;;;;;;;;;;;;;;;;;;;;;;;;;;;;;;;;;;;;;;;;;;;;;;;;;;;;;;;;;;;;;;;;;;;;;;;;;;;;;;;;;;;;;;;;;;;;;;;;;;;;;;;;;;;;;;;;;;
0043++ 05B8             _strchr:
0044++ 05B8             _strchr_L0:
0045++ 05B8 32          	mov bl, [d]
0046++ 05B9 C1 00       	cmp bl, 0
0047++ 05BB C6 C6 05    	je _strchr_end
0048++ 05BE BA          	cmp al, bl
0049++ 05BF C6 C6 05    	je _strchr_end
0050++ 05C2 79          	inc d
0051++ 05C3 0A B8 05    	jmp _strchr_L0
0052++ 05C6             _strchr_end:
0053++ 05C6 1B          	mov al, bl
0054++ 05C7 09          	ret
0055++ 05C8             
0056++ 05C8             ;;;;;;;;;;;;;;;;;;;;;;;;;;;;;;;;;;;;;;;;;;;;;;;;;;;;;;;;;;;;;;;;;;;;;;;;;;;;;;;;;;;;;;;;;;;;;;;;;;;;;;;;;;;;;;;;;;
0057++ 05C8             ; _strstr
0058++ 05C8             ; find sub-string
0059++ 05C8             ; str1 in SI
0060++ 05C8             ; str2 in DI
0061++ 05C8             ; SI points to end of source string
0062++ 05C8             ;;;;;;;;;;;;;;;;;;;;;;;;;;;;;;;;;;;;;;;;;;;;;;;;;;;;;;;;;;;;;;;;;;;;;;;;;;;;;;;;;;;;;;;;;;;;;;;;;;;;;;;;;;;;;;;;;;
0063++ 05C8             _strstr:
0064++ 05C8 DB          	push al
0065++ 05C9 DA          	push d
0066++ 05CA E3          	push di
0067++ 05CB             _strstr_loop:
0068++ 05CB F3          	cmpsb					; compare a byte of the strings
0069++ 05CC C7 D7 05    	jne _strstr_ret
0070++ 05CF FC 00 00    	lea d, [di + 0]
0071++ 05D2 BD 00       	cmp byte[d], 0				; check if at end of string (null)
0072++ 05D4 C7 CB 05    	jne _strstr_loop				; equal chars but not at end
0073++ 05D7             _strstr_ret:
0074++ 05D7 F0          	pop di
0075++ 05D8 E7          	pop d
0076++ 05D9 E8          	pop al
0077++ 05DA 09          	ret
0078++ 05DB             ;;;;;;;;;;;;;;;;;;;;;;;;;;;;;;;;;;;;;;;;;;;;;;;;;;;;;;;;;;;;;;;;;;;;;;;;;;;;;;;;;;;;;;;
0079++ 05DB             ; length of null terminated string
0080++ 05DB             ; result in C
0081++ 05DB             ; pointer in D
0082++ 05DB             ;;;;;;;;;;;;;;;;;;;;;;;;;;;;;;;;;;;;;;;;;;;;;;;;;;;;;;;;;;;;;;;;;;;;;;;;;;;;;;;;;;;;;;;
0083++ 05DB             _strlen:
0084++ 05DB DA          	push d
0085++ 05DC 38 00 00    	mov c, 0
0086++ 05DF             _strlen_L1:
0087++ 05DF BD 00       	cmp byte [d], 0
0088++ 05E1 C6 E9 05    	je _strlen_ret
0089++ 05E4 79          	inc d
0090++ 05E5 78          	inc c
0091++ 05E6 0A DF 05    	jmp _strlen_L1
0092++ 05E9             _strlen_ret:
0093++ 05E9 E7          	pop d
0094++ 05EA 09          	ret
0095++ 05EB             
0096++ 05EB             ;;;;;;;;;;;;;;;;;;;;;;;;;;;;;;;;;;;;;;;;;;;;;;;;;;;;;;;;;;;;;;;;;;;;;;;;;;;;;;;;;;;;;;;;;;;;;;;;;;;;;;;;;;;;;;;;;;
0097++ 05EB             ; STRCMP
0098++ 05EB             ; compare two strings
0099++ 05EB             ; str1 in SI
0100++ 05EB             ; str2 in DI
0101++ 05EB             ; CREATE A STRING COMPAIRON INSTRUCION ?????
0102++ 05EB             ;;;;;;;;;;;;;;;;;;;;;;;;;;;;;;;;;;;;;;;;;;;;;;;;;;;;;;;;;;;;;;;;;;;;;;;;;;;;;;;;;;;;;;;;;;;;;;;;;;;;;;;;;;;;;;;;;;
0103++ 05EB             _strcmp:
0104++ 05EB DB          	push al
0105++ 05EC DA          	push d
0106++ 05ED E3          	push di
0107++ 05EE E2          	push si
0108++ 05EF             _strcmp_loop:
0109++ 05EF F3          	cmpsb					; compare a byte of the strings
0110++ 05F0 C7 FB 05    	jne _strcmp_ret
0111++ 05F3 FB FF FF    	lea d, [si +- 1]
0112++ 05F6 BD 00       	cmp byte[d], 0				; check if at end of string (null)
0113++ 05F8 C7 EF 05    	jne _strcmp_loop				; equal chars but not at end
0114++ 05FB             _strcmp_ret:
0115++ 05FB EF          	pop si
0116++ 05FC F0          	pop di
0117++ 05FD E7          	pop d
0118++ 05FE E8          	pop al
0119++ 05FF 09          	ret
0120++ 0600             
0121++ 0600             
0122++ 0600             ; STRCPY
0123++ 0600             ; copy null terminated string from SI to DI
0124++ 0600             ; source in SI
0125++ 0600             ; destination in DI
0126++ 0600             _strcpy:
0127++ 0600 E2          	push si
0128++ 0601 E3          	push di
0129++ 0602 DB          	push al
0130++ 0603             _strcpy_L1:
0131++ 0603 F6          	lodsb
0132++ 0604 F7          	stosb
0133++ 0605 B9 00       	cmp al, 0
0134++ 0607 C7 03 06    	jne _strcpy_L1
0135++ 060A             _strcpy_end:
0136++ 060A E8          	pop al
0137++ 060B F0          	pop di
0138++ 060C EF          	pop si
0139++ 060D 09          	ret
0140++ 060E             
0141++ 060E             ; STRCAT
0142++ 060E             ; concatenate a NULL terminated string into string at DI, from string at SI
0143++ 060E             ; source in SI
0144++ 060E             ; destination in DI
0145++ 060E             _strcat:
0146++ 060E E2          	push si
0147++ 060F E3          	push di
0148++ 0610 D7          	push a
0149++ 0611 DA          	push d
0150++ 0612 50          	mov a, di
0151++ 0613 3C          	mov d, a
0152++ 0614             _strcat_goto_end_L1:
0153++ 0614 BD 00       	cmp byte[d], 0
0154++ 0616 C6 1D 06    	je _strcat_start
0155++ 0619 79          	inc d
0156++ 061A 0A 14 06    	jmp _strcat_goto_end_L1
0157++ 061D             _strcat_start:
0158++ 061D FD 50       	mov di, d
0159++ 061F             _strcat_L1:
0160++ 061F F6          	lodsb
0161++ 0620 F7          	stosb
0162++ 0621 B9 00       	cmp al, 0
0163++ 0623 C7 1F 06    	jne _strcat_L1
0164++ 0626             _strcat_end:
0165++ 0626 E7          	pop d
0166++ 0627 E4          	pop a
0167++ 0628 F0          	pop di
0168++ 0629 EF          	pop si
0169++ 062A 09          	ret
0170++ 062B             
0171++ 062B             
0005+  062B             
0006+  062B             
0007+  062B             ;;;;;;;;;;;;;;;;;;;;;;;;;;;;;;;;;;;;;;;;;;;;;;;;;;;;;;;;;;;;;;;;;;;;;;;;;;;;;;;;;;;;;;;;;;;;;;;;;;;;;;;;;;;;;;;;;;
0008+  062B             ; CONVERT ASCII 'O'..'F' TO INTEGER 0..15
0009+  062B             ; ASCII in BL
0010+  062B             ; result in AL
0011+  062B             ; ascii for F = 0100 0110
0012+  062B             ; ascii for 9 = 0011 1001
0013+  062B             ;;;;;;;;;;;;;;;;;;;;;;;;;;;;;;;;;;;;;;;;;;;;;;;;;;;;;;;;;;;;;;;;;;;;;;;;;;;;;;;;;;;;;;;;;;;;;;;;;;;;;;;;;;;;;;;;;;
0014+  062B             hex_ascii_encode:
0015+  062B 1B            mov al, bl
0016+  062C 93 40         test al, $40        ; test if letter or number
0017+  062E C7 34 06      jnz hex_letter
0018+  0631 87 0F         and al, $0F        ; get number
0019+  0633 09            ret
0020+  0634             hex_letter:
0021+  0634 87 0F         and al, $0F        ; get letter
0022+  0636 6A 09         add al, 9
0023+  0638 09            ret
0024+  0639             
0025+  0639             ;;;;;;;;;;;;;;;;;;;;;;;;;;;;;;;;;;;;;;;;;;;;;;;;;;;;;;;;;;;;;;;;;;;;;;;;;;;;;;;;;;;;;;;;;;;;;;;;;;;;;;;;;;;;;;;;;;
0026+  0639             ; ATOI
0027+  0639             ; 2 letter hex string in B
0028+  0639             ; 8bit integer returned in AL
0029+  0639             ;;;;;;;;;;;;;;;;;;;;;;;;;;;;;;;;;;;;;;;;;;;;;;;;;;;;;;;;;;;;;;;;;;;;;;;;;;;;;;;;;;;;;;;;;;;;;;;;;;;;;;;;;;;;;;;;;;
0030+  0639             _atoi:
0031+  0639 D8            push b
0032+  063A 07 2B 06      call hex_ascii_encode      ; convert BL to 4bit code in AL
0033+  063D 30            mov bl, bh
0034+  063E DB            push al          ; save a
0035+  063F 07 2B 06      call hex_ascii_encode
0036+  0642 EA            pop bl  
0037+  0643 FD 9E 04      shl al, 4
0038+  0646 8C            or al, bl
0039+  0647 E5            pop b
0040+  0648 09            ret  
0041+  0649             
0042+  0649             
0043+  0649             ;;;;;;;;;;;;;;;;;;;;;;;;;;;;;;;;;;;;;;;;;;;;;;;;;;;;;;;;;;;;;;;;;;;;;;;;;;;;;;;;;;;;;;;;;;;;;;;;;;;;;;;;;;;;;;;;;;
0044+  0649             ; scanf
0045+  0649             ; no need for explanations!
0046+  0649             ;;;;;;;;;;;;;;;;;;;;;;;;;;;;;;;;;;;;;;;;;;;;;;;;;;;;;;;;;;;;;;;;;;;;;;;;;;;;;;;;;;;;;;;;;;;;;;;;;;;;;;;;;;;;;;;;;;
0047+  0649             scanf:
0048+  0649 09            ret
0049+  064A             
0050+  064A             ;;;;;;;;;;;;;;;;;;;;;;;;;;;;;;;;;;;;;;;;;;;;;;;;;;;;;;;;;;;;;;;;;;;;;;;;;;;;;;;;;;;;;;;;;;;;;;;;;;;;;;;;;;;;;;;;;;
0051+  064A             ; ITOA
0052+  064A             ; 8bit value in BL
0053+  064A             ; 2 byte ASCII result in A
0054+  064A             ;;;;;;;;;;;;;;;;;;;;;;;;;;;;;;;;;;;;;;;;;;;;;;;;;;;;;;;;;;;;;;;;;;;;;;;;;;;;;;;;;;;;;;;;;;;;;;;;;;;;;;;;;;;;;;;;;;
0055+  064A             _itoa:
0056+  064A DA            push d
0057+  064B D8            push b
0058+  064C A7 00         mov bh, 0
0059+  064E FD A4 04      shr bl, 4  
0060+  0651 74            mov d, b
0061+  0652 1F 25 09      mov al, [d + s_hex_digits]
0062+  0655 23            mov ah, al
0063+  0656               
0064+  0656 E5            pop b
0065+  0657 D8            push b
0066+  0658 A7 00         mov bh, 0
0067+  065A FD 87 0F      and bl, $0F
0068+  065D 74            mov d, b
0069+  065E 1F 25 09      mov al, [d + s_hex_digits]
0070+  0661 E5            pop b
0071+  0662 E7            pop d
0072+  0663 09            ret
0073+  0664             
0074+  0664             ;;;;;;;;;;;;;;;;;;;;;;;;;;;;;;;;;;;;;;;;;;;;;;;;;;;;;;;;;;;;;;;;;;;;;;;;;;;;;;;;;;;;;;;;;;;;;;;;;;;;;;;;;;;;;;;;;;
0075+  0664             ; HEX STRING TO BINARY
0076+  0664             ; di = destination address
0077+  0664             ; si = source
0078+  0664             ;;;;;;;;;;;;;;;;;;;;;;;;;;;;;;;;;;;;;;;;;;;;;;;;;;;;;;;;;;;;;;;;;;;;;;;;;;;;;;;;;;;;;;;;;;;;;;;;;;;;;;;;;;;;;;;;;;
0079+  0664             _hex_to_int:
0080+  0664             _hex_to_int_L1:
0081+  0664 F6            lodsb          ; load from [SI] to AL
0082+  0665 B9 00         cmp al, 0        ; check if ASCII 0
0083+  0667 C6 74 06      jz _hex_to_int_ret
0084+  066A 36            mov bh, al
0085+  066B F6            lodsb
0086+  066C 2F            mov bl, al
0087+  066D 07 39 06      call _atoi        ; convert ASCII byte in B to int (to AL)
0088+  0670 F7            stosb          ; store AL to [DI]
0089+  0671 0A 64 06      jmp _hex_to_int_L1
0090+  0674             _hex_to_int_ret:
0091+  0674 09            ret    
0092+  0675             
0093+  0675             
0094+  0675             
0095+  0675             ;;;;;;;;;;;;;;;;;;;;;;;;;;;;;;;;;;;;;;;;;;;;;;;;;;;;;;;;;;;;;;;;;;;;;;;;;;;;;;;;;;;;;;;;;;;;;;;;;;;;;;;;;;;;;;;;;;
0096+  0675             ; GETCHAR
0097+  0675             ; char in ah
0098+  0675             ;;;;;;;;;;;;;;;;;;;;;;;;;;;;;;;;;;;;;;;;;;;;;;;;;;;;;;;;;;;;;;;;;;;;;;;;;;;;;;;;;;;;;;;;;;;;;;;;;;;;;;;;;;;;;;;;;;
0099+  0675             _getchar:
0100+  0675 DB            push al
0101+  0676             _getchar_retry:
0102+  0676 FD 0C         sti
0103+  0678 19 01         mov al, 1
0104+  067A 05 03         syscall sys_io      ; receive in AH
0105+  067C B9 00         cmp al, 0      ; check if any char was received
0106+  067E C6 76 06      je _getchar_retry
0107+  0681 E8            pop al
0108+  0682 09            ret
0109+  0683             
0110+  0683             ;;;;;;;;;;;;;;;;;;;;;;;;;;;;;;;;;;;;;;;;;;;;;;;;;;;;;;;;;;;;;;;;;;;;;;;;;;;;;;;;;;;;;;;;;;;;;;;;;;;;;;;;;;;;;;;;;;
0111+  0683             ; PUTCHAR
0112+  0683             ; char in ah
0113+  0683             ;;;;;;;;;;;;;;;;;;;;;;;;;;;;;;;;;;;;;;;;;;;;;;;;;;;;;;;;;;;;;;;;;;;;;;;;;;;;;;;;;;;;;;;;;;;;;;;;;;;;;;;;;;;;;;;;;;
0114+  0683             _putchar:
0115+  0683 D7            push a
0116+  0684 19 00         mov al, 0
0117+  0686 05 03         syscall sys_io      ; char in AH
0118+  0688 E4            pop a
0119+  0689 09            ret
0120+  068A             
0121+  068A             ;;;;;;;;;;;;;;;;;;;;;;;;;;;;;;;;;;;;;;;;;;;;;;;;;;;;;;;;;;;;;;;;;;;;;;;;;;;;;;;;;;;;;;;;;;;;;;;;;;;;;;;;;;;;;;;;;;
0122+  068A             ;; INPUT A STRING
0123+  068A             ;; terminates with null
0124+  068A             ;; pointer in D
0125+  068A             ;;;;;;;;;;;;;;;;;;;;;;;;;;;;;;;;;;;;;;;;;;;;;;;;;;;;;;;;;;;;;;;;;;;;;;;;;;;;;;;;;;;;;;;;;;;;;;;;;;;;;;;;;;;;;;;;;;
0126+  068A             _gets:
0127+  068A D7            push a
0128+  068B DA            push d
0129+  068C             _gets_loop:
0130+  068C FD 0C         sti
0131+  068E 19 01         mov al, 1
0132+  0690 05 03         syscall sys_io      ; receive in AH
0133+  0692 B9 00         cmp al, 0        ; check error code (AL)
0134+  0694 C6 8C 06      je _gets_loop      ; if no char received, retry
0135+  0697             
0136+  0697 76 1B         cmp ah, 27
0137+  0699 C6 BA 06      je _gets_ansi_esc
0138+  069C 76 0A         cmp ah, $0A        ; LF
0139+  069E C6 2B 07      je _gets_end
0140+  06A1 76 0D         cmp ah, $0D        ; CR
0141+  06A3 C6 2B 07      je _gets_end
0142+  06A6 76 5C         cmp ah, $5C        ; '\\'
0143+  06A8 C6 EA 06      je _gets_escape
0144+  06AB               
0145+  06AB 76 08         cmp ah, $08      ; check for backspace
0146+  06AD C6 B6 06      je _gets_backspace
0147+  06B0             
0148+  06B0 1A            mov al, ah
0149+  06B1 3E            mov [d], al
0150+  06B2 79            inc d
0151+  06B3 0A 8C 06      jmp _gets_loop
0152+  06B6             _gets_backspace:
0153+  06B6 7F            dec d
0154+  06B7 0A 8C 06      jmp _gets_loop
0155+  06BA             _gets_ansi_esc:
0156+  06BA FD 0C         sti
0157+  06BC 19 01         mov al, 1
0158+  06BE 05 03         syscall sys_io        ; receive in AH without echo
0159+  06C0 B9 00         cmp al, 0          ; check error code (AL)
0160+  06C2 C6 BA 06      je _gets_ansi_esc    ; if no char received, retry
0161+  06C5 76 5B         cmp ah, '['
0162+  06C7 C7 8C 06      jne _gets_loop
0163+  06CA             _gets_ansi_esc_2:
0164+  06CA FD 0C         sti
0165+  06CC 19 01         mov al, 1
0166+  06CE 05 03         syscall sys_io          ; receive in AH without echo
0167+  06D0 B9 00         cmp al, 0            ; check error code (AL)
0168+  06D2 C6 CA 06      je _gets_ansi_esc_2  ; if no char received, retry
0169+  06D5 76 44         cmp ah, 'D'
0170+  06D7 C6 E2 06      je _gets_left_arrow
0171+  06DA 76 43         cmp ah, 'C'
0172+  06DC C6 E6 06      je _gets_right_arrow
0173+  06DF 0A 8C 06      jmp _gets_loop
0174+  06E2             _gets_left_arrow:
0175+  06E2 7F            dec d
0176+  06E3 0A 8C 06      jmp _gets_loop
0177+  06E6             _gets_right_arrow:
0178+  06E6 79            inc d
0179+  06E7 0A 8C 06      jmp _gets_loop
0180+  06EA             _gets_escape:
0181+  06EA FD 0C         sti
0182+  06EC 19 01         mov al, 1
0183+  06EE 05 03         syscall sys_io      ; receive in AH
0184+  06F0 B9 00         cmp al, 0        ; check error code (AL)
0185+  06F2 C6 EA 06      je _gets_escape      ; if no char received, retry
0186+  06F5 76 6E         cmp ah, 'n'
0187+  06F7 C6 16 07      je _gets_LF
0188+  06FA 76 72         cmp ah, 'r'
0189+  06FC C6 1D 07      je _gets_CR
0190+  06FF 76 30         cmp ah, '0'
0191+  0701 C6 24 07      je _gets_NULL
0192+  0704 76 5C         cmp ah, $5C  ; '\'
0193+  0706 C6 0F 07      je _gets_slash
0194+  0709 1A            mov al, ah        ; if not a known escape, it is just a normal letter
0195+  070A 3E            mov [d], al
0196+  070B 79            inc d
0197+  070C 0A 8C 06      jmp _gets_loop
0198+  070F             _gets_slash:
0199+  070F 19 5C         mov al, $5C
0200+  0711 3E            mov [d], al
0201+  0712 79            inc d
0202+  0713 0A 8C 06      jmp _gets_loop
0203+  0716             _gets_LF:
0204+  0716 19 0A         mov al, $0A
0205+  0718 3E            mov [d], al
0206+  0719 79            inc d
0207+  071A 0A 8C 06      jmp _gets_loop
0208+  071D             _gets_CR:
0209+  071D 19 0D         mov al, $0D
0210+  071F 3E            mov [d], al
0211+  0720 79            inc d
0212+  0721 0A 8C 06      jmp _gets_loop
0213+  0724             _gets_NULL:
0214+  0724 19 00         mov al, $00
0215+  0726 3E            mov [d], al
0216+  0727 79            inc d
0217+  0728 0A 8C 06      jmp _gets_loop
0218+  072B             _gets_end:
0219+  072B 19 00         mov al, 0
0220+  072D 3E            mov [d], al        ; terminate string
0221+  072E E7            pop d
0222+  072F E4            pop a
0223+  0730 09            ret
0224+  0731             
0225+  0731             ;;;;;;;;;;;;;;;;;;;;;;;;;;;;;;;;;;;;;;;;;;;;;;;;;;;;;;;;;;;;;;;;;;;;;;;;;;;;;;;;;;;;;;;;;;;;;;;;;;;;;;;;;;;;;;;;;;
0226+  0731             ;; INPUT BINARY
0227+  0731             ;; pointer in D
0228+  0731             ;; size in b
0229+  0731             ;;;;;;;;;;;;;;;;;;;;;;;;;;;;;;;;;;;;;;;;;;;;;;;;;;;;;;;;;;;;;;;;;;;;;;;;;;;;;;;;;;;;;;;;;;;;;;;;;;;;;;;;;;;;;;;;;;
0230+  0731             _load_binary:
0231+  0731 D7            push a
0232+  0732 DA            push d
0233+  0733 D9            push c
0234+  0734 38 00 00      mov c, 0
0235+  0737             _load_binary_loop:
0236+  0737 19 03         mov al, 3
0237+  0739 05 03         syscall sys_io      ; receive in AH with no echo
0238+  073B B9 00         cmp al, 0        ; check error code (AL)
0239+  073D C6 37 07      je _load_binary_loop    ; if no char received, retry
0240+  0740 1A            mov al, ah
0241+  0741 3E            mov [d], al
0242+  0742 79            inc d
0243+  0743 78            inc c
0244+  0744 FD C0         cmp b, c
0245+  0746 C7 37 07      jne _load_binary_loop
0246+  0749             _load_binary_end:
0247+  0749 E6            pop c
0248+  074A E7            pop d
0249+  074B E4            pop a
0250+  074C 09            ret
0251+  074D             
0252+  074D             ;;;;;;;;;;;;;;;;;;;;;;;;;;;;;;;;;;;;;;;;;;;;;;;;;;;;;;;;;;;;;;;;;;;;;;;;;;;;;;;;;;;;;;;;;;;;;;;;;;;;;;;;;;;;;;;;;;
0253+  074D             ;; INPUT TEXT
0254+  074D             ;; terminated with CTRL+D
0255+  074D             ;; pointer in D
0256+  074D             ;;;;;;;;;;;;;;;;;;;;;;;;;;;;;;;;;;;;;;;;;;;;;;;;;;;;;;;;;;;;;;;;;;;;;;;;;;;;;;;;;;;;;;;;;;;;;;;;;;;;;;;;;;;;;;;;;;
0257+  074D             _gettxt:
0258+  074D D7            push a
0259+  074E DA            push d
0260+  074F             _gettxt_loop:
0261+  074F 19 01         mov al, 1
0262+  0751 05 03         syscall sys_io      ; receive in AH
0263+  0753 B9 00         cmp al, 0        ; check error code (AL)
0264+  0755 C6 4F 07      je _gettxt_loop    ; if no char received, retry
0265+  0758 76 04         cmp ah, 4      ; EOT
0266+  075A C6 98 07      je _gettxt_end
0267+  075D 76 08         cmp ah, $08      ; check for backspace
0268+  075F C6 94 07      je _gettxt_backspace
0269+  0762 76 5C         cmp ah, $5C        ; '\'
0270+  0764 C6 6D 07      je _gettxt_escape
0271+  0767 1A            mov al, ah
0272+  0768 3E            mov [d], al
0273+  0769 79            inc d
0274+  076A 0A 4F 07      jmp _gettxt_loop
0275+  076D             _gettxt_escape:
0276+  076D 19 01         mov al, 1
0277+  076F 05 03         syscall sys_io      ; receive in AH
0278+  0771 B9 00         cmp al, 0        ; check error code (AL)
0279+  0773 C6 6D 07      je _gettxt_escape    ; if no char received, retry
0280+  0776 76 6E         cmp ah, 'n'
0281+  0778 C6 86 07      je _gettxt_LF
0282+  077B 76 72         cmp ah, 'r'
0283+  077D C6 8D 07      je _gettxt_CR
0284+  0780 1A            mov al, ah        ; if not a known escape, it is just a normal letter
0285+  0781 3E            mov [d], al
0286+  0782 79            inc d
0287+  0783 0A 4F 07      jmp _gettxt_loop
0288+  0786             _gettxt_LF:
0289+  0786 19 0A         mov al, $0A
0290+  0788 3E            mov [d], al
0291+  0789 79            inc d
0292+  078A 0A 4F 07      jmp _gettxt_loop
0293+  078D             _gettxt_CR:
0294+  078D 19 0D         mov al, $0D
0295+  078F 3E            mov [d], al
0296+  0790 79            inc d
0297+  0791 0A 4F 07      jmp _gettxt_loop
0298+  0794             _gettxt_backspace:
0299+  0794 7F            dec d
0300+  0795 0A 4F 07      jmp _gettxt_loop
0301+  0798             _gettxt_end:
0302+  0798 19 00         mov al, 0
0303+  079A 3E            mov [d], al        ; terminate string
0304+  079B E7            pop d
0305+  079C E4            pop a
0306+  079D 09            ret
0307+  079E             
0308+  079E             ;;;;;;;;;;;;;;;;;;;;;;;;;;;;;;;;;;;;;;;;;;;;;;;;;;;;;;;;;;;;;;;;;;;;;;;;;;;;;;;;;;;;;;;;;;;;;;;;;;;;;;;;;;;;;;;;;;
0309+  079E             ; PRINT NEW LINE
0310+  079E             ;;;;;;;;;;;;;;;;;;;;;;;;;;;;;;;;;;;;;;;;;;;;;;;;;;;;;;;;;;;;;;;;;;;;;;;;;;;;;;;;;;;;;;;;;;;;;;;;;;;;;;;;;;;;;;;;;;
0311+  079E             printnl:
0312+  079E D7            push a
0313+  079F 10 00 0A      mov a, $0A00
0314+  07A2 05 03         syscall sys_io
0315+  07A4 10 00 0D      mov a, $0D00
0316+  07A7 05 03         syscall sys_io
0317+  07A9 E4            pop a
0318+  07AA 09            ret
0319+  07AB             
0320+  07AB             ;;;;;;;;;;;;;;;;;;;;;;;;;;;;;;;;;;;;;;;;;;;;;;;;;;;;;;;;;;;;;;;;;;;;;;;;;;;;;;;;;;;;;;;;;;;;;;;;;;;;;;;;;;;;;;;;;;
0321+  07AB             ; _strtoint
0322+  07AB             ; 4 digit hex string number in d
0323+  07AB             ; integer returned in A
0324+  07AB             ;;;;;;;;;;;;;;;;;;;;;;;;;;;;;;;;;;;;;;;;;;;;;;;;;;;;;;;;;;;;;;;;;;;;;;;;;;;;;;;;;;;;;;;;;;;;;;;;;;;;;;;;;;;;;;;;;;
0325+  07AB             _strtointx:
0326+  07AB D8            push b
0327+  07AC 32            mov bl, [d]
0328+  07AD 37            mov bh, bl
0329+  07AE 33 01 00      mov bl, [d + 1]
0330+  07B1 07 39 06      call _atoi        ; convert to int in AL
0331+  07B4 23            mov ah, al        ; move to AH
0332+  07B5 33 02 00      mov bl, [d + 2]
0333+  07B8 37            mov bh, bl
0334+  07B9 33 03 00      mov bl, [d + 3]
0335+  07BC 07 39 06      call _atoi        ; convert to int in AL
0336+  07BF E5            pop b
0337+  07C0 09            ret
0338+  07C1             
0339+  07C1             ;;;;;;;;;;;;;;;;;;;;;;;;;;;;;;;;;;;;;;;;;;;;;;;;;;;;;;;;;;;;;;;;;;;;;;;;;;;;;;;;;;;;;;;;;;;;;;;;;;;;;;;;;;;;;;;;;;
0340+  07C1             ; _strtoint
0341+  07C1             ; 5 digit base10 string number in d
0342+  07C1             ; integer returned in A
0343+  07C1             ;;;;;;;;;;;;;;;;;;;;;;;;;;;;;;;;;;;;;;;;;;;;;;;;;;;;;;;;;;;;;;;;;;;;;;;;;;;;;;;;;;;;;;;;;;;;;;;;;;;;;;;;;;;;;;;;;;
0344+  07C1             _strtoint:
0345+  07C1 E2            push si
0346+  07C2 D8            push b
0347+  07C3 D9            push c
0348+  07C4 DA            push d
0349+  07C5 07 DB 05      call _strlen      ; get string length in C
0350+  07C8 7E            dec c
0351+  07C9 FD 4E         mov si, d
0352+  07CB 12            mov a, c
0353+  07CC FD 99         shl a
0354+  07CE 3B 3D 09      mov d, table_power
0355+  07D1 59            add d, a
0356+  07D2 38 00 00      mov c, 0
0357+  07D5             _strtoint_L0:
0358+  07D5 F6            lodsb      ; load ASCII to al
0359+  07D6 B9 00         cmp al, 0
0360+  07D8 C6 EB 07      je _strtoint_end
0361+  07DB 6F 30         sub al, $30    ; make into integer
0362+  07DD 22 00         mov ah, 0
0363+  07DF 2A            mov b, [d]
0364+  07E0 AC            mul a, b      ; result in B since it fits in 16bits
0365+  07E1 11            mov a, b
0366+  07E2 28            mov b, c
0367+  07E3 54            add a, b
0368+  07E4 39            mov c, a
0369+  07E5 63 02 00      sub d, 2
0370+  07E8 0A D5 07      jmp _strtoint_L0
0371+  07EB             _strtoint_end:
0372+  07EB 12            mov a, c
0373+  07EC E7            pop d
0374+  07ED E6            pop c
0375+  07EE E5            pop b
0376+  07EF EF            pop si
0377+  07F0 09            ret
0378+  07F1             
0379+  07F1             
0380+  07F1             ;;;;;;;;;;;;;;;;;;;;;;;;;;;;;;;;;;;;;;;;;;;;;;;;;;;;;;;;;;;;;;;;;;;;;;;;;;;;;;;;;;;;;;;;;;;;;;;;;;;;;;;;;;;;;;;;;;
0381+  07F1             ; PRINT NULL TERMINATED STRING
0382+  07F1             ; pointer in D
0383+  07F1             ;;;;;;;;;;;;;;;;;;;;;;;;;;;;;;;;;;;;;;;;;;;;;;;;;;;;;;;;;;;;;;;;;;;;;;;;;;;;;;;;;;;;;;;;;;;;;;;;;;;;;;;;;;;;;;;;;;
0384+  07F1             _puts:
0385+  07F1 D7            push a
0386+  07F2 DA            push d
0387+  07F3             _puts_L1:
0388+  07F3 1E            mov al, [d]
0389+  07F4 B9 00         cmp al, 0
0390+  07F6 C6 02 08      jz _puts_END
0391+  07F9 23            mov ah, al
0392+  07FA 19 00         mov al, 0
0393+  07FC 05 03         syscall sys_io
0394+  07FE 79            inc d
0395+  07FF 0A F3 07      jmp _puts_L1
0396+  0802             _puts_END:
0397+  0802 E7            pop d
0398+  0803 E4            pop a
0399+  0804 09            ret
0400+  0805             
0401+  0805             ;;;;;;;;;;;;;;;;;;;;;;;;;;;;;;;;;;;;;;;;;;;;;;;;;;;;;;;;;;;;;;;;;;;;;;;;;;;;;;;;;;;;;;;;;;;;;;;;;;;;;;;;;;;;;;;;;;
0402+  0805             ; PRINT N SIZE STRING
0403+  0805             ; pointer in D
0404+  0805             ; size in C
0405+  0805             ;;;;;;;;;;;;;;;;;;;;;;;;;;;;;;;;;;;;;;;;;;;;;;;;;;;;;;;;;;;;;;;;;;;;;;;;;;;;;;;;;;;;;;;;;;;;;;;;;;;;;;;;;;;;;;;;;;
0406+  0805             _putsn:
0407+  0805 DB            push al
0408+  0806 DA            push d
0409+  0807 D9            push c
0410+  0808             _putsn_L0:
0411+  0808 1E            mov al, [d]
0412+  0809 23            mov ah, al
0413+  080A 19 00         mov al, 0
0414+  080C 05 03         syscall sys_io
0415+  080E 79            inc d
0416+  080F 7E            dec c  
0417+  0810 C2 00 00      cmp c, 0
0418+  0813 C7 08 08      jne _putsn_L0
0419+  0816             _putsn_end:
0420+  0816 E6            pop c
0421+  0817 E7            pop d
0422+  0818 E8            pop al
0423+  0819 09            ret
0424+  081A             
0425+  081A             ;;;;;;;;;;;;;;;;;;;;;;;;;;;;;;;;;;;;;;;;;;;;;;;;;;;;;;;;;;;;;;;;;;;;;;;;;;;;;;;;;;;;;;;
0426+  081A             ; print 16bit decimal number
0427+  081A             ; input number in A
0428+  081A             ;;;;;;;;;;;;;;;;;;;;;;;;;;;;;;;;;;;;;;;;;;;;;;;;;;;;;;;;;;;;;;;;;;;;;;;;;;;;;;;;;;;;;;;
0429+  081A             print_u16d:
0430+  081A D7            push a
0431+  081B D8            push b
0432+  081C 26 10 27      mov b, 10000
0433+  081F AE            div a, b      ; get 10000's coeff.
0434+  0820 07 42 08      call print_number
0435+  0823 11            mov a, b
0436+  0824 26 E8 03      mov b, 1000
0437+  0827 AE            div a, b      ; get 1000's coeff.
0438+  0828 07 42 08      call print_number
0439+  082B 11            mov a, b
0440+  082C 26 64 00      mov b, 100
0441+  082F AE            div a, b
0442+  0830 07 42 08      call print_number
0443+  0833 11            mov a, b
0444+  0834 26 0A 00      mov b, 10
0445+  0837 AE            div a, b
0446+  0838 07 42 08      call print_number
0447+  083B 1B            mov al, bl      ; 1's coeff in bl
0448+  083C 07 42 08      call print_number
0449+  083F E5            pop b
0450+  0840 E4            pop a
0451+  0841 09            ret
0452+  0842             
0453+  0842             ;;;;;;;;;;;;;;;;;;;;;;;;;;;;;;;;;;;;;;;;;;;;;;;;;;;;;;;;;;;;;;;;;;;;;;;;;;;;;;;;;;;;;;;
0454+  0842             ; print AL
0455+  0842             ;;;;;;;;;;;;;;;;;;;;;;;;;;;;;;;;;;;;;;;;;;;;;;;;;;;;;;;;;;;;;;;;;;;;;;;;;;;;;;;;;;;;;;;
0456+  0842             print_number:
0457+  0842 6A 30         add al, $30
0458+  0844 23            mov ah, al
0459+  0845 07 83 06      call _putchar
0460+  0848 09            ret
0461+  0849             
0462+  0849             ;;;;;;;;;;;;;;;;;;;;;;;;;;;;;;;;;;;;;;;;;;;;;;;;;;;;;;;;;;;;;;;;;;;;;;;;;;;;;;;;;;;;;;;;;;;;;;;;;;;;;;;;;;;;;;;;;;
0463+  0849             ; PRINT 16BIT HEX INTEGER
0464+  0849             ; integer value in reg B
0465+  0849             ;;;;;;;;;;;;;;;;;;;;;;;;;;;;;;;;;;;;;;;;;;;;;;;;;;;;;;;;;;;;;;;;;;;;;;;;;;;;;;;;;;;;;;;;;;;;;;;;;;;;;;;;;;;;;;;;;;
0466+  0849             print_u16x:
0467+  0849 D7            push a
0468+  084A D8            push b
0469+  084B DD            push bl
0470+  084C 30            mov bl, bh
0471+  084D 07 4A 06      call _itoa        ; convert bh to char in A
0472+  0850 2F            mov bl, al        ; save al
0473+  0851 19 00         mov al, 0
0474+  0853 05 03         syscall sys_io        ; display AH
0475+  0855 24            mov ah, bl        ; retrieve al
0476+  0856 19 00         mov al, 0
0477+  0858 05 03         syscall sys_io        ; display AL
0478+  085A             
0479+  085A EA            pop bl
0480+  085B 07 4A 06      call _itoa        ; convert bh to char in A
0481+  085E 2F            mov bl, al        ; save al
0482+  085F 19 00         mov al, 0
0483+  0861 05 03         syscall sys_io        ; display AH
0484+  0863 24            mov ah, bl        ; retrieve al
0485+  0864 19 00         mov al, 0
0486+  0866 05 03         syscall sys_io        ; display AL
0487+  0868             
0488+  0868 E5            pop b
0489+  0869 E4            pop a
0490+  086A 09            ret
0491+  086B             
0492+  086B             ;;;;;;;;;;;;;;;;;;;;;;;;;;;;;;;;;;;;;;;;;;;;;;;;;;;;;;;;;;;;;;;;;;;;;;;;;;;;;;;;;;;;;;;;;;;;;;;;;;;;;;;;;;;;;;;;;;
0493+  086B             ; INPUT 16BIT HEX INTEGER
0494+  086B             ; read 16bit integer into A
0495+  086B             ;;;;;;;;;;;;;;;;;;;;;;;;;;;;;;;;;;;;;;;;;;;;;;;;;;;;;;;;;;;;;;;;;;;;;;;;;;;;;;;;;;;;;;;;;;;;;;;;;;;;;;;;;;;;;;;;;;
0496+  086B             scan_u16x:
0497+  086B F8 10 00      enter 16
0498+  086E D8            push b
0499+  086F DA            push d
0500+  0870             
0501+  0870 FA F1 FF      lea d, [bp + -15]
0502+  0873 07 8A 06      call _gets        ; get number
0503+  0876             
0504+  0876 32            mov bl, [d]
0505+  0877 37            mov bh, bl
0506+  0878 33 01 00      mov bl, [d + 1]
0507+  087B 07 39 06      call _atoi        ; convert to int in AL
0508+  087E 23            mov ah, al        ; move to AH
0509+  087F             
0510+  087F 33 02 00      mov bl, [d + 2]
0511+  0882 37            mov bh, bl
0512+  0883 33 03 00      mov bl, [d + 3]
0513+  0886 07 39 06      call _atoi        ; convert to int in AL
0514+  0889             
0515+  0889 E7            pop d
0516+  088A E5            pop b
0517+  088B F9            leave
0518+  088C 09            ret
0519+  088D             
0520+  088D             ;;;;;;;;;;;;;;;;;;;;;;;;;;;;;;;;;;;;;;;;;;;;;;;;;;;;;;;;;;;;;;;;;;;;;;;;;;;;;;;;;;;;;;;;;;;;;;;;;;;;;;;;;;;;;;;;;;
0521+  088D             ; PRINT 8bit HEX INTEGER
0522+  088D             ; integer value in reg bl
0523+  088D             ;;;;;;;;;;;;;;;;;;;;;;;;;;;;;;;;;;;;;;;;;;;;;;;;;;;;;;;;;;;;;;;;;;;;;;;;;;;;;;;;;;;;;;;;;;;;;;;;;;;;;;;;;;;;;;;;;;
0524+  088D             print_u8x:
0525+  088D D7            push a
0526+  088E DD            push bl
0527+  088F             
0528+  088F 07 4A 06      call _itoa        ; convert bl to char in A
0529+  0892 2F            mov bl, al        ; save al
0530+  0893 19 00         mov al, 0
0531+  0895 05 03         syscall sys_io        ; display AH
0532+  0897 24            mov ah, bl        ; retrieve al
0533+  0898 19 00         mov al, 0
0534+  089A 05 03         syscall sys_io        ; display AL
0535+  089C             
0536+  089C EA            pop bl
0537+  089D E4            pop a
0538+  089E 09            ret
0539+  089F             
0540+  089F             ;;;;;;;;;;;;;;;;;;;;;;;;;;;;;;;;;;;;;;;;;;;;;;;;;;;;;;;;;;;;;;;;;;;;;;;;;;;;;;;;;;;;;;;
0541+  089F             ; print 8bit decimal unsigned number
0542+  089F             ; input number in AL
0543+  089F             ;;;;;;;;;;;;;;;;;;;;;;;;;;;;;;;;;;;;;;;;;;;;;;;;;;;;;;;;;;;;;;;;;;;;;;;;;;;;;;;;;;;;;;;
0544+  089F             print_u8d:
0545+  089F D7            push a
0546+  08A0 D8            push b
0547+  08A1             
0548+  08A1 22 00         mov ah, 0
0549+  08A3 26 64 00      mov b, 100
0550+  08A6 AE            div a, b
0551+  08A7 D8            push b      ; save remainder
0552+  08A8 B9 00         cmp al, 0
0553+  08AA C6 B4 08      je skip100
0554+  08AD 6A 30         add al, $30
0555+  08AF 23            mov ah, al
0556+  08B0 19 00         mov al, 0
0557+  08B2 05 03         syscall sys_io  ; print coeff
0558+  08B4             skip100:
0559+  08B4 E4            pop a
0560+  08B5 22 00         mov ah, 0
0561+  08B7 26 0A 00      mov b, 10
0562+  08BA AE            div a, b
0563+  08BB D8            push b      ; save remainder
0564+  08BC B9 00         cmp al, 0
0565+  08BE C6 C8 08      je skip10
0566+  08C1 6A 30         add al, $30
0567+  08C3 23            mov ah, al
0568+  08C4 19 00         mov al, 0
0569+  08C6 05 03         syscall sys_io  ; print coeff
0570+  08C8             skip10:
0571+  08C8 E4            pop a
0572+  08C9 1B            mov al, bl
0573+  08CA 6A 30         add al, $30
0574+  08CC 23            mov ah, al
0575+  08CD 19 00         mov al, 0
0576+  08CF 05 03         syscall sys_io  ; print coeff
0577+  08D1 E5            pop b
0578+  08D2 E4            pop a
0579+  08D3 09            ret
0580+  08D4             
0581+  08D4             ;;;;;;;;;;;;;;;;;;;;;;;;;;;;;;;;;;;;;;;;;;;;;;;;;;;;;;;;;;;;;;;;;;;;;;;;;;;;;;;;;;;;;;;;;;;;;;;;;;;;;;;;;;;;;;;;;;
0582+  08D4             ; INPUT 8BIT HEX INTEGER
0583+  08D4             ; read 8bit integer into AL
0584+  08D4             ;;;;;;;;;;;;;;;;;;;;;;;;;;;;;;;;;;;;;;;;;;;;;;;;;;;;;;;;;;;;;;;;;;;;;;;;;;;;;;;;;;;;;;;;;;;;;;;;;;;;;;;;;;;;;;;;;;
0585+  08D4             scan_u8x:
0586+  08D4 F8 04 00      enter 4
0587+  08D7 D8            push b
0588+  08D8 DA            push d
0589+  08D9             
0590+  08D9 FA FD FF      lea d, [bp + -3]
0591+  08DC 07 8A 06      call _gets        ; get number
0592+  08DF             
0593+  08DF 32            mov bl, [d]
0594+  08E0 37            mov bh, bl
0595+  08E1 33 01 00      mov bl, [d + 1]
0596+  08E4 07 39 06      call _atoi        ; convert to int in AL
0597+  08E7             
0598+  08E7 E7            pop d
0599+  08E8 E5            pop b
0600+  08E9 F9            leave
0601+  08EA 09            ret
0602+  08EB             
0603+  08EB             ;;;;;;;;;;;;;;;;;;;;;;;;;;;;;;;;;;;;;;;;;;;;;;;;;;;;;;;;;;;;;;;;;;;;;;;;;;;;;;;;;;;;;;;
0604+  08EB             ; input decimal number
0605+  08EB             ; result in A
0606+  08EB             ; 655'\0'
0607+  08EB             ; low--------high
0608+  08EB             ;;;;;;;;;;;;;;;;;;;;;;;;;;;;;;;;;;;;;;;;;;;;;;;;;;;;;;;;;;;;;;;;;;;;;;;;;;;;;;;;;;;;;;;
0609+  08EB             scan_u16d:
0610+  08EB F8 08 00      enter 8
0611+  08EE E2            push si
0612+  08EF D8            push b
0613+  08F0 D9            push c
0614+  08F1 DA            push d
0615+  08F2 FA F9 FF      lea d, [bp +- 7]
0616+  08F5 07 8A 06      call _gets
0617+  08F8 07 DB 05      call _strlen      ; get string length in C
0618+  08FB 7E            dec c
0619+  08FC FD 4E         mov si, d
0620+  08FE 12            mov a, c
0621+  08FF FD 99         shl a
0622+  0901 3B 3D 09      mov d, table_power
0623+  0904 59            add d, a
0624+  0905 38 00 00      mov c, 0
0625+  0908             mul_loop:
0626+  0908 F6            lodsb      ; load ASCII to al
0627+  0909 B9 00         cmp al, 0
0628+  090B C6 1E 09      je mul_exit
0629+  090E 6F 30         sub al, $30    ; make into integer
0630+  0910 22 00         mov ah, 0
0631+  0912 2A            mov b, [d]
0632+  0913 AC            mul a, b      ; result in B since it fits in 16bits
0633+  0914 11            mov a, b
0634+  0915 28            mov b, c
0635+  0916 54            add a, b
0636+  0917 39            mov c, a
0637+  0918 63 02 00      sub d, 2
0638+  091B 0A 08 09      jmp mul_loop
0639+  091E             mul_exit:
0640+  091E 12            mov a, c
0641+  091F E7            pop d
0642+  0920 E6            pop c
0643+  0921 E5            pop b
0644+  0922 EF            pop si
0645+  0923 F9            leave
0646+  0924 09            ret
0647+  0925             
0648+  0925             
0649+  0925 30 31 32 33 s_hex_digits:    .db "0123456789ABCDEF"  
0649+  0929 34 35 36 37 
0649+  092D 38 39 41 42 
0649+  0931 43 44 45 46 
0650+  0935 1B 5B 32 4A s_telnet_clear:  .db "\033[2J\033[H", 0
0650+  0939 1B 5B 48 00 
0651+  093D             
0652+  093D             table_power:
0653+  093D 01 00         .dw 1
0654+  093F 0A 00         .dw 10
0655+  0941 64 00         .dw 100
0656+  0943 E8 03         .dw 1000
0657+  0945 10 27         .dw 100000107   0947             
0108   0947 00          flags:	.db
0109   0948             
0110   0948             .end
0111   0948             
tasm: Number of errors = 0
