0001   0000             .include "lib/kernel.exp"
0001+  0000             TEXT_ORG         .EQU  $0400
0002+  0000             sys_break        .EQU  $0000
0003+  0000             sys_rtc          .EQU  $0001
0004+  0000             sys_ide          .EQU  $0002
0005+  0000             sys_io           .EQU  $0003
0006+  0000             sys_filesystem   .EQU  $0004
0007+  0000             sys_spawn_proc   .EQU  $0005
0008+  0000             sys_list         .EQU  $0006
0009+  0000             sys_datetime     .EQU  $0007
0010+  0000             sys_reboot       .EQU  $0008
0011+  0000             sys_pause_proc   .EQU  $0009
0012+  0000             sys_resume_proc  .EQU  $000a
0013+  0000             sys_terminate_proc .EQU  $000b
0014+  0000             sys_system       .EQU  $000c
0002   0000             
0003   0000             ;;;;;;;;;;;;;;;;;;;;;;;;;;;;;;;;;;;;;;;;;;;;;;;;;;;;;;;;;;;;;;;;;;;;;;;;;;;;;;;;
0004   0000             ;;;;;;;;;;;;;;;;;;;;;;;;;;;;;;;;;;;;;;;;;;;;;;;;;;;;;;;;;;;;;;;;;;;;;;;;;;;;;;;;
0005   0000             
0006   0400             .org TEXT_ORG			; origin at 1024
0007   0400             
0008   0400             ; when running the installer, we need to be inside /boot because the mkbin system call
0009   0400             ; creates all binary files inside whatever is the current directory
0010   0400             ; and we want the kernel to live inside /boot
0011   0400             bootloader_installer:
0012   0400 3B 26 04      mov d, s_enter_filename
0013   0403 07 F0 06      call _puts
0014   0406 3B 38 04      mov d, kernel_filename
0015   0409 07 AD 05      call _gets
0016   040C             
0017   040C FD 4D 38 04   mov si, kernel_filename
0018   0410 FD 4F 78 04   mov di, kernel_fullpath
0019   0414 07 38 05      call _strcat             ; form full pathname for the kernel file
0020   0417 3B 78 04    	mov d, kernel_fullpath
0021   041A 19 13       	mov al, 19
0022   041C 05 04       	syscall sys_filesystem		; obtain dirID for kernel file, in A
0023   041E 77          	inc a					; increment LBA because data starts after the header sector
0024   041F             
0025   041F 27            mov b, a
0026   0420 19 03         mov al, 3
0027   0422 05 0C       	syscall sys_system
0028   0424 05 0B       	syscall sys_terminate_proc
0029   0426             
0030   0426             
0031   0426             
0032   0426             
0033   0426 4B 65 72 6E s_enter_filename:  .db "Kernel filename: ", 0
0033   042A 65 6C 20 66 
0033   042E 69 6C 65 6E 
0033   0432 61 6D 65 3A 
0033   0436 20 00 
0034   0438 00 00 00 00 kernel_filename:   .fill 64, 0
0034   043C 00 00 00 00 
0034   0440 00 00 00 00 
0034   0444 00 00 00 00 
0034   0448 00 00 00 00 
0034   044C 00 00 00 00 
0034   0450 00 00 00 00 
0034   0454 00 00 00 00 
0034   0458 00 00 00 00 
0034   045C 00 00 00 00 
0034   0460 00 00 00 00 
0034   0464 00 00 00 00 
0034   0468 00 00 00 00 
0034   046C 00 00 00 00 
0034   0470 00 00 00 00 
0034   0474 00 00 00 00 
0035   0478 2F 62 6F 6F kernel_fullpath:   .db "/boot/"
0035   047C 74 2F 
0036   047E 00 00 00 00                    .fill 64, 0
0036   0482 00 00 00 00 
0036   0486 00 00 00 00 
0036   048A 00 00 00 00 
0036   048E 00 00 00 00 
0036   0492 00 00 00 00 
0036   0496 00 00 00 00 
0036   049A 00 00 00 00 
0036   049E 00 00 00 00 
0036   04A2 00 00 00 00 
0036   04A6 00 00 00 00 
0036   04AA 00 00 00 00 
0036   04AE 00 00 00 00 
0036   04B2 00 00 00 00 
0036   04B6 00 00 00 00 
0036   04BA 00 00 00 00 
0037   04BE             
0038   04BE             .include "lib/stdio.asm"
0001+  04BE             ;;;;;;;;;;;;;;;;;;;;;;;;;;;;;;;;;;;;;;;;;;;;;;;;;;;;;;;;;;;;;;;;;;;;;;;;;;;;;;;;;;;;;;;;;;;;;;;;;;;;;;;;;;;;;;;;;;
0002+  04BE             ; stdio.s
0003+  04BE             ;;;;;;;;;;;;;;;;;;;;;;;;;;;;;;;;;;;;;;;;;;;;;;;;;;;;;;;;;;;;;;;;;;;;;;;;;;;;;;;;;;;;;;;;;;;;;;;;;;;;;;;;;;;;;;;;;;
0004+  04BE             .include "lib/string.asm"
0001++ 04BE             ;;;;;;;;;;;;;;;;;;;;;;;;;;;;;;;;;;;;;;;;;;;;;;;;;;;;;;;;;;;;;;;;;;;;;;;;;;;;;;;;;;;;;;;;;;;;;;;;;;;;;;;;;;;;;;;;;;
0002++ 04BE             ; string.s
0003++ 04BE             ;;;;;;;;;;;;;;;;;;;;;;;;;;;;;;;;;;;;;;;;;;;;;;;;;;;;;;;;;;;;;;;;;;;;;;;;;;;;;;;;;;;;;;;;;;;;;;;;;;;;;;;;;;;;;;;;;;
0004++ 04BE             
0005++ 04BE             
0006++ 04BE             ;;;;;;;;;;;;;;;;;;;;;;;;;;;;;;;;;;;;;;;;;;;;;;;;;;;;;;;;;;;;;;;;;;;;;;;;;;;;;;;;;;;;;;;;;;;;;;;;;;;;;;;;;;;;;;;;;;
0007++ 04BE             ; _strrev
0008++ 04BE             ; reverse a string
0009++ 04BE             ; D = string address
0010++ 04BE             ;;;;;;;;;;;;;;;;;;;;;;;;;;;;;;;;;;;;;;;;;;;;;;;;;;;;;;;;;;;;;;;;;;;;;;;;;;;;;;;;;;;;;;;;;;;;;;;;;;;;;;;;;;;;;;;;;;
0011++ 04BE             ; 01234
0012++ 04BE             _strrev:
0013++ 04BE 4B          	pusha
0014++ 04BF 07 05 05    	call _strlen	; length in C
0015++ 04C2 12          	mov a, c
0016++ 04C3 AF 01 00    	cmp a, 1
0017++ 04C6 D0 E0 04    	jleu _strrev_end	; check string length. string len must be > 1
0018++ 04C9 7D          	dec a
0019++ 04CA FD 4E       	mov si, d	; beginning of string
0020++ 04CC FD 50       	mov di, d	; beginning of string (for destinations)
0021++ 04CE 59          	add d, a	; end of string
0022++ 04CF 12          	mov a, c
0023++ 04D0 FD 9B       	shr a		; divide by 2
0024++ 04D2 39          	mov c, a	; C now counts the steps
0025++ 04D3             _strrev_L0:
0026++ 04D3 32          	mov bl, [d]	; save load right-side char into BL
0027++ 04D4 F6          	lodsb		; load left-side char into AL; increase SI
0028++ 04D5 3E          	mov [d], al	; store left char into right side
0029++ 04D6 1B          	mov al, bl
0030++ 04D7 F7          	stosb		; store right-side char into left-side; increase DI
0031++ 04D8 7E          	dec c
0032++ 04D9 7F          	dec d
0033++ 04DA C2 00 00    	cmp c, 0
0034++ 04DD C7 D3 04    	jne _strrev_L0
0035++ 04E0             _strrev_end:
0036++ 04E0 4C          	popa
0037++ 04E1 09          	ret
0038++ 04E2             	
0039++ 04E2             ;;;;;;;;;;;;;;;;;;;;;;;;;;;;;;;;;;;;;;;;;;;;;;;;;;;;;;;;;;;;;;;;;;;;;;;;;;;;;;;;;;;;;;;;;;;;;;;;;;;;;;;;;;;;;;;;;;
0040++ 04E2             ; _strchr
0041++ 04E2             ; search string in D for char in AL
0042++ 04E2             ;;;;;;;;;;;;;;;;;;;;;;;;;;;;;;;;;;;;;;;;;;;;;;;;;;;;;;;;;;;;;;;;;;;;;;;;;;;;;;;;;;;;;;;;;;;;;;;;;;;;;;;;;;;;;;;;;;
0043++ 04E2             _strchr:
0044++ 04E2             _strchr_L0:
0045++ 04E2 32          	mov bl, [d]
0046++ 04E3 C1 00       	cmp bl, 0
0047++ 04E5 C6 F0 04    	je _strchr_end
0048++ 04E8 BA          	cmp al, bl
0049++ 04E9 C6 F0 04    	je _strchr_end
0050++ 04EC 79          	inc d
0051++ 04ED 0A E2 04    	jmp _strchr_L0
0052++ 04F0             _strchr_end:
0053++ 04F0 1B          	mov al, bl
0054++ 04F1 09          	ret
0055++ 04F2             
0056++ 04F2             ;;;;;;;;;;;;;;;;;;;;;;;;;;;;;;;;;;;;;;;;;;;;;;;;;;;;;;;;;;;;;;;;;;;;;;;;;;;;;;;;;;;;;;;;;;;;;;;;;;;;;;;;;;;;;;;;;;
0057++ 04F2             ; _strstr
0058++ 04F2             ; find sub-string
0059++ 04F2             ; str1 in SI
0060++ 04F2             ; str2 in DI
0061++ 04F2             ; SI points to end of source string
0062++ 04F2             ;;;;;;;;;;;;;;;;;;;;;;;;;;;;;;;;;;;;;;;;;;;;;;;;;;;;;;;;;;;;;;;;;;;;;;;;;;;;;;;;;;;;;;;;;;;;;;;;;;;;;;;;;;;;;;;;;;
0063++ 04F2             _strstr:
0064++ 04F2 DB          	push al
0065++ 04F3 DA          	push d
0066++ 04F4 E3          	push di
0067++ 04F5             _strstr_loop:
0068++ 04F5 F3          	cmpsb					; compare a byte of the strings
0069++ 04F6 C7 01 05    	jne _strstr_ret
0070++ 04F9 FC 00 00    	lea d, [di + 0]
0071++ 04FC BD 00       	cmp byte[d], 0				; check if at end of string (null)
0072++ 04FE C7 F5 04    	jne _strstr_loop				; equal chars but not at end
0073++ 0501             _strstr_ret:
0074++ 0501 F0          	pop di
0075++ 0502 E7          	pop d
0076++ 0503 E8          	pop al
0077++ 0504 09          	ret
0078++ 0505             ;;;;;;;;;;;;;;;;;;;;;;;;;;;;;;;;;;;;;;;;;;;;;;;;;;;;;;;;;;;;;;;;;;;;;;;;;;;;;;;;;;;;;;;
0079++ 0505             ; length of null terminated string
0080++ 0505             ; result in C
0081++ 0505             ; pointer in D
0082++ 0505             ;;;;;;;;;;;;;;;;;;;;;;;;;;;;;;;;;;;;;;;;;;;;;;;;;;;;;;;;;;;;;;;;;;;;;;;;;;;;;;;;;;;;;;;
0083++ 0505             _strlen:
0084++ 0505 DA          	push d
0085++ 0506 38 00 00    	mov c, 0
0086++ 0509             _strlen_L1:
0087++ 0509 BD 00       	cmp byte [d], 0
0088++ 050B C6 13 05    	je _strlen_ret
0089++ 050E 79          	inc d
0090++ 050F 78          	inc c
0091++ 0510 0A 09 05    	jmp _strlen_L1
0092++ 0513             _strlen_ret:
0093++ 0513 E7          	pop d
0094++ 0514 09          	ret
0095++ 0515             
0096++ 0515             ;;;;;;;;;;;;;;;;;;;;;;;;;;;;;;;;;;;;;;;;;;;;;;;;;;;;;;;;;;;;;;;;;;;;;;;;;;;;;;;;;;;;;;;;;;;;;;;;;;;;;;;;;;;;;;;;;;
0097++ 0515             ; STRCMP
0098++ 0515             ; compare two strings
0099++ 0515             ; str1 in SI
0100++ 0515             ; str2 in DI
0101++ 0515             ; CREATE A STRING COMPAIRON INSTRUCION ?????
0102++ 0515             ;;;;;;;;;;;;;;;;;;;;;;;;;;;;;;;;;;;;;;;;;;;;;;;;;;;;;;;;;;;;;;;;;;;;;;;;;;;;;;;;;;;;;;;;;;;;;;;;;;;;;;;;;;;;;;;;;;
0103++ 0515             _strcmp:
0104++ 0515 DB          	push al
0105++ 0516 DA          	push d
0106++ 0517 E3          	push di
0107++ 0518 E2          	push si
0108++ 0519             _strcmp_loop:
0109++ 0519 F3          	cmpsb					; compare a byte of the strings
0110++ 051A C7 25 05    	jne _strcmp_ret
0111++ 051D FB FF FF    	lea d, [si +- 1]
0112++ 0520 BD 00       	cmp byte[d], 0				; check if at end of string (null)
0113++ 0522 C7 19 05    	jne _strcmp_loop				; equal chars but not at end
0114++ 0525             _strcmp_ret:
0115++ 0525 EF          	pop si
0116++ 0526 F0          	pop di
0117++ 0527 E7          	pop d
0118++ 0528 E8          	pop al
0119++ 0529 09          	ret
0120++ 052A             
0121++ 052A             
0122++ 052A             ; STRCPY
0123++ 052A             ; copy null terminated string from SI to DI
0124++ 052A             ; source in SI
0125++ 052A             ; destination in DI
0126++ 052A             _strcpy:
0127++ 052A E2          	push si
0128++ 052B E3          	push di
0129++ 052C DB          	push al
0130++ 052D             _strcpy_L1:
0131++ 052D F6          	lodsb
0132++ 052E F7          	stosb
0133++ 052F B9 00       	cmp al, 0
0134++ 0531 C7 2D 05    	jne _strcpy_L1
0135++ 0534             _strcpy_end:
0136++ 0534 E8          	pop al
0137++ 0535 F0          	pop di
0138++ 0536 EF          	pop si
0139++ 0537 09          	ret
0140++ 0538             
0141++ 0538             ; STRCAT
0142++ 0538             ; concatenate a NULL terminated string into string at DI, from string at SI
0143++ 0538             ; source in SI
0144++ 0538             ; destination in DI
0145++ 0538             _strcat:
0146++ 0538 E2          	push si
0147++ 0539 E3          	push di
0148++ 053A D7          	push a
0149++ 053B DA          	push d
0150++ 053C 50          	mov a, di
0151++ 053D 3C          	mov d, a
0152++ 053E             _strcat_goto_end_L1:
0153++ 053E BD 00       	cmp byte[d], 0
0154++ 0540 C6 47 05    	je _strcat_start
0155++ 0543 79          	inc d
0156++ 0544 0A 3E 05    	jmp _strcat_goto_end_L1
0157++ 0547             _strcat_start:
0158++ 0547 FD 50       	mov di, d
0159++ 0549             _strcat_L1:
0160++ 0549 F6          	lodsb
0161++ 054A F7          	stosb
0162++ 054B B9 00       	cmp al, 0
0163++ 054D C7 49 05    	jne _strcat_L1
0164++ 0550             _strcat_end:
0165++ 0550 E7          	pop d
0166++ 0551 E4          	pop a
0167++ 0552 F0          	pop di
0168++ 0553 EF          	pop si
0169++ 0554 09          	ret
0170++ 0555             
0171++ 0555             
0005+  0555             
0006+  0555             
0007+  0555             ;;;;;;;;;;;;;;;;;;;;;;;;;;;;;;;;;;;;;;;;;;;;;;;;;;;;;;;;;;;;;;;;;;;;;;;;;;;;;;;;;;;;;;;;;;;;;;;;;;;;;;;;;;;;;;;;;;
0008+  0555             ; CONVERT ASCII 'O'..'F' TO INTEGER 0..15
0009+  0555             ; ASCII in BL
0010+  0555             ; result in AL
0011+  0555             ; ascii for F = 0100 0110
0012+  0555             ; ascii for 9 = 0011 1001
0013+  0555             ;;;;;;;;;;;;;;;;;;;;;;;;;;;;;;;;;;;;;;;;;;;;;;;;;;;;;;;;;;;;;;;;;;;;;;;;;;;;;;;;;;;;;;;;;;;;;;;;;;;;;;;;;;;;;;;;;;
0014+  0555             hex_ascii_encode:
0015+  0555 1B            mov al, bl
0016+  0556 93 40         test al, $40        ; test if letter or number
0017+  0558 C7 5E 05      jnz hex_letter
0018+  055B 87 0F         and al, $0F        ; get number
0019+  055D 09            ret
0020+  055E             hex_letter:
0021+  055E 87 0F         and al, $0F        ; get letter
0022+  0560 6A 09         add al, 9
0023+  0562 09            ret
0024+  0563             
0025+  0563             ;;;;;;;;;;;;;;;;;;;;;;;;;;;;;;;;;;;;;;;;;;;;;;;;;;;;;;;;;;;;;;;;;;;;;;;;;;;;;;;;;;;;;;;;;;;;;;;;;;;;;;;;;;;;;;;;;;
0026+  0563             ; ATOI
0027+  0563             ; 2 letter hex string in B
0028+  0563             ; 8bit integer returned in AL
0029+  0563             ;;;;;;;;;;;;;;;;;;;;;;;;;;;;;;;;;;;;;;;;;;;;;;;;;;;;;;;;;;;;;;;;;;;;;;;;;;;;;;;;;;;;;;;;;;;;;;;;;;;;;;;;;;;;;;;;;;
0030+  0563             _atoi:
0031+  0563 D8            push b
0032+  0564 07 55 05      call hex_ascii_encode      ; convert BL to 4bit code in AL
0033+  0567 30            mov bl, bh
0034+  0568 DB            push al          ; save a
0035+  0569 07 55 05      call hex_ascii_encode
0036+  056C EA            pop bl  
0037+  056D FD 9E 04      shl al, 4
0038+  0570 8C            or al, bl
0039+  0571 E5            pop b
0040+  0572 09            ret  
0041+  0573             
0042+  0573             
0043+  0573             ;;;;;;;;;;;;;;;;;;;;;;;;;;;;;;;;;;;;;;;;;;;;;;;;;;;;;;;;;;;;;;;;;;;;;;;;;;;;;;;;;;;;;;;;;;;;;;;;;;;;;;;;;;;;;;;;;;
0044+  0573             ; scanf
0045+  0573             ; no need for explanations!
0046+  0573             ;;;;;;;;;;;;;;;;;;;;;;;;;;;;;;;;;;;;;;;;;;;;;;;;;;;;;;;;;;;;;;;;;;;;;;;;;;;;;;;;;;;;;;;;;;;;;;;;;;;;;;;;;;;;;;;;;;
0047+  0573             scanf:
0048+  0573 09            ret
0049+  0574             
0050+  0574             ;;;;;;;;;;;;;;;;;;;;;;;;;;;;;;;;;;;;;;;;;;;;;;;;;;;;;;;;;;;;;;;;;;;;;;;;;;;;;;;;;;;;;;;;;;;;;;;;;;;;;;;;;;;;;;;;;;
0051+  0574             ; ITOA
0052+  0574             ; 8bit value in BL
0053+  0574             ; 2 byte ASCII result in A
0054+  0574             ;;;;;;;;;;;;;;;;;;;;;;;;;;;;;;;;;;;;;;;;;;;;;;;;;;;;;;;;;;;;;;;;;;;;;;;;;;;;;;;;;;;;;;;;;;;;;;;;;;;;;;;;;;;;;;;;;;
0055+  0574             _itoa:
0056+  0574 DA            push d
0057+  0575 D8            push b
0058+  0576 A7 00         mov bh, 0
0059+  0578 FD A4 04      shr bl, 4  
0060+  057B 74            mov d, b
0061+  057C 1F 24 08      mov al, [d + s_hex_digits]
0062+  057F 23            mov ah, al
0063+  0580               
0064+  0580 E5            pop b
0065+  0581 D8            push b
0066+  0582 A7 00         mov bh, 0
0067+  0584 FD 87 0F      and bl, $0F
0068+  0587 74            mov d, b
0069+  0588 1F 24 08      mov al, [d + s_hex_digits]
0070+  058B E5            pop b
0071+  058C E7            pop d
0072+  058D 09            ret
0073+  058E             
0074+  058E             ;;;;;;;;;;;;;;;;;;;;;;;;;;;;;;;;;;;;;;;;;;;;;;;;;;;;;;;;;;;;;;;;;;;;;;;;;;;;;;;;;;;;;;;;;;;;;;;;;;;;;;;;;;;;;;;;;;
0075+  058E             ; HEX STRING TO BINARY
0076+  058E             ; di = destination address
0077+  058E             ; si = source
0078+  058E             ;;;;;;;;;;;;;;;;;;;;;;;;;;;;;;;;;;;;;;;;;;;;;;;;;;;;;;;;;;;;;;;;;;;;;;;;;;;;;;;;;;;;;;;;;;;;;;;;;;;;;;;;;;;;;;;;;;
0079+  058E             _hex_to_int:
0080+  058E             _hex_to_int_L1:
0081+  058E F6            lodsb          ; load from [SI] to AL
0082+  058F B9 00         cmp al, 0        ; check if ASCII 0
0083+  0591 C6 9E 05      jz _hex_to_int_ret
0084+  0594 36            mov bh, al
0085+  0595 F6            lodsb
0086+  0596 2F            mov bl, al
0087+  0597 07 63 05      call _atoi        ; convert ASCII byte in B to int (to AL)
0088+  059A F7            stosb          ; store AL to [DI]
0089+  059B 0A 8E 05      jmp _hex_to_int_L1
0090+  059E             _hex_to_int_ret:
0091+  059E 09            ret    
0092+  059F             
0093+  059F             
0094+  059F             
0095+  059F             ;;;;;;;;;;;;;;;;;;;;;;;;;;;;;;;;;;;;;;;;;;;;;;;;;;;;;;;;;;;;;;;;;;;;;;;;;;;;;;;;;;;;;;;;;;;;;;;;;;;;;;;;;;;;;;;;;;
0096+  059F             ; GETCHAR
0097+  059F             ; char in ah
0098+  059F             ;;;;;;;;;;;;;;;;;;;;;;;;;;;;;;;;;;;;;;;;;;;;;;;;;;;;;;;;;;;;;;;;;;;;;;;;;;;;;;;;;;;;;;;;;;;;;;;;;;;;;;;;;;;;;;;;;;
0099+  059F             _getchar:
0100+  059F DB            push al
0101+  05A0             _getchar_retry:
0102+  05A0 19 01         mov al, 1
0103+  05A2 05 03         syscall sys_io      ; receive in AH
0104+  05A4 E8            pop al
0105+  05A5 09            ret
0106+  05A6             
0107+  05A6             ;;;;;;;;;;;;;;;;;;;;;;;;;;;;;;;;;;;;;;;;;;;;;;;;;;;;;;;;;;;;;;;;;;;;;;;;;;;;;;;;;;;;;;;;;;;;;;;;;;;;;;;;;;;;;;;;;;
0108+  05A6             ; PUTCHAR
0109+  05A6             ; char in ah
0110+  05A6             ;;;;;;;;;;;;;;;;;;;;;;;;;;;;;;;;;;;;;;;;;;;;;;;;;;;;;;;;;;;;;;;;;;;;;;;;;;;;;;;;;;;;;;;;;;;;;;;;;;;;;;;;;;;;;;;;;;
0111+  05A6             _putchar:
0112+  05A6 D7            push a
0113+  05A7 19 00         mov al, 0
0114+  05A9 05 03         syscall sys_io      ; char in AH
0115+  05AB E4            pop a
0116+  05AC 09            ret
0117+  05AD             
0118+  05AD             ;;;;;;;;;;;;;;;;;;;;;;;;;;;;;;;;;;;;;;;;;;;;;;;;;;;;;;;;;;;;;;;;;;;;;;;;;;;;;;;;;;;;;;;;;;;;;;;;;;;;;;;;;;;;;;;;;;
0119+  05AD             ;; INPUT A STRING
0120+  05AD             ;; terminates with null
0121+  05AD             ;; pointer in D
0122+  05AD             ;;;;;;;;;;;;;;;;;;;;;;;;;;;;;;;;;;;;;;;;;;;;;;;;;;;;;;;;;;;;;;;;;;;;;;;;;;;;;;;;;;;;;;;;;;;;;;;;;;;;;;;;;;;;;;;;;;
0123+  05AD             _gets:
0124+  05AD D7            push a
0125+  05AE DA            push d
0126+  05AF             _gets_loop:
0127+  05AF 19 01         mov al, 1
0128+  05B1 05 03         syscall sys_io      ; receive in AH
0129+  05B3 B9 00         cmp al, 0        ; check error code (AL)
0130+  05B5 C6 AF 05      je _gets_loop      ; if no char received, retry
0131+  05B8             
0132+  05B8 76 1B         cmp ah, 27
0133+  05BA C6 DB 05      je _gets_ansi_esc
0134+  05BD 76 0A         cmp ah, $0A        ; LF
0135+  05BF C6 46 06      je _gets_end
0136+  05C2 76 0D         cmp ah, $0D        ; CR
0137+  05C4 C6 46 06      je _gets_end
0138+  05C7 76 5C         cmp ah, $5C        ; '\\'
0139+  05C9 C6 07 06      je _gets_escape
0140+  05CC               
0141+  05CC 76 08         cmp ah, $08      ; check for backspace
0142+  05CE C6 D7 05      je _gets_backspace
0143+  05D1             
0144+  05D1 1A            mov al, ah
0145+  05D2 3E            mov [d], al
0146+  05D3 79            inc d
0147+  05D4 0A AF 05      jmp _gets_loop
0148+  05D7             _gets_backspace:
0149+  05D7 7F            dec d
0150+  05D8 0A AF 05      jmp _gets_loop
0151+  05DB             _gets_ansi_esc:
0152+  05DB 19 01         mov al, 1
0153+  05DD 05 03         syscall sys_io        ; receive in AH without echo
0154+  05DF B9 00         cmp al, 0          ; check error code (AL)
0155+  05E1 C6 DB 05      je _gets_ansi_esc    ; if no char received, retry
0156+  05E4 76 5B         cmp ah, '['
0157+  05E6 C7 AF 05      jne _gets_loop
0158+  05E9             _gets_ansi_esc_2:
0159+  05E9 19 01         mov al, 1
0160+  05EB 05 03         syscall sys_io          ; receive in AH without echo
0161+  05ED B9 00         cmp al, 0            ; check error code (AL)
0162+  05EF C6 E9 05      je _gets_ansi_esc_2  ; if no char received, retry
0163+  05F2 76 44         cmp ah, 'D'
0164+  05F4 C6 FF 05      je _gets_left_arrow
0165+  05F7 76 43         cmp ah, 'C'
0166+  05F9 C6 03 06      je _gets_right_arrow
0167+  05FC 0A AF 05      jmp _gets_loop
0168+  05FF             _gets_left_arrow:
0169+  05FF 7F            dec d
0170+  0600 0A AF 05      jmp _gets_loop
0171+  0603             _gets_right_arrow:
0172+  0603 79            inc d
0173+  0604 0A AF 05      jmp _gets_loop
0174+  0607             _gets_escape:
0175+  0607 19 01         mov al, 1
0176+  0609 05 03         syscall sys_io      ; receive in AH
0177+  060B B9 00         cmp al, 0        ; check error code (AL)
0178+  060D C6 07 06      je _gets_escape      ; if no char received, retry
0179+  0610 76 6E         cmp ah, 'n'
0180+  0612 C6 31 06      je _gets_LF
0181+  0615 76 72         cmp ah, 'r'
0182+  0617 C6 38 06      je _gets_CR
0183+  061A 76 30         cmp ah, '0'
0184+  061C C6 3F 06      je _gets_NULL
0185+  061F 76 5C         cmp ah, $5C  ; '\'
0186+  0621 C6 2A 06      je _gets_slash
0187+  0624 1A            mov al, ah        ; if not a known escape, it is just a normal letter
0188+  0625 3E            mov [d], al
0189+  0626 79            inc d
0190+  0627 0A AF 05      jmp _gets_loop
0191+  062A             _gets_slash:
0192+  062A 19 5C         mov al, $5C
0193+  062C 3E            mov [d], al
0194+  062D 79            inc d
0195+  062E 0A AF 05      jmp _gets_loop
0196+  0631             _gets_LF:
0197+  0631 19 0A         mov al, $0A
0198+  0633 3E            mov [d], al
0199+  0634 79            inc d
0200+  0635 0A AF 05      jmp _gets_loop
0201+  0638             _gets_CR:
0202+  0638 19 0D         mov al, $0D
0203+  063A 3E            mov [d], al
0204+  063B 79            inc d
0205+  063C 0A AF 05      jmp _gets_loop
0206+  063F             _gets_NULL:
0207+  063F 19 00         mov al, $00
0208+  0641 3E            mov [d], al
0209+  0642 79            inc d
0210+  0643 0A AF 05      jmp _gets_loop
0211+  0646             _gets_end:
0212+  0646 19 00         mov al, 0
0213+  0648 3E            mov [d], al        ; terminate string
0214+  0649 E7            pop d
0215+  064A E4            pop a
0216+  064B 09            ret
0217+  064C             
0218+  064C             
0219+  064C             ;;;;;;;;;;;;;;;;;;;;;;;;;;;;;;;;;;;;;;;;;;;;;;;;;;;;;;;;;;;;;;;;;;;;;;;;;;;;;;;;;;;;;;;;;;;;;;;;;;;;;;;;;;;;;;;;;;
0220+  064C             ;; INPUT TEXT
0221+  064C             ;; terminated with CTRL+D
0222+  064C             ;; pointer in D
0223+  064C             ;;;;;;;;;;;;;;;;;;;;;;;;;;;;;;;;;;;;;;;;;;;;;;;;;;;;;;;;;;;;;;;;;;;;;;;;;;;;;;;;;;;;;;;;;;;;;;;;;;;;;;;;;;;;;;;;;;
0224+  064C             _gettxt:
0225+  064C D7            push a
0226+  064D DA            push d
0227+  064E             _gettxt_loop:
0228+  064E 19 01         mov al, 1
0229+  0650 05 03         syscall sys_io      ; receive in AH
0230+  0652 B9 00         cmp al, 0        ; check error code (AL)
0231+  0654 C6 4E 06      je _gettxt_loop    ; if no char received, retry
0232+  0657 76 04         cmp ah, 4      ; EOT
0233+  0659 C6 97 06      je _gettxt_end
0234+  065C 76 08         cmp ah, $08      ; check for backspace
0235+  065E C6 93 06      je _gettxt_backspace
0236+  0661 76 5C         cmp ah, $5C        ; '\'
0237+  0663 C6 6C 06      je _gettxt_escape
0238+  0666 1A            mov al, ah
0239+  0667 3E            mov [d], al
0240+  0668 79            inc d
0241+  0669 0A 4E 06      jmp _gettxt_loop
0242+  066C             _gettxt_escape:
0243+  066C 19 01         mov al, 1
0244+  066E 05 03         syscall sys_io      ; receive in AH
0245+  0670 B9 00         cmp al, 0        ; check error code (AL)
0246+  0672 C6 6C 06      je _gettxt_escape    ; if no char received, retry
0247+  0675 76 6E         cmp ah, 'n'
0248+  0677 C6 85 06      je _gettxt_LF
0249+  067A 76 72         cmp ah, 'r'
0250+  067C C6 8C 06      je _gettxt_CR
0251+  067F 1A            mov al, ah        ; if not a known escape, it is just a normal letter
0252+  0680 3E            mov [d], al
0253+  0681 79            inc d
0254+  0682 0A 4E 06      jmp _gettxt_loop
0255+  0685             _gettxt_LF:
0256+  0685 19 0A         mov al, $0A
0257+  0687 3E            mov [d], al
0258+  0688 79            inc d
0259+  0689 0A 4E 06      jmp _gettxt_loop
0260+  068C             _gettxt_CR:
0261+  068C 19 0D         mov al, $0D
0262+  068E 3E            mov [d], al
0263+  068F 79            inc d
0264+  0690 0A 4E 06      jmp _gettxt_loop
0265+  0693             _gettxt_backspace:
0266+  0693 7F            dec d
0267+  0694 0A 4E 06      jmp _gettxt_loop
0268+  0697             _gettxt_end:
0269+  0697 19 00         mov al, 0
0270+  0699 3E            mov [d], al        ; terminate string
0271+  069A E7            pop d
0272+  069B E4            pop a
0273+  069C 09            ret
0274+  069D             
0275+  069D             ;;;;;;;;;;;;;;;;;;;;;;;;;;;;;;;;;;;;;;;;;;;;;;;;;;;;;;;;;;;;;;;;;;;;;;;;;;;;;;;;;;;;;;;;;;;;;;;;;;;;;;;;;;;;;;;;;;
0276+  069D             ; PRINT NEW LINE
0277+  069D             ;;;;;;;;;;;;;;;;;;;;;;;;;;;;;;;;;;;;;;;;;;;;;;;;;;;;;;;;;;;;;;;;;;;;;;;;;;;;;;;;;;;;;;;;;;;;;;;;;;;;;;;;;;;;;;;;;;
0278+  069D             printnl:
0279+  069D D7            push a
0280+  069E 10 00 0A      mov a, $0A00
0281+  06A1 05 03         syscall sys_io
0282+  06A3 10 00 0D      mov a, $0D00
0283+  06A6 05 03         syscall sys_io
0284+  06A8 E4            pop a
0285+  06A9 09            ret
0286+  06AA             
0287+  06AA             ;;;;;;;;;;;;;;;;;;;;;;;;;;;;;;;;;;;;;;;;;;;;;;;;;;;;;;;;;;;;;;;;;;;;;;;;;;;;;;;;;;;;;;;;;;;;;;;;;;;;;;;;;;;;;;;;;;
0288+  06AA             ; _strtoint
0289+  06AA             ; 4 digit hex string number in d
0290+  06AA             ; integer returned in A
0291+  06AA             ;;;;;;;;;;;;;;;;;;;;;;;;;;;;;;;;;;;;;;;;;;;;;;;;;;;;;;;;;;;;;;;;;;;;;;;;;;;;;;;;;;;;;;;;;;;;;;;;;;;;;;;;;;;;;;;;;;
0292+  06AA             _strtointx:
0293+  06AA D8            push b
0294+  06AB 32            mov bl, [d]
0295+  06AC 37            mov bh, bl
0296+  06AD 33 01 00      mov bl, [d + 1]
0297+  06B0 07 63 05      call _atoi        ; convert to int in AL
0298+  06B3 23            mov ah, al        ; move to AH
0299+  06B4 33 02 00      mov bl, [d + 2]
0300+  06B7 37            mov bh, bl
0301+  06B8 33 03 00      mov bl, [d + 3]
0302+  06BB 07 63 05      call _atoi        ; convert to int in AL
0303+  06BE E5            pop b
0304+  06BF 09            ret
0305+  06C0             
0306+  06C0             ;;;;;;;;;;;;;;;;;;;;;;;;;;;;;;;;;;;;;;;;;;;;;;;;;;;;;;;;;;;;;;;;;;;;;;;;;;;;;;;;;;;;;;;;;;;;;;;;;;;;;;;;;;;;;;;;;;
0307+  06C0             ; _strtoint
0308+  06C0             ; 5 digit base10 string number in d
0309+  06C0             ; integer returned in A
0310+  06C0             ;;;;;;;;;;;;;;;;;;;;;;;;;;;;;;;;;;;;;;;;;;;;;;;;;;;;;;;;;;;;;;;;;;;;;;;;;;;;;;;;;;;;;;;;;;;;;;;;;;;;;;;;;;;;;;;;;;
0311+  06C0             _strtoint:
0312+  06C0 E2            push si
0313+  06C1 D8            push b
0314+  06C2 D9            push c
0315+  06C3 DA            push d
0316+  06C4 07 05 05      call _strlen      ; get string length in C
0317+  06C7 7E            dec c
0318+  06C8 FD 4E         mov si, d
0319+  06CA 12            mov a, c
0320+  06CB FD 99         shl a
0321+  06CD 3B 3C 08      mov d, table_power
0322+  06D0 59            add d, a
0323+  06D1 38 00 00      mov c, 0
0324+  06D4             _strtoint_L0:
0325+  06D4 F6            lodsb      ; load ASCII to al
0326+  06D5 B9 00         cmp al, 0
0327+  06D7 C6 EA 06      je _strtoint_end
0328+  06DA 6F 30         sub al, $30    ; make into integer
0329+  06DC 22 00         mov ah, 0
0330+  06DE 2A            mov b, [d]
0331+  06DF AC            mul a, b      ; result in B since it fits in 16bits
0332+  06E0 11            mov a, b
0333+  06E1 28            mov b, c
0334+  06E2 54            add a, b
0335+  06E3 39            mov c, a
0336+  06E4 63 02 00      sub d, 2
0337+  06E7 0A D4 06      jmp _strtoint_L0
0338+  06EA             _strtoint_end:
0339+  06EA 12            mov a, c
0340+  06EB E7            pop d
0341+  06EC E6            pop c
0342+  06ED E5            pop b
0343+  06EE EF            pop si
0344+  06EF 09            ret
0345+  06F0             
0346+  06F0             
0347+  06F0             ;;;;;;;;;;;;;;;;;;;;;;;;;;;;;;;;;;;;;;;;;;;;;;;;;;;;;;;;;;;;;;;;;;;;;;;;;;;;;;;;;;;;;;;;;;;;;;;;;;;;;;;;;;;;;;;;;;
0348+  06F0             ; PRINT NULL TERMINATED STRING
0349+  06F0             ; pointer in D
0350+  06F0             ;;;;;;;;;;;;;;;;;;;;;;;;;;;;;;;;;;;;;;;;;;;;;;;;;;;;;;;;;;;;;;;;;;;;;;;;;;;;;;;;;;;;;;;;;;;;;;;;;;;;;;;;;;;;;;;;;;
0351+  06F0             _puts:
0352+  06F0 D7            push a
0353+  06F1 DA            push d
0354+  06F2             _puts_L1:
0355+  06F2 1E            mov al, [d]
0356+  06F3 B9 00         cmp al, 0
0357+  06F5 C6 01 07      jz _puts_END
0358+  06F8 23            mov ah, al
0359+  06F9 19 00         mov al, 0
0360+  06FB 05 03         syscall sys_io
0361+  06FD 79            inc d
0362+  06FE 0A F2 06      jmp _puts_L1
0363+  0701             _puts_END:
0364+  0701 E7            pop d
0365+  0702 E4            pop a
0366+  0703 09            ret
0367+  0704             
0368+  0704             ;;;;;;;;;;;;;;;;;;;;;;;;;;;;;;;;;;;;;;;;;;;;;;;;;;;;;;;;;;;;;;;;;;;;;;;;;;;;;;;;;;;;;;;;;;;;;;;;;;;;;;;;;;;;;;;;;;
0369+  0704             ; PRINT N SIZE STRING
0370+  0704             ; pointer in D
0371+  0704             ; size in C
0372+  0704             ;;;;;;;;;;;;;;;;;;;;;;;;;;;;;;;;;;;;;;;;;;;;;;;;;;;;;;;;;;;;;;;;;;;;;;;;;;;;;;;;;;;;;;;;;;;;;;;;;;;;;;;;;;;;;;;;;;
0373+  0704             _putsn:
0374+  0704 DB            push al
0375+  0705 DA            push d
0376+  0706 D9            push c
0377+  0707             _putsn_L0:
0378+  0707 1E            mov al, [d]
0379+  0708 23            mov ah, al
0380+  0709 19 00         mov al, 0
0381+  070B 05 03         syscall sys_io
0382+  070D 79            inc d
0383+  070E 7E            dec c  
0384+  070F C2 00 00      cmp c, 0
0385+  0712 C7 07 07      jne _putsn_L0
0386+  0715             _putsn_end:
0387+  0715 E6            pop c
0388+  0716 E7            pop d
0389+  0717 E8            pop al
0390+  0718 09            ret
0391+  0719             
0392+  0719             ;;;;;;;;;;;;;;;;;;;;;;;;;;;;;;;;;;;;;;;;;;;;;;;;;;;;;;;;;;;;;;;;;;;;;;;;;;;;;;;;;;;;;;;
0393+  0719             ; print 16bit decimal number
0394+  0719             ; input number in A
0395+  0719             ;;;;;;;;;;;;;;;;;;;;;;;;;;;;;;;;;;;;;;;;;;;;;;;;;;;;;;;;;;;;;;;;;;;;;;;;;;;;;;;;;;;;;;;
0396+  0719             print_u16d:
0397+  0719 D7            push a
0398+  071A D8            push b
0399+  071B 26 10 27      mov b, 10000
0400+  071E AE            div a, b      ; get 10000's coeff.
0401+  071F 07 41 07      call print_number
0402+  0722 11            mov a, b
0403+  0723 26 E8 03      mov b, 1000
0404+  0726 AE            div a, b      ; get 1000's coeff.
0405+  0727 07 41 07      call print_number
0406+  072A 11            mov a, b
0407+  072B 26 64 00      mov b, 100
0408+  072E AE            div a, b
0409+  072F 07 41 07      call print_number
0410+  0732 11            mov a, b
0411+  0733 26 0A 00      mov b, 10
0412+  0736 AE            div a, b
0413+  0737 07 41 07      call print_number
0414+  073A 1B            mov al, bl      ; 1's coeff in bl
0415+  073B 07 41 07      call print_number
0416+  073E E5            pop b
0417+  073F E4            pop a
0418+  0740 09            ret
0419+  0741             
0420+  0741             ;;;;;;;;;;;;;;;;;;;;;;;;;;;;;;;;;;;;;;;;;;;;;;;;;;;;;;;;;;;;;;;;;;;;;;;;;;;;;;;;;;;;;;;
0421+  0741             ; print AL
0422+  0741             ;;;;;;;;;;;;;;;;;;;;;;;;;;;;;;;;;;;;;;;;;;;;;;;;;;;;;;;;;;;;;;;;;;;;;;;;;;;;;;;;;;;;;;;
0423+  0741             print_number:
0424+  0741 6A 30         add al, $30
0425+  0743 23            mov ah, al
0426+  0744 07 A6 05      call _putchar
0427+  0747 09            ret
0428+  0748             
0429+  0748             ;;;;;;;;;;;;;;;;;;;;;;;;;;;;;;;;;;;;;;;;;;;;;;;;;;;;;;;;;;;;;;;;;;;;;;;;;;;;;;;;;;;;;;;;;;;;;;;;;;;;;;;;;;;;;;;;;;
0430+  0748             ; PRINT 16BIT HEX INTEGER
0431+  0748             ; integer value in reg B
0432+  0748             ;;;;;;;;;;;;;;;;;;;;;;;;;;;;;;;;;;;;;;;;;;;;;;;;;;;;;;;;;;;;;;;;;;;;;;;;;;;;;;;;;;;;;;;;;;;;;;;;;;;;;;;;;;;;;;;;;;
0433+  0748             print_u16x:
0434+  0748 D7            push a
0435+  0749 D8            push b
0436+  074A DD            push bl
0437+  074B 30            mov bl, bh
0438+  074C 07 74 05      call _itoa        ; convert bh to char in A
0439+  074F 2F            mov bl, al        ; save al
0440+  0750 19 00         mov al, 0
0441+  0752 05 03         syscall sys_io        ; display AH
0442+  0754 24            mov ah, bl        ; retrieve al
0443+  0755 19 00         mov al, 0
0444+  0757 05 03         syscall sys_io        ; display AL
0445+  0759             
0446+  0759 EA            pop bl
0447+  075A 07 74 05      call _itoa        ; convert bh to char in A
0448+  075D 2F            mov bl, al        ; save al
0449+  075E 19 00         mov al, 0
0450+  0760 05 03         syscall sys_io        ; display AH
0451+  0762 24            mov ah, bl        ; retrieve al
0452+  0763 19 00         mov al, 0
0453+  0765 05 03         syscall sys_io        ; display AL
0454+  0767             
0455+  0767 E5            pop b
0456+  0768 E4            pop a
0457+  0769 09            ret
0458+  076A             
0459+  076A             ;;;;;;;;;;;;;;;;;;;;;;;;;;;;;;;;;;;;;;;;;;;;;;;;;;;;;;;;;;;;;;;;;;;;;;;;;;;;;;;;;;;;;;;;;;;;;;;;;;;;;;;;;;;;;;;;;;
0460+  076A             ; INPUT 16BIT HEX INTEGER
0461+  076A             ; read 16bit integer into A
0462+  076A             ;;;;;;;;;;;;;;;;;;;;;;;;;;;;;;;;;;;;;;;;;;;;;;;;;;;;;;;;;;;;;;;;;;;;;;;;;;;;;;;;;;;;;;;;;;;;;;;;;;;;;;;;;;;;;;;;;;
0463+  076A             scan_u16x:
0464+  076A F8 10 00      enter 16
0465+  076D D8            push b
0466+  076E DA            push d
0467+  076F             
0468+  076F FA F1 FF      lea d, [bp + -15]
0469+  0772 07 AD 05      call _gets        ; get number
0470+  0775             
0471+  0775 32            mov bl, [d]
0472+  0776 37            mov bh, bl
0473+  0777 33 01 00      mov bl, [d + 1]
0474+  077A 07 63 05      call _atoi        ; convert to int in AL
0475+  077D 23            mov ah, al        ; move to AH
0476+  077E             
0477+  077E 33 02 00      mov bl, [d + 2]
0478+  0781 37            mov bh, bl
0479+  0782 33 03 00      mov bl, [d + 3]
0480+  0785 07 63 05      call _atoi        ; convert to int in AL
0481+  0788             
0482+  0788 E7            pop d
0483+  0789 E5            pop b
0484+  078A F9            leave
0485+  078B 09            ret
0486+  078C             
0487+  078C             ;;;;;;;;;;;;;;;;;;;;;;;;;;;;;;;;;;;;;;;;;;;;;;;;;;;;;;;;;;;;;;;;;;;;;;;;;;;;;;;;;;;;;;;;;;;;;;;;;;;;;;;;;;;;;;;;;;
0488+  078C             ; PRINT 8bit HEX INTEGER
0489+  078C             ; integer value in reg bl
0490+  078C             ;;;;;;;;;;;;;;;;;;;;;;;;;;;;;;;;;;;;;;;;;;;;;;;;;;;;;;;;;;;;;;;;;;;;;;;;;;;;;;;;;;;;;;;;;;;;;;;;;;;;;;;;;;;;;;;;;;
0491+  078C             print_u8x:
0492+  078C D7            push a
0493+  078D DD            push bl
0494+  078E             
0495+  078E 07 74 05      call _itoa        ; convert bl to char in A
0496+  0791 2F            mov bl, al        ; save al
0497+  0792 19 00         mov al, 0
0498+  0794 05 03         syscall sys_io        ; display AH
0499+  0796 24            mov ah, bl        ; retrieve al
0500+  0797 19 00         mov al, 0
0501+  0799 05 03         syscall sys_io        ; display AL
0502+  079B             
0503+  079B EA            pop bl
0504+  079C E4            pop a
0505+  079D 09            ret
0506+  079E             
0507+  079E             ;;;;;;;;;;;;;;;;;;;;;;;;;;;;;;;;;;;;;;;;;;;;;;;;;;;;;;;;;;;;;;;;;;;;;;;;;;;;;;;;;;;;;;;
0508+  079E             ; print 8bit decimal unsigned number
0509+  079E             ; input number in AL
0510+  079E             ;;;;;;;;;;;;;;;;;;;;;;;;;;;;;;;;;;;;;;;;;;;;;;;;;;;;;;;;;;;;;;;;;;;;;;;;;;;;;;;;;;;;;;;
0511+  079E             print_u8d:
0512+  079E D7            push a
0513+  079F D8            push b
0514+  07A0             
0515+  07A0 22 00         mov ah, 0
0516+  07A2 26 64 00      mov b, 100
0517+  07A5 AE            div a, b
0518+  07A6 D8            push b      ; save remainder
0519+  07A7 B9 00         cmp al, 0
0520+  07A9 C6 B3 07      je skip100
0521+  07AC 6A 30         add al, $30
0522+  07AE 23            mov ah, al
0523+  07AF 19 00         mov al, 0
0524+  07B1 05 03         syscall sys_io  ; print coeff
0525+  07B3             skip100:
0526+  07B3 E4            pop a
0527+  07B4 22 00         mov ah, 0
0528+  07B6 26 0A 00      mov b, 10
0529+  07B9 AE            div a, b
0530+  07BA D8            push b      ; save remainder
0531+  07BB B9 00         cmp al, 0
0532+  07BD C6 C7 07      je skip10
0533+  07C0 6A 30         add al, $30
0534+  07C2 23            mov ah, al
0535+  07C3 19 00         mov al, 0
0536+  07C5 05 03         syscall sys_io  ; print coeff
0537+  07C7             skip10:
0538+  07C7 E4            pop a
0539+  07C8 1B            mov al, bl
0540+  07C9 6A 30         add al, $30
0541+  07CB 23            mov ah, al
0542+  07CC 19 00         mov al, 0
0543+  07CE 05 03         syscall sys_io  ; print coeff
0544+  07D0 E5            pop b
0545+  07D1 E4            pop a
0546+  07D2 09            ret
0547+  07D3             
0548+  07D3             ;;;;;;;;;;;;;;;;;;;;;;;;;;;;;;;;;;;;;;;;;;;;;;;;;;;;;;;;;;;;;;;;;;;;;;;;;;;;;;;;;;;;;;;;;;;;;;;;;;;;;;;;;;;;;;;;;;
0549+  07D3             ; INPUT 8BIT HEX INTEGER
0550+  07D3             ; read 8bit integer into AL
0551+  07D3             ;;;;;;;;;;;;;;;;;;;;;;;;;;;;;;;;;;;;;;;;;;;;;;;;;;;;;;;;;;;;;;;;;;;;;;;;;;;;;;;;;;;;;;;;;;;;;;;;;;;;;;;;;;;;;;;;;;
0552+  07D3             scan_u8x:
0553+  07D3 F8 04 00      enter 4
0554+  07D6 D8            push b
0555+  07D7 DA            push d
0556+  07D8             
0557+  07D8 FA FD FF      lea d, [bp + -3]
0558+  07DB 07 AD 05      call _gets        ; get number
0559+  07DE             
0560+  07DE 32            mov bl, [d]
0561+  07DF 37            mov bh, bl
0562+  07E0 33 01 00      mov bl, [d + 1]
0563+  07E3 07 63 05      call _atoi        ; convert to int in AL
0564+  07E6             
0565+  07E6 E7            pop d
0566+  07E7 E5            pop b
0567+  07E8 F9            leave
0568+  07E9 09            ret
0569+  07EA             
0570+  07EA             ;;;;;;;;;;;;;;;;;;;;;;;;;;;;;;;;;;;;;;;;;;;;;;;;;;;;;;;;;;;;;;;;;;;;;;;;;;;;;;;;;;;;;;;
0571+  07EA             ; input decimal number
0572+  07EA             ; result in A
0573+  07EA             ; 655'\0'
0574+  07EA             ; low--------high
0575+  07EA             ;;;;;;;;;;;;;;;;;;;;;;;;;;;;;;;;;;;;;;;;;;;;;;;;;;;;;;;;;;;;;;;;;;;;;;;;;;;;;;;;;;;;;;;
0576+  07EA             scan_u16d:
0577+  07EA F8 08 00      enter 8
0578+  07ED E2            push si
0579+  07EE D8            push b
0580+  07EF D9            push c
0581+  07F0 DA            push d
0582+  07F1 FA F9 FF      lea d, [bp +- 7]
0583+  07F4 07 AD 05      call _gets
0584+  07F7 07 05 05      call _strlen      ; get string length in C
0585+  07FA 7E            dec c
0586+  07FB FD 4E         mov si, d
0587+  07FD 12            mov a, c
0588+  07FE FD 99         shl a
0589+  0800 3B 3C 08      mov d, table_power
0590+  0803 59            add d, a
0591+  0804 38 00 00      mov c, 0
0592+  0807             mul_loop:
0593+  0807 F6            lodsb      ; load ASCII to al
0594+  0808 B9 00         cmp al, 0
0595+  080A C6 1D 08      je mul_exit
0596+  080D 6F 30         sub al, $30    ; make into integer
0597+  080F 22 00         mov ah, 0
0598+  0811 2A            mov b, [d]
0599+  0812 AC            mul a, b      ; result in B since it fits in 16bits
0600+  0813 11            mov a, b
0601+  0814 28            mov b, c
0602+  0815 54            add a, b
0603+  0816 39            mov c, a
0604+  0817 63 02 00      sub d, 2
0605+  081A 0A 07 08      jmp mul_loop
0606+  081D             mul_exit:
0607+  081D 12            mov a, c
0608+  081E E7            pop d
0609+  081F E6            pop c
0610+  0820 E5            pop b
0611+  0821 EF            pop si
0612+  0822 F9            leave
0613+  0823 09            ret
0614+  0824             
0615+  0824             
0616+  0824 30 31 32 33 s_hex_digits:    .db "0123456789ABCDEF"  
0616+  0828 34 35 36 37 
0616+  082C 38 39 41 42 
0616+  0830 43 44 45 46 
0617+  0834 1B 5B 32 4A s_telnet_clear:  .db "\033[2J\033[H", 0
0617+  0838 1B 5B 48 00 
0618+  083C             
0619+  083C             table_power:
0620+  083C 01 00         .dw 1
0621+  083E 0A 00         .dw 10
0622+  0840 64 00         .dw 100
0623+  0842 E8 03         .dw 1000
0624+  0844 10 27         .dw 100000039   0846             
0040   0846             
0041   0846             .end
0042   0846             
0043   0846             
0044   0846             
tasm: Number of errors = 0
