0001   0000             .include "lib/kernel.exp"
0001+  0000             TEXT_ORG         .EQU  $0400
0002+  0000             sys_bkpt         .EQU  $0000
0003+  0000             sys_rtc          .EQU  $0001
0004+  0000             sys_ide          .EQU  $0002
0005+  0000             sys_io           .EQU  $0003
0006+  0000             sys_filesystem   .EQU  $0004
0007+  0000             sys_spawn_proc   .EQU  $0005
0008+  0000             sys_list         .EQU  $0006
0009+  0000             sys_datetime     .EQU  $0007
0010+  0000             sys_reboot       .EQU  $0008
0011+  0000             sys_pause_proc   .EQU  $0009
0012+  0000             sys_resume_proc  .EQU  $000a
0013+  0000             sys_terminate_proc .EQU  $000b
0014+  0000             sys_system       .EQU  $000c
0002   0000             
0003   0000             ;;;;;;;;;;;;;;;;;;;;;;;;;;;;;;;;;;;;;;;;;;;;;;;;;;;;;;;;;;;;;;;;;;;;;;;;;;;;;;;;
0004   0000             ;; uname
0005   0000             ;;;;;;;;;;;;;;;;;;;;;;;;;;;;;;;;;;;;;;;;;;;;;;;;;;;;;;;;;;;;;;;;;;;;;;;;;;;;;;;;
0006   0000             
0007   0400             .org TEXT_ORG			; origin at 1024
0008   0400             
0009   0400             cmd_ls:
0010   0400 19 00       	mov al, 0
0011   0402 05 0C       	syscall sys_system
0012   0404 05 0B       	syscall sys_terminate_proc
0013   0406             
0014   0406             
0015   0406             .include "lib/stdio.asm"
0001+  0406             ;;;;;;;;;;;;;;;;;;;;;;;;;;;;;;;;;;;;;;;;;;;;;;;;;;;;;;;;;;;;;;;;;;;;;;;;;;;;;;;;;;;;;;;;;;;;;;;;;;;;;;;;;;;;;;;;;;
0002+  0406             ; stdio.s
0003+  0406             ;;;;;;;;;;;;;;;;;;;;;;;;;;;;;;;;;;;;;;;;;;;;;;;;;;;;;;;;;;;;;;;;;;;;;;;;;;;;;;;;;;;;;;;;;;;;;;;;;;;;;;;;;;;;;;;;;;
0004+  0406             .include "lib/string.asm"
0001++ 0406             ;;;;;;;;;;;;;;;;;;;;;;;;;;;;;;;;;;;;;;;;;;;;;;;;;;;;;;;;;;;;;;;;;;;;;;;;;;;;;;;;;;;;;;;;;;;;;;;;;;;;;;;;;;;;;;;;;;
0002++ 0406             ; string.s
0003++ 0406             ;;;;;;;;;;;;;;;;;;;;;;;;;;;;;;;;;;;;;;;;;;;;;;;;;;;;;;;;;;;;;;;;;;;;;;;;;;;;;;;;;;;;;;;;;;;;;;;;;;;;;;;;;;;;;;;;;;
0004++ 0406             
0005++ 0406             
0006++ 0406             ;;;;;;;;;;;;;;;;;;;;;;;;;;;;;;;;;;;;;;;;;;;;;;;;;;;;;;;;;;;;;;;;;;;;;;;;;;;;;;;;;;;;;;;;;;;;;;;;;;;;;;;;;;;;;;;;;;
0007++ 0406             ; _strrev
0008++ 0406             ; reverse a string
0009++ 0406             ; D = string address
0010++ 0406             ;;;;;;;;;;;;;;;;;;;;;;;;;;;;;;;;;;;;;;;;;;;;;;;;;;;;;;;;;;;;;;;;;;;;;;;;;;;;;;;;;;;;;;;;;;;;;;;;;;;;;;;;;;;;;;;;;;
0011++ 0406             ; 01234
0012++ 0406             _strrev:
0013++ 0406 4B          	pusha
0014++ 0407 07 4D 04    	call _strlen	; length in C
0015++ 040A 12          	mov a, c
0016++ 040B AF 01 00    	cmp a, 1
0017++ 040E D0 28 04    	jleu _strrev_end	; check string length. string len must be > 1
0018++ 0411 7D          	dec a
0019++ 0412 FD 4E       	mov si, d	; beginning of string
0020++ 0414 FD 50       	mov di, d	; beginning of string (for destinations)
0021++ 0416 59          	add d, a	; end of string
0022++ 0417 12          	mov a, c
0023++ 0418 FD 9B       	shr a		; divide by 2
0024++ 041A 39          	mov c, a	; C now counts the steps
0025++ 041B             _strrev_L0:
0026++ 041B 32          	mov bl, [d]	; save load right-side char into BL
0027++ 041C F6          	lodsb		; load left-side char into AL; increase SI
0028++ 041D 3E          	mov [d], al	; store left char into right side
0029++ 041E 1B          	mov al, bl
0030++ 041F F7          	stosb		; store right-side char into left-side; increase DI
0031++ 0420 7E          	dec c
0032++ 0421 7F          	dec d
0033++ 0422 C2 00 00    	cmp c, 0
0034++ 0425 C7 1B 04    	jne _strrev_L0
0035++ 0428             _strrev_end:
0036++ 0428 4C          	popa
0037++ 0429 09          	ret
0038++ 042A             	
0039++ 042A             ;;;;;;;;;;;;;;;;;;;;;;;;;;;;;;;;;;;;;;;;;;;;;;;;;;;;;;;;;;;;;;;;;;;;;;;;;;;;;;;;;;;;;;;;;;;;;;;;;;;;;;;;;;;;;;;;;;
0040++ 042A             ; _strchr
0041++ 042A             ; search string in D for char in AL
0042++ 042A             ;;;;;;;;;;;;;;;;;;;;;;;;;;;;;;;;;;;;;;;;;;;;;;;;;;;;;;;;;;;;;;;;;;;;;;;;;;;;;;;;;;;;;;;;;;;;;;;;;;;;;;;;;;;;;;;;;;
0043++ 042A             _strchr:
0044++ 042A             _strchr_L0:
0045++ 042A 32          	mov bl, [d]
0046++ 042B C1 00       	cmp bl, 0
0047++ 042D C6 38 04    	je _strchr_end
0048++ 0430 BA          	cmp al, bl
0049++ 0431 C6 38 04    	je _strchr_end
0050++ 0434 79          	inc d
0051++ 0435 0A 2A 04    	jmp _strchr_L0
0052++ 0438             _strchr_end:
0053++ 0438 1B          	mov al, bl
0054++ 0439 09          	ret
0055++ 043A             
0056++ 043A             ;;;;;;;;;;;;;;;;;;;;;;;;;;;;;;;;;;;;;;;;;;;;;;;;;;;;;;;;;;;;;;;;;;;;;;;;;;;;;;;;;;;;;;;;;;;;;;;;;;;;;;;;;;;;;;;;;;
0057++ 043A             ; _strstr
0058++ 043A             ; find sub-string
0059++ 043A             ; str1 in SI
0060++ 043A             ; str2 in DI
0061++ 043A             ; SI points to end of source string
0062++ 043A             ;;;;;;;;;;;;;;;;;;;;;;;;;;;;;;;;;;;;;;;;;;;;;;;;;;;;;;;;;;;;;;;;;;;;;;;;;;;;;;;;;;;;;;;;;;;;;;;;;;;;;;;;;;;;;;;;;;
0063++ 043A             _strstr:
0064++ 043A DB          	push al
0065++ 043B DA          	push d
0066++ 043C E3          	push di
0067++ 043D             _strstr_loop:
0068++ 043D F3          	cmpsb					; compare a byte of the strings
0069++ 043E C7 49 04    	jne _strstr_ret
0070++ 0441 FC 00 00    	lea d, [di + 0]
0071++ 0444 BD 00       	cmp byte[d], 0				; check if at end of string (null)
0072++ 0446 C7 3D 04    	jne _strstr_loop				; equal chars but not at end
0073++ 0449             _strstr_ret:
0074++ 0449 F0          	pop di
0075++ 044A E7          	pop d
0076++ 044B E8          	pop al
0077++ 044C 09          	ret
0078++ 044D             ;;;;;;;;;;;;;;;;;;;;;;;;;;;;;;;;;;;;;;;;;;;;;;;;;;;;;;;;;;;;;;;;;;;;;;;;;;;;;;;;;;;;;;;
0079++ 044D             ; length of null terminated string
0080++ 044D             ; result in C
0081++ 044D             ; pointer in D
0082++ 044D             ;;;;;;;;;;;;;;;;;;;;;;;;;;;;;;;;;;;;;;;;;;;;;;;;;;;;;;;;;;;;;;;;;;;;;;;;;;;;;;;;;;;;;;;
0083++ 044D             _strlen:
0084++ 044D DA          	push d
0085++ 044E 38 00 00    	mov c, 0
0086++ 0451             _strlen_L1:
0087++ 0451 BD 00       	cmp byte [d], 0
0088++ 0453 C6 5B 04    	je _strlen_ret
0089++ 0456 79          	inc d
0090++ 0457 78          	inc c
0091++ 0458 0A 51 04    	jmp _strlen_L1
0092++ 045B             _strlen_ret:
0093++ 045B E7          	pop d
0094++ 045C 09          	ret
0095++ 045D             
0096++ 045D             ;;;;;;;;;;;;;;;;;;;;;;;;;;;;;;;;;;;;;;;;;;;;;;;;;;;;;;;;;;;;;;;;;;;;;;;;;;;;;;;;;;;;;;;;;;;;;;;;;;;;;;;;;;;;;;;;;;
0097++ 045D             ; STRCMP
0098++ 045D             ; compare two strings
0099++ 045D             ; str1 in SI
0100++ 045D             ; str2 in DI
0101++ 045D             ; CREATE A STRING COMPAIRON INSTRUCION ?????
0102++ 045D             ;;;;;;;;;;;;;;;;;;;;;;;;;;;;;;;;;;;;;;;;;;;;;;;;;;;;;;;;;;;;;;;;;;;;;;;;;;;;;;;;;;;;;;;;;;;;;;;;;;;;;;;;;;;;;;;;;;
0103++ 045D             _strcmp:
0104++ 045D DB          	push al
0105++ 045E DA          	push d
0106++ 045F E3          	push di
0107++ 0460 E2          	push si
0108++ 0461             _strcmp_loop:
0109++ 0461 F3          	cmpsb					; compare a byte of the strings
0110++ 0462 C7 6D 04    	jne _strcmp_ret
0111++ 0465 FB FF FF    	lea d, [si +- 1]
0112++ 0468 BD 00       	cmp byte[d], 0				; check if at end of string (null)
0113++ 046A C7 61 04    	jne _strcmp_loop				; equal chars but not at end
0114++ 046D             _strcmp_ret:
0115++ 046D EF          	pop si
0116++ 046E F0          	pop di
0117++ 046F E7          	pop d
0118++ 0470 E8          	pop al
0119++ 0471 09          	ret
0120++ 0472             
0121++ 0472             
0122++ 0472             ; STRCPY
0123++ 0472             ; copy null terminated string from SI to DI
0124++ 0472             ; source in SI
0125++ 0472             ; destination in DI
0126++ 0472             _strcpy:
0127++ 0472 E2          	push si
0128++ 0473 E3          	push di
0129++ 0474 DB          	push al
0130++ 0475             _strcpy_L1:
0131++ 0475 F6          	lodsb
0132++ 0476 F7          	stosb
0133++ 0477 B9 00       	cmp al, 0
0134++ 0479 C7 75 04    	jne _strcpy_L1
0135++ 047C             _strcpy_end:
0136++ 047C E8          	pop al
0137++ 047D F0          	pop di
0138++ 047E EF          	pop si
0139++ 047F 09          	ret
0140++ 0480             
0141++ 0480             ; STRCAT
0142++ 0480             ; concatenate a NULL terminated string into string at DI, from string at SI
0143++ 0480             ; source in SI
0144++ 0480             ; destination in DI
0145++ 0480             _strcat:
0146++ 0480 E2          	push si
0147++ 0481 E3          	push di
0148++ 0482 D7          	push a
0149++ 0483 DA          	push d
0150++ 0484 50          	mov a, di
0151++ 0485 3C          	mov d, a
0152++ 0486             _strcat_goto_end_L1:
0153++ 0486 BD 00       	cmp byte[d], 0
0154++ 0488 C6 8F 04    	je _strcat_start
0155++ 048B 79          	inc d
0156++ 048C 0A 86 04    	jmp _strcat_goto_end_L1
0157++ 048F             _strcat_start:
0158++ 048F FD 50       	mov di, d
0159++ 0491             _strcat_L1:
0160++ 0491 F6          	lodsb
0161++ 0492 F7          	stosb
0162++ 0493 B9 00       	cmp al, 0
0163++ 0495 C7 91 04    	jne _strcat_L1
0164++ 0498             _strcat_end:
0165++ 0498 E7          	pop d
0166++ 0499 E4          	pop a
0167++ 049A F0          	pop di
0168++ 049B EF          	pop si
0169++ 049C 09          	ret
0170++ 049D             
0171++ 049D             
0005+  049D             
0006+  049D             
0007+  049D             ;;;;;;;;;;;;;;;;;;;;;;;;;;;;;;;;;;;;;;;;;;;;;;;;;;;;;;;;;;;;;;;;;;;;;;;;;;;;;;;;;;;;;;;;;;;;;;;;;;;;;;;;;;;;;;;;;;
0008+  049D             ; CONVERT ASCII 'O'..'F' TO INTEGER 0..15
0009+  049D             ; ASCII in BL
0010+  049D             ; result in AL
0011+  049D             ; ascii for F = 0100 0110
0012+  049D             ; ascii for 9 = 0011 1001
0013+  049D             ;;;;;;;;;;;;;;;;;;;;;;;;;;;;;;;;;;;;;;;;;;;;;;;;;;;;;;;;;;;;;;;;;;;;;;;;;;;;;;;;;;;;;;;;;;;;;;;;;;;;;;;;;;;;;;;;;;
0014+  049D             hex_ascii_encode:
0015+  049D 1B            mov al, bl
0016+  049E 93 40         test al, $40        ; test if letter or number
0017+  04A0 C7 A6 04      jnz hex_letter
0018+  04A3 87 0F         and al, $0F        ; get number
0019+  04A5 09            ret
0020+  04A6             hex_letter:
0021+  04A6 87 0F         and al, $0F        ; get letter
0022+  04A8 6A 09         add al, 9
0023+  04AA 09            ret
0024+  04AB             
0025+  04AB             ;;;;;;;;;;;;;;;;;;;;;;;;;;;;;;;;;;;;;;;;;;;;;;;;;;;;;;;;;;;;;;;;;;;;;;;;;;;;;;;;;;;;;;;;;;;;;;;;;;;;;;;;;;;;;;;;;;
0026+  04AB             ; ATOI
0027+  04AB             ; 2 letter hex string in B
0028+  04AB             ; 8bit integer returned in AL
0029+  04AB             ;;;;;;;;;;;;;;;;;;;;;;;;;;;;;;;;;;;;;;;;;;;;;;;;;;;;;;;;;;;;;;;;;;;;;;;;;;;;;;;;;;;;;;;;;;;;;;;;;;;;;;;;;;;;;;;;;;
0030+  04AB             _atoi:
0031+  04AB D8            push b
0032+  04AC 07 9D 04      call hex_ascii_encode      ; convert BL to 4bit code in AL
0033+  04AF 30            mov bl, bh
0034+  04B0 DB            push al          ; save a
0035+  04B1 07 9D 04      call hex_ascii_encode
0036+  04B4 EA            pop bl  
0037+  04B5 FD 9E 04      shl al, 4
0038+  04B8 8C            or al, bl
0039+  04B9 E5            pop b
0040+  04BA 09            ret  
0041+  04BB             
0042+  04BB             
0043+  04BB             ;;;;;;;;;;;;;;;;;;;;;;;;;;;;;;;;;;;;;;;;;;;;;;;;;;;;;;;;;;;;;;;;;;;;;;;;;;;;;;;;;;;;;;;;;;;;;;;;;;;;;;;;;;;;;;;;;;
0044+  04BB             ; scanf
0045+  04BB             ; no need for explanations!
0046+  04BB             ;;;;;;;;;;;;;;;;;;;;;;;;;;;;;;;;;;;;;;;;;;;;;;;;;;;;;;;;;;;;;;;;;;;;;;;;;;;;;;;;;;;;;;;;;;;;;;;;;;;;;;;;;;;;;;;;;;
0047+  04BB             scanf:
0048+  04BB 09            ret
0049+  04BC             
0050+  04BC             ;;;;;;;;;;;;;;;;;;;;;;;;;;;;;;;;;;;;;;;;;;;;;;;;;;;;;;;;;;;;;;;;;;;;;;;;;;;;;;;;;;;;;;;;;;;;;;;;;;;;;;;;;;;;;;;;;;
0051+  04BC             ; ITOA
0052+  04BC             ; 8bit value in BL
0053+  04BC             ; 2 byte ASCII result in A
0054+  04BC             ;;;;;;;;;;;;;;;;;;;;;;;;;;;;;;;;;;;;;;;;;;;;;;;;;;;;;;;;;;;;;;;;;;;;;;;;;;;;;;;;;;;;;;;;;;;;;;;;;;;;;;;;;;;;;;;;;;
0055+  04BC             _itoa:
0056+  04BC DA            push d
0057+  04BD D8            push b
0058+  04BE A7 00         mov bh, 0
0059+  04C0 FD A4 04      shr bl, 4  
0060+  04C3 74            mov d, b
0061+  04C4 1F 97 07      mov al, [d + s_hex_digits]
0062+  04C7 23            mov ah, al
0063+  04C8               
0064+  04C8 E5            pop b
0065+  04C9 D8            push b
0066+  04CA A7 00         mov bh, 0
0067+  04CC FD 87 0F      and bl, $0F
0068+  04CF 74            mov d, b
0069+  04D0 1F 97 07      mov al, [d + s_hex_digits]
0070+  04D3 E5            pop b
0071+  04D4 E7            pop d
0072+  04D5 09            ret
0073+  04D6             
0074+  04D6             ;;;;;;;;;;;;;;;;;;;;;;;;;;;;;;;;;;;;;;;;;;;;;;;;;;;;;;;;;;;;;;;;;;;;;;;;;;;;;;;;;;;;;;;;;;;;;;;;;;;;;;;;;;;;;;;;;;
0075+  04D6             ; HEX STRING TO BINARY
0076+  04D6             ; di = destination address
0077+  04D6             ; si = source
0078+  04D6             ;;;;;;;;;;;;;;;;;;;;;;;;;;;;;;;;;;;;;;;;;;;;;;;;;;;;;;;;;;;;;;;;;;;;;;;;;;;;;;;;;;;;;;;;;;;;;;;;;;;;;;;;;;;;;;;;;;
0079+  04D6             _hex_to_int:
0080+  04D6             _hex_to_int_L1:
0081+  04D6 F6            lodsb          ; load from [SI] to AL
0082+  04D7 B9 00         cmp al, 0        ; check if ASCII 0
0083+  04D9 C6 E6 04      jz _hex_to_int_ret
0084+  04DC 36            mov bh, al
0085+  04DD F6            lodsb
0086+  04DE 2F            mov bl, al
0087+  04DF 07 AB 04      call _atoi        ; convert ASCII byte in B to int (to AL)
0088+  04E2 F7            stosb          ; store AL to [DI]
0089+  04E3 0A D6 04      jmp _hex_to_int_L1
0090+  04E6             _hex_to_int_ret:
0091+  04E6 09            ret    
0092+  04E7             
0093+  04E7             
0094+  04E7             
0095+  04E7             ;;;;;;;;;;;;;;;;;;;;;;;;;;;;;;;;;;;;;;;;;;;;;;;;;;;;;;;;;;;;;;;;;;;;;;;;;;;;;;;;;;;;;;;;;;;;;;;;;;;;;;;;;;;;;;;;;;
0096+  04E7             ; GETCHAR
0097+  04E7             ; char in ah
0098+  04E7             ;;;;;;;;;;;;;;;;;;;;;;;;;;;;;;;;;;;;;;;;;;;;;;;;;;;;;;;;;;;;;;;;;;;;;;;;;;;;;;;;;;;;;;;;;;;;;;;;;;;;;;;;;;;;;;;;;;
0099+  04E7             _getchar:
0100+  04E7 DB            push al
0101+  04E8             _getchar_retry:
0102+  04E8 FD 0C         sti
0103+  04EA 19 01         mov al, 1
0104+  04EC 05 03         syscall sys_io      ; receive in AH
0105+  04EE B9 00         cmp al, 0      ; check if any char was received
0106+  04F0 C6 E8 04      je _getchar_retry
0107+  04F3 E8            pop al
0108+  04F4 09            ret
0109+  04F5             
0110+  04F5             ;;;;;;;;;;;;;;;;;;;;;;;;;;;;;;;;;;;;;;;;;;;;;;;;;;;;;;;;;;;;;;;;;;;;;;;;;;;;;;;;;;;;;;;;;;;;;;;;;;;;;;;;;;;;;;;;;;
0111+  04F5             ; PUTCHAR
0112+  04F5             ; char in ah
0113+  04F5             ;;;;;;;;;;;;;;;;;;;;;;;;;;;;;;;;;;;;;;;;;;;;;;;;;;;;;;;;;;;;;;;;;;;;;;;;;;;;;;;;;;;;;;;;;;;;;;;;;;;;;;;;;;;;;;;;;;
0114+  04F5             _putchar:
0115+  04F5 D7            push a
0116+  04F6 19 00         mov al, 0
0117+  04F8 05 03         syscall sys_io      ; char in AH
0118+  04FA E4            pop a
0119+  04FB 09            ret
0120+  04FC             
0121+  04FC             ;;;;;;;;;;;;;;;;;;;;;;;;;;;;;;;;;;;;;;;;;;;;;;;;;;;;;;;;;;;;;;;;;;;;;;;;;;;;;;;;;;;;;;;;;;;;;;;;;;;;;;;;;;;;;;;;;;
0122+  04FC             ;; INPUT A STRING
0123+  04FC             ;; terminates with null
0124+  04FC             ;; pointer in D
0125+  04FC             ;;;;;;;;;;;;;;;;;;;;;;;;;;;;;;;;;;;;;;;;;;;;;;;;;;;;;;;;;;;;;;;;;;;;;;;;;;;;;;;;;;;;;;;;;;;;;;;;;;;;;;;;;;;;;;;;;;
0126+  04FC             _gets:
0127+  04FC D7            push a
0128+  04FD DA            push d
0129+  04FE             _gets_loop:
0130+  04FE FD 0C         sti
0131+  0500 19 01         mov al, 1
0132+  0502 05 03         syscall sys_io      ; receive in AH
0133+  0504 B9 00         cmp al, 0        ; check error code (AL)
0134+  0506 C6 FE 04      je _gets_loop      ; if no char received, retry
0135+  0509             
0136+  0509 76 1B         cmp ah, 27
0137+  050B C6 2C 05      je _gets_ansi_esc
0138+  050E 76 0A         cmp ah, $0A        ; LF
0139+  0510 C6 9D 05      je _gets_end
0140+  0513 76 0D         cmp ah, $0D        ; CR
0141+  0515 C6 9D 05      je _gets_end
0142+  0518 76 5C         cmp ah, $5C        ; '\\'
0143+  051A C6 5C 05      je _gets_escape
0144+  051D               
0145+  051D 76 08         cmp ah, $08      ; check for backspace
0146+  051F C6 28 05      je _gets_backspace
0147+  0522             
0148+  0522 1A            mov al, ah
0149+  0523 3E            mov [d], al
0150+  0524 79            inc d
0151+  0525 0A FE 04      jmp _gets_loop
0152+  0528             _gets_backspace:
0153+  0528 7F            dec d
0154+  0529 0A FE 04      jmp _gets_loop
0155+  052C             _gets_ansi_esc:
0156+  052C FD 0C         sti
0157+  052E 19 01         mov al, 1
0158+  0530 05 03         syscall sys_io        ; receive in AH without echo
0159+  0532 B9 00         cmp al, 0          ; check error code (AL)
0160+  0534 C6 2C 05      je _gets_ansi_esc    ; if no char received, retry
0161+  0537 76 5B         cmp ah, '['
0162+  0539 C7 FE 04      jne _gets_loop
0163+  053C             _gets_ansi_esc_2:
0164+  053C FD 0C         sti
0165+  053E 19 01         mov al, 1
0166+  0540 05 03         syscall sys_io          ; receive in AH without echo
0167+  0542 B9 00         cmp al, 0            ; check error code (AL)
0168+  0544 C6 3C 05      je _gets_ansi_esc_2  ; if no char received, retry
0169+  0547 76 44         cmp ah, 'D'
0170+  0549 C6 54 05      je _gets_left_arrow
0171+  054C 76 43         cmp ah, 'C'
0172+  054E C6 58 05      je _gets_right_arrow
0173+  0551 0A FE 04      jmp _gets_loop
0174+  0554             _gets_left_arrow:
0175+  0554 7F            dec d
0176+  0555 0A FE 04      jmp _gets_loop
0177+  0558             _gets_right_arrow:
0178+  0558 79            inc d
0179+  0559 0A FE 04      jmp _gets_loop
0180+  055C             _gets_escape:
0181+  055C FD 0C         sti
0182+  055E 19 01         mov al, 1
0183+  0560 05 03         syscall sys_io      ; receive in AH
0184+  0562 B9 00         cmp al, 0        ; check error code (AL)
0185+  0564 C6 5C 05      je _gets_escape      ; if no char received, retry
0186+  0567 76 6E         cmp ah, 'n'
0187+  0569 C6 88 05      je _gets_LF
0188+  056C 76 72         cmp ah, 'r'
0189+  056E C6 8F 05      je _gets_CR
0190+  0571 76 30         cmp ah, '0'
0191+  0573 C6 96 05      je _gets_NULL
0192+  0576 76 5C         cmp ah, $5C  ; '\'
0193+  0578 C6 81 05      je _gets_slash
0194+  057B 1A            mov al, ah        ; if not a known escape, it is just a normal letter
0195+  057C 3E            mov [d], al
0196+  057D 79            inc d
0197+  057E 0A FE 04      jmp _gets_loop
0198+  0581             _gets_slash:
0199+  0581 19 5C         mov al, $5C
0200+  0583 3E            mov [d], al
0201+  0584 79            inc d
0202+  0585 0A FE 04      jmp _gets_loop
0203+  0588             _gets_LF:
0204+  0588 19 0A         mov al, $0A
0205+  058A 3E            mov [d], al
0206+  058B 79            inc d
0207+  058C 0A FE 04      jmp _gets_loop
0208+  058F             _gets_CR:
0209+  058F 19 0D         mov al, $0D
0210+  0591 3E            mov [d], al
0211+  0592 79            inc d
0212+  0593 0A FE 04      jmp _gets_loop
0213+  0596             _gets_NULL:
0214+  0596 19 00         mov al, $00
0215+  0598 3E            mov [d], al
0216+  0599 79            inc d
0217+  059A 0A FE 04      jmp _gets_loop
0218+  059D             _gets_end:
0219+  059D 19 00         mov al, 0
0220+  059F 3E            mov [d], al        ; terminate string
0221+  05A0 E7            pop d
0222+  05A1 E4            pop a
0223+  05A2 09            ret
0224+  05A3             
0225+  05A3             ;;;;;;;;;;;;;;;;;;;;;;;;;;;;;;;;;;;;;;;;;;;;;;;;;;;;;;;;;;;;;;;;;;;;;;;;;;;;;;;;;;;;;;;;;;;;;;;;;;;;;;;;;;;;;;;;;;
0226+  05A3             ;; INPUT BINARY
0227+  05A3             ;; pointer in D
0228+  05A3             ;; size in b
0229+  05A3             ;;;;;;;;;;;;;;;;;;;;;;;;;;;;;;;;;;;;;;;;;;;;;;;;;;;;;;;;;;;;;;;;;;;;;;;;;;;;;;;;;;;;;;;;;;;;;;;;;;;;;;;;;;;;;;;;;;
0230+  05A3             _load_binary:
0231+  05A3 D7            push a
0232+  05A4 DA            push d
0233+  05A5 D9            push c
0234+  05A6 38 00 00      mov c, 0
0235+  05A9             _load_binary_loop:
0236+  05A9 19 03         mov al, 3
0237+  05AB 05 03         syscall sys_io      ; receive in AH with no echo
0238+  05AD B9 00         cmp al, 0        ; check error code (AL)
0239+  05AF C6 A9 05      je _load_binary_loop    ; if no char received, retry
0240+  05B2 1A            mov al, ah
0241+  05B3 3E            mov [d], al
0242+  05B4 79            inc d
0243+  05B5 78            inc c
0244+  05B6 FD C0         cmp b, c
0245+  05B8 C7 A9 05      jne _load_binary_loop
0246+  05BB             _load_binary_end:
0247+  05BB E6            pop c
0248+  05BC E7            pop d
0249+  05BD E4            pop a
0250+  05BE 09            ret
0251+  05BF             
0252+  05BF             ;;;;;;;;;;;;;;;;;;;;;;;;;;;;;;;;;;;;;;;;;;;;;;;;;;;;;;;;;;;;;;;;;;;;;;;;;;;;;;;;;;;;;;;;;;;;;;;;;;;;;;;;;;;;;;;;;;
0253+  05BF             ;; INPUT TEXT
0254+  05BF             ;; terminated with CTRL+D
0255+  05BF             ;; pointer in D
0256+  05BF             ;;;;;;;;;;;;;;;;;;;;;;;;;;;;;;;;;;;;;;;;;;;;;;;;;;;;;;;;;;;;;;;;;;;;;;;;;;;;;;;;;;;;;;;;;;;;;;;;;;;;;;;;;;;;;;;;;;
0257+  05BF             _gettxt:
0258+  05BF D7            push a
0259+  05C0 DA            push d
0260+  05C1             _gettxt_loop:
0261+  05C1 19 01         mov al, 1
0262+  05C3 05 03         syscall sys_io      ; receive in AH
0263+  05C5 B9 00         cmp al, 0        ; check error code (AL)
0264+  05C7 C6 C1 05      je _gettxt_loop    ; if no char received, retry
0265+  05CA 76 04         cmp ah, 4      ; EOT
0266+  05CC C6 0A 06      je _gettxt_end
0267+  05CF 76 08         cmp ah, $08      ; check for backspace
0268+  05D1 C6 06 06      je _gettxt_backspace
0269+  05D4 76 5C         cmp ah, $5C        ; '\'
0270+  05D6 C6 DF 05      je _gettxt_escape
0271+  05D9 1A            mov al, ah
0272+  05DA 3E            mov [d], al
0273+  05DB 79            inc d
0274+  05DC 0A C1 05      jmp _gettxt_loop
0275+  05DF             _gettxt_escape:
0276+  05DF 19 01         mov al, 1
0277+  05E1 05 03         syscall sys_io      ; receive in AH
0278+  05E3 B9 00         cmp al, 0        ; check error code (AL)
0279+  05E5 C6 DF 05      je _gettxt_escape    ; if no char received, retry
0280+  05E8 76 6E         cmp ah, 'n'
0281+  05EA C6 F8 05      je _gettxt_LF
0282+  05ED 76 72         cmp ah, 'r'
0283+  05EF C6 FF 05      je _gettxt_CR
0284+  05F2 1A            mov al, ah        ; if not a known escape, it is just a normal letter
0285+  05F3 3E            mov [d], al
0286+  05F4 79            inc d
0287+  05F5 0A C1 05      jmp _gettxt_loop
0288+  05F8             _gettxt_LF:
0289+  05F8 19 0A         mov al, $0A
0290+  05FA 3E            mov [d], al
0291+  05FB 79            inc d
0292+  05FC 0A C1 05      jmp _gettxt_loop
0293+  05FF             _gettxt_CR:
0294+  05FF 19 0D         mov al, $0D
0295+  0601 3E            mov [d], al
0296+  0602 79            inc d
0297+  0603 0A C1 05      jmp _gettxt_loop
0298+  0606             _gettxt_backspace:
0299+  0606 7F            dec d
0300+  0607 0A C1 05      jmp _gettxt_loop
0301+  060A             _gettxt_end:
0302+  060A 19 00         mov al, 0
0303+  060C 3E            mov [d], al        ; terminate string
0304+  060D E7            pop d
0305+  060E E4            pop a
0306+  060F 09            ret
0307+  0610             
0308+  0610             ;;;;;;;;;;;;;;;;;;;;;;;;;;;;;;;;;;;;;;;;;;;;;;;;;;;;;;;;;;;;;;;;;;;;;;;;;;;;;;;;;;;;;;;;;;;;;;;;;;;;;;;;;;;;;;;;;;
0309+  0610             ; PRINT NEW LINE
0310+  0610             ;;;;;;;;;;;;;;;;;;;;;;;;;;;;;;;;;;;;;;;;;;;;;;;;;;;;;;;;;;;;;;;;;;;;;;;;;;;;;;;;;;;;;;;;;;;;;;;;;;;;;;;;;;;;;;;;;;
0311+  0610             printnl:
0312+  0610 D7            push a
0313+  0611 10 00 0A      mov a, $0A00
0314+  0614 05 03         syscall sys_io
0315+  0616 10 00 0D      mov a, $0D00
0316+  0619 05 03         syscall sys_io
0317+  061B E4            pop a
0318+  061C 09            ret
0319+  061D             
0320+  061D             ;;;;;;;;;;;;;;;;;;;;;;;;;;;;;;;;;;;;;;;;;;;;;;;;;;;;;;;;;;;;;;;;;;;;;;;;;;;;;;;;;;;;;;;;;;;;;;;;;;;;;;;;;;;;;;;;;;
0321+  061D             ; _strtoint
0322+  061D             ; 4 digit hex string number in d
0323+  061D             ; integer returned in A
0324+  061D             ;;;;;;;;;;;;;;;;;;;;;;;;;;;;;;;;;;;;;;;;;;;;;;;;;;;;;;;;;;;;;;;;;;;;;;;;;;;;;;;;;;;;;;;;;;;;;;;;;;;;;;;;;;;;;;;;;;
0325+  061D             _strtointx:
0326+  061D D8            push b
0327+  061E 32            mov bl, [d]
0328+  061F 37            mov bh, bl
0329+  0620 33 01 00      mov bl, [d + 1]
0330+  0623 07 AB 04      call _atoi        ; convert to int in AL
0331+  0626 23            mov ah, al        ; move to AH
0332+  0627 33 02 00      mov bl, [d + 2]
0333+  062A 37            mov bh, bl
0334+  062B 33 03 00      mov bl, [d + 3]
0335+  062E 07 AB 04      call _atoi        ; convert to int in AL
0336+  0631 E5            pop b
0337+  0632 09            ret
0338+  0633             
0339+  0633             ;;;;;;;;;;;;;;;;;;;;;;;;;;;;;;;;;;;;;;;;;;;;;;;;;;;;;;;;;;;;;;;;;;;;;;;;;;;;;;;;;;;;;;;;;;;;;;;;;;;;;;;;;;;;;;;;;;
0340+  0633             ; _strtoint
0341+  0633             ; 5 digit base10 string number in d
0342+  0633             ; integer returned in A
0343+  0633             ;;;;;;;;;;;;;;;;;;;;;;;;;;;;;;;;;;;;;;;;;;;;;;;;;;;;;;;;;;;;;;;;;;;;;;;;;;;;;;;;;;;;;;;;;;;;;;;;;;;;;;;;;;;;;;;;;;
0344+  0633             _strtoint:
0345+  0633 E2            push si
0346+  0634 D8            push b
0347+  0635 D9            push c
0348+  0636 DA            push d
0349+  0637 07 4D 04      call _strlen      ; get string length in C
0350+  063A 7E            dec c
0351+  063B FD 4E         mov si, d
0352+  063D 12            mov a, c
0353+  063E FD 99         shl a
0354+  0640 3B AF 07      mov d, table_power
0355+  0643 59            add d, a
0356+  0644 38 00 00      mov c, 0
0357+  0647             _strtoint_L0:
0358+  0647 F6            lodsb      ; load ASCII to al
0359+  0648 B9 00         cmp al, 0
0360+  064A C6 5D 06      je _strtoint_end
0361+  064D 6F 30         sub al, $30    ; make into integer
0362+  064F 22 00         mov ah, 0
0363+  0651 2A            mov b, [d]
0364+  0652 AC            mul a, b      ; result in B since it fits in 16bits
0365+  0653 11            mov a, b
0366+  0654 28            mov b, c
0367+  0655 54            add a, b
0368+  0656 39            mov c, a
0369+  0657 63 02 00      sub d, 2
0370+  065A 0A 47 06      jmp _strtoint_L0
0371+  065D             _strtoint_end:
0372+  065D 12            mov a, c
0373+  065E E7            pop d
0374+  065F E6            pop c
0375+  0660 E5            pop b
0376+  0661 EF            pop si
0377+  0662 09            ret
0378+  0663             
0379+  0663             
0380+  0663             ;;;;;;;;;;;;;;;;;;;;;;;;;;;;;;;;;;;;;;;;;;;;;;;;;;;;;;;;;;;;;;;;;;;;;;;;;;;;;;;;;;;;;;;;;;;;;;;;;;;;;;;;;;;;;;;;;;
0381+  0663             ; PRINT NULL TERMINATED STRING
0382+  0663             ; pointer in D
0383+  0663             ;;;;;;;;;;;;;;;;;;;;;;;;;;;;;;;;;;;;;;;;;;;;;;;;;;;;;;;;;;;;;;;;;;;;;;;;;;;;;;;;;;;;;;;;;;;;;;;;;;;;;;;;;;;;;;;;;;
0384+  0663             _puts:
0385+  0663 D7            push a
0386+  0664 DA            push d
0387+  0665             _puts_L1:
0388+  0665 1E            mov al, [d]
0389+  0666 B9 00         cmp al, 0
0390+  0668 C6 74 06      jz _puts_END
0391+  066B 23            mov ah, al
0392+  066C 19 00         mov al, 0
0393+  066E 05 03         syscall sys_io
0394+  0670 79            inc d
0395+  0671 0A 65 06      jmp _puts_L1
0396+  0674             _puts_END:
0397+  0674 E7            pop d
0398+  0675 E4            pop a
0399+  0676 09            ret
0400+  0677             
0401+  0677             ;;;;;;;;;;;;;;;;;;;;;;;;;;;;;;;;;;;;;;;;;;;;;;;;;;;;;;;;;;;;;;;;;;;;;;;;;;;;;;;;;;;;;;;;;;;;;;;;;;;;;;;;;;;;;;;;;;
0402+  0677             ; PRINT N SIZE STRING
0403+  0677             ; pointer in D
0404+  0677             ; size in C
0405+  0677             ;;;;;;;;;;;;;;;;;;;;;;;;;;;;;;;;;;;;;;;;;;;;;;;;;;;;;;;;;;;;;;;;;;;;;;;;;;;;;;;;;;;;;;;;;;;;;;;;;;;;;;;;;;;;;;;;;;
0406+  0677             _putsn:
0407+  0677 DB            push al
0408+  0678 DA            push d
0409+  0679 D9            push c
0410+  067A             _putsn_L0:
0411+  067A 1E            mov al, [d]
0412+  067B 23            mov ah, al
0413+  067C 19 00         mov al, 0
0414+  067E 05 03         syscall sys_io
0415+  0680 79            inc d
0416+  0681 7E            dec c  
0417+  0682 C2 00 00      cmp c, 0
0418+  0685 C7 7A 06      jne _putsn_L0
0419+  0688             _putsn_end:
0420+  0688 E6            pop c
0421+  0689 E7            pop d
0422+  068A E8            pop al
0423+  068B 09            ret
0424+  068C             
0425+  068C             ;;;;;;;;;;;;;;;;;;;;;;;;;;;;;;;;;;;;;;;;;;;;;;;;;;;;;;;;;;;;;;;;;;;;;;;;;;;;;;;;;;;;;;;
0426+  068C             ; print 16bit decimal number
0427+  068C             ; input number in A
0428+  068C             ;;;;;;;;;;;;;;;;;;;;;;;;;;;;;;;;;;;;;;;;;;;;;;;;;;;;;;;;;;;;;;;;;;;;;;;;;;;;;;;;;;;;;;;
0429+  068C             print_u16d:
0430+  068C D7            push a
0431+  068D D8            push b
0432+  068E 26 10 27      mov b, 10000
0433+  0691 AE            div a, b      ; get 10000's coeff.
0434+  0692 07 B4 06      call print_number
0435+  0695 11            mov a, b
0436+  0696 26 E8 03      mov b, 1000
0437+  0699 AE            div a, b      ; get 1000's coeff.
0438+  069A 07 B4 06      call print_number
0439+  069D 11            mov a, b
0440+  069E 26 64 00      mov b, 100
0441+  06A1 AE            div a, b
0442+  06A2 07 B4 06      call print_number
0443+  06A5 11            mov a, b
0444+  06A6 26 0A 00      mov b, 10
0445+  06A9 AE            div a, b
0446+  06AA 07 B4 06      call print_number
0447+  06AD 1B            mov al, bl      ; 1's coeff in bl
0448+  06AE 07 B4 06      call print_number
0449+  06B1 E5            pop b
0450+  06B2 E4            pop a
0451+  06B3 09            ret
0452+  06B4             
0453+  06B4             ;;;;;;;;;;;;;;;;;;;;;;;;;;;;;;;;;;;;;;;;;;;;;;;;;;;;;;;;;;;;;;;;;;;;;;;;;;;;;;;;;;;;;;;
0454+  06B4             ; print AL
0455+  06B4             ;;;;;;;;;;;;;;;;;;;;;;;;;;;;;;;;;;;;;;;;;;;;;;;;;;;;;;;;;;;;;;;;;;;;;;;;;;;;;;;;;;;;;;;
0456+  06B4             print_number:
0457+  06B4 6A 30         add al, $30
0458+  06B6 23            mov ah, al
0459+  06B7 07 F5 04      call _putchar
0460+  06BA 09            ret
0461+  06BB             
0462+  06BB             ;;;;;;;;;;;;;;;;;;;;;;;;;;;;;;;;;;;;;;;;;;;;;;;;;;;;;;;;;;;;;;;;;;;;;;;;;;;;;;;;;;;;;;;;;;;;;;;;;;;;;;;;;;;;;;;;;;
0463+  06BB             ; PRINT 16BIT HEX INTEGER
0464+  06BB             ; integer value in reg B
0465+  06BB             ;;;;;;;;;;;;;;;;;;;;;;;;;;;;;;;;;;;;;;;;;;;;;;;;;;;;;;;;;;;;;;;;;;;;;;;;;;;;;;;;;;;;;;;;;;;;;;;;;;;;;;;;;;;;;;;;;;
0466+  06BB             print_u16x:
0467+  06BB D7            push a
0468+  06BC D8            push b
0469+  06BD DD            push bl
0470+  06BE 30            mov bl, bh
0471+  06BF 07 BC 04      call _itoa        ; convert bh to char in A
0472+  06C2 2F            mov bl, al        ; save al
0473+  06C3 19 00         mov al, 0
0474+  06C5 05 03         syscall sys_io        ; display AH
0475+  06C7 24            mov ah, bl        ; retrieve al
0476+  06C8 19 00         mov al, 0
0477+  06CA 05 03         syscall sys_io        ; display AL
0478+  06CC             
0479+  06CC EA            pop bl
0480+  06CD 07 BC 04      call _itoa        ; convert bh to char in A
0481+  06D0 2F            mov bl, al        ; save al
0482+  06D1 19 00         mov al, 0
0483+  06D3 05 03         syscall sys_io        ; display AH
0484+  06D5 24            mov ah, bl        ; retrieve al
0485+  06D6 19 00         mov al, 0
0486+  06D8 05 03         syscall sys_io        ; display AL
0487+  06DA             
0488+  06DA E5            pop b
0489+  06DB E4            pop a
0490+  06DC 09            ret
0491+  06DD             
0492+  06DD             ;;;;;;;;;;;;;;;;;;;;;;;;;;;;;;;;;;;;;;;;;;;;;;;;;;;;;;;;;;;;;;;;;;;;;;;;;;;;;;;;;;;;;;;;;;;;;;;;;;;;;;;;;;;;;;;;;;
0493+  06DD             ; INPUT 16BIT HEX INTEGER
0494+  06DD             ; read 16bit integer into A
0495+  06DD             ;;;;;;;;;;;;;;;;;;;;;;;;;;;;;;;;;;;;;;;;;;;;;;;;;;;;;;;;;;;;;;;;;;;;;;;;;;;;;;;;;;;;;;;;;;;;;;;;;;;;;;;;;;;;;;;;;;
0496+  06DD             scan_u16x:
0497+  06DD F8 10 00      enter 16
0498+  06E0 D8            push b
0499+  06E1 DA            push d
0500+  06E2             
0501+  06E2 FA F1 FF      lea d, [bp + -15]
0502+  06E5 07 FC 04      call _gets        ; get number
0503+  06E8             
0504+  06E8 32            mov bl, [d]
0505+  06E9 37            mov bh, bl
0506+  06EA 33 01 00      mov bl, [d + 1]
0507+  06ED 07 AB 04      call _atoi        ; convert to int in AL
0508+  06F0 23            mov ah, al        ; move to AH
0509+  06F1             
0510+  06F1 33 02 00      mov bl, [d + 2]
0511+  06F4 37            mov bh, bl
0512+  06F5 33 03 00      mov bl, [d + 3]
0513+  06F8 07 AB 04      call _atoi        ; convert to int in AL
0514+  06FB             
0515+  06FB E7            pop d
0516+  06FC E5            pop b
0517+  06FD F9            leave
0518+  06FE 09            ret
0519+  06FF             
0520+  06FF             ;;;;;;;;;;;;;;;;;;;;;;;;;;;;;;;;;;;;;;;;;;;;;;;;;;;;;;;;;;;;;;;;;;;;;;;;;;;;;;;;;;;;;;;;;;;;;;;;;;;;;;;;;;;;;;;;;;
0521+  06FF             ; PRINT 8bit HEX INTEGER
0522+  06FF             ; integer value in reg bl
0523+  06FF             ;;;;;;;;;;;;;;;;;;;;;;;;;;;;;;;;;;;;;;;;;;;;;;;;;;;;;;;;;;;;;;;;;;;;;;;;;;;;;;;;;;;;;;;;;;;;;;;;;;;;;;;;;;;;;;;;;;
0524+  06FF             print_u8x:
0525+  06FF D7            push a
0526+  0700 DD            push bl
0527+  0701             
0528+  0701 07 BC 04      call _itoa        ; convert bl to char in A
0529+  0704 2F            mov bl, al        ; save al
0530+  0705 19 00         mov al, 0
0531+  0707 05 03         syscall sys_io        ; display AH
0532+  0709 24            mov ah, bl        ; retrieve al
0533+  070A 19 00         mov al, 0
0534+  070C 05 03         syscall sys_io        ; display AL
0535+  070E             
0536+  070E EA            pop bl
0537+  070F E4            pop a
0538+  0710 09            ret
0539+  0711             
0540+  0711             ;;;;;;;;;;;;;;;;;;;;;;;;;;;;;;;;;;;;;;;;;;;;;;;;;;;;;;;;;;;;;;;;;;;;;;;;;;;;;;;;;;;;;;;
0541+  0711             ; print 8bit decimal unsigned number
0542+  0711             ; input number in AL
0543+  0711             ;;;;;;;;;;;;;;;;;;;;;;;;;;;;;;;;;;;;;;;;;;;;;;;;;;;;;;;;;;;;;;;;;;;;;;;;;;;;;;;;;;;;;;;
0544+  0711             print_u8d:
0545+  0711 D7            push a
0546+  0712 D8            push b
0547+  0713             
0548+  0713 22 00         mov ah, 0
0549+  0715 26 64 00      mov b, 100
0550+  0718 AE            div a, b
0551+  0719 D8            push b      ; save remainder
0552+  071A B9 00         cmp al, 0
0553+  071C C6 26 07      je skip100
0554+  071F 6A 30         add al, $30
0555+  0721 23            mov ah, al
0556+  0722 19 00         mov al, 0
0557+  0724 05 03         syscall sys_io  ; print coeff
0558+  0726             skip100:
0559+  0726 E4            pop a
0560+  0727 22 00         mov ah, 0
0561+  0729 26 0A 00      mov b, 10
0562+  072C AE            div a, b
0563+  072D D8            push b      ; save remainder
0564+  072E B9 00         cmp al, 0
0565+  0730 C6 3A 07      je skip10
0566+  0733 6A 30         add al, $30
0567+  0735 23            mov ah, al
0568+  0736 19 00         mov al, 0
0569+  0738 05 03         syscall sys_io  ; print coeff
0570+  073A             skip10:
0571+  073A E4            pop a
0572+  073B 1B            mov al, bl
0573+  073C 6A 30         add al, $30
0574+  073E 23            mov ah, al
0575+  073F 19 00         mov al, 0
0576+  0741 05 03         syscall sys_io  ; print coeff
0577+  0743 E5            pop b
0578+  0744 E4            pop a
0579+  0745 09            ret
0580+  0746             
0581+  0746             ;;;;;;;;;;;;;;;;;;;;;;;;;;;;;;;;;;;;;;;;;;;;;;;;;;;;;;;;;;;;;;;;;;;;;;;;;;;;;;;;;;;;;;;;;;;;;;;;;;;;;;;;;;;;;;;;;;
0582+  0746             ; INPUT 8BIT HEX INTEGER
0583+  0746             ; read 8bit integer into AL
0584+  0746             ;;;;;;;;;;;;;;;;;;;;;;;;;;;;;;;;;;;;;;;;;;;;;;;;;;;;;;;;;;;;;;;;;;;;;;;;;;;;;;;;;;;;;;;;;;;;;;;;;;;;;;;;;;;;;;;;;;
0585+  0746             scan_u8x:
0586+  0746 F8 04 00      enter 4
0587+  0749 D8            push b
0588+  074A DA            push d
0589+  074B             
0590+  074B FA FD FF      lea d, [bp + -3]
0591+  074E 07 FC 04      call _gets        ; get number
0592+  0751             
0593+  0751 32            mov bl, [d]
0594+  0752 37            mov bh, bl
0595+  0753 33 01 00      mov bl, [d + 1]
0596+  0756 07 AB 04      call _atoi        ; convert to int in AL
0597+  0759             
0598+  0759 E7            pop d
0599+  075A E5            pop b
0600+  075B F9            leave
0601+  075C 09            ret
0602+  075D             
0603+  075D             ;;;;;;;;;;;;;;;;;;;;;;;;;;;;;;;;;;;;;;;;;;;;;;;;;;;;;;;;;;;;;;;;;;;;;;;;;;;;;;;;;;;;;;;
0604+  075D             ; input decimal number
0605+  075D             ; result in A
0606+  075D             ; 655'\0'
0607+  075D             ; low--------high
0608+  075D             ;;;;;;;;;;;;;;;;;;;;;;;;;;;;;;;;;;;;;;;;;;;;;;;;;;;;;;;;;;;;;;;;;;;;;;;;;;;;;;;;;;;;;;;
0609+  075D             scan_u16d:
0610+  075D F8 08 00      enter 8
0611+  0760 E2            push si
0612+  0761 D8            push b
0613+  0762 D9            push c
0614+  0763 DA            push d
0615+  0764 FA F9 FF      lea d, [bp +- 7]
0616+  0767 07 FC 04      call _gets
0617+  076A 07 4D 04      call _strlen      ; get string length in C
0618+  076D 7E            dec c
0619+  076E FD 4E         mov si, d
0620+  0770 12            mov a, c
0621+  0771 FD 99         shl a
0622+  0773 3B AF 07      mov d, table_power
0623+  0776 59            add d, a
0624+  0777 38 00 00      mov c, 0
0625+  077A             mul_loop:
0626+  077A F6            lodsb      ; load ASCII to al
0627+  077B B9 00         cmp al, 0
0628+  077D C6 90 07      je mul_exit
0629+  0780 6F 30         sub al, $30    ; make into integer
0630+  0782 22 00         mov ah, 0
0631+  0784 2A            mov b, [d]
0632+  0785 AC            mul a, b      ; result in B since it fits in 16bits
0633+  0786 11            mov a, b
0634+  0787 28            mov b, c
0635+  0788 54            add a, b
0636+  0789 39            mov c, a
0637+  078A 63 02 00      sub d, 2
0638+  078D 0A 7A 07      jmp mul_loop
0639+  0790             mul_exit:
0640+  0790 12            mov a, c
0641+  0791 E7            pop d
0642+  0792 E6            pop c
0643+  0793 E5            pop b
0644+  0794 EF            pop si
0645+  0795 F9            leave
0646+  0796 09            ret
0647+  0797             
0648+  0797             
0649+  0797 30 31 32 33 s_hex_digits:    .db "0123456789ABCDEF"  
0649+  079B 34 35 36 37 
0649+  079F 38 39 41 42 
0649+  07A3 43 44 45 46 
0650+  07A7 1B 5B 32 4A s_telnet_clear:  .db "\033[2J\033[H", 0
0650+  07AB 1B 5B 48 00 
0651+  07AF             
0652+  07AF             table_power:
0653+  07AF 01 00         .dw 1
0654+  07B1 0A 00         .dw 10
0655+  07B3 64 00         .dw 100
0656+  07B5 E8 03         .dw 1000
0657+  07B7 10 27         .dw 100000016   07B9             .include "lib/ctype.asm"
0001+  07B9             ;;;;;;;;;;;;;;;;;;;;;;;;;;;;;;;;;;;;;;;;;;;;;;;;;;;;;;;;;;;;;;;;;;;;;;;;;;;;;;;;;;;;;;;;;;;;;;;;;;;;;;;;;;;;;;;;;;
0002+  07B9             ; ctype.s
0003+  07B9             ;;;;;;;;;;;;;;;;;;;;;;;;;;;;;;;;;;;;;;;;;;;;;;;;;;;;;;;;;;;;;;;;;;;;;;;;;;;;;;;;;;;;;;;;;;;;;;;;;;;;;;;;;;;;;;;;;;
0004+  07B9             
0005+  07B9             ;;;;;;;;;;;;;;;;;;;;;;;;;;;;;;;;;;;;;;;;;;;;;;;;;;;;;;;;;;;;;;;;;;;;;;;;;;;;;;;;;;;;;;;;;;;;;;;;;;;;;;;;;;;;;;;;;;
0006+  07B9             ;; C character classification is an operation provided by a group of functions in the ANSI C Standard Library
0007+  07B9             ;; for the C programming language. These functions are used to test characters for membership in a particular
0008+  07B9             ;; class of characters, such as alphabetic characters, control characters, etc. Both single-byte, and wide
0009+  07B9             ;; characters are supported.
0010+  07B9             ;;;;;;;;;;;;;;;;;;;;;;;;;;;;;;;;;;;;;;;;;;;;;;;;;;;;;;;;;;;;;;;;;;;;;;;;;;;;;;;;;;;;;;;;;;;;;;;;;;;;;;;;;;;;;;;;;;
0011+  07B9             ;; _isalnum 
0012+  07B9             ;; _isalpha 
0013+  07B9             ;; islower 
0014+  07B9             ;; isupper 
0015+  07B9             ;; _isdigit 
0016+  07B9             ;; isxdigit
0017+  07B9             ;; iscntrl 
0018+  07B9             ;; isgraph 
0019+  07B9             ;; _isspace 
0020+  07B9             ;; isblank 
0021+  07B9             ;; isprint 
0022+  07B9             ;; ispunct 
0023+  07B9             ;; tolower 
0024+  07B9             ;; toupper
0025+  07B9             
0026+  07B9             
0027+  07B9             ;;;;;;;;;;;;;;;;;;;;;;;;;;;;;;;;;;;;;;;;;;;;;;;;;;;;;;;;;;;;;;;;;;;;;;;;;;;;;;;;;;
0028+  07B9             ;; IS ALPHANUMERIC
0029+  07B9             ;; sets ZF according with result
0030+  07B9             ;;;;;;;;;;;;;;;;;;;;;;;;;;;;;;;;;;;;;;;;;;;;;;;;;;;;;;;;;;;;;;;;;;;;;;;;;;;;;;;;;;
0031+  07B9             _isalnum:
0032+  07B9 07 D6 07    	call _isalpha
0033+  07BC C6 C2 07    	je _isalnum_exit
0034+  07BF 07 C3 07    	call _isdigit
0035+  07C2             _isalnum_exit:
0036+  07C2 09          	ret	
0037+  07C3             ;;;;;;;;;;;;;;;;;;;;;;;;;;;;;;;;;;;;;;;;;;;;;;;;;;;;;;;;;;;;;;;;;;;;;;;;;;;;;;;;;;
0038+  07C3             ;; IS DIGIT
0039+  07C3             ;; sets ZF according with result
0040+  07C3             ;;;;;;;;;;;;;;;;;;;;;;;;;;;;;;;;;;;;;;;;;;;;;;;;;;;;;;;;;;;;;;;;;;;;;;;;;;;;;;;;;;
0041+  07C3             _isdigit:
0042+  07C3 DB          	push al
0043+  07C4 B9 30       	cmp al, '0'
0044+  07C6 C8 D2 07    	jlu _isdigit_false
0045+  07C9 B9 39       	cmp al, '9'
0046+  07CB D1 D2 07    	jgu _isdigit_false
0047+  07CE 87 00       	and al, 0	; set ZF
0048+  07D0 E8          	pop al
0049+  07D1 09          	ret
0050+  07D2             _isdigit_false:
0051+  07D2 8B 01       	or al, 1	; clear ZF
0052+  07D4 E8          	pop al
0053+  07D5 09          	ret	
0054+  07D6             	
0055+  07D6             ;;;;;;;;;;;;;;;;;;;;;;;;;;;;;;;;;;;;;;;;;;;;;;;;;;;;;;;;;;;;;;;;;;;;;;;;;;;;;;;;;;
0056+  07D6             ;; IS ALPHA
0057+  07D6             ;; sets ZF according with result
0058+  07D6             ;;;;;;;;;;;;;;;;;;;;;;;;;;;;;;;;;;;;;;;;;;;;;;;;;;;;;;;;;;;;;;;;;;;;;;;;;;;;;;;;;;
0059+  07D6             _isalpha:
0060+  07D6 DB          	push al
0061+  07D7 B9 5F       	cmp al, '_'
0062+  07D9 C6 F9 07    	je _isalpha_true
0063+  07DC B9 2E       	cmp al, '.'
0064+  07DE C6 F9 07    	je _isalpha_true
0065+  07E1 B9 41       	cmp al, 'A'
0066+  07E3 C8 F5 07    	jlu _isalpha_false
0067+  07E6 B9 7A       	cmp al, 'z'
0068+  07E8 D1 F5 07    	jgu _isalpha_false
0069+  07EB B9 5A       	cmp al, 'Z'
0070+  07ED D0 F9 07    	jleu _isalpha_true
0071+  07F0 B9 61       	cmp al, 'a'
0072+  07F2 C9 F9 07    	jgeu _isalpha_true
0073+  07F5             _isalpha_false:
0074+  07F5 8B 01       	or al, 1	; clear ZF
0075+  07F7 E8          	pop al
0076+  07F8 09          	ret
0077+  07F9             _isalpha_true:
0078+  07F9 87 00       	and al, 0	; set ZF
0079+  07FB E8          	pop al
0080+  07FC 09          	ret
0081+  07FD             
0082+  07FD             ;;;;;;;;;;;;;;;;;;;;;;;;;;;;;;;;;;;;;;;;;;;;;;;;;;;;;;;;;;;;;;;;;;;;;;;;;;;;;;;;;;
0083+  07FD             ;; IS PATH-ALPHA
0084+  07FD             ;; sets ZF according with result
0085+  07FD             ;;;;;;;;;;;;;;;;;;;;;;;;;;;;;;;;;;;;;;;;;;;;;;;;;;;;;;;;;;;;;;;;;;;;;;;;;;;;;;;;;;
0086+  07FD             ispath:
0087+  07FD DB          	push al
0088+  07FE 07 C3 07    	call _isdigit
0089+  0801 C6 2B 08    	je ispath_true
0090+  0804 B9 5F       	cmp al, '_'
0091+  0806 C6 2B 08    	je ispath_true
0092+  0809 B9 2F       	cmp al, '/'
0093+  080B C6 2B 08    	je ispath_true
0094+  080E B9 2E       	cmp al, '.'
0095+  0810 C6 2B 08    	je ispath_true
0096+  0813 B9 41       	cmp al, 'A'
0097+  0815 C8 27 08    	jlu ispath_false
0098+  0818 B9 7A       	cmp al, 'z'
0099+  081A D1 27 08    	jgu ispath_false
0100+  081D B9 5A       	cmp al, 'Z'
0101+  081F D0 2B 08    	jleu ispath_true
0102+  0822 B9 61       	cmp al, 'a'
0103+  0824 C9 2B 08    	jgeu ispath_true
0104+  0827             ispath_false:
0105+  0827 8B 01       	or al, 1	; clear ZF
0106+  0829 E8          	pop al
0107+  082A 09          	ret
0108+  082B             ispath_true:
0109+  082B 87 00       	and al, 0	; set ZF
0110+  082D E8          	pop al
0111+  082E 09          	ret
0112+  082F             ;;;;;;;;;;;;;;;;;;;;;;;;;;;;;;;;;;;;;;;;;;;;;;;;;;;;;;;;;;;;;;;;;;;;;;;;;;;;;;;;;;
0113+  082F             ;; IS SPACE
0114+  082F             ;; sets ZF according with result
0115+  082F             ;;;;;;;;;;;;;;;;;;;;;;;;;;;;;;;;;;;;;;;;;;;;;;;;;;;;;;;;;;;;;;;;;;;;;;;;;;;;;;;;;;
0116+  082F             _isspace:
0117+  082F B9 20       	cmp al, $20		; ' '
0118+  0831 C6 45 08    	je _isspace_exit
0119+  0834 B9 09       	cmp al, $09		; '\t'
0120+  0836 C6 45 08    	je _isspace_exit
0121+  0839 B9 0A       	cmp al, $0A		; '\n'
0122+  083B C6 45 08    	je _isspace_exit
0123+  083E B9 0D       	cmp al, $0D		; '\r'
0124+  0840 C6 45 08    	je _isspace_exit
0125+  0843 B9 0B       	cmp al, $0B		; '\v'
0126+  0845             _isspace_exit:
0127+  0845 09          	ret	
0128+  0846             
0129+  0846             ;;;;;;;;;;;;;;;;;;;;;;;;;;;;;;;;;;;;;;;;;;;;;;;;;;;;;;;;;;;;;;;;;;;;;;;;;;;;;;;;;;;;;;;;;;;;;;;;;;;;;;;;;;;;;;;;;;
0130+  0846             ; TO LOWER
0131+  0846             ; input in AL
0132+  0846             ; output in AL
0133+  0846             ;;;;;;;;;;;;;;;;;;;;;;;;;;;;;;;;;;;;;;;;;;;;;;;;;;;;;;;;;;;;;;;;;;;;;;;;;;;;;;;;;;;;;;;;;;;;;;;;;;;;;;;;;;;;;;;;;;
0134+  0846             _to_lower:
0135+  0846 B9 5A       	cmp al, 'Z'
0136+  0848 D1 4D 08    	jgu _to_lower_ret
0137+  084B 6A 20       	add al, $20				; convert to lower case
0138+  084D             _to_lower_ret:
0139+  084D 09          	ret
0140+  084E             ;;;;;;;;;;;;;;;;;;;;;;;;;;;;;;;;;;;;;;;;;;;;;;;;;;;;;;;;;;;;;;;;;;;;;;;;;;;;;;;;;;;;;;;;;;;;;;;;;;;;;;;;;;;;;;;;;;
0141+  084E             ; TO UPPER
0142+  084E             ; input in AL
0143+  084E             ; output in AL
0144+  084E             ;;;;;;;;;;;;;;;;;;;;;;;;;;;;;;;;;;;;;;;;;;;;;;;;;;;;;;;;;;;;;;;;;;;;;;;;;;;;;;;;;;;;;;;;;;;;;;;;;;;;;;;;;;;;;;;;;;
0145+  084E             _to_upper:
0146+  084E B9 61       	cmp al, 'a'
0147+  0850 C8 55 08    	jlu _to_upper_ret
0148+  0853 6F 20       	sub al, $20			; convert to upper case
0149+  0855             _to_upper_ret:
0150+  0855 09          	ret
0151+  0856             
0017   0856             
0018   0856             .end
0019   0856             
0020   0856             
0021   0856             
tasm: Number of errors = 0
