0001   0000             .include "lib/kernel.exp"
0001+  0000             TEXT_ORG         .EQU  $0400
0002+  0000             sys_break        .EQU  $0000
0003+  0000             sys_rtc          .EQU  $0001
0004+  0000             sys_ide          .EQU  $0002
0005+  0000             sys_io           .EQU  $0003
0006+  0000             sys_filesystem   .EQU  $0004
0007+  0000             sys_spawn_proc   .EQU  $0005
0008+  0000             sys_list         .EQU  $0006
0009+  0000             sys_datetime     .EQU  $0007
0010+  0000             sys_reboot       .EQU  $0008
0011+  0000             sys_pause_proc   .EQU  $0009
0012+  0000             sys_resume_proc  .EQU  $000a
0013+  0000             sys_terminate_proc .EQU  $000b
0014+  0000             sys_system       .EQU  $000c
0002   0000             
0003   0000             ;;;;;;;;;;;;;;;;;;;;;;;;;;;;;;;;;;;;;;;;;;;;;;;;;;;;;;;;;;;;;;;;;;;;;;;;;;;;;;;;
0004   0000             ;; wc filename
0005   0000             ;; count words
0006   0000             ;;;;;;;;;;;;;;;;;;;;;;;;;;;;;;;;;;;;;;;;;;;;;;;;;;;;;;;;;;;;;;;;;;;;;;;;;;;;;;;;
0007   0000             
0008   0400             .org TEXT_ORG			; origin at 1024
0009   0400             
0010   0400             cmd_wc:
0011   0400 10 00 00    	mov a, 0
0012   0403 42 64 06    	mov [prog], a			; move tokennizer pointer to the beginning of the arguments area (address 0)
0013   0406 07 6E 04    	call get_path			; read filename
0014   0409 3B 68 06    	mov d, tokstr
0015   040C FD 4F 77 0B 	mov di, transient_data	; pointer to write buffer
0016   0410 19 14       	mov al, 20
0017   0412 05 04       	syscall sys_filesystem		; read textfile into buffer	
0018   0414             	
0019   0414 10 77 0B    	mov a, transient_data
0020   0417 42 64 06    	mov [prog], a
0021   041A 38 00 00    	mov c, 0
0022   041D             L0:
0023   041D 07 C5 04    	call get_token
0024   0420 1D 67 06    	mov al, [tok]
0025   0423 B9 14       	cmp al, TOK_END
0026   0425 C6 34 04    	je cmd_wc_end
0027   0428 1D 66 06    	mov al, [toktyp]
0028   042B B9 00       	cmp al, TOKTYP_IDENTIFIER
0029   042D C7 1D 04    	jne L0
0030   0430 78          	inc c
0031   0431 0A 1D 04    	jmp L0
0032   0434             
0033   0434             cmd_wc_end:
0034   0434 12          	mov a, c
0035   0435 07 A5 09    	call print_u16d
0036   0438             
0037   0438 05 0B       	syscall sys_terminate_proc
0038   043A             
0039   043A             
0040   043A             .include "lib/token.asm"
0001+  043A             TOKTYP_IDENTIFIER  .equ 0
0002+  043A             TOKTYP_KEYWORD     .equ 1
0003+  043A             TOKTYP_DELIMITER   .equ 2
0004+  043A             TOKTYP_STRING      .equ 3
0005+  043A             TOKTYP_CHAR        .equ 4
0006+  043A             TOKTYP_NUMERIC     .equ 5
0007+  043A             TOKTYP_END         .equ 6
0008+  043A             
0009+  043A             TOK_NULL           .equ 0
0010+  043A             TOK_FSLASH         .equ 1
0011+  043A             TOK_TIMES          .equ 2
0012+  043A             TOK_PLUS           .equ 3
0013+  043A             TOK_MINUS          .equ 4
0014+  043A             TOK_DOT            .equ 5
0015+  043A             TOK_SEMI           .equ 6
0016+  043A             TOK_ANGLE          .equ 7
0017+  043A             TOK_TILDE          .equ 8
0018+  043A             TOK_EQUAL          .equ 9
0019+  043A             TOK_COLON          .equ 10
0020+  043A             TOK_COMMA          .equ 11
0021+  043A             
0022+  043A             TOK_END            .equ 20
0023+  043A             
0024+  043A             
0025+  043A             ;;;;;;;;;;;;;;;;;;;;;;;;;;;;;;;;;;;;;;;;;;;;;;;;;;;;;;;;;;;;;;;;;;;;;;;;;;;;;;;;;;
0026+  043A             ;; read a full command argment from shell input buffer
0027+  043A             ;; argument is written into tokstr
0028+  043A             ;;;;;;;;;;;;;;;;;;;;;;;;;;;;;;;;;;;;;;;;;;;;;;;;;;;;;;;;;;;;;;;;;;;;;;;;;;;;;;;;;;
0029+  043A             get_arg:
0030+  043A D7            push a
0031+  043B E2            push si
0032+  043C E3            push di
0033+  043D 19 00         mov al, 0
0034+  043F 3D 68 06      mov [tokstr], al      ; nullify tokstr string
0035+  0442 14 64 06      mov a, [prog]
0036+  0445 4D            mov si, a
0037+  0446 FD 4F 68 06   mov di, tokstr
0038+  044A             get_arg_skip_spaces:
0039+  044A F6            lodsb
0040+  044B 07 50 0B      call _isspace
0041+  044E C6 4A 04      je get_arg_skip_spaces
0042+  0451             get_arg_L0:
0043+  0451 B9 3B         cmp al, $3B        ; check if is ';'
0044+  0453 C6 60 04      je get_arg_end
0045+  0456 B9 00         cmp al, 0
0046+  0458 C6 60 04      je get_arg_end      ; check if end of input
0047+  045B F7            stosb
0048+  045C F6            lodsb
0049+  045D 0A 51 04      jmp get_arg_L0
0050+  0460             get_arg_end:
0051+  0460 19 00         mov al, 0
0052+  0462 F7            stosb
0053+  0463 D5 01 00      sub si, 1
0054+  0466 4E            mov a, si
0055+  0467 42 64 06      mov [prog], a    ; update pointer
0056+  046A F0            pop di
0057+  046B EF            pop si
0058+  046C E4            pop a
0059+  046D 09            ret
0060+  046E             
0061+  046E             ;;;;;;;;;;;;;;;;;;;;;;;;;;;;;;;;;;;;;;;;;;;;;;;;;;;;;;;;;;;;;;;;;;;;;;;;;;;;;;;;;;
0062+  046E             ;; read a path formation from shell input buffer
0063+  046E             ;; path is written into tokstr
0064+  046E             ;; /usr/bin
0065+  046E             ;;;;;;;;;;;;;;;;;;;;;;;;;;;;;;;;;;;;;;;;;;;;;;;;;;;;;;;;;;;;;;;;;;;;;;;;;;;;;;;;;;
0066+  046E             get_path:
0067+  046E D7            push a
0068+  046F E2            push si
0069+  0470 E3            push di
0070+  0471 19 00         mov al, 0
0071+  0473 3D 68 06      mov [tokstr], al      ; nullify tokstr string
0072+  0476 14 64 06      mov a, [prog]
0073+  0479 4D            mov si, a
0074+  047A FD 4F 68 06   mov di, tokstr
0075+  047E             get_path_skip_spaces:
0076+  047E F6            lodsb
0077+  047F 07 50 0B      call _isspace
0078+  0482 C6 7E 04      je get_path_skip_spaces
0079+  0485             get_path_is_pathchar:
0080+  0485 F7            stosb
0081+  0486 F6            lodsb
0082+  0487 07 DA 0A      call _isalnum      ;check if is alphanumeric
0083+  048A C6 85 04      je get_path_is_pathchar
0084+  048D B9 2F         cmp al, '/'        ; check if is '/'
0085+  048F C6 85 04      je get_path_is_pathchar
0086+  0492 19 00         mov al, 0
0087+  0494 F7            stosb
0088+  0495 D5 01 00      sub si, 1
0089+  0498 4E            mov a, si
0090+  0499 42 64 06      mov [prog], a    ; update pointer
0091+  049C             get_path_end:
0092+  049C F0            pop di
0093+  049D EF            pop si
0094+  049E E4            pop a
0095+  049F 09            ret
0096+  04A0             
0097+  04A0             ;;;;;;;;;;;;;;;;;;;;;;;;;;;;;;;;;;;;;;;;;;;;;;;;;;;;;;;;;;;;;;;;;;;;;;;;;;;;;;;;;;
0098+  04A0             ;; read a line
0099+  04A0             ;; line is written into tokstr
0100+  04A0             ;;;;;;;;;;;;;;;;;;;;;;;;;;;;;;;;;;;;;;;;;;;;;;;;;;;;;;;;;;;;;;;;;;;;;;;;;;;;;;;;;;
0101+  04A0             get_line:
0102+  04A0 D7            push a
0103+  04A1 E2            push si
0104+  04A2 E3            push di
0105+  04A3 19 00         mov al, 0
0106+  04A5 3D 68 06      mov [tokstr], al      ; nullify tokstr string
0107+  04A8 14 64 06      mov a, [prog]
0108+  04AB 4D            mov si, a
0109+  04AC FD 4F 68 06   mov di, tokstr
0110+  04B0             get_line_L0:
0111+  04B0 F6            lodsb
0112+  04B1 B9 0A         cmp al, $0A    ; check for new line
0113+  04B3 C6 BA 04      je get_line_exit
0114+  04B6 F7            stosb
0115+  04B7 0A B0 04      jmp get_line_L0
0116+  04BA             get_line_exit:
0117+  04BA 19 00         mov al, 0
0118+  04BC F7            stosb
0119+  04BD 4E            mov a, si
0120+  04BE 42 64 06      mov [prog], a    ; update pointer
0121+  04C1 F0            pop di
0122+  04C2 EF            pop si
0123+  04C3 E4            pop a
0124+  04C4 09            ret
0125+  04C5             
0126+  04C5             ;;;;;;;;;;;;;;;;;;;;;;;;;;;;;;;;;;;;;;;;;;;;;;;;;;;;;;;;;;;;;;;;;;;;;;;;;;;;;;;;;;
0127+  04C5             ;; token parser
0128+  04C5             ;;;;;;;;;;;;;;;;;;;;;;;;;;;;;;;;;;;;;;;;;;;;;;;;;;;;;;;;;;;;;;;;;;;;;;;;;;;;;;;;;;
0129+  04C5             get_token:
0130+  04C5 D7            push a
0131+  04C6 DA            push d
0132+  04C7 E2            push si
0133+  04C8 E3            push di
0134+  04C9 19 00         mov al, 0
0135+  04CB 3D 68 06      mov [tokstr], al      ; nullify tokstr string
0136+  04CE 19 00         mov al, TOK_NULL
0137+  04D0 3D 67 06      mov [tok], al        ; nullify token
0138+  04D3 14 64 06      mov a, [prog]
0139+  04D6 4D            mov si, a
0140+  04D7 FD 4F 68 06   mov di, tokstr
0141+  04DB             get_tok_skip_spaces:
0142+  04DB F6            lodsb
0143+  04DC 07 50 0B      call _isspace
0144+  04DF C6 DB 04      je get_tok_skip_spaces
0145+  04E2 B9 00         cmp al, 0      ; check for end of input (NULL)
0146+  04E4 C6 C9 05      je get_token_end
0147+  04E7 B9 23         cmp al, '#'      ; comments!
0148+  04E9 C6 F7 05      je get_tok_comment
0149+  04EC 07 DA 0A      call _isalnum
0150+  04EF C6 D6 05      jz is_alphanumeric
0151+  04F2             ; other token types
0152+  04F2             get_token_slash:
0153+  04F2 B9 2F         cmp al, '/'        ; check if '/'
0154+  04F4 C7 0C 05      jne get_token_minus
0155+  04F7 F7            stosb          ; store '/' into token string
0156+  04F8 19 00         mov al, 0
0157+  04FA F7            stosb          ; terminate token string
0158+  04FB 19 01         mov al, TOK_FSLASH
0159+  04FD 3D 67 06      mov [tok], al      
0160+  0500 19 02         mov al, TOKTYP_DELIMITER
0161+  0502 3D 66 06      mov [toktyp], al
0162+  0505 4E            mov a, si
0163+  0506 42 64 06      mov [prog], a    ; update pointer
0164+  0509 0A F2 05      jmp get_token_return
0165+  050C             get_token_minus:
0166+  050C B9 2D         cmp al, '-'        ; check if '-'
0167+  050E C7 26 05      jne get_token_comma
0168+  0511 F7            stosb          ; store '-' into token string
0169+  0512 19 00         mov al, 0
0170+  0514 F7            stosb          ; terminate token string
0171+  0515 19 04         mov al, TOK_MINUS
0172+  0517 3D 67 06      mov [tok], al      
0173+  051A 19 02         mov al, TOKTYP_DELIMITER
0174+  051C 3D 66 06      mov [toktyp], al
0175+  051F 4E            mov a, si
0176+  0520 42 64 06      mov [prog], a    ; update pointer
0177+  0523 0A F2 05      jmp get_token_return
0178+  0526             get_token_comma:
0179+  0526 B9 2C         cmp al, ','        ; check if ','
0180+  0528 C7 40 05      jne get_token_semi
0181+  052B F7            stosb          ; store ',' into token string
0182+  052C 19 00         mov al, 0
0183+  052E F7            stosb          ; terminate token string
0184+  052F 19 0B         mov al, TOK_COMMA
0185+  0531 3D 67 06      mov [tok], al      
0186+  0534 19 02         mov al, TOKTYP_DELIMITER
0187+  0536 3D 66 06      mov [toktyp], al
0188+  0539 4E            mov a, si
0189+  053A 42 64 06      mov [prog], a    ; update pointer
0190+  053D 0A F2 05      jmp get_token_return
0191+  0540             get_token_semi:
0192+  0540 B9 3B         cmp al, $3B        ; check if ';'
0193+  0542 C7 5A 05      jne get_token_colon
0194+  0545 F7            stosb          ; store ';' into token string
0195+  0546 19 00         mov al, 0
0196+  0548 F7            stosb          ; terminate token string
0197+  0549 19 06         mov al, TOK_SEMI
0198+  054B 3D 67 06      mov [tok], al      
0199+  054E 19 02         mov al, TOKTYP_DELIMITER
0200+  0550 3D 66 06      mov [toktyp], al
0201+  0553 4E            mov a, si
0202+  0554 42 64 06      mov [prog], a    ; update pointer
0203+  0557 0A F2 05      jmp get_token_return
0204+  055A             get_token_colon:
0205+  055A B9 3A         cmp al, $3A        ; check if ':'
0206+  055C C7 74 05      jne get_token_angle
0207+  055F F7            stosb          ; store ':' into token string
0208+  0560 19 00         mov al, 0
0209+  0562 F7            stosb          ; terminate token string
0210+  0563 19 0A         mov al, TOK_COLON
0211+  0565 3D 67 06      mov [tok], al      
0212+  0568 19 02         mov al, TOKTYP_DELIMITER
0213+  056A 3D 66 06      mov [toktyp], al
0214+  056D 4E            mov a, si
0215+  056E 42 64 06      mov [prog], a    ; update pointer
0216+  0571 0A F2 05      jmp get_token_return
0217+  0574             get_token_angle:
0218+  0574 B9 3E         cmp al, $3E        ; check if '>'
0219+  0576 C7 8E 05      jne get_token_tilde
0220+  0579 F7            stosb          ; store '>' into token string
0221+  057A 19 00         mov al, 0
0222+  057C F7            stosb          ; terminate token string
0223+  057D 19 07         mov al, TOK_ANGLE
0224+  057F 3D 67 06      mov [tok], al      
0225+  0582 19 02         mov al, TOKTYP_DELIMITER
0226+  0584 3D 66 06      mov [toktyp], al
0227+  0587 4E            mov a, si
0228+  0588 42 64 06      mov [prog], a    ; update pointer
0229+  058B 0A F2 05      jmp get_token_return
0230+  058E             get_token_tilde:
0231+  058E B9 7E         cmp al, '~'        ; check if '~'
0232+  0590 C7 A8 05      jne get_token_equal
0233+  0593 F7            stosb          ; store '~' into token string
0234+  0594 19 00         mov al, 0
0235+  0596 F7            stosb          ; terminate token string
0236+  0597 19 08         mov al, TOK_TILDE
0237+  0599 3D 67 06      mov [tok], al      
0238+  059C 19 02         mov al, TOKTYP_DELIMITER
0239+  059E 3D 66 06      mov [toktyp], al
0240+  05A1 4E            mov a, si
0241+  05A2 42 64 06      mov [prog], a    ; update pointer
0242+  05A5 0A F2 05      jmp get_token_return
0243+  05A8             get_token_equal:
0244+  05A8 B9 3D         cmp al, '='        ; check if '='
0245+  05AA C7 C2 05      jne get_token_skip
0246+  05AD F7            stosb          ; store '=' into token string
0247+  05AE 19 00         mov al, 0
0248+  05B0 F7            stosb          ; terminate token string
0249+  05B1 19 09         mov al, TOK_EQUAL
0250+  05B3 3D 67 06      mov [tok], al      
0251+  05B6 19 02         mov al, TOKTYP_DELIMITER
0252+  05B8 3D 66 06      mov [toktyp], al
0253+  05BB 4E            mov a, si
0254+  05BC 42 64 06      mov [prog], a    ; update pointer
0255+  05BF 0A F2 05      jmp get_token_return
0256+  05C2             get_token_skip:
0257+  05C2 4E            mov a, si
0258+  05C3 42 64 06      mov [prog], a    ; update pointer
0259+  05C6 0A F2 05      jmp get_token_return
0260+  05C9             get_token_end:        ; end of file token
0261+  05C9 19 14         mov al, TOK_END
0262+  05CB 3D 67 06      mov [tok], al
0263+  05CE 19 06         mov al, TOKTYP_END
0264+  05D0 3D 66 06      mov [toktyp], al
0265+  05D3 0A F2 05      jmp get_token_return
0266+  05D6             is_alphanumeric:
0267+  05D6 F7            stosb
0268+  05D7 F6            lodsb
0269+  05D8 07 DA 0A      call _isalnum      ;check if is alphanumeric
0270+  05DB C6 D6 05      jz is_alphanumeric
0271+  05DE B9 2E         cmp al, $2E        ; check if is '.'
0272+  05E0 C6 D6 05      je is_alphanumeric
0273+  05E3 19 00         mov al, 0
0274+  05E5 F7            stosb
0275+  05E6 19 00         mov al, TOKTYP_IDENTIFIER
0276+  05E8 3D 66 06      mov [toktyp], al
0277+  05EB D5 01 00      sub si, 1
0278+  05EE 4E            mov a, si
0279+  05EF 42 64 06      mov [prog], a    ; update pointer
0280+  05F2             get_token_return:
0281+  05F2 F0            pop di
0282+  05F3 EF            pop si
0283+  05F4 E7            pop d
0284+  05F5 E4            pop a
0285+  05F6 09            ret
0286+  05F7             get_tok_comment:
0287+  05F7 F6            lodsb
0288+  05F8 B9 0A         cmp al, $0A      ; new line
0289+  05FA C7 F7 05      jne get_tok_comment
0290+  05FD 0A DB 04      jmp get_tok_skip_spaces
0291+  0600             
0292+  0600             
0293+  0600             get_number:
0294+  0600 D7            push a
0295+  0601 DA            push d
0296+  0602 E2            push si
0297+  0603 E3            push di
0298+  0604 19 00         mov al, 0
0299+  0606 3D 68 06      mov [tokstr], al      ; nullify tokstr string
0300+  0609 19 00         mov al, TOK_NULL
0301+  060B 3D 67 06      mov [tok], al        ; nullify token
0302+  060E 14 64 06      mov a, [prog]
0303+  0611 4D            mov si, a
0304+  0612 FD 4F 68 06   mov di, tokstr
0305+  0616             get_number_skip_spaces:
0306+  0616 F6            lodsb
0307+  0617 07 50 0B      call _isspace
0308+  061A C6 16 06      je get_number_skip_spaces
0309+  061D B9 00         cmp al, 0      ; check for end of input (NULL)
0310+  061F C7 2F 06      jne get_number_L0
0311+  0622 19 14         mov al, TOK_END
0312+  0624 3D 67 06      mov [tok], al
0313+  0627 19 06         mov al, TOKTYP_END
0314+  0629 3D 66 06      mov [toktyp], al
0315+  062C 0A 46 06      jmp get_number_return
0316+  062F             get_number_L0:
0317+  062F F7            stosb
0318+  0630 F6            lodsb
0319+  0631 07 E4 0A      call _isdigit      ;check if is numeric
0320+  0634 C6 2F 06      jz get_number_L0
0321+  0637 19 00         mov al, 0
0322+  0639 F7            stosb
0323+  063A 19 05         mov al, TOKTYP_NUMERIC
0324+  063C 3D 66 06      mov [toktyp], al
0325+  063F D5 01 00      sub si, 1
0326+  0642 4E            mov a, si
0327+  0643 42 64 06      mov [prog], a    ; update pointer
0328+  0646             get_number_return:
0329+  0646 F0            pop di
0330+  0647 EF            pop si
0331+  0648 E7            pop d
0332+  0649 E4            pop a
0333+  064A 09            ret
0334+  064B             
0335+  064B             ;;;;;;;;;;;;;;;;;;;;;;;;;;;;;;;;;;;;;;;;;;;;;;;;;;;;;;;;;;;;;;;;;;;;;;;;;;;;;;;;;;
0336+  064B             ;; PUT BACK TOKEN
0337+  064B             ;;;;;;;;;;;;;;;;;;;;;;;;;;;;;;;;;;;;;;;;;;;;;;;;;;;;;;;;;;;;;;;;;;;;;;;;;;;;;;;;;;  
0338+  064B             _putback:
0339+  064B D7            push a
0340+  064C E2            push si
0341+  064D FD 4D 68 06   mov si, tokstr  
0342+  0651             _putback_loop:
0343+  0651 F6            lodsb
0344+  0652 B9 00         cmp al, 0
0345+  0654 C6 61 06      je _putback_end
0346+  0657 14 64 06      mov a, [prog]
0347+  065A 7D            dec a
0348+  065B 42 64 06      mov [prog], a      ; update pointer
0349+  065E 0A 51 06      jmp _putback_loop
0350+  0661             _putback_end:
0351+  0661 EF            pop si
0352+  0662 E4            pop a
0353+  0663 09            ret
0354+  0664             
0355+  0664             
0356+  0664             
0357+  0664             
0358+  0664 00 00       prog:      .dw 0          ; pointer to current position in buffer
0359+  0666             
0360+  0666 00          toktyp:    .db 0          ; token type symbol
0361+  0667 00          tok:       .db 0          ; current token symbol
0362+  0668 00 00 00 00 tokstr:    .fill 256, 0   ; token as a string
0362+  066C 00 00 00 00 
0362+  0670 00 00 00 00 
0362+  0674 00 00 00 00 
0362+  0678 00 00 00 00 
0362+  067C 00 00 00 00 
0362+  0680 00 00 00 00 
0362+  0684 00 00 00 00 
0362+  0688 00 00 00 00 
0362+  068C 00 00 00 00 
0362+  0690 00 00 00 00 
0362+  0694 00 00 00 00 
0362+  0698 00 00 00 00 
0362+  069C 00 00 00 00 
0362+  06A0 00 00 00 00 
0362+  06A4 00 00 00 00 
0362+  06A8 00 00 00 00 
0362+  06AC 00 00 00 00 
0362+  06B0 00 00 00 00 
0362+  06B4 00 00 00 00 
0362+  06B8 00 00 00 00 
0362+  06BC 00 00 00 00 
0362+  06C0 00 00 00 00 
0362+  06C4 00 00 00 00 
0362+  06C8 00 00 00 00 
0362+  06CC 00 00 00 00 
0362+  06D0 00 00 00 00 
0362+  06D4 00 00 00 00 
0362+  06D8 00 00 00 00 
0362+  06DC 00 00 00 00 
0362+  06E0 00 00 00 00 
0362+  06E4 00 00 00 00 
0362+  06E8 00 00 00 00 
0362+  06EC 00 00 00 00 
0362+  06F0 00 00 00 00 
0362+  06F4 00 00 00 00 
0362+  06F8 00 00 00 00 
0362+  06FC 00 00 00 00 
0362+  0700 00 00 00 00 
0362+  0704 00 00 00 00 
0362+  0708 00 00 00 00 
0362+  070C 00 00 00 00 
0362+  0710 00 00 00 00 
0362+  0714 00 00 00 00 
0362+  0718 00 00 00 00 
0362+  071C 00 00 00 00 
0362+  0720 00 00 00 00 
0362+  0724 00 00 00 00 
0362+  0728 00 00 00 00 
0362+  072C 00 00 00 00 
0362+  0730 00 00 00 00 
0362+  0734 00 00 00 00 
0362+  0738 00 00 00 00 
0362+  073C 00 00 00 00 
0362+  0740 00 00 00 00 
0362+  0744 00 00 00 00 
0362+  0748 00 00 00 00 
0362+  074C 00 00 00 00 
0362+  0750 00 00 00 00 
0362+  0754 00 00 00 00 
0362+  0758 00 00 00 00 
0362+  075C 00 00 00 00 
0362+  0760 00 00 00 00 
0362+  0764 00 00 00 00 
0041   0768             .include "lib/stdio.asm"
0001+  0768             ;;;;;;;;;;;;;;;;;;;;;;;;;;;;;;;;;;;;;;;;;;;;;;;;;;;;;;;;;;;;;;;;;;;;;;;;;;;;;;;;;;;;;;;;;;;;;;;;;;;;;;;;;;;;;;;;;;
0002+  0768             ; stdio.s
0003+  0768             ;;;;;;;;;;;;;;;;;;;;;;;;;;;;;;;;;;;;;;;;;;;;;;;;;;;;;;;;;;;;;;;;;;;;;;;;;;;;;;;;;;;;;;;;;;;;;;;;;;;;;;;;;;;;;;;;;;
0004+  0768             .include "lib/string.asm"
0001++ 0768             ;;;;;;;;;;;;;;;;;;;;;;;;;;;;;;;;;;;;;;;;;;;;;;;;;;;;;;;;;;;;;;;;;;;;;;;;;;;;;;;;;;;;;;;;;;;;;;;;;;;;;;;;;;;;;;;;;;
0002++ 0768             ; string.s
0003++ 0768             ;;;;;;;;;;;;;;;;;;;;;;;;;;;;;;;;;;;;;;;;;;;;;;;;;;;;;;;;;;;;;;;;;;;;;;;;;;;;;;;;;;;;;;;;;;;;;;;;;;;;;;;;;;;;;;;;;;
0004++ 0768             
0005++ 0768             
0006++ 0768             ;;;;;;;;;;;;;;;;;;;;;;;;;;;;;;;;;;;;;;;;;;;;;;;;;;;;;;;;;;;;;;;;;;;;;;;;;;;;;;;;;;;;;;;;;;;;;;;;;;;;;;;;;;;;;;;;;;
0007++ 0768             ; _strrev
0008++ 0768             ; reverse a string
0009++ 0768             ; D = string address
0010++ 0768             ;;;;;;;;;;;;;;;;;;;;;;;;;;;;;;;;;;;;;;;;;;;;;;;;;;;;;;;;;;;;;;;;;;;;;;;;;;;;;;;;;;;;;;;;;;;;;;;;;;;;;;;;;;;;;;;;;;
0011++ 0768             ; 01234
0012++ 0768             _strrev:
0013++ 0768 4B          	pusha
0014++ 0769 07 AF 07    	call _strlen	; length in C
0015++ 076C 12          	mov a, c
0016++ 076D AF 01 00    	cmp a, 1
0017++ 0770 D0 8A 07    	jleu _strrev_end	; check string length. string len must be > 1
0018++ 0773 7D          	dec a
0019++ 0774 FD 4E       	mov si, d	; beginning of string
0020++ 0776 FD 50       	mov di, d	; beginning of string (for destinations)
0021++ 0778 59          	add d, a	; end of string
0022++ 0779 12          	mov a, c
0023++ 077A FD 9B       	shr a		; divide by 2
0024++ 077C 39          	mov c, a	; C now counts the steps
0025++ 077D             _strrev_L0:
0026++ 077D 32          	mov bl, [d]	; save load right-side char into BL
0027++ 077E F6          	lodsb		; load left-side char into AL; increase SI
0028++ 077F 3E          	mov [d], al	; store left char into right side
0029++ 0780 1B          	mov al, bl
0030++ 0781 F7          	stosb		; store right-side char into left-side; increase DI
0031++ 0782 7E          	dec c
0032++ 0783 7F          	dec d
0033++ 0784 C2 00 00    	cmp c, 0
0034++ 0787 C7 7D 07    	jne _strrev_L0
0035++ 078A             _strrev_end:
0036++ 078A 4C          	popa
0037++ 078B 09          	ret
0038++ 078C             	
0039++ 078C             ;;;;;;;;;;;;;;;;;;;;;;;;;;;;;;;;;;;;;;;;;;;;;;;;;;;;;;;;;;;;;;;;;;;;;;;;;;;;;;;;;;;;;;;;;;;;;;;;;;;;;;;;;;;;;;;;;;
0040++ 078C             ; _strchr
0041++ 078C             ; search string in D for char in AL
0042++ 078C             ;;;;;;;;;;;;;;;;;;;;;;;;;;;;;;;;;;;;;;;;;;;;;;;;;;;;;;;;;;;;;;;;;;;;;;;;;;;;;;;;;;;;;;;;;;;;;;;;;;;;;;;;;;;;;;;;;;
0043++ 078C             _strchr:
0044++ 078C             _strchr_L0:
0045++ 078C 32          	mov bl, [d]
0046++ 078D C1 00       	cmp bl, 0
0047++ 078F C6 9A 07    	je _strchr_end
0048++ 0792 BA          	cmp al, bl
0049++ 0793 C6 9A 07    	je _strchr_end
0050++ 0796 79          	inc d
0051++ 0797 0A 8C 07    	jmp _strchr_L0
0052++ 079A             _strchr_end:
0053++ 079A 1B          	mov al, bl
0054++ 079B 09          	ret
0055++ 079C             
0056++ 079C             ;;;;;;;;;;;;;;;;;;;;;;;;;;;;;;;;;;;;;;;;;;;;;;;;;;;;;;;;;;;;;;;;;;;;;;;;;;;;;;;;;;;;;;;;;;;;;;;;;;;;;;;;;;;;;;;;;;
0057++ 079C             ; _strstr
0058++ 079C             ; find sub-string
0059++ 079C             ; str1 in SI
0060++ 079C             ; str2 in DI
0061++ 079C             ; SI points to end of source string
0062++ 079C             ;;;;;;;;;;;;;;;;;;;;;;;;;;;;;;;;;;;;;;;;;;;;;;;;;;;;;;;;;;;;;;;;;;;;;;;;;;;;;;;;;;;;;;;;;;;;;;;;;;;;;;;;;;;;;;;;;;
0063++ 079C             _strstr:
0064++ 079C DB          	push al
0065++ 079D DA          	push d
0066++ 079E E3          	push di
0067++ 079F             _strstr_loop:
0068++ 079F F3          	cmpsb					; compare a byte of the strings
0069++ 07A0 C7 AB 07    	jne _strstr_ret
0070++ 07A3 FC 00 00    	lea d, [di + 0]
0071++ 07A6 BD 00       	cmp byte[d], 0				; check if at end of string (null)
0072++ 07A8 C7 9F 07    	jne _strstr_loop				; equal chars but not at end
0073++ 07AB             _strstr_ret:
0074++ 07AB F0          	pop di
0075++ 07AC E7          	pop d
0076++ 07AD E8          	pop al
0077++ 07AE 09          	ret
0078++ 07AF             ;;;;;;;;;;;;;;;;;;;;;;;;;;;;;;;;;;;;;;;;;;;;;;;;;;;;;;;;;;;;;;;;;;;;;;;;;;;;;;;;;;;;;;;
0079++ 07AF             ; length of null terminated string
0080++ 07AF             ; result in C
0081++ 07AF             ; pointer in D
0082++ 07AF             ;;;;;;;;;;;;;;;;;;;;;;;;;;;;;;;;;;;;;;;;;;;;;;;;;;;;;;;;;;;;;;;;;;;;;;;;;;;;;;;;;;;;;;;
0083++ 07AF             _strlen:
0084++ 07AF DA          	push d
0085++ 07B0 38 00 00    	mov c, 0
0086++ 07B3             _strlen_L1:
0087++ 07B3 BD 00       	cmp byte [d], 0
0088++ 07B5 C6 BD 07    	je _strlen_ret
0089++ 07B8 79          	inc d
0090++ 07B9 78          	inc c
0091++ 07BA 0A B3 07    	jmp _strlen_L1
0092++ 07BD             _strlen_ret:
0093++ 07BD E7          	pop d
0094++ 07BE 09          	ret
0095++ 07BF             
0096++ 07BF             ;;;;;;;;;;;;;;;;;;;;;;;;;;;;;;;;;;;;;;;;;;;;;;;;;;;;;;;;;;;;;;;;;;;;;;;;;;;;;;;;;;;;;;;;;;;;;;;;;;;;;;;;;;;;;;;;;;
0097++ 07BF             ; STRCMP
0098++ 07BF             ; compare two strings
0099++ 07BF             ; str1 in SI
0100++ 07BF             ; str2 in DI
0101++ 07BF             ; CREATE A STRING COMPAIRON INSTRUCION ?????
0102++ 07BF             ;;;;;;;;;;;;;;;;;;;;;;;;;;;;;;;;;;;;;;;;;;;;;;;;;;;;;;;;;;;;;;;;;;;;;;;;;;;;;;;;;;;;;;;;;;;;;;;;;;;;;;;;;;;;;;;;;;
0103++ 07BF             _strcmp:
0104++ 07BF DB          	push al
0105++ 07C0 DA          	push d
0106++ 07C1 E3          	push di
0107++ 07C2 E2          	push si
0108++ 07C3             _strcmp_loop:
0109++ 07C3 F3          	cmpsb					; compare a byte of the strings
0110++ 07C4 C7 CF 07    	jne _strcmp_ret
0111++ 07C7 FB FF FF    	lea d, [si +- 1]
0112++ 07CA BD 00       	cmp byte[d], 0				; check if at end of string (null)
0113++ 07CC C7 C3 07    	jne _strcmp_loop				; equal chars but not at end
0114++ 07CF             _strcmp_ret:
0115++ 07CF EF          	pop si
0116++ 07D0 F0          	pop di
0117++ 07D1 E7          	pop d
0118++ 07D2 E8          	pop al
0119++ 07D3 09          	ret
0120++ 07D4             
0121++ 07D4             
0122++ 07D4             ; STRCPY
0123++ 07D4             ; copy null terminated string from SI to DI
0124++ 07D4             ; source in SI
0125++ 07D4             ; destination in DI
0126++ 07D4             _strcpy:
0127++ 07D4 E2          	push si
0128++ 07D5 E3          	push di
0129++ 07D6 DB          	push al
0130++ 07D7             _strcpy_L1:
0131++ 07D7 F6          	lodsb
0132++ 07D8 F7          	stosb
0133++ 07D9 B9 00       	cmp al, 0
0134++ 07DB C7 D7 07    	jne _strcpy_L1
0135++ 07DE             _strcpy_end:
0136++ 07DE E8          	pop al
0137++ 07DF F0          	pop di
0138++ 07E0 EF          	pop si
0139++ 07E1 09          	ret
0140++ 07E2             
0141++ 07E2             ; STRCAT
0142++ 07E2             ; concatenate a NULL terminated string into string at DI, from string at SI
0143++ 07E2             ; source in SI
0144++ 07E2             ; destination in DI
0145++ 07E2             _strcat:
0146++ 07E2 E2          	push si
0147++ 07E3 E3          	push di
0148++ 07E4 D7          	push a
0149++ 07E5 DA          	push d
0150++ 07E6 50          	mov a, di
0151++ 07E7 3C          	mov d, a
0152++ 07E8             _strcat_goto_end_L1:
0153++ 07E8 BD 00       	cmp byte[d], 0
0154++ 07EA C6 F1 07    	je _strcat_start
0155++ 07ED 79          	inc d
0156++ 07EE 0A E8 07    	jmp _strcat_goto_end_L1
0157++ 07F1             _strcat_start:
0158++ 07F1 FD 50       	mov di, d
0159++ 07F3             _strcat_L1:
0160++ 07F3 F6          	lodsb
0161++ 07F4 F7          	stosb
0162++ 07F5 B9 00       	cmp al, 0
0163++ 07F7 C7 F3 07    	jne _strcat_L1
0164++ 07FA             _strcat_end:
0165++ 07FA E7          	pop d
0166++ 07FB E4          	pop a
0167++ 07FC F0          	pop di
0168++ 07FD EF          	pop si
0169++ 07FE 09          	ret
0170++ 07FF             
0171++ 07FF             
0005+  07FF             
0006+  07FF             
0007+  07FF             ;;;;;;;;;;;;;;;;;;;;;;;;;;;;;;;;;;;;;;;;;;;;;;;;;;;;;;;;;;;;;;;;;;;;;;;;;;;;;;;;;;;;;;;;;;;;;;;;;;;;;;;;;;;;;;;;;;
0008+  07FF             ; CONVERT ASCII 'O'..'F' TO INTEGER 0..15
0009+  07FF             ; ASCII in BL
0010+  07FF             ; result in AL
0011+  07FF             ; ascii for F = 0100 0110
0012+  07FF             ; ascii for 9 = 0011 1001
0013+  07FF             ;;;;;;;;;;;;;;;;;;;;;;;;;;;;;;;;;;;;;;;;;;;;;;;;;;;;;;;;;;;;;;;;;;;;;;;;;;;;;;;;;;;;;;;;;;;;;;;;;;;;;;;;;;;;;;;;;;
0014+  07FF             hex_ascii_encode:
0015+  07FF 1B            mov al, bl
0016+  0800 93 40         test al, $40        ; test if letter or number
0017+  0802 C7 08 08      jnz hex_letter
0018+  0805 87 0F         and al, $0F        ; get number
0019+  0807 09            ret
0020+  0808             hex_letter:
0021+  0808 87 0F         and al, $0F        ; get letter
0022+  080A 6A 09         add al, 9
0023+  080C 09            ret
0024+  080D             
0025+  080D             ;;;;;;;;;;;;;;;;;;;;;;;;;;;;;;;;;;;;;;;;;;;;;;;;;;;;;;;;;;;;;;;;;;;;;;;;;;;;;;;;;;;;;;;;;;;;;;;;;;;;;;;;;;;;;;;;;;
0026+  080D             ; ATOI
0027+  080D             ; 2 letter hex string in B
0028+  080D             ; 8bit integer returned in AL
0029+  080D             ;;;;;;;;;;;;;;;;;;;;;;;;;;;;;;;;;;;;;;;;;;;;;;;;;;;;;;;;;;;;;;;;;;;;;;;;;;;;;;;;;;;;;;;;;;;;;;;;;;;;;;;;;;;;;;;;;;
0030+  080D             _atoi:
0031+  080D D8            push b
0032+  080E 07 FF 07      call hex_ascii_encode      ; convert BL to 4bit code in AL
0033+  0811 30            mov bl, bh
0034+  0812 DB            push al          ; save a
0035+  0813 07 FF 07      call hex_ascii_encode
0036+  0816 EA            pop bl  
0037+  0817 FD 9E 04      shl al, 4
0038+  081A 8C            or al, bl
0039+  081B E5            pop b
0040+  081C 09            ret  
0041+  081D             
0042+  081D             
0043+  081D             ;;;;;;;;;;;;;;;;;;;;;;;;;;;;;;;;;;;;;;;;;;;;;;;;;;;;;;;;;;;;;;;;;;;;;;;;;;;;;;;;;;;;;;;;;;;;;;;;;;;;;;;;;;;;;;;;;;
0044+  081D             ; scanf
0045+  081D             ; no need for explanations!
0046+  081D             ;;;;;;;;;;;;;;;;;;;;;;;;;;;;;;;;;;;;;;;;;;;;;;;;;;;;;;;;;;;;;;;;;;;;;;;;;;;;;;;;;;;;;;;;;;;;;;;;;;;;;;;;;;;;;;;;;;
0047+  081D             scanf:
0048+  081D 09            ret
0049+  081E             
0050+  081E             ;;;;;;;;;;;;;;;;;;;;;;;;;;;;;;;;;;;;;;;;;;;;;;;;;;;;;;;;;;;;;;;;;;;;;;;;;;;;;;;;;;;;;;;;;;;;;;;;;;;;;;;;;;;;;;;;;;
0051+  081E             ; ITOA
0052+  081E             ; 8bit value in BL
0053+  081E             ; 2 byte ASCII result in A
0054+  081E             ;;;;;;;;;;;;;;;;;;;;;;;;;;;;;;;;;;;;;;;;;;;;;;;;;;;;;;;;;;;;;;;;;;;;;;;;;;;;;;;;;;;;;;;;;;;;;;;;;;;;;;;;;;;;;;;;;;
0055+  081E             _itoa:
0056+  081E DA            push d
0057+  081F D8            push b
0058+  0820 A7 00         mov bh, 0
0059+  0822 FD A4 04      shr bl, 4  
0060+  0825 74            mov d, b
0061+  0826 1F B8 0A      mov al, [d + s_hex_digits]
0062+  0829 23            mov ah, al
0063+  082A               
0064+  082A E5            pop b
0065+  082B D8            push b
0066+  082C A7 00         mov bh, 0
0067+  082E FD 87 0F      and bl, $0F
0068+  0831 74            mov d, b
0069+  0832 1F B8 0A      mov al, [d + s_hex_digits]
0070+  0835 E5            pop b
0071+  0836 E7            pop d
0072+  0837 09            ret
0073+  0838             
0074+  0838             ;;;;;;;;;;;;;;;;;;;;;;;;;;;;;;;;;;;;;;;;;;;;;;;;;;;;;;;;;;;;;;;;;;;;;;;;;;;;;;;;;;;;;;;;;;;;;;;;;;;;;;;;;;;;;;;;;;
0075+  0838             ; HEX STRING TO BINARY
0076+  0838             ; di = destination address
0077+  0838             ; si = source
0078+  0838             ;;;;;;;;;;;;;;;;;;;;;;;;;;;;;;;;;;;;;;;;;;;;;;;;;;;;;;;;;;;;;;;;;;;;;;;;;;;;;;;;;;;;;;;;;;;;;;;;;;;;;;;;;;;;;;;;;;
0079+  0838             _hex_to_int:
0080+  0838             _hex_to_int_L1:
0081+  0838 F6            lodsb          ; load from [SI] to AL
0082+  0839 B9 00         cmp al, 0        ; check if ASCII 0
0083+  083B C6 48 08      jz _hex_to_int_ret
0084+  083E 36            mov bh, al
0085+  083F F6            lodsb
0086+  0840 2F            mov bl, al
0087+  0841 07 0D 08      call _atoi        ; convert ASCII byte in B to int (to AL)
0088+  0844 F7            stosb          ; store AL to [DI]
0089+  0845 0A 38 08      jmp _hex_to_int_L1
0090+  0848             _hex_to_int_ret:
0091+  0848 09            ret    
0092+  0849             
0093+  0849             
0094+  0849             
0095+  0849             ;;;;;;;;;;;;;;;;;;;;;;;;;;;;;;;;;;;;;;;;;;;;;;;;;;;;;;;;;;;;;;;;;;;;;;;;;;;;;;;;;;;;;;;;;;;;;;;;;;;;;;;;;;;;;;;;;;
0096+  0849             ; GETCHAR
0097+  0849             ; char in ah
0098+  0849             ;;;;;;;;;;;;;;;;;;;;;;;;;;;;;;;;;;;;;;;;;;;;;;;;;;;;;;;;;;;;;;;;;;;;;;;;;;;;;;;;;;;;;;;;;;;;;;;;;;;;;;;;;;;;;;;;;;
0099+  0849             getch:
0100+  0849 DB            push al
0101+  084A             getch_retry:
0102+  084A 19 01         mov al, 1
0103+  084C 05 03         syscall sys_io      ; receive in AH
0104+  084E E8            pop al
0105+  084F 09            ret
0106+  0850             
0107+  0850             ;;;;;;;;;;;;;;;;;;;;;;;;;;;;;;;;;;;;;;;;;;;;;;;;;;;;;;;;;;;;;;;;;;;;;;;;;;;;;;;;;;;;;;;;;;;;;;;;;;;;;;;;;;;;;;;;;;
0108+  0850             ; PUTCHAR
0109+  0850             ; char in ah
0110+  0850             ;;;;;;;;;;;;;;;;;;;;;;;;;;;;;;;;;;;;;;;;;;;;;;;;;;;;;;;;;;;;;;;;;;;;;;;;;;;;;;;;;;;;;;;;;;;;;;;;;;;;;;;;;;;;;;;;;;
0111+  0850             _putchar:
0112+  0850 DB            push al
0113+  0851 19 00         mov al, 0
0114+  0853 05 03         syscall sys_io      ; char in AH
0115+  0855 E8            pop al
0116+  0856 09            ret
0117+  0857             
0118+  0857             ;;;;;;;;;;;;;;;;;;;;;;;;;;;;;;;;;;;;;;;;;;;;;;;;;;;;;;;;;;;;;;;;;;;;;;;;;;;;;;;;;;;;;;;;;;;;;;;;;;;;;;;;;;;;;;;;;;
0119+  0857             ;; INPUT A STRING
0120+  0857             ;; terminates with null
0121+  0857             ;; pointer in D
0122+  0857             ;;;;;;;;;;;;;;;;;;;;;;;;;;;;;;;;;;;;;;;;;;;;;;;;;;;;;;;;;;;;;;;;;;;;;;;;;;;;;;;;;;;;;;;;;;;;;;;;;;;;;;;;;;;;;;;;;;
0123+  0857             _gets:
0124+  0857 D7            push a
0125+  0858 DA            push d
0126+  0859             _gets_loop:
0127+  0859 19 01         mov al, 1
0128+  085B 05 03         syscall sys_io      ; receive in AH
0129+  085D             
0130+  085D 76 1B         cmp ah, 27
0131+  085F C6 80 08      je _gets_ansi_esc
0132+  0862 76 0A         cmp ah, $0A        ; LF
0133+  0864 C6 DC 08      je _gets_end
0134+  0867 76 0D         cmp ah, $0D        ; CR
0135+  0869 C6 DC 08      je _gets_end
0136+  086C 76 5C         cmp ah, $5C        ; '\\'
0137+  086E C6 A2 08      je _gets_escape
0138+  0871               
0139+  0871 76 08         cmp ah, $08      ; check for backspace
0140+  0873 C6 7C 08      je _gets_backspace
0141+  0876             
0142+  0876 1A            mov al, ah
0143+  0877 3E            mov [d], al
0144+  0878 79            inc d
0145+  0879 0A 59 08      jmp _gets_loop
0146+  087C             _gets_backspace:
0147+  087C 7F            dec d
0148+  087D 0A 59 08      jmp _gets_loop
0149+  0880             _gets_ansi_esc:
0150+  0880 19 01         mov al, 1
0151+  0882 05 03         syscall sys_io        ; receive in AH without echo
0152+  0884 76 5B         cmp ah, '['
0153+  0886 C7 59 08      jne _gets_loop
0154+  0889 19 01         mov al, 1
0155+  088B 05 03         syscall sys_io          ; receive in AH without echo
0156+  088D 76 44         cmp ah, 'D'
0157+  088F C6 9A 08      je _gets_left_arrow
0158+  0892 76 43         cmp ah, 'C'
0159+  0894 C6 9E 08      je _gets_right_arrow
0160+  0897 0A 59 08      jmp _gets_loop
0161+  089A             _gets_left_arrow:
0162+  089A 7F            dec d
0163+  089B 0A 59 08      jmp _gets_loop
0164+  089E             _gets_right_arrow:
0165+  089E 79            inc d
0166+  089F 0A 59 08      jmp _gets_loop
0167+  08A2             _gets_escape:
0168+  08A2 19 01         mov al, 1
0169+  08A4 05 03         syscall sys_io      ; receive in AH
0170+  08A6 76 6E         cmp ah, 'n'
0171+  08A8 C6 C7 08      je _gets_LF
0172+  08AB 76 72         cmp ah, 'r'
0173+  08AD C6 CE 08      je _gets_CR
0174+  08B0 76 30         cmp ah, '0'
0175+  08B2 C6 D5 08      je _gets_NULL
0176+  08B5 76 5C         cmp ah, $5C  ; '\'
0177+  08B7 C6 C0 08      je _gets_slash
0178+  08BA 1A            mov al, ah        ; if not a known escape, it is just a normal letter
0179+  08BB 3E            mov [d], al
0180+  08BC 79            inc d
0181+  08BD 0A 59 08      jmp _gets_loop
0182+  08C0             _gets_slash:
0183+  08C0 19 5C         mov al, $5C
0184+  08C2 3E            mov [d], al
0185+  08C3 79            inc d
0186+  08C4 0A 59 08      jmp _gets_loop
0187+  08C7             _gets_LF:
0188+  08C7 19 0A         mov al, $0A
0189+  08C9 3E            mov [d], al
0190+  08CA 79            inc d
0191+  08CB 0A 59 08      jmp _gets_loop
0192+  08CE             _gets_CR:
0193+  08CE 19 0D         mov al, $0D
0194+  08D0 3E            mov [d], al
0195+  08D1 79            inc d
0196+  08D2 0A 59 08      jmp _gets_loop
0197+  08D5             _gets_NULL:
0198+  08D5 19 00         mov al, $00
0199+  08D7 3E            mov [d], al
0200+  08D8 79            inc d
0201+  08D9 0A 59 08      jmp _gets_loop
0202+  08DC             _gets_end:
0203+  08DC 19 00         mov al, 0
0204+  08DE 3E            mov [d], al        ; terminate string
0205+  08DF E7            pop d
0206+  08E0 E4            pop a
0207+  08E1 09            ret
0208+  08E2             
0209+  08E2             
0210+  08E2             ;;;;;;;;;;;;;;;;;;;;;;;;;;;;;;;;;;;;;;;;;;;;;;;;;;;;;;;;;;;;;;;;;;;;;;;;;;;;;;;;;;;;;;;;;;;;;;;;;;;;;;;;;;;;;;;;;;
0211+  08E2             ;; INPUT TEXT
0212+  08E2             ;; terminated with CTRL+D
0213+  08E2             ;; pointer in D
0214+  08E2             ;;;;;;;;;;;;;;;;;;;;;;;;;;;;;;;;;;;;;;;;;;;;;;;;;;;;;;;;;;;;;;;;;;;;;;;;;;;;;;;;;;;;;;;;;;;;;;;;;;;;;;;;;;;;;;;;;;
0215+  08E2             _gettxt:
0216+  08E2 D7            push a
0217+  08E3 DA            push d
0218+  08E4             _gettxt_loop:
0219+  08E4 19 01         mov al, 1
0220+  08E6 05 03         syscall sys_io      ; receive in AH
0221+  08E8 76 04         cmp ah, 4      ; EOT
0222+  08EA C6 23 09      je _gettxt_end
0223+  08ED 76 08         cmp ah, $08      ; check for backspace
0224+  08EF C6 1F 09      je _gettxt_backspace
0225+  08F2 76 5C         cmp ah, $5C        ; '\'
0226+  08F4 C6 FD 08      je _gettxt_escape
0227+  08F7 1A            mov al, ah
0228+  08F8 3E            mov [d], al
0229+  08F9 79            inc d
0230+  08FA 0A E4 08      jmp _gettxt_loop
0231+  08FD             _gettxt_escape:
0232+  08FD 19 01         mov al, 1
0233+  08FF 05 03         syscall sys_io      ; receive in AH
0234+  0901 76 6E         cmp ah, 'n'
0235+  0903 C6 11 09      je _gettxt_LF
0236+  0906 76 72         cmp ah, 'r'
0237+  0908 C6 18 09      je _gettxt_CR
0238+  090B 1A            mov al, ah        ; if not a known escape, it is just a normal letter
0239+  090C 3E            mov [d], al
0240+  090D 79            inc d
0241+  090E 0A E4 08      jmp _gettxt_loop
0242+  0911             _gettxt_LF:
0243+  0911 19 0A         mov al, $0A
0244+  0913 3E            mov [d], al
0245+  0914 79            inc d
0246+  0915 0A E4 08      jmp _gettxt_loop
0247+  0918             _gettxt_CR:
0248+  0918 19 0D         mov al, $0D
0249+  091A 3E            mov [d], al
0250+  091B 79            inc d
0251+  091C 0A E4 08      jmp _gettxt_loop
0252+  091F             _gettxt_backspace:
0253+  091F 7F            dec d
0254+  0920 0A E4 08      jmp _gettxt_loop
0255+  0923             _gettxt_end:
0256+  0923 19 00         mov al, 0
0257+  0925 3E            mov [d], al        ; terminate string
0258+  0926 E7            pop d
0259+  0927 E4            pop a
0260+  0928 09            ret
0261+  0929             
0262+  0929             ;;;;;;;;;;;;;;;;;;;;;;;;;;;;;;;;;;;;;;;;;;;;;;;;;;;;;;;;;;;;;;;;;;;;;;;;;;;;;;;;;;;;;;;;;;;;;;;;;;;;;;;;;;;;;;;;;;
0263+  0929             ; PRINT NEW LINE
0264+  0929             ;;;;;;;;;;;;;;;;;;;;;;;;;;;;;;;;;;;;;;;;;;;;;;;;;;;;;;;;;;;;;;;;;;;;;;;;;;;;;;;;;;;;;;;;;;;;;;;;;;;;;;;;;;;;;;;;;;
0265+  0929             printnl:
0266+  0929 D7            push a
0267+  092A 10 00 0A      mov a, $0A00
0268+  092D 05 03         syscall sys_io
0269+  092F 10 00 0D      mov a, $0D00
0270+  0932 05 03         syscall sys_io
0271+  0934 E4            pop a
0272+  0935 09            ret
0273+  0936             
0274+  0936             ;;;;;;;;;;;;;;;;;;;;;;;;;;;;;;;;;;;;;;;;;;;;;;;;;;;;;;;;;;;;;;;;;;;;;;;;;;;;;;;;;;;;;;;;;;;;;;;;;;;;;;;;;;;;;;;;;;
0275+  0936             ; _strtoint
0276+  0936             ; 4 digit hex string number in d
0277+  0936             ; integer returned in A
0278+  0936             ;;;;;;;;;;;;;;;;;;;;;;;;;;;;;;;;;;;;;;;;;;;;;;;;;;;;;;;;;;;;;;;;;;;;;;;;;;;;;;;;;;;;;;;;;;;;;;;;;;;;;;;;;;;;;;;;;;
0279+  0936             _strtointx:
0280+  0936 D8            push b
0281+  0937 32            mov bl, [d]
0282+  0938 37            mov bh, bl
0283+  0939 33 01 00      mov bl, [d + 1]
0284+  093C 07 0D 08      call _atoi        ; convert to int in AL
0285+  093F 23            mov ah, al        ; move to AH
0286+  0940 33 02 00      mov bl, [d + 2]
0287+  0943 37            mov bh, bl
0288+  0944 33 03 00      mov bl, [d + 3]
0289+  0947 07 0D 08      call _atoi        ; convert to int in AL
0290+  094A E5            pop b
0291+  094B 09            ret
0292+  094C             
0293+  094C             ;;;;;;;;;;;;;;;;;;;;;;;;;;;;;;;;;;;;;;;;;;;;;;;;;;;;;;;;;;;;;;;;;;;;;;;;;;;;;;;;;;;;;;;;;;;;;;;;;;;;;;;;;;;;;;;;;;
0294+  094C             ; _strtoint
0295+  094C             ; 5 digit base10 string number in d
0296+  094C             ; integer returned in A
0297+  094C             ;;;;;;;;;;;;;;;;;;;;;;;;;;;;;;;;;;;;;;;;;;;;;;;;;;;;;;;;;;;;;;;;;;;;;;;;;;;;;;;;;;;;;;;;;;;;;;;;;;;;;;;;;;;;;;;;;;
0298+  094C             _strtoint:
0299+  094C E2            push si
0300+  094D D8            push b
0301+  094E D9            push c
0302+  094F DA            push d
0303+  0950 07 AF 07      call _strlen      ; get string length in C
0304+  0953 7E            dec c
0305+  0954 FD 4E         mov si, d
0306+  0956 12            mov a, c
0307+  0957 FD 99         shl a
0308+  0959 3B D0 0A      mov d, table_power
0309+  095C 59            add d, a
0310+  095D 38 00 00      mov c, 0
0311+  0960             _strtoint_L0:
0312+  0960 F6            lodsb      ; load ASCII to al
0313+  0961 B9 00         cmp al, 0
0314+  0963 C6 76 09      je _strtoint_end
0315+  0966 6F 30         sub al, $30    ; make into integer
0316+  0968 22 00         mov ah, 0
0317+  096A 2A            mov b, [d]
0318+  096B AC            mul a, b      ; result in B since it fits in 16bits
0319+  096C 11            mov a, b
0320+  096D 28            mov b, c
0321+  096E 54            add a, b
0322+  096F 39            mov c, a
0323+  0970 63 02 00      sub d, 2
0324+  0973 0A 60 09      jmp _strtoint_L0
0325+  0976             _strtoint_end:
0326+  0976 12            mov a, c
0327+  0977 E7            pop d
0328+  0978 E6            pop c
0329+  0979 E5            pop b
0330+  097A EF            pop si
0331+  097B 09            ret
0332+  097C             
0333+  097C             
0334+  097C             ;;;;;;;;;;;;;;;;;;;;;;;;;;;;;;;;;;;;;;;;;;;;;;;;;;;;;;;;;;;;;;;;;;;;;;;;;;;;;;;;;;;;;;;;;;;;;;;;;;;;;;;;;;;;;;;;;;
0335+  097C             ; PRINT NULL TERMINATED STRING
0336+  097C             ; pointer in D
0337+  097C             ;;;;;;;;;;;;;;;;;;;;;;;;;;;;;;;;;;;;;;;;;;;;;;;;;;;;;;;;;;;;;;;;;;;;;;;;;;;;;;;;;;;;;;;;;;;;;;;;;;;;;;;;;;;;;;;;;;
0338+  097C             _puts:
0339+  097C D7            push a
0340+  097D DA            push d
0341+  097E             _puts_L1:
0342+  097E 1E            mov al, [d]
0343+  097F B9 00         cmp al, 0
0344+  0981 C6 8D 09      jz _puts_END
0345+  0984 23            mov ah, al
0346+  0985 19 00         mov al, 0
0347+  0987 05 03         syscall sys_io
0348+  0989 79            inc d
0349+  098A 0A 7E 09      jmp _puts_L1
0350+  098D             _puts_END:
0351+  098D E7            pop d
0352+  098E E4            pop a
0353+  098F 09            ret
0354+  0990             
0355+  0990             ;;;;;;;;;;;;;;;;;;;;;;;;;;;;;;;;;;;;;;;;;;;;;;;;;;;;;;;;;;;;;;;;;;;;;;;;;;;;;;;;;;;;;;;;;;;;;;;;;;;;;;;;;;;;;;;;;;
0356+  0990             ; PRINT N SIZE STRING
0357+  0990             ; pointer in D
0358+  0990             ; size in C
0359+  0990             ;;;;;;;;;;;;;;;;;;;;;;;;;;;;;;;;;;;;;;;;;;;;;;;;;;;;;;;;;;;;;;;;;;;;;;;;;;;;;;;;;;;;;;;;;;;;;;;;;;;;;;;;;;;;;;;;;;
0360+  0990             _putsn:
0361+  0990 DB            push al
0362+  0991 DA            push d
0363+  0992 D9            push c
0364+  0993             _putsn_L0:
0365+  0993 1E            mov al, [d]
0366+  0994 23            mov ah, al
0367+  0995 19 00         mov al, 0
0368+  0997 05 03         syscall sys_io
0369+  0999 79            inc d
0370+  099A 7E            dec c  
0371+  099B C2 00 00      cmp c, 0
0372+  099E C7 93 09      jne _putsn_L0
0373+  09A1             _putsn_end:
0374+  09A1 E6            pop c
0375+  09A2 E7            pop d
0376+  09A3 E8            pop al
0377+  09A4 09            ret
0378+  09A5             
0379+  09A5             ;;;;;;;;;;;;;;;;;;;;;;;;;;;;;;;;;;;;;;;;;;;;;;;;;;;;;;;;;;;;;;;;;;;;;;;;;;;;;;;;;;;;;;;
0380+  09A5             ; print 16bit decimal number
0381+  09A5             ; input number in A
0382+  09A5             ;;;;;;;;;;;;;;;;;;;;;;;;;;;;;;;;;;;;;;;;;;;;;;;;;;;;;;;;;;;;;;;;;;;;;;;;;;;;;;;;;;;;;;;
0383+  09A5             print_u16d:
0384+  09A5 D7            push a
0385+  09A6 D8            push b
0386+  09A7 FD D8         push g
0387+  09A9 26 10 27      mov b, 10000
0388+  09AC AE            div a, b      ; get 10000's coeff.
0389+  09AD 07 D1 09      call print_number
0390+  09B0 11            mov a, b
0391+  09B1 26 E8 03      mov b, 1000
0392+  09B4 AE            div a, b      ; get 1000's coeff.
0393+  09B5 07 D1 09      call print_number
0394+  09B8 11            mov a, b
0395+  09B9 26 64 00      mov b, 100
0396+  09BC AE            div a, b
0397+  09BD 07 D1 09      call print_number
0398+  09C0 11            mov a, b
0399+  09C1 26 0A 00      mov b, 10
0400+  09C4 AE            div a, b
0401+  09C5 07 D1 09      call print_number
0402+  09C8 1B            mov al, bl      ; 1's coeff in bl
0403+  09C9 07 D1 09      call print_number
0404+  09CC FD F1         pop g
0405+  09CE E5            pop b
0406+  09CF E4            pop a
0407+  09D0 09            ret
0408+  09D1             
0409+  09D1             ;;;;;;;;;;;;;;;;;;;;;;;;;;;;;;;;;;;;;;;;;;;;;;;;;;;;;;;;;;;;;;;;;;;;;;;;;;;;;;;;;;;;;;;
0410+  09D1             ; print AL
0411+  09D1             ;;;;;;;;;;;;;;;;;;;;;;;;;;;;;;;;;;;;;;;;;;;;;;;;;;;;;;;;;;;;;;;;;;;;;;;;;;;;;;;;;;;;;;;
0412+  09D1             print_number:
0413+  09D1 6A 30         add al, $30
0414+  09D3 23            mov ah, al
0415+  09D4 07 50 08      call _putchar
0416+  09D7 09            ret
0417+  09D8             
0418+  09D8             ;;;;;;;;;;;;;;;;;;;;;;;;;;;;;;;;;;;;;;;;;;;;;;;;;;;;;;;;;;;;;;;;;;;;;;;;;;;;;;;;;;;;;;;;;;;;;;;;;;;;;;;;;;;;;;;;;;
0419+  09D8             ; PRINT 16BIT HEX INTEGER
0420+  09D8             ; integer value in reg B
0421+  09D8             ;;;;;;;;;;;;;;;;;;;;;;;;;;;;;;;;;;;;;;;;;;;;;;;;;;;;;;;;;;;;;;;;;;;;;;;;;;;;;;;;;;;;;;;;;;;;;;;;;;;;;;;;;;;;;;;;;;
0422+  09D8             print_u16x:
0423+  09D8 D7            push a
0424+  09D9 D8            push b
0425+  09DA DD            push bl
0426+  09DB 30            mov bl, bh
0427+  09DC 07 1E 08      call _itoa        ; convert bh to char in A
0428+  09DF 2F            mov bl, al        ; save al
0429+  09E0 19 00         mov al, 0
0430+  09E2 05 03         syscall sys_io        ; display AH
0431+  09E4 24            mov ah, bl        ; retrieve al
0432+  09E5 19 00         mov al, 0
0433+  09E7 05 03         syscall sys_io        ; display AL
0434+  09E9             
0435+  09E9 EA            pop bl
0436+  09EA 07 1E 08      call _itoa        ; convert bh to char in A
0437+  09ED 2F            mov bl, al        ; save al
0438+  09EE 19 00         mov al, 0
0439+  09F0 05 03         syscall sys_io        ; display AH
0440+  09F2 24            mov ah, bl        ; retrieve al
0441+  09F3 19 00         mov al, 0
0442+  09F5 05 03         syscall sys_io        ; display AL
0443+  09F7             
0444+  09F7 E5            pop b
0445+  09F8 E4            pop a
0446+  09F9 09            ret
0447+  09FA             
0448+  09FA             ;;;;;;;;;;;;;;;;;;;;;;;;;;;;;;;;;;;;;;;;;;;;;;;;;;;;;;;;;;;;;;;;;;;;;;;;;;;;;;;;;;;;;;;;;;;;;;;;;;;;;;;;;;;;;;;;;;
0449+  09FA             ; INPUT 16BIT HEX INTEGER
0450+  09FA             ; read 16bit integer into A
0451+  09FA             ;;;;;;;;;;;;;;;;;;;;;;;;;;;;;;;;;;;;;;;;;;;;;;;;;;;;;;;;;;;;;;;;;;;;;;;;;;;;;;;;;;;;;;;;;;;;;;;;;;;;;;;;;;;;;;;;;;
0452+  09FA             scan_u16x:
0453+  09FA F8 10 00      enter 16
0454+  09FD D8            push b
0455+  09FE DA            push d
0456+  09FF             
0457+  09FF FA F1 FF      lea d, [bp + -15]
0458+  0A02 07 57 08      call _gets        ; get number
0459+  0A05             
0460+  0A05 32            mov bl, [d]
0461+  0A06 37            mov bh, bl
0462+  0A07 33 01 00      mov bl, [d + 1]
0463+  0A0A 07 0D 08      call _atoi        ; convert to int in AL
0464+  0A0D 23            mov ah, al        ; move to AH
0465+  0A0E             
0466+  0A0E 33 02 00      mov bl, [d + 2]
0467+  0A11 37            mov bh, bl
0468+  0A12 33 03 00      mov bl, [d + 3]
0469+  0A15 07 0D 08      call _atoi        ; convert to int in AL
0470+  0A18             
0471+  0A18 E7            pop d
0472+  0A19 E5            pop b
0473+  0A1A F9            leave
0474+  0A1B 09            ret
0475+  0A1C             
0476+  0A1C             ;;;;;;;;;;;;;;;;;;;;;;;;;;;;;;;;;;;;;;;;;;;;;;;;;;;;;;;;;;;;;;;;;;;;;;;;;;;;;;;;;;;;;;;;;;;;;;;;;;;;;;;;;;;;;;;;;;
0477+  0A1C             ; PRINT 8bit HEX INTEGER
0478+  0A1C             ; integer value in reg bl
0479+  0A1C             ;;;;;;;;;;;;;;;;;;;;;;;;;;;;;;;;;;;;;;;;;;;;;;;;;;;;;;;;;;;;;;;;;;;;;;;;;;;;;;;;;;;;;;;;;;;;;;;;;;;;;;;;;;;;;;;;;;
0480+  0A1C             print_u8x:
0481+  0A1C D7            push a
0482+  0A1D DD            push bl
0483+  0A1E             
0484+  0A1E 07 1E 08      call _itoa        ; convert bl to char in A
0485+  0A21 2F            mov bl, al        ; save al
0486+  0A22 19 00         mov al, 0
0487+  0A24 05 03         syscall sys_io        ; display AH
0488+  0A26 24            mov ah, bl        ; retrieve al
0489+  0A27 19 00         mov al, 0
0490+  0A29 05 03         syscall sys_io        ; display AL
0491+  0A2B             
0492+  0A2B EA            pop bl
0493+  0A2C E4            pop a
0494+  0A2D 09            ret
0495+  0A2E             
0496+  0A2E             ;;;;;;;;;;;;;;;;;;;;;;;;;;;;;;;;;;;;;;;;;;;;;;;;;;;;;;;;;;;;;;;;;;;;;;;;;;;;;;;;;;;;;;;
0497+  0A2E             ; print 8bit decimal unsigned number
0498+  0A2E             ; input number in AL
0499+  0A2E             ;;;;;;;;;;;;;;;;;;;;;;;;;;;;;;;;;;;;;;;;;;;;;;;;;;;;;;;;;;;;;;;;;;;;;;;;;;;;;;;;;;;;;;;
0500+  0A2E             print_u8d:
0501+  0A2E D7            push a
0502+  0A2F D8            push b
0503+  0A30 FD D8         push g
0504+  0A32 22 00         mov ah, 0
0505+  0A34 26 64 00      mov b, 100
0506+  0A37 AE            div a, b
0507+  0A38 D8            push b      ; save remainder
0508+  0A39 B9 00         cmp al, 0
0509+  0A3B C6 45 0A      je skip100
0510+  0A3E 6A 30         add al, $30
0511+  0A40 23            mov ah, al
0512+  0A41 19 00         mov al, 0
0513+  0A43 05 03         syscall sys_io  ; print coeff
0514+  0A45             skip100:
0515+  0A45 E4            pop a
0516+  0A46 22 00         mov ah, 0
0517+  0A48 26 0A 00      mov b, 10
0518+  0A4B AE            div a, b
0519+  0A4C D8            push b      ; save remainder
0520+  0A4D B9 00         cmp al, 0
0521+  0A4F C6 59 0A      je skip10
0522+  0A52 6A 30         add al, $30
0523+  0A54 23            mov ah, al
0524+  0A55 19 00         mov al, 0
0525+  0A57 05 03         syscall sys_io  ; print coeff
0526+  0A59             skip10:
0527+  0A59 E4            pop a
0528+  0A5A 1B            mov al, bl
0529+  0A5B 6A 30         add al, $30
0530+  0A5D 23            mov ah, al
0531+  0A5E 19 00         mov al, 0
0532+  0A60 05 03         syscall sys_io  ; print coeff
0533+  0A62 FD F1         pop g
0534+  0A64 E5            pop b
0535+  0A65 E4            pop a
0536+  0A66 09            ret
0537+  0A67             
0538+  0A67             ;;;;;;;;;;;;;;;;;;;;;;;;;;;;;;;;;;;;;;;;;;;;;;;;;;;;;;;;;;;;;;;;;;;;;;;;;;;;;;;;;;;;;;;;;;;;;;;;;;;;;;;;;;;;;;;;;;
0539+  0A67             ; INPUT 8BIT HEX INTEGER
0540+  0A67             ; read 8bit integer into AL
0541+  0A67             ;;;;;;;;;;;;;;;;;;;;;;;;;;;;;;;;;;;;;;;;;;;;;;;;;;;;;;;;;;;;;;;;;;;;;;;;;;;;;;;;;;;;;;;;;;;;;;;;;;;;;;;;;;;;;;;;;;
0542+  0A67             scan_u8x:
0543+  0A67 F8 04 00      enter 4
0544+  0A6A D8            push b
0545+  0A6B DA            push d
0546+  0A6C             
0547+  0A6C FA FD FF      lea d, [bp + -3]
0548+  0A6F 07 57 08      call _gets        ; get number
0549+  0A72             
0550+  0A72 32            mov bl, [d]
0551+  0A73 37            mov bh, bl
0552+  0A74 33 01 00      mov bl, [d + 1]
0553+  0A77 07 0D 08      call _atoi        ; convert to int in AL
0554+  0A7A             
0555+  0A7A E7            pop d
0556+  0A7B E5            pop b
0557+  0A7C F9            leave
0558+  0A7D 09            ret
0559+  0A7E             
0560+  0A7E             ;;;;;;;;;;;;;;;;;;;;;;;;;;;;;;;;;;;;;;;;;;;;;;;;;;;;;;;;;;;;;;;;;;;;;;;;;;;;;;;;;;;;;;;
0561+  0A7E             ; input decimal number
0562+  0A7E             ; result in A
0563+  0A7E             ; 655'\0'
0564+  0A7E             ; low--------high
0565+  0A7E             ;;;;;;;;;;;;;;;;;;;;;;;;;;;;;;;;;;;;;;;;;;;;;;;;;;;;;;;;;;;;;;;;;;;;;;;;;;;;;;;;;;;;;;;
0566+  0A7E             scan_u16d:
0567+  0A7E F8 08 00      enter 8
0568+  0A81 E2            push si
0569+  0A82 D8            push b
0570+  0A83 D9            push c
0571+  0A84 DA            push d
0572+  0A85 FA F9 FF      lea d, [bp +- 7]
0573+  0A88 07 57 08      call _gets
0574+  0A8B 07 AF 07      call _strlen      ; get string length in C
0575+  0A8E 7E            dec c
0576+  0A8F FD 4E         mov si, d
0577+  0A91 12            mov a, c
0578+  0A92 FD 99         shl a
0579+  0A94 3B D0 0A      mov d, table_power
0580+  0A97 59            add d, a
0581+  0A98 38 00 00      mov c, 0
0582+  0A9B             mul_loop:
0583+  0A9B F6            lodsb      ; load ASCII to al
0584+  0A9C B9 00         cmp al, 0
0585+  0A9E C6 B1 0A      je mul_exit
0586+  0AA1 6F 30         sub al, $30    ; make into integer
0587+  0AA3 22 00         mov ah, 0
0588+  0AA5 2A            mov b, [d]
0589+  0AA6 AC            mul a, b      ; result in B since it fits in 16bits
0590+  0AA7 11            mov a, b
0591+  0AA8 28            mov b, c
0592+  0AA9 54            add a, b
0593+  0AAA 39            mov c, a
0594+  0AAB 63 02 00      sub d, 2
0595+  0AAE 0A 9B 0A      jmp mul_loop
0596+  0AB1             mul_exit:
0597+  0AB1 12            mov a, c
0598+  0AB2 E7            pop d
0599+  0AB3 E6            pop c
0600+  0AB4 E5            pop b
0601+  0AB5 EF            pop si
0602+  0AB6 F9            leave
0603+  0AB7 09            ret
0604+  0AB8             
0605+  0AB8             
0606+  0AB8 30 31 32 33 s_hex_digits:    .db "0123456789ABCDEF"  
0606+  0ABC 34 35 36 37 
0606+  0AC0 38 39 41 42 
0606+  0AC4 43 44 45 46 
0607+  0AC8 1B 5B 32 4A s_telnet_clear:  .db "\033[2J\033[H", 0
0607+  0ACC 1B 5B 48 00 
0608+  0AD0             
0609+  0AD0             table_power:
0610+  0AD0 01 00         .dw 1
0611+  0AD2 0A 00         .dw 10
0612+  0AD4 64 00         .dw 100
0613+  0AD6 E8 03         .dw 1000
0614+  0AD8 10 27         .dw 100000042   0ADA             .include "lib/ctype.asm"
0001+  0ADA             ;;;;;;;;;;;;;;;;;;;;;;;;;;;;;;;;;;;;;;;;;;;;;;;;;;;;;;;;;;;;;;;;;;;;;;;;;;;;;;;;;;;;;;;;;;;;;;;;;;;;;;;;;;;;;;;;;;
0002+  0ADA             ; ctype.s
0003+  0ADA             ;;;;;;;;;;;;;;;;;;;;;;;;;;;;;;;;;;;;;;;;;;;;;;;;;;;;;;;;;;;;;;;;;;;;;;;;;;;;;;;;;;;;;;;;;;;;;;;;;;;;;;;;;;;;;;;;;;
0004+  0ADA             
0005+  0ADA             ;;;;;;;;;;;;;;;;;;;;;;;;;;;;;;;;;;;;;;;;;;;;;;;;;;;;;;;;;;;;;;;;;;;;;;;;;;;;;;;;;;;;;;;;;;;;;;;;;;;;;;;;;;;;;;;;;;
0006+  0ADA             ;; C character classification is an operation provided by a group of functions in the ANSI C Standard Library
0007+  0ADA             ;; for the C programming language. These functions are used to test characters for membership in a particular
0008+  0ADA             ;; class of characters, such as alphabetic characters, control characters, etc. Both single-byte, and wide
0009+  0ADA             ;; characters are supported.
0010+  0ADA             ;;;;;;;;;;;;;;;;;;;;;;;;;;;;;;;;;;;;;;;;;;;;;;;;;;;;;;;;;;;;;;;;;;;;;;;;;;;;;;;;;;;;;;;;;;;;;;;;;;;;;;;;;;;;;;;;;;
0011+  0ADA             ;; _isalnum 
0012+  0ADA             ;; _isalpha 
0013+  0ADA             ;; islower 
0014+  0ADA             ;; isupper 
0015+  0ADA             ;; _isdigit 
0016+  0ADA             ;; isxdigit
0017+  0ADA             ;; iscntrl 
0018+  0ADA             ;; isgraph 
0019+  0ADA             ;; _isspace 
0020+  0ADA             ;; isblank 
0021+  0ADA             ;; isprint 
0022+  0ADA             ;; ispunct 
0023+  0ADA             ;; tolower 
0024+  0ADA             ;; toupper
0025+  0ADA             
0026+  0ADA             
0027+  0ADA             ;;;;;;;;;;;;;;;;;;;;;;;;;;;;;;;;;;;;;;;;;;;;;;;;;;;;;;;;;;;;;;;;;;;;;;;;;;;;;;;;;;
0028+  0ADA             ;; IS ALPHANUMERIC
0029+  0ADA             ;; sets ZF according with result
0030+  0ADA             ;;;;;;;;;;;;;;;;;;;;;;;;;;;;;;;;;;;;;;;;;;;;;;;;;;;;;;;;;;;;;;;;;;;;;;;;;;;;;;;;;;
0031+  0ADA             _isalnum:
0032+  0ADA 07 F7 0A    	call _isalpha
0033+  0ADD C6 E3 0A    	je _isalnum_exit
0034+  0AE0 07 E4 0A    	call _isdigit
0035+  0AE3             _isalnum_exit:
0036+  0AE3 09          	ret	
0037+  0AE4             ;;;;;;;;;;;;;;;;;;;;;;;;;;;;;;;;;;;;;;;;;;;;;;;;;;;;;;;;;;;;;;;;;;;;;;;;;;;;;;;;;;
0038+  0AE4             ;; IS DIGIT
0039+  0AE4             ;; sets ZF according with result
0040+  0AE4             ;;;;;;;;;;;;;;;;;;;;;;;;;;;;;;;;;;;;;;;;;;;;;;;;;;;;;;;;;;;;;;;;;;;;;;;;;;;;;;;;;;
0041+  0AE4             _isdigit:
0042+  0AE4 DB          	push al
0043+  0AE5 B9 30       	cmp al, '0'
0044+  0AE7 C8 F3 0A    	jlu _isdigit_false
0045+  0AEA B9 39       	cmp al, '9'
0046+  0AEC D1 F3 0A    	jgu _isdigit_false
0047+  0AEF 87 00       	and al, 0	; set ZF
0048+  0AF1 E8          	pop al
0049+  0AF2 09          	ret
0050+  0AF3             _isdigit_false:
0051+  0AF3 8B 01       	or al, 1	; clear ZF
0052+  0AF5 E8          	pop al
0053+  0AF6 09          	ret	
0054+  0AF7             	
0055+  0AF7             ;;;;;;;;;;;;;;;;;;;;;;;;;;;;;;;;;;;;;;;;;;;;;;;;;;;;;;;;;;;;;;;;;;;;;;;;;;;;;;;;;;
0056+  0AF7             ;; IS ALPHA
0057+  0AF7             ;; sets ZF according with result
0058+  0AF7             ;;;;;;;;;;;;;;;;;;;;;;;;;;;;;;;;;;;;;;;;;;;;;;;;;;;;;;;;;;;;;;;;;;;;;;;;;;;;;;;;;;
0059+  0AF7             _isalpha:
0060+  0AF7 DB          	push al
0061+  0AF8 B9 5F       	cmp al, '_'
0062+  0AFA C6 1A 0B    	je _isalpha_true
0063+  0AFD B9 2E       	cmp al, '.'
0064+  0AFF C6 1A 0B    	je _isalpha_true
0065+  0B02 B9 41       	cmp al, 'A'
0066+  0B04 C8 16 0B    	jlu _isalpha_false
0067+  0B07 B9 7A       	cmp al, 'z'
0068+  0B09 D1 16 0B    	jgu _isalpha_false
0069+  0B0C B9 5A       	cmp al, 'Z'
0070+  0B0E D0 1A 0B    	jleu _isalpha_true
0071+  0B11 B9 61       	cmp al, 'a'
0072+  0B13 C9 1A 0B    	jgeu _isalpha_true
0073+  0B16             _isalpha_false:
0074+  0B16 8B 01       	or al, 1	; clear ZF
0075+  0B18 E8          	pop al
0076+  0B19 09          	ret
0077+  0B1A             _isalpha_true:
0078+  0B1A 87 00       	and al, 0	; set ZF
0079+  0B1C E8          	pop al
0080+  0B1D 09          	ret
0081+  0B1E             
0082+  0B1E             ;;;;;;;;;;;;;;;;;;;;;;;;;;;;;;;;;;;;;;;;;;;;;;;;;;;;;;;;;;;;;;;;;;;;;;;;;;;;;;;;;;
0083+  0B1E             ;; IS PATH-ALPHA
0084+  0B1E             ;; sets ZF according with result
0085+  0B1E             ;;;;;;;;;;;;;;;;;;;;;;;;;;;;;;;;;;;;;;;;;;;;;;;;;;;;;;;;;;;;;;;;;;;;;;;;;;;;;;;;;;
0086+  0B1E             ispath:
0087+  0B1E DB          	push al
0088+  0B1F 07 E4 0A    	call _isdigit
0089+  0B22 C6 4C 0B    	je ispath_true
0090+  0B25 B9 5F       	cmp al, '_'
0091+  0B27 C6 4C 0B    	je ispath_true
0092+  0B2A B9 2F       	cmp al, '/'
0093+  0B2C C6 4C 0B    	je ispath_true
0094+  0B2F B9 2E       	cmp al, '.'
0095+  0B31 C6 4C 0B    	je ispath_true
0096+  0B34 B9 41       	cmp al, 'A'
0097+  0B36 C8 48 0B    	jlu ispath_false
0098+  0B39 B9 7A       	cmp al, 'z'
0099+  0B3B D1 48 0B    	jgu ispath_false
0100+  0B3E B9 5A       	cmp al, 'Z'
0101+  0B40 D0 4C 0B    	jleu ispath_true
0102+  0B43 B9 61       	cmp al, 'a'
0103+  0B45 C9 4C 0B    	jgeu ispath_true
0104+  0B48             ispath_false:
0105+  0B48 8B 01       	or al, 1	; clear ZF
0106+  0B4A E8          	pop al
0107+  0B4B 09          	ret
0108+  0B4C             ispath_true:
0109+  0B4C 87 00       	and al, 0	; set ZF
0110+  0B4E E8          	pop al
0111+  0B4F 09          	ret
0112+  0B50             ;;;;;;;;;;;;;;;;;;;;;;;;;;;;;;;;;;;;;;;;;;;;;;;;;;;;;;;;;;;;;;;;;;;;;;;;;;;;;;;;;;
0113+  0B50             ;; IS SPACE
0114+  0B50             ;; sets ZF according with result
0115+  0B50             ;;;;;;;;;;;;;;;;;;;;;;;;;;;;;;;;;;;;;;;;;;;;;;;;;;;;;;;;;;;;;;;;;;;;;;;;;;;;;;;;;;
0116+  0B50             _isspace:
0117+  0B50 B9 20       	cmp al, $20		; ' '
0118+  0B52 C6 66 0B    	je _isspace_exit
0119+  0B55 B9 09       	cmp al, $09		; '\t'
0120+  0B57 C6 66 0B    	je _isspace_exit
0121+  0B5A B9 0A       	cmp al, $0A		; '\n'
0122+  0B5C C6 66 0B    	je _isspace_exit
0123+  0B5F B9 0D       	cmp al, $0D		; '\r'
0124+  0B61 C6 66 0B    	je _isspace_exit
0125+  0B64 B9 0B       	cmp al, $0B		; '\v'
0126+  0B66             _isspace_exit:
0127+  0B66 09          	ret	
0128+  0B67             
0129+  0B67             ;;;;;;;;;;;;;;;;;;;;;;;;;;;;;;;;;;;;;;;;;;;;;;;;;;;;;;;;;;;;;;;;;;;;;;;;;;;;;;;;;;;;;;;;;;;;;;;;;;;;;;;;;;;;;;;;;;
0130+  0B67             ; TO LOWER
0131+  0B67             ; input in AL
0132+  0B67             ; output in AL
0133+  0B67             ;;;;;;;;;;;;;;;;;;;;;;;;;;;;;;;;;;;;;;;;;;;;;;;;;;;;;;;;;;;;;;;;;;;;;;;;;;;;;;;;;;;;;;;;;;;;;;;;;;;;;;;;;;;;;;;;;;
0134+  0B67             _to_lower:
0135+  0B67 B9 5A       	cmp al, 'Z'
0136+  0B69 D1 6E 0B    	jgu _to_lower_ret
0137+  0B6C 6A 20       	add al, $20				; convert to lower case
0138+  0B6E             _to_lower_ret:
0139+  0B6E 09          	ret
0140+  0B6F             ;;;;;;;;;;;;;;;;;;;;;;;;;;;;;;;;;;;;;;;;;;;;;;;;;;;;;;;;;;;;;;;;;;;;;;;;;;;;;;;;;;;;;;;;;;;;;;;;;;;;;;;;;;;;;;;;;;
0141+  0B6F             ; TO UPPER
0142+  0B6F             ; input in AL
0143+  0B6F             ; output in AL
0144+  0B6F             ;;;;;;;;;;;;;;;;;;;;;;;;;;;;;;;;;;;;;;;;;;;;;;;;;;;;;;;;;;;;;;;;;;;;;;;;;;;;;;;;;;;;;;;;;;;;;;;;;;;;;;;;;;;;;;;;;;
0145+  0B6F             _to_upper:
0146+  0B6F B9 61       	cmp al, 'a'
0147+  0B71 C8 76 0B    	jlu _to_upper_ret
0148+  0B74 6F 20       	sub al, $20			; convert to upper case
0149+  0B76             _to_upper_ret:
0150+  0B76 09          	ret
0151+  0B77             
0043   0B77             
0044   0B77             
0045   0B77             transient_data:
0046   0B77             
0047   0B77             .end
0048   0B77             
0049   0B77             
0050   0B77             
tasm: Number of errors = 0
