0001   0000             ; Sol-1 W5300 TCP Echo Server (8-bit indirect mode)
0002   0000             ; ---------------------------------------------------
0003   0000             ; Sets up W5300 to listen on TCP port 51515
0004   0000             ; Echoes received bytes back to sender
0005   0000             
0006   0000             ; Constants -------------------------------------------------------------
0007   0000             W5300_ADDR_REG      .equ $fff0       ; I/O port to write W5300 register address
0008   0000             W5300_DATA_REG      .equ $fff1       ; I/O port to read/write W5300 data
0009   0000             
0010   0000             W5300_MR            .equ $0000
0011   0000             W5300_GAR           .equ $0001
0012   0000             W5300_SUBR          .equ $0005
0013   0000             W5300_SHAR          .equ $0009
0014   0000             W5300_SIPR          .equ $000F
0015   0000             
0016   0000             W5300_S0_MR         .equ $0400
0017   0000             W5300_S0_PORT       .equ $0404
0018   0000             W5300_S0_CR         .equ $0406
0019   0000             W5300_S0_SR         .equ $0403
0020   0000             W5300_S0_IR         .equ $0402
0021   0000             W5300_S0_RX_RSR     .equ $0426
0022   0000             W5300_S0_RX_FIFOR   .equ $0028
0023   0000             W5300_S0_TX_FIFOR   .equ $0024
0024   0000             W5300_S0_TX_WR      .equ $0424
0025   0000             
0026   0000             SEND_CMD            .equ $20
0027   0000             SEND_OK_MASK        .equ $10
0028   0000             
0029   0000             ; Data -----------------------------------------------------------------
0030   0000 C0 A8 01 01 gw_ip:         .db 192, 168, 1, 1
0031   0004 FF FF FF 00 gw_mask:       .db 255, 255, 255, 0
0032   0008 02 00 00 00 mac_addr:      .db 02h, 00h, 00h, 00h, 00h, 01h
0032   000C 00 01 
0033   000E C0 A8 01 58 local_ip:      .db 192, 168, 1, 88
0034   0012             
0035   0012             ; Helpers --------------------------------------------------------------
0036   0012             
0037   0012             ; Write byte AL to W5300 register in BL
0038   0012             write_w5300_reg:
0039   0012 FD 3D F0 FF     mov [W5300_ADDR_REG], bl
0040   0016 3D F1 FF        mov [W5300_DATA_REG], al
0041   0019 09              ret
0042   001A             
0043   001A             ; Write C bytes from [D] into W5300 starting at reg BL
0044   001A             write_w5300_mem:
0045   001A E2              push si
0046   001B FD 4E           mov si, d
0047   001D             .wr_loop:
wiznet.asm line 0047: unrecognized directive.            (.WR_LOOP)
wiznet.asm line 0048: Label not found: (si)
wiznet.asm line 0048: Unused data in MS byte of argument. (2)
0048   001D 1D 00 00        mov al, [si]
0049   0020 07 12 00        call write_w5300_reg
0050   0023                 inc bl
wiznet.asm line 0050: unrecognized argument.             (bl)
0051   0023                 inc si
wiznet.asm line 0051: unrecognized argument.             (si)
0052   0023 7E              dec c
wiznet.asm line 0053: Unknown token: (.)
wiznet.asm line 0053: Unknown token.    
wiznet.asm line 0053: Label not found: (wr_loop)
wiznet.asm line 0053: Unused data in MS byte of argument. (2)
0053   0024 C7 00 00        jnz .wr_loop
0054   0027 EF              pop si
0055   0028 09              ret
0056   0029             
0057   0029             ; Setup W5300 and start listening on TCP port 51515
0058   0029             setup_w5300:
0059   0029 3B 00 00        mov d, gw_ip
0060   002C 2E 01           mov bl, W5300_GAR
0061   002E 38 04 00        mov c, 4
0062   0031 07 1A 00        call write_w5300_mem
0063   0034             
0064   0034 3B 04 00        mov d, gw_mask
0065   0037 2E 05           mov bl, W5300_SUBR
0066   0039 38 04 00        mov c, 4
0067   003C 07 1A 00        call write_w5300_mem
0068   003F             
0069   003F 3B 08 00        mov d, mac_addr
0070   0042 2E 09           mov bl, W5300_SHAR
0071   0044 38 06 00        mov c, 6
0072   0047 07 1A 00        call write_w5300_mem
0073   004A             
0074   004A 3B 0E 00        mov d, local_ip
0075   004D 2E 0F           mov bl, W5300_SIPR
0076   004F 38 04 00        mov c, 4
0077   0052 07 1A 00        call write_w5300_mem
0078   0055             
0079   0055                 ; Socket 0 Mode: TCP
0080   0055 19 01           mov al, $01
wiznet.asm line 0081: Unused data in MS byte of argument. (4)
0081   0057 2E 00           mov bl, W5300_S0_MR
0082   0059 07 12 00        call write_w5300_reg
0083   005C             
0084   005C                 ; Set port 51515 (0xC90B)
0085   005C 19 C9           mov al, $C9
wiznet.asm line 0086: Unused data in MS byte of argument. (4)
0086   005E 2E 04           mov bl, W5300_S0_PORT
0087   0060 07 12 00        call write_w5300_reg
0088   0063 19 0B           mov al, $0B
0089   0065                 inc bl
wiznet.asm line 0089: unrecognized argument.             (bl)
0090   0065 07 12 00        call write_w5300_reg
0091   0068             
0092   0068                 ; OPEN socket
0093   0068 19 01           mov al, $01
wiznet.asm line 0094: Unused data in MS byte of argument. (4)
0094   006A 2E 06           mov bl, W5300_S0_CR
0095   006C 07 12 00        call write_w5300_reg
0096   006F             
0097   006F             .wait_sock_init:
wiznet.asm line 0097: unrecognized directive.            (.WAIT_SOCK_INIT)
wiznet.asm line 0098: Unused data in MS byte of argument. (4)
0098   006F 2E 03           mov bl, W5300_S0_SR
0099   0071 FD 3D F0 FF     mov [W5300_ADDR_REG], bl
0100   0075 1D F1 FF        mov al, [W5300_DATA_REG]
0101   0078 B9 13           cmp al, $13  ; SOCK_INIT
wiznet.asm line 0102: Unknown token: (.)
wiznet.asm line 0102: Unknown token.    
wiznet.asm line 0102: Label not found: (wait_sock_init)
wiznet.asm line 0102: Unused data in MS byte of argument. (2)
0102   007A C7 00 00        jne .wait_sock_init
0103   007D             
0104   007D                 ; LISTEN
0105   007D 19 02           mov al, $02
wiznet.asm line 0106: Unused data in MS byte of argument. (4)
0106   007F 2E 06           mov bl, W5300_S0_CR
0107   0081 07 12 00        call write_w5300_reg
0108   0084 09              ret
0109   0085             
0110   0085             ; Echo Loop ------------------------------------------------------------
0111   0085             tcp_echo_loop:
0112   0085             .loop:
wiznet.asm line 0112: unrecognized directive.            (.LOOP)
0113   0085                 ; Wait for data
wiznet.asm line 0114: Unused data in MS byte of argument. (4)
0114   0085 2E 26           mov bl, W5300_S0_RX_RSR
0115   0087 FD 3D F0 FF     mov [W5300_ADDR_REG], bl
0116   008B 1D F1 FF        mov al, [W5300_DATA_REG]
0117   008E B9 00           cmp al, 0
wiznet.asm line 0118: Unknown token: (.)
wiznet.asm line 0118: Unknown token.    
wiznet.asm line 0118: Label not found: (loop)
wiznet.asm line 0118: Unused data in MS byte of argument. (2)
0118   0090 C6 00 00        je .loop
0119   0093             
0120   0093                 ; Read byte from RX FIFO
0121   0093 2E 28           mov bl, W5300_S0_RX_FIFOR
0122   0095 FD 3D F0 FF     mov [W5300_ADDR_REG], bl
0123   0099 1D F1 FF        mov al, [W5300_DATA_REG]
0124   009C             
0125   009C                 ; Print to screen
0126   009C 22 00           mov ah, 0
wiznet.asm line 0127: Label not found: (sys_io)
wiznet.asm line 0127: Unused data in MS byte of argument. (200)
0127   009E 05 00           syscall sys_io
0128   00A0             
0129   00A0                 ; Echo back
0130   00A0 07 A6 00        call send_byte_tcp
wiznet.asm line 0131: Unknown token: (.)
wiznet.asm line 0131: Unknown token.    
wiznet.asm line 0131: Label not found: (loop)
wiznet.asm line 0131: Unused data in MS byte of argument. (2)
0131   00A3 0A 00 00        jmp .loop
0132   00A6             
0133   00A6             ; Send AL via TCP socket 0 ---------------------------------------------
0134   00A6             send_byte_tcp:
0135   00A6                 push ax
wiznet.asm line 0135: unrecognized argument.             (ax)
0136   00A6                 push bx
wiznet.asm line 0136: unrecognized argument.             (bx)
0137   00A6             
0138   00A6                 ; Write to TX FIFO
0139   00A6 2E 24           mov bl, W5300_S0_TX_FIFOR
0140   00A8 FD 3D F0 FF     mov [W5300_ADDR_REG], bl
0141   00AC 3D F1 FF        mov [W5300_DATA_REG], al
0142   00AF             
0143   00AF                 ; Read TX_WR (2 bytes)
wiznet.asm line 0144: Unused data in MS byte of argument. (4)
0144   00AF 2E 24           mov bl, W5300_S0_TX_WR
0145   00B1 FD 3D F0 FF     mov [W5300_ADDR_REG], bl
wiznet.asm line 0146: Unknown token: ([)
wiznet.asm line 0146: Unknown token.    
wiznet.asm line 0146: Unknown token: (])
wiznet.asm line 0146: Unknown token.    
wiznet.asm line 0146: Unused data in MS byte of argument. (ff)
0146   00B5 22 F1           mov ah, [W5300_DATA_REG]    ; Low byte
0147   00B7                 inc bl
wiznet.asm line 0147: unrecognized argument.             (bl)
0148   00B7 FD 3D F0 FF     mov [W5300_ADDR_REG], bl
0149   00BB 1D F1 FF        mov al, [W5300_DATA_REG]    ; High byte
0150   00BE             
0151   00BE                 ; Increment WR += 1
0152   00BE 75              inc ah
wiznet.asm line 0153: Unknown token: (.)
wiznet.asm line 0153: Unknown token.    
wiznet.asm line 0153: Label not found: (skip_carry)
wiznet.asm line 0153: Unused data in MS byte of argument. (2)
0153   00BF C7 00 00        jnz .skip_carry
0154   00C2 7A              inc al
0155   00C3             .skip_carry:
wiznet.asm line 0155: unrecognized directive.            (.SKIP_CARRY)
0156   00C3             
0157   00C3                 ; Write back updated TX_WR
wiznet.asm line 0158: Unused data in MS byte of argument. (4)
0158   00C3 2E 24           mov bl, W5300_S0_TX_WR
0159   00C5 FD 3D F0 FF     mov [W5300_ADDR_REG], bl
0160   00C9                 mov [W5300_DATA_REG], ah
wiznet.asm line 0160: unrecognized argument.             ([W5300_DATA_REG],ah)
0161   00C9                 inc bl
wiznet.asm line 0161: unrecognized argument.             (bl)
0162   00C9 FD 3D F0 FF     mov [W5300_ADDR_REG], bl
0163   00CD 3D F1 FF        mov [W5300_DATA_REG], al
0164   00D0             
0165   00D0                 ; Send
0166   00D0 19 20           mov al, SEND_CMD
wiznet.asm line 0167: Unused data in MS byte of argument. (4)
0167   00D2 2E 06           mov bl, W5300_S0_CR
0168   00D4 07 12 00        call write_w5300_reg
0169   00D7             
0170   00D7             .wait_send_ok:
wiznet.asm line 0170: unrecognized directive.            (.WAIT_SEND_OK)
wiznet.asm line 0171: Unused data in MS byte of argument. (4)
0171   00D7 2E 02           mov bl, W5300_S0_IR
0172   00D9 FD 3D F0 FF     mov [W5300_ADDR_REG], bl
0173   00DD 1D F1 FF        mov al, [W5300_DATA_REG]
0174   00E0 93 10           test al, SEND_OK_MASK
wiznet.asm line 0175: Unknown token: (.)
wiznet.asm line 0175: Unknown token.    
wiznet.asm line 0175: Label not found: (wait_send_ok)
wiznet.asm line 0175: Unused data in MS byte of argument. (2)
0175   00E2 C6 00 00        jz .wait_send_ok
0176   00E5             
0177   00E5                 ; Clear SEND_OK
0178   00E5 19 10           mov al, SEND_OK_MASK
wiznet.asm line 0179: Unused data in MS byte of argument. (4)
0179   00E7 2E 02           mov bl, W5300_S0_IR
0180   00E9 07 12 00        call write_w5300_reg
0181   00EC             
0182   00EC                 pop bx
wiznet.asm line 0182: unrecognized argument.             (bx)
0183   00EC                 pop ax
wiznet.asm line 0183: unrecognized argument.             (ax)
0184   00EC 09              ret
0185   00ED             
0186   00ED             ; Entry ----------------------------------------------------------------
0187   00ED             start:
0188   00ED 07 29 00        call setup_w5300
0189   00F0 07 85 00        call tcp_echo_loop
0190   00F3                 hlt
wiznet.asm line 0190: unrecognized instruction.          (HLT)
 line 0190: No END directive before EOF.       
tasm: Number of errors = 61
