0001   0000             ; --- FILENAME: ../solarium
0002   0000             .include "lib/kernel.exp"
0001+  0000             text_org    .EQU  $0400
0002+  0000             sys_bkpt         .EQU  $0000
0003+  0000             sys_rtc          .EQU  $0001
0004+  0000             sys_ide          .EQU  $0002
0005+  0000             sys_io           .EQU  $0003
0006+  0000             sys_filesystem   .EQU  $0004
0007+  0000             sys_spawn_proc   .EQU  $0005
0008+  0000             sys_list         .EQU  $0006
0009+  0000             sys_datetime     .EQU  $0007
0010+  0000             sys_reboot       .EQU  $0008
0011+  0000             sys_pause_proc   .EQU  $0009
0012+  0000             sys_resume_proc  .EQU  $000a
0013+  0000             sys_terminate_proc .EQU  $000b
0014+  0000             sys_system       .EQU  $000c
0015+  0000             sys_boot_install .EQU  $000d
0003   0000             .include "lib/bios.exp"
0001+  0000             BIOS_RESET_VECTOR .EQU  $01c0
0002+  0000             IDE_buffer       .EQU  $8204
0003+  0000             boot_origin      .EQU  $8004
0004+  0000             bios_uart        .EQU  $0002
0005+  0000             bios_ide         .EQU  $0003
0004   0400             .org text_org
0005   0400             
0006   0400             ; --- BEGIN TEXT BLOCK; --- END TEXT BLOCK
0007   0400             
0008   0400             ; --- BEGIN DATA BLOCK
0009   0400             
0010   0400 02 04       _heap_top: .dw _heap
0011   0402 00          _heap: .db 0
0012   0403             ; --- END DATA BLOCK
0013   0403             
0014   0403             .end
tasm: Number of errors = 0
