
 
        Eastern                                        Western
                                ....
Net Runner                      ........                              Overdose
The Knight                       .........                               Sirus
Kingpin                          ...    ....                              Meat
Highlander                       ... ....
Nemesis                          .....
Snuggle                         ....
Zardoz                           ....
Iceberg                          ... ...
                                 ...   ...
                                 ..      ...
                                           ...
 
                                Presents
 
Report Number: 3.0
 
TYMNET PCP OUTDIALS: A listing of Pc-Pursuit out-dials usuable on Tymnet o
                    r most X.25 systems. These are very good quality outdi
                    als for the most part.
 
Compiled : 01/05/91
Author   : Net Runner
Editor   : Net Runner
System   : TymNet PCPursuit Outdials
Uses     : Calling to most major North American cities
Dialups  : Multiple Tymnet dialups per LATA
Port     : 2400 bps, 7 bits, Even Pairity, 1 Stop Bit
Emulation: ANSI, TTY, Vt-52, Vt-100
Thanks To:
Greets To:
 
 
Renegade Legion Sites
---------------------
- tmp down -       Night City   < RL World HQ >
617.625.7682       Night Elite  < ERL Headquarters >
800.477.7691 x4430 Renegade Legion's VMB
 
 
Renegade Legion Name Abbreviations: ex. Net Runner ERL/P
--------------------------------------------------------
 
Prefixes               Suffixes
--------               ---------
E - Eastern Division   P - Precentor (Head of a branch east or west)
W - Western Division   A - Adept, Head of unit under east or west branch
                       C - Code/PBX/VMB Phreaking Unit
                       S - System Hacking Unit
                       N - Network Penetration Unit
 
 
-RL--------------------------------------------------------------Page 1

 
Pc-Pursuit and Datapac outidials make up the bulk of easilly accesable
outdials from Tymnet. The Datapac outdials are often shaky but the PCPursuit
ones tend to be stable.
 
On occasion, if you enter an additional 01 at the end of a PCPursuit NUA you
MAY get Global outdialing. Meaning dial 1+acn and call ANYWHERE in the USA.
Omit the spaces between the number sequences, they are only there for easy
reading. I also listed the PCPursuit city code in the descripptions.
 
Upon connecting to a PCPursuit or Datapac Outdial (OD) you should change to
8n1 bits. This makes life easier on BBSs.
 
PCPursuit ODs have a menuing system. Enter a: %<return> after connecting.
it will respond with: HELLO I'M READY *
 
At the * enter a 'd' for dial or 'r' for redial, '?' gives a menu. Remember
only dial xxx-xxxx no areacode and NO '-' in the numbers. It doesn't like tha
t. Only put 1+ac+n if trying to dial to another areacode from the OD.
 
Well, enough of that. Here's the list!
 
                3110 2010 0001    ( 300 baud) (Newark, NJ)
                3110 2010 0301    (1200 baud) (NJNEW)
                3110 2010 0022    (2400 baud) (E.C. 201)
 
                3110 2020 0115    ( 300 baud) (Washington, DC)
                3110 2020 0116    (1200 baud) (DCWAS)
                3110 2020 0117    (2400 baud) (E.C. 202, 703, 301)
 
                3110 2030 0105    ( 300 baud) (Hartford, CT)
                3110 2030 0120    (1200 baud) (CTHAR)
                3110 2030 0121    (2400 baud) (E.C. 203)
 
                3110 2060 0205    ( 300 baud) (Seattle, WA)
                3110 2060 0206    (1200 baud) (WASEA)
                3110 2060 0208    (2400 baud) (E.C. 206)
 
                3110 2120 0315    ( 300 baud) (New-York, NY)
                3110 2120 0316    (1200 baud) (NYNYO)
                3110 2120 0028    (2400 baud) (E.C. 212, 1+718)
                3110 2120 0412    (2400 baud)
 
                3110 2130 0412    ( 300 baud) (Los Angeles, CA)
                3110 2130 0413    (1200 baud) (CALAN)
                3110 2130 0023    (2400 baud) (E.C. 213)
 
                3110 2140 0117    ( 300 baud) (Dallas, TX)
                3110 2140 0118    (1200 baud) (TXDAL)
                3110 2140 0022    (2400 baud) (E.C. 214,817)
 
                3110 2150 0112    ( 300 baud) (Philadelphia, PA)
                3110 2150 0005    (1200 baud) (PAPHI)
                3110 2150 0022    (2400 baud) (E.C. 215)
 
 
 
-RL-----------------------------------------------------------------Page 2

 
                3110 2160 0020    ( 300 baud) (Clevland, OH)
                3110 2160 0021    (1200 baud) (OHCLV)
                3110 2160 0120    (2400 baud) (E.C. 216)
 
                3110 3010 0020    (???? baud) (Washington, DC)
 
                3110 3030 0114    ( 300 baud) (Denver, CO)
                3110 3030 0115    (1200 baud) (CODEN)
                3110 3030 0021    (2400 baud) (E.C. 303)
                3110 3030 0022    (2400 baud)
 
                3110 3050 0120    ( 300 baud) (Miami, FL)
                3110 3050 0121    (1200 baud) (FLMIA)
                3110 3050 0112    (2400 baud) (E.C. 305)
 
                3110 3120 0410    ( 300 baud) (Chicago, IL)
                3110 3120 0411    (1200 baud) (ILCHI)
                3110 3120 0024    (2400 baud) (E.C. 312,1-815)
 
                3110 3130 0214    ( 300 baud) (Detroit, MI)
                3110 3130 0216    (1200 baud) (MIDET)
                3110 3130 0024    (2400 baud) (E.C. 313)
 
                3110 3140 0005    ( 300 baud) (St. Louis, MO)
                3110 3140 0421    (1200 baud) (MOSLO)
                3110 3140 0020    (2400 baud) (E.C. 314, 1+217, 1+312, 1+815)
 
                3110 4040 0113    ( 300 baud) (Atlanta, GA)
                3110 4040 0114    (1200 baud) (GAATL)
                3110 4040 0022    (2400 baud) (E.C. 404)
 
                3110 4080 0111    ( 300 baud) (San Jose, CA)
                3110 4080 0021    (1200 baud) (CASJO)
                3110 4080 0110    (2400 baud) (E.C. 408, 1+415)
 
                3110 4140 0020    ( 300 baud) (Milwaukee, WI)
                3110 4140 0021    (1200 baud) (WIMIL)
                3110 4140 0120    (2400 baud) (E.C. 414)
 
                3110 4150 0005    ( 300 baud) (Oakland, CA)
                3110 4150 0216    (1200 baud) (CAOAK)
                3110 4150 0011    (2400 baud) (E.C. 415)
 
                3110 4150 0106    ( 300 baud) (Palo Also, CA)
                3110 4150 0224    (1200 baud) (CALPAL)
                3110 4150 0108    (2400 baud) (E.C. 415)
 
                3110 4150 0215    ( 300 baud) (San-Francisco, CA)
                3110 4150 0117    (1200 baud)
                3110 4150 0217    (1200 baud) (CASFA)
                3110 4150 0220    (1200 baud)
                3110 4150 0023    (2400 baud) (E.C. 415)
 
                3110 5030 0020    ( 300 baud) (Portlan, OR)
                3110 5030 0021    (1200 baud) (ORPOR)
                3110 5030 0120    (2400 baud) (E.C. 503)
-RL-----------------------------------------------------------------Page 3

 
                3110 6020 0020    ( 300 baud) (Phoenix, AZ)
                3110 6020 0021    (1200 baud)
                3110 6020 0022    ( 300 baud)
                3110 6020 0023    (1200 baud) (AZPHO)
                3110 6020 0026    (2400 baud) (E.C. 602)
 
                3110 6120 0120    ( 300 baud) (Minneapolis, MN)
                3110 6120 0121    (1200 baud) (MNMIN)
                3110 6120 0022    (2400 baud) (E.C. 612)
 
                3110 6170 0311    ( 300 baud) (Boston, MA)
                3110 6170 0313    (1200 baud) (MABOS)
                3110 6170 0026    (2400 baud) (E.C. 617 1+508)
 
                3110 7130 0113    ( 300 baud) (Houston, TX)
                3110 7130 0114    (1200 baud) (TXHOU)
                3110 7130 0024    (2400 baud) (E.C. 713)
 
                3110 7140 0023    ( 300 baud)
                3110 7140 0004    (1200 baud) (CACOL)
                3110 7140 0024    (2400 baud)
 
                3110 7140 0119    ( 300 baud) (Santa Ana, CA)
                3110 7140 0213    (1200 baud) (CASAN)
                3110 7140 0124    (2400 baud) (E.C. 714)
 
                3110 7140 0120   ?( 300 baud) (San Diego, CA)
                3110 7140 0102   ?( 300 baud) (CASAD/CASDI)
                3110 7140 0210    (1200 baud) (E.C. 619)
                3110 7140 0121    (2400 baud)
 
                3110 8010 0020    ( 300 baud) (Salt-Lake-City, UT)
                3110 8010 0021    (1200 baud) (UTSLC)
                3110 8010 0012    (2400 baud) (E.C. 801)
 
                3110 8130 0020    ( 300 baud) (Tampa, FL)
                3110 8130 0021    (1200 baud) (FLTAM)
                3110 8130 0124    (2400 baud) (E.C. 813)
 
                3110 8160 0104    ( 300 baud) (Kansas City, MO)
                3110 8160 0221    (1200 baud) (MOKAN)
                3110 8160 0113    (2400 buad) (E.C. 816, 1+913)
 
                3110 8180 0020    (1200 baud) (Glendale, CA)
                3110 8180 0021    (1200 baud) (CAGLE)
                                              (E.C. 818)
 
                3110 9160 0007    ( 300 baud)
                3110 9160 0011    (1200 baud) (CASAC)
                3110 9160 0012    (2400 baud)
 
                3110 9190 0020    ( 300 baud) (Res-Tri-Park, NC)
                3110 9190 0021    (1200 baud) (NCRTP)
                3110 9190 0124    (2400 baud) (E.C. 919)
 
 
-RL-----------------------------------------------------------------Page 4

 
Datapac Canadien Outdials, listed numerically by areacode. Far right
columns are Timezone and City.
 
                3020 6920 0902    ( 300 baud)   (204, Manitoba, Winnipeg)
                3020 6920 0901    (1200 baud)
 
                3020 7210 0900    ( 300 baud)   (306, Mountain, Regina)
                3020 7210 0901    (1200 baud)
 
                3020 7110 0900    ( 300 baud)   (306, Mountain, Saskatoon)
                3020 7110 0901    (1200 baud)
 
                3020 6330 0900    ( 300 baud)   (403, Mountain, Calgary)
                3020 6630 0901    (1200 baud)
 
                3020 5870 0900    ( 300 baud)   (403, Mountain, Edmonton)
                3020 5870 0901    (1200 baud)
 
                3020 9160 0901    ( 300 baud)    (416, Eastern, Toronto)
                3020 9160 0902    (1200 baud)
 
                3020 3850 0900    ( 300 baud)    (416, Eastern, Hamilton)
                3020 3850 0901    (1200 baud)
 
                3020 7460 0900    ( 300 baud)    (506, Alantic, Saint john)
                3020 7460 0901    (1200 baud)
 
                3020 8270 0902    ( 300 baud)    (514, Eastern, Montreal)
                3020 8270 0903    (1200 baud)
 
                3020 3560 0900    ( 300 baud)    (519, Eastern, London)
                3020 3560 0901    (1200 baud)
 
                3020 2950 0900    ( 300 baud)    (519, Eastern, Windsor)
                3020 2950 0901    (1200 baud)
 
                3020 3340 0900    ( 300 baud)    (519, Eastern, Kitchener)
                3020 3340 0901    (1200 baud)
 
                3020 6710 0900    ( 300 baud)    (604, Pacific, Vancouver)
                3020 6710 0901    (1200 baud)
 
                3020 8570 0901    ( 300 baud)    (613, Eastern, Ottawa)
                3020 8570 0902    (1200 baud)
 
                3020 3850 0900    ( 300 baud)    (613, Eastern, Hamilton)
                3020 3850 0901    (1200 baud)
 
                3020 7810 0900    ( 300 baud)    (709, Atlantic, St. john's)
                3020 7810 0901    (1200 baud)
 
                3020 7610 1900    ( 300 baud)    (902, Atlantic, Halifax)
                3020 7610 1901    (1200 baud)
 
                3020 3850 0900    ( 300 baud)    (416, Eastern, Hamilton)
                3020 3850 0901    (1200 baud)
-RL-----------------------------------------------------------------Page 5

 
                3020 9190 0900    ( 300 baud)    (???, Eastern, Clarkson)
                3020 9190 0901    (1200 baud)
 
We do NOT condone fraud, destruction of computer data or tangeble items.
We do not condone information hoarding, and accumulations stacks of informatio
n on individuals which corporations have no business accumulating. Companies
are free to give your information to other companies. And we feel vindicated
in examining the information about ourselves firsthand!
 
Down with buerocracy!
 
Hail Eris!
All Hail Discordia!
 
-Net Runner, Precentor East
-RL-----------------------------------------------------------------Page 6
EOF
