
Pacific Bell Computer Systems
=============================

Telephone Numbers For Pactime-A Computers
  (Logon instructions are at the end)

AREA              TERMINAL                 TEL NUMBER      TEL NUMBER
-----------------------------------------------------------------------

Los Angeles       300 BPS                  213-277-7698    213-277-7942
                  1200 BPS (202S)          213-557-0427    213-553-4721
                  1200 BPS (212A)                          213-277-0668
                  110/300/1200 BPS (AUTO)  213-203-8120    213-277-7942

Newport Beach     300 BPS                  714-752-4991    714-752-4971
                  1200 BPS (212A)          714-752-2036    714-851-0261

Reno              300 BPS                  702-329-8417    702-324-7829

Sacramento        300 BPS                  916-972-0300    916-971-1881
                  1200 BPS (202S)          916-972-1133    ------------
                  1200 BPS (212A)          916-972-0415    ------------
                  1200 BPS (212A)          916-972-0416    916-971-1881

San Diego         300 BPS                  619-230-8613    714-297-9260
                  1200 BPS  (212A)         619-230-8659    714-297-6901
                  110/300/1200 BPS (AUTO)  619-230-8647    ------------

San Francisco     300 BPS                  415-433-7950    415-788-6800
                  1200 BPS (212A)          415-433-7526    415-986-5222
                  110/300/1200 BPS (AUTO)  415-397-7597    ------------

Concord           110/300/1200 BPS (AUTO)  415-827-9365    ------------
                  1200 BPS (202S)          415-827-9384    415-391-5656
                  1200 BPS (212A)          415-827-0923    ------------

San Jose          300 BPS                  408-280-6380    408-245-6051
                  1200 BPS (202S)          408-280-6376    408-732-9791
                  1200 BPS (212A)          408-280-6366    408-245-6051
                  110/300/1200 BPS (AUTO)  408-297-3020    ------------

Note - 1200 Full duplex uses 212A data sets while half duplex uses 202S
data sets.

Note - Auto - Automatic selection of bit rate 212A set required for 1200
BPS.

How to log on to Pactime-A 1. At 300 BPS type the letter O and a carriage
return (CR). At 1200 BPS type the character "^" 5 or 6 times in a row
then hit the carriage return.

2. The computer will respond: CSS ONLINE -- PTTS

3. Type: L PTTS userid (CR)  - That is, type the letter L, a space, your
userid, and then hit the return button.

4. The computer will then ask for your password. Type the password in the
blacked out area.

5. The computer will then ask for A/C info.  Answer as directed by your
department.

6. The log on procedure is now completed.

The Wanderjahr

  Distributed in part by:

   Skeleton Crue  415-376-8060  located out of Moraga, California.
	 !!Get on the band wagon befor it RUNS YOU DOWN!!
 Headquarters for Computer Hackers and Anarchists to Overthrow the State
			      (CH&AOS)
[36] Tfiles: (1-49,?,Q) : 