
                                           (All rights reserved)

garbo.uwasa.fi:/pc/pd2/author15.zip         Sun 28-February-1993

A List of Reachable Major MsDos Authors of Files at FTP Archives
================================================================

MsDos PD & SW utility authors please see the appendix at the end of
this file for more information and a convenient fill-in sheet. This
list covers MsDos utility PD & SW authors reachable by email on
InterNet, including authors with addresses on CompuServe and
FidoNet. Solely Windows, games or fully commercial authors are not
covered.

This same list is also available without the version number as
garbo.uwasa.fi:/pc/link/author.zip.

..................................................................
Prof. Timo Salmi      Co-moderator of comp.archives.msdos.announce
Moderating at garbo.uwasa.fi anonymous FTP archives 128.214.87.1
Faculty of Accounting & Industrial Management; University of Vaasa
Internet: ts@uwasa.fi Bitnet: salmi@finfun   ; SF-65101, Finland


-------------------------------------------------------------------
1        Ahlgren, Joe
2        Aitchison, Mark
3        Augustine, Davis
4        Babcock, Robert
5        Beauchaine, Robert
6        Berry, Bob
7        Bixler, Roy
8        Bodoh, Daniel
9        Branson, Don
10       Breuer, Richard
11       Bridges, John
12       Brown, David
13       Brown, Ralf
14       Bruce, Robert
15       Brzezinski, Andrzej
16       Buerg, Vernon
17       Camp, David
18       Chinook Software
19       Clarke, Daryl
20       Collins, Adrian
21       Corbier, Daniel
22       Dell, Thomas
23       Derbyshire, Andrew
24       Derr, James
25       Dhesi, Rahul
26       DiVecchio, Mark
27       Dobb's, Journal
28       Doupnik, Joe
29       Efros, Alexei A.
30       Elber, Gershon
31       Forsberg, Chuck
32       Frandsen, Jesper
33       Freiss, Martin
34       Fubar Systems
35       Gallias, Michael
36       Geiser, Wayne
37       Gillett, Dave
38       Greenberg, Ross
39       Gresseth, Reidar
40       Gutmann, Peter
41       Hakim, Andy
42       Harris, Mark
43       Hart, Michael
44       Hilbig, Erhard
45       Hogstrom, Jonas
46       Huang, Weiguang
47       Hulst, Frank
48       Info-ZIP
49       Jackson, Lee
50       JP Software Inc.
51       Jung, Robert
52       Johnson, Thomas C.
53       Kim, Eugene
54       Kirsch, Dave
55       Kovach, Warren L.
56       Koziol, Quincey
57       Lazarus, Ross
58       Ledbetter, Keith
59       Lee, Patrick
60       Lewis, Dan
61       Mace, Donald
62       Marks, Richard
63       Marson, Hamish
64       McAfee Associates
65       Murdoch, Duncan
66       Nelson, Russell
67       Nguyen, Hoa
68       Ni, Hongbo
69       Ozeran, James
70       Pardun, Gary
71       PCMAG
72       Patri-Soft
73       PKWare Inc.
74       Pluimers, Jeroen
75       Podnos, Vladimir
76       Pollet, Patrick
77       Pritchett, Ron
78       QuickWare
79       Reilley, Peter
80       Risku, Kai
81       Rossmann, Andrew
82       Rowe, Eddie
83       Salmi, Timo
84       Schikore, Daniel
85       Schipper, Jeroen
86       Schulz, Russell
87       Scott, Peter
88       SemWare Inc.
89       Shearer, Dan
90       Shippony, Zvi
91       Siebeck, Wolfgang
92       Singh, Manjit
93       Skulason, Fridrik
94       Stern, Marc
95       Stewartson, Ian
96       Thomson, Douglas
97       Vallevand, Martin
98       Vandenberg, Rick
99       Vyncke, Eric
100      Walsh, Norm
101      Weatherley, Rhys
102      Wisan, Richard
103      Zitterkopf, John D.
-------------------------------------------------------------------


Key:        Ahlgren, Joe
Author:     Joe Ahlgren
Program:    GEOCLOCK sunlight clock and map
Company:    GEOCLOCK
Email:      70461.2340@compuserve.com
Address:    2218 N Tuckahoe St, Arlington VA 22205   USA
Voice:      703-241-2661
BBS:        703-241-7980/7981
Fax:        703-241-2661 (not automatic)
Other Info:


Key:        Aitchison, Mark
Author:     Mark Aitchison
Program:    BOOTID freeware Boot Sector (Virus) Identifier
Company:    Department of Physics & Astronomy, University of Canterbury
Email:      M.Aitchison@csc.canterbury.ac.nz
Address:    Private Bag 4800, Christchurch, New Zealand
Voice:      (0643) 667-001
BBS:        -
Fax:        (0643) 642-999
Other info: Phone numbers from August 1992: change "3" to "33"


Key:        Augustine, Davis
Author:     Davis Augustine
Program:    SHROM Shell Room Utility
Company:
Email:      72230.3053@compuserve.com
Address:    P.O.Box 390178 Cambridge, MA 02139, USA
Voice:
BBS:
Fax:
Other info:


Key:        Babcock, Robert
Author:     Robert W. Babcock
Program:    Wssindex, disk cataloger, archive & graphics files
Company:    WSS Division of DDC
Email:      babcock@cfaamp.harvard.edu, babcock@cfa, rbabcock on BIX
Address:    4 Reeves Road, Bedford, MA  01730, USA
Voice:      617-275-1183 or 9104
BBS:
Fax:
Other info: Association of Shareware professionals member


Key:        Beauchaine, Robert
Author:     Robert (Bob) Beauchaine
Program:    TVINP102.ZIP, Numerical Input routines for Turbo Vision
Company:    Tektronix, Inc.
Email:      bobb@vice.ICO.TEK.COM
Address:    P.O. Box 500, M.S. 59-323, Beaverton, OR 97077, USA
Voice:      (503) 627-6086
BBS:
Fax:        (503) 627-5560
Other info:


Key:        Berry, Bob
Author:     Bob Berry 
Program:    CSHOW CompuShow program for viewing graphics
Company:    Canyon State Systems and Software
Email:      76555.167@compuserve.com
Address:    Post Office Box 86, Sedona, AZ. 86336, USA
Voice:      (602) 282-5070
BBS:
Fax:
Other info:


Key:        Bixler, Roy
Author:     Roy Bixler
Program:    directory-oriented copy and find duplicate files utils.
Company:    -
Email:      as327@cleveland.freenet.edu
Address:    19 Acorn Dr., Hawthorn Woods, IL 60047, USA
Voice:      (708) 438-9361
BBS:        -
Fax:        -
Other info: There are also Atari ST versions of above utils.


Key:        Bodoh, Daniel
Author:     Daniel Bodoh
Program:    DV System Information - Unix-ish utilities for DESQview
Company:    University of Wisconsin, ECE grad student
Email:      bodoh@xraylith.wisc.edu
Address:    1402 Regent #417, Madison WI USA 53711-2244
Voice:      (608) 255-3574
BBS:
Fax:
Other info: Edits DESQview FAQ list, avail. on SIMTEL as DVFAQx.ZIP


Key:        Branson, Don
Author:     Don Branson
Program:    EVENTMAN Set up and run programs un-attended
Company:    Simian Id Software
Email:      BITNET: C08922DB@WUVMD
Address:    P.O. Box 430011, St. Louis, Mo. 63143
Voice:      (314) 781-8709
BBS:
Fax:
Other info: TSR version for registered users.


Key:        Breuer, Richard
Author:     Richard (Ricki) Breuer
Program:    RUTILS, Rickis DOS utilities
Company:    Technical University Aachen
Email:      ricki@rwthi3.informatik.rwth-aachen.de
Address:    Brunssumstrasse 6, 5100 Aachen, Germany
Voice:      +241 85605
BBS:
Fax:
Other info:


Key:        Bridges, John
Author:     John Bridges
Program:    VGAKIT SVGA Programming Kit (freeware)
Company:
Email:      75300.2137@compuserve.com
Address:    2810 Serang Place, Costa Mesa, Ca. 92626, USA
Voice:
BBS:
Fax:
Other info: is the author of GRASP published by Paul Mace Software


Key:        Brown, David
Author:     David Brown
Program:    MDB - Music Database/Tape Layout
Company:    St.Mary's University, Math/Comp.Sci. Dept.
Email:      dbrown@husky1.stmarys.ca, dbrown@shark.stmarys.ca
Address:    Halifax, NS, Canada  B3H 3C3
Voice:      (902)420-5893
BBS:         -
Fax:        (902)420-5266
Other info:


Key:        Brown, Ralf
Author:     Ralf Brown
Program:    MsDos Interrupt List; SPAWNO spawn() replacement
Company:
Email:      Ralf.Brown@B.GP.CS.CMU.EDU
Address:    813 Copeland Way Suite 26, Pittsburgh, PA 15232, USA
Voice:
BBS:
Fax:
Other info: also distributes a number of DESQview-aware programs


Key:        Bruce, Robert
Author:     Robert (Bob) Bruce
Program:    Msdos/Windows/Mac/Amiga/Unix CD-ROMs (incl SIMTEL20, Garbo)
Company:    Walnut Creek CDROM
Email:      rab@sprite.Berkeley.EDU (128.32.150.27)
Address:    1547 Palos Verdes Mall, Suite 260, Walnut Creek, CA 94596, USA
Voice:      +1 510 947-5996 / +1 800 786-9907 Toll Free (US/Can only)
BBS:
Fax:        +1 510 947-1644
Other info: Many CDROM titles available.  Phone/Fax/email for free catalog.


Key:        Brzezinski, Andrzej
Author:     Andrzej Brzezinski
Program:    VED - Vision Edit text editor with mouse support
Company:    University of Manitoba
Email:      umbrzez0@silver.cs.umanitoba.ca
Address:    308-70 Garry St., Winnipeg, MB, R3C 3J9, CANADA
Voice:      (204) 943-4020
BBS:        -
Fax:        -
Other info:


Key:        Buerg, Vernon
Author:     Vernon D. Buerg
Program:    LIST A File Viewing and Browsing Utility
Company:
Email:      70007.1212@compuserve.com
Address:    139 White Oak Circle, Petaluma, CA 94952, USA
Voice:
BBS:        (707) 778-8944, (707) 778-8841, (415) 994-2944
Fax:        (707) 778-8728 For orders only
Other info:


Key:        Camp, David
Author:     David J. Camp
Program:    mailbin
Company:
Email:      david%campfire@wupost.wustl.edu
Address:    6103 Charlotte Avenue, St. Louis, MO 63120-1201
Voice:      +1 314 382 0584
BBS:
Fax:
Other info: last release is called xxinstal.bat


Key:        Chinook Software
Author:     Chinook Software
Program:    ATK Analyst's Tool Kit (data flow diagrams)
Company:    Chinook Software
Email:      mschwart@nyx.cs.du.edu
Address:    P. O. Box 24536, Denver, Colorado 80224, USA
Voice:
BBS:
Fax:
Other info: Email contact: Michael Schwartz


Key:        Clarke, Daryl
Author:     Daryl Clarke
Program:    NewPet - Geochemical/Igneous Petrology Modelling Program
Company:    Memorial Univ. of Nfld., Dept. of Earth Sciences
Email:      daryl@garfield.cs.mun.ca
Address:    St.John's, NF, A1B 3X5, Canada
Voice:      (709) 737 8346 or 737 8142
BBS:
Fax:        (709) 737 2589
Other info: FTP site - sparky2.esd.mun.ca (134.153.11.101)


Key:        Collins, Adrian
Author:     Adrian (Ade) Collins
Program:    QT-QUOTE Versatile Fortune Cookie Program
Company:    -
Email:      ade@mcc.ac.uk
Address:    70 Broad Oak Lane, Didsbury, Manchester M20 0GG, UK
Voice:      (daytime) +44 61-275-6009  (home) +44 61-434-3484
BBS:
Fax:        +44 61-275-6040
Other info: -


Key:        Corbier, Daniel
Author:     Daniel Corbier
Program:    Ucalc, Ultimate Calculator, math expression evaluator
Company:
Email:      corbier@andrews.edu
Address:    571 NE 110th Terrace, Miami, Fl. 33161
Voice:
BBS:
Fax:
Other info: Finger corbier@andrews.edu for up-to-date info on Ucalc


Key:        Dell, Thomas
Author:     Thomas E Dell
Program:    Waffle - WAFxxx.ZIP
Company:    Darkside International
Email:      dell@vox.darkside.com
Address:    PO Box 4436, Mountain View CA 94040 USA
Voice:
BBS:        1-(408) 245-SPAM
Fax:
Other info:


Key:        Derbyshire, Andrew
Author:     Andrew H. Derbyshire
Program:    UUPC/extended - E-mail for DOS, OS/2, and Windows/NT
Company:    Kendra Electronic Wonderworks
Email:      help@kew.com
Address:    P.O. Box 132, Arlington, MA 02174-0002 USA
Voice:      617-641-3739
BBS:        617-641-4817 (anonymous UUCP; send mail to help@kew.com)
Fax:        -
Other info: Prime internet archive is ftp.clarkson.edu


Key:        Derr, James
Author:     James (Jim) Derr
Program:    SHEZ Compression Companion
Company:    California Software Design
Email:      76266.2634@compuserve.com
Address:    P.O. Box 15248, Santa Rosa, Ca. 95402, USA
Voice:      (707) 575-9868
BBS:        (707) 538-8710
Fax:
Other info:


Key:        Dhesi, Rahul
Author:     Rahul Dhesi 
Program:    ZOO manipulate archives of files in compressed form
Company:
Email:      dhesi@cirrus.com
Address:
Voice:
BBS:
Fax:
Other info:


Key:        DiVecchio, Mark
Author:     Mark DiVecchio
Program:    PC-VT VT100/4014 PC Based Terminal Emulator
Company:    Athena Systems Development Group
Email:      markd@silogic.uucp
Address:    9888 Carroll Center Road Suite 113, San Diego, CA 92126 USA
Voice:      (619) 549-9841
BBS:        (619) 549-3927
Fax:        (619) 549-9833
Other info: Also the Author of LPTx, A Line Printer Capture Program


Key:        Dobb's, Journal
Author:
Program:
Company:
Email:      76704.50@CompuServe.COM
Address:
Voice:
BBS:        Dr. Dobb's BBS
Fax:
Other info:


Key:        Doupnik, Joe
Author:     Prof. Joe R. Doupnik of Utah State University
Program:    MsKermit
Company:    Kermit Distribution, Columbia University Center for
            Computing Activities, New York, USA
Email:      jrd@cc.usu.edu
Address:
Voice:
BBS:
Fax:
Other info:


Key:        Efros, Alexei A.
Author:     Alexei (Alyosha) Efros, Jr.
Program:    Melody Master - music editor
Company:
Email:      AEfros@cc.utah.edu
Address:    4544 S. Brockbank Dr., Salt Lake City, UT 84124, USA
Voice:      (801) 272-5948
BBS:
Fax:
Other info: Published by Shareable Software Int.


Key:        Elber, Gershon
Author:     Gershon Elber
Program:    GIFLIB, IRIT solid modeller, EEDRAW EE drawing package.
Company:
Email:      gershon@gr.cs.utah.edu
Address:    #918 university village, S.L.C., UT 84108, USA
Voice:      (801) 582-1807
BBS:
Fax:
Other info:


Key:        Forsberg, Chuck
Author:     Chuck Forsberg
Program:    ZMODEM
Company:    Omen Technology Inc
Email:      omen!caf@reed.edu, 70007.2304@compuserve.com
Address:    Post Office Box 4681, Portland OR  97208-4681, U.S.A.
Voice:
BBS:
Fax:        503-621-3735
Other info: Slower, more reliable email caf%omen.UUCP@uunet.uu.net


Key:        Frandsen, Jesper
Author:     Jesper Frandsen
Program:    PCXDUMP. TSR screen capture.
Company:
Email:      jesperf@daimi.aau.dk
Address:    c/o B. Frandsen, Duedalen 1, 5492 Vissenbjerg, DENMARK.
Voice:      009-45-86195460
BBS:
Fax:
Other info:


Key:        Freiss, Martin
Author:     Martin Freiss
Program:    PCElm   Mail user agent for NOS, UUPC, or other MTAs
Company:    private
Email:      freiss.pad@sni.de
Address:    Muehlenfloessstr. 60, D-W4792 Bad Lippspringe, Germany
Voice:
BBS:
Fax:
Other info:


Key:        Fubar Systems
Author:     Christopher J. Ambler
Program:    FSUUCP communication utility
Company:    Fubar Systems
Email:      cambler@zeus.calpoly.edu, chris@fubarsys.com
Address:    1344 Madonna Road, Suite 242, San Luis Obispo, Ca, 93405 USA
Voice:      (805) 542-0336
BBS:        (805) 53-FUBAR (543-8227)
Fax:
Other info:


Key:        Gallias, Michael
Author:     Michael Gallias
Program:    GUI and Other Units for Pascal
Company:    Pure Power Software
Email:      gallias@ph.und.ac.za
Address:    P O Box 22106, Glenashley, 4022, RSA
Voice:      (031) 52-2781
BBS:        -
Fax:        -
Other info: -


Key:        Geiser, Wayne
Author:     Wayne Geiser
Program:    On This Day - What happened on this date in history?
Company:    The Software Construction Co.
Email:      geiser@pictel.com   70313.3615@compuserve.com
Address:    P.O. Box 160, North Billerica, MA 01862-0160, USA
Voice:
BBS:
Fax:
Other info: [ASP] also authored Diamond Data (baseball stats)


Key:        Gillett, Dave
Author:     Dave Gillett
Program:    Reuter Connect - VT-100 comms w/scripts and macros
Company:    Reuters, and privately
Email:      dgil@ipsaint.ipsa.reuter.com OR dgil@pa.reuter.com
Address:    3790 El Camino Real #231, Palo Alto, CA 94306
Voice:      (415)327-1700
BBS:        -------------
Fax:        (415)327-0146
Other info: C++ and TP5


Key:        Greenberg, Ross
Author:     Ross Greenberg
Program:    VIRX Easy to use free virus scanner
Company:    Microcom, Inc.
Email:      72461.3212@compuserve.com
Address:
Voice:
BBS:        (919) 419-1602 v.32bis
Fax:
Other info:


Key:        Gresseth, Reidar
Author:     Reidar Gresseth, Chris Hook
Program:    Explosiv Screen Saver
Company:    Hook and Gresseth Software
Email:      gresseth@ucs.ubc.ca
Address:    P.O. Box 3013, Vancouver, B.C., V6B 3X5, Canada
Voice:      (604) 277-8914 or (604) 738-0045
BBS:        -
Fax:        -
Other info: -


Key:        Gutmann, Peter
Author:     Peter Gutmann
Program:    HPACK multi-system archiver
Company:    -
Email:      pgut1@cs.aukuni.ac.nz
Address:    24 Durness Place, Orewa, North Auckland, New Zealand
Voice:      +64 9 426-5097
BBS:        -
Fax:        -
Other info: -
 

Key:        Hakim, Andy
Author:     Andy Hakim
Program:    Precise Point: "graphical" text-mode mouse driver
Company:    none
Email:      ahakim@uh.edu
Address:    P.O. Box 70392, Houston, TX 77270, USA
Voice:      (713) 880-3059
BBS:        (713) 961-1604 (Sands PCB)
Fax:   
Other info:


Key:        Harris, Mark
Author:     Mark Harris
Program:    Ample Notice appointments, alarm, PIM
Company:    Granny's Old-Fashioned Software
Email:      mh@cs.appstate.edu
Address:    Rt 4, Box 216, Boone, NC 28607 USA
Voice:      (704) 264-6906
BBS:
Fax:        (704) 264-4634
Other info:


Key:        Hart, Michael
Author:     Michael S. Hart
Program:    Project Gutenberg Electronic Texts
Company:    Illinois Benedictine College (USA)
Email:      hart@vmd.cso.uiuc.edu  or  hart@uiucvmd
Address:    IBC, 5700 College Road, Lisle, IL 60532-0900 USA
Voice:      (217) 344-0367
BBS:        (503) 620-0307 or (408) 378-5108
Fax:
Other info: email listserv@uiucvmd or listserv@vmd.cso.uiuc.edu
            to receive newsletters.  Send "sub gutnberg your name"


Key:        Hilbig, Erhard
Author:     Erhard Hilbig
Program:    CONEX Terminal emulation program
Company:    Universitaet-Gesamthochschule Paderborn
Email:	    zahilb@pbhrzt.uni-paderborn.de
Address:    Uni Paderborn, Postfach 1621, 4790 Paderborn, Germany
Voice:	    05251/60-2433
BBS:
Fax:	    05251/60-3207
Other info:


Key:        Hogstrom, Jonas
Author:     Jonas Hogstrom
Program:    A3E, Ansi Ascii Avatar Editor
Company:    JH SoftService
Email:      c91jonho@und.ida.liu.se
Address:    Kunsbergsgatan 8c, S-582 53  Linkoping, Sweden
Voice:      +46-13-122636
BBS:        FidoNet 2:204/408.3
Fax:        +46-21-350524
Other info:


Key:        Huang, Weiguang
Author:     Dr Weiguang Huang
Program:    SymbMath: Symbolic Math software
Company:    University of New South Wales
Email:      sc9300078@cumulus.csd.unsw.edu.au, w.huang@unsw.edu.au,
            huang@deakin.oz.au
Address:    Dept. of Analytical Chemistry, University of New South Wales,
            Kensington, NSW 2033, Australia
Voice:      61-2-697-4643
BBS:
Fax:        61-2-662-2835
Other info:


Key:        Hulst, Frank
Author:     Frank van der Hulst
Program:    PGRAF PrintGraph BGI-like Printer Graphics Driver
Company:    Tech-soft Systems
Email:      frank@whare.cavebbs.gen.nz
Address:    101 Epuni St, Lower Hutt, Wellington, New Zealand.
Voice:      (0064) 4 5693-481
BBS:
Fax:
Other info:


Key:        Info-ZIP
Author:     Greg Roelofs, Mark Adler, Jean-loup Gailly (et al)
Program:    zip and unzip for Unix, MsDos, and other platforms
Company:
Email:      zip-bugs@wkuvx1.bitnet
Address:
Voice:
BBS:
Fax:
Other info: Info-ZIP Group, a mailing list moderated by Hunter
            Goatley. Send the line HELP to listserv@wkuvx1.bitnet
            for information on subscription to the info-zip mailing
            list.


Key:        Jackson, Lee
Author:     Lee Jackson
Program:    The Hack Report
Company:    -
Email:      ljackson@mdf.fidonet.org
Address:    130 Dove Lane, Kyle, TX 78640, USA
Voice:      (512) 295-3923
BBS:        -
Fax:        -
Other info: -


Key:        JP Software Inc.
Author:     JP Software Inc.
Program:    4DOS
Company:    JP Software Inc.
Email:      75300.210@compuserve.com, 75300.1215@compuserve.com
Address:    P.O. Box 1470, East Arlington, MA 02174, USA
Voice:      (617) 646-3975
BBS:
Fax:        (617) 646-0904
Other info:


Key:        Jung, Robert
Author:     Robert K Jung 
Program:    ARJ archiver program
Company:
Email:      robjung@world.std.com, 72077.445@compuserve.com
Address:    2606 Village Road West, Norwood, Mass. 02062, USA
Voice:
BBS:        (617) 354-8873; Fidonet 1:16/390.7
Fax:
Other info:


Key:        Johnson, Thomas C.
Author:     Thomas C. Johnson
Program:    PC-TRACK   3D Satellite Orbit Visualization Tool
Company:    Acme Workshops
Email:      71371.1257@compuserve.com
Address:    9920 S. Palmer Rd., New Carlisle, Oh. 45344, USA
Voice:      (513) 878-9174
BBS:        
Fax: 
Other info: Also Author of Master Chef: Recipe, Diet & Sched Tool


Key:        Kim, Eugene
Author:     Eugene Kim
Program:    GRAF-IT! v2.0 Inequality grapher
Company:    Harvard University
Email:      eekim@husc.harvard.edu
Address:
Voice:
BBS:
Fax:
Other info: Snailmail address and phone numbers changes constantly.


Key:        Kirsch, Dave
Author:     Dave Kirsch
Program:    MOU--Turbo C & Pascal, MSC TRUE mouse cursor routines
Company:    None
Email:      Zoid@mindlink.bc.ca
Address:    #801-9835 King George Hwy, Surrey, BC.  Canada  V3T 5H6
Voice:      (604) 585-8844
BBS:        (604) 576-1214
Fax:        (604) 534-7473
Other info: Freeware mouse routines (w/src).


Key:        Kovach, Warren L.
Author:     Dr. Warren L. Kovach
Program:    MVSP - A MultiVariate Statistical Package
Company:    Kovach Computing Services
Email:      warrenk@cix.compulink.co.uk, 100016.2265@compuserve.com
Address:    85 Nant-Y-Felin, Pentraeth, Anglesey, Wales LL75 8UY UK
Voice:      +44 (0248) 450414
BBS:
Fax:
Other info:


Key:        Koziol, Quincey
Author:     Quincey Koziol
Program:    NCSA Telnet for the PC
Company:    National Center for Supercomputing Applications (NCSA)
Email:      koziol@ncsa.uiuc.edu
Address:    605 E. Springfield Ave., Champaign, Ill., 61820, USA
Voice:      (217) 244-0705
BBS:        
Fax:        (217) 244-1987
Other info:


Key:        Lazarus, Ross
Author:     Dr Ross Lazarus
Program:    NetBday - A Netware login birthday reminder package
Company:
Email:      ross@westmead.health.su.oz.au
Address:    29 Francis St. Bondi, NSW 2026, Australia
Voice:      +61 2 633 7946
BBS:
Fax:
Other info:


Key:        Ledbetter, Keith
Author:     Keith Ledbetter
Program:    SST: the Supersonic Search Tool  (a "whereis")
Company:
Email:      72240.1221@compuserve.com
Address:    4240 Ketcham Drive, Chesterfield, VA  23832, USA
Voice:      (804) 674-0780 (6pm - 10pm Eastern Time)
BBS:
Fax:
Other info:


Key:        Lee, Patrick
Author:     Patrick Lee
Program:    CatQWK, QWK Layout, QWK Product Listing
Company:    -
Email:      patlee@panix.com
Address:    60-06 79th Street, Elmhurst, NY  11373-5314, USA
Voice:      (718) 639-6696
BBS:        (212) 496-8324
Fax:        (718) 639-6696 not automatic
Other info: -


Key:        Lewis, Dan
Author:     Dan Lewis
Program:    Last Byte (Upper) Memory Manager
Company:    Key Software Products
Email:      dan.lewis@ksp.com
Address:    440 Ninth Avenue, Menlo Park, CA 94025, USA
Voice:      (415) 364-9847
BBS:
Fax:
Other info:


Key:        Mace, Donald
Author:     Donald (D.L.) Mace
Program:    RSA303D Relational Stock Analysis
Company:    DLM Consulting
Email:      71171.500@compuserve.com
Address:    P. O. Box 867452  Plano, TX 75086  USA
Voice:
BBS:        214-596-5121
Fax:
Other info:


Key:        Marks, Richard
Author:     Richard Marks 
Program:    UUEXE encode/decode
Company:    Unisys (work)
Email:      rmarks@MDC.unisys.COM (might change)
Address:    931 Sulgrave Lane, Bryn Mawr, PA 19010, USA
Voice:      work (215) 993-7358, home (215) 525-8993
BBS:
Fax:
Other info:


Key:        Marson, Hamish
Author:     Hamish Marson
Program:    PSERV, Novell Accounting Print Server
Company:    University of Waikato
Email:      h.marson@waikato.ac.nz
Address:    Private Bag, Hamilton, New Zealand
Voice:      0064 7 8562889
BBS:
Fax:        0064 7 8384066
Other info:


Key:        McAfee Associates
Author:     McAfee Associates
Program:    SCANV virus detection and identification, etc
Company:    McAfee Associates
Email:      mcafee@netcom.COM
Address:    3350 Scott Boulevard, Building 14, Santa Clara,
            California, 95054-3701, USA
Voice:      +1 (408) 988-3832 (M-F 7:30AM - 5:30PM GMT-7)
BBS:        +1 (408) 988-4004 (US Robotics DS HST/v32/v42bis)
Fax:        +1 (408) 970-9727 (Group III compatible)
Other info: Email contact person: Aryeh Goretsky
            CompuServe address:   76702,1714
            CompuServe Forum:     VIRUSFORUM


Key:        Murdoch, Duncan
Author:     Duncan Murdoch
Program:    Turbo Pascal utilities
Company:
Email:      dmurdoch@mast.QueensU.CA
Address:    337 Willingdon Ave., Kingston, Ontario, Canada, K7L 4J3
Voice:
BBS:        Fidonet 1:249/99.5
Fax:
Other info: Edits Borland/Turbo Pascal unofficial bug list


Key:        Nelson, Russell
Author:     Russell Nelson
Program:    Crynwr packet driver collection - Ethernet drivers
Company:    Crynwr Software
Email:      info@crynwr.com
Address:    11 Grant St.,Potsdam, NY 13676
Voice:      (315) 268-1925
BBS:
Fax:        (315) 268-9201
Other info:


Key:        Nguyen, Hoa
Author:     Hoa Gia Nguyen
Program:    VIET Vietnamese word processor for MS-DOS
Company:    VIETech
Email:      VIETech@haydn.stanford.edu, nguyenh@nosc.mil 
Address:    P.O. Box 3834, La Mesa, CA 91944, USA
Voice:
BBS:
Fax:
Other info:


Key:        Ni, Hongbo
Author:     Hongbo Ni
Program:    NJSTAR Chinese/Japanese Word Processor w/ mouse and menu
Company:    Hongbo Data Systems
Email:      hongbo@csd.unsw.oz.au
Address:    10/21 Waratah Ave, Randwick NSW 2031, AUSTRALIA
Voice:      +61-2-399-9876
BBS:        (none)
Fax:        (none)
Other info: NJSTAR supports HP Deskjet,Laserjet &Postscript Printers


Key:        Ozeran, James
Author:     James Daniel (Dan) Ozeran
Program:    Enzkin - Enzyme Kinetics Calculations for Steady State
            Rate Equations
Company:    University of Chicago, Department of Biochemistry
Email:      dan-ozeran@uchicago.edu`
Address:    5841 S. Maryland Ave, MC5058, Chicago, IL 60637 USA
Voice:      (312) 702-9355
BBS:
Fax:        (312) 702-9234
Other info:


Key:        Pardun, Gary
Author:     Gary Pardun
Program:    BuildPRD Build MS Word Printer Driver
Company:    Gary Pardun Consulting
Email:      cpardun@matt.ksu.ksu.edu
Address:    1540 Waterford Place, #3, Manhattan, KS  66502-0417, USA
Voice:      (913)539-5355
BBS:        (upon request)
Fax:        (upon request)
Other info:


Key:        PCMAG
Author:     PC Magazine
Program:    PC Magazine utilities
Company:    Ziff Communications Company
Email:      72241.104@compuserve.com
Address:    One Park Avenue, New York, NY 10016, USA
Voice:
BBS:
Fax:        212-503-5799
Other info:


Key:        Patri-Soft
Author:     Norm Patriquin
Program:    PCOPY copier & other Patriquin utilities
Company:    Patri-Soft
Email:      76347.2477@compuserve.com
Address:    5225 Canyon Crest Drive Suite 71-358,
            Riverside, CA 92507, USA
Voice:      714-352-2820
BBS:        714-352-2825
Fax:        714-352-1527
Other info:


Key:        PKWare Inc.
Author:     PKWare Inc. (Phil Katz)
Program:    PKZIP file compressions system; PKLITE
Company:    PKWare Inc.
Email:      PKWARE.Inc@mixcom.com
Address:    9025 N. Deerwood Drive, Brown Deer, WI 53223 USA
Voice:      414-354-8699
BBS:        414-354-8670
Fax:        414-354-8559
Other info: Email contact person Mark Gresbach


Key:        Pluimers, Jeroen
Author:     Jeroen W. Pluimers
Program:    UpCONV - Pascal case conversion utility
Company:    P.S.O. (Pluimers Software Ontwikkeling)
Email:      jeroenp@rulfc1.LeidenUniv.nl
Address:    P.O. Box 266, 2170 AG  Sassenheim, THE NETHERLANDS
Voice:      +31-2522-20908
BBS:        +31-2522-20050 (HST/DS, 24 hrs a day)
Fax:        none
Other info:


Key:        Podnos, Vladimir
Author:     Vladimir Podnos & team
Program:    ELCUT Finite Element Analysis System
Company:    TOR Co-operative Enterprise
Email:      podnos@tor.spb.su
Address:    6, Uglovoj per., St.Petersburg, 198052, Russia
Voice:      (812) 292-1965
BBS:
Fax:        (812) 110-1334
Other info: analyzes 2D Electro-Magnet, Stress/Strain, Thermal Fields


Key:        Pollet, Patrick
Author:     Patrick Pollet
Program:    TURTLE  Turtle graphic unit in any BGI mode
Company:    INSA Villeurbanne France
Email:      ppollet@cismibm.univ-lyon1.fr
Address:    INSA Bat 110 , 20 Av. Einstein 69621 Villeurbanne Fr
Voice:      72 43 83 80
BBS:        -
Fax:        72 43 85 33
Other info: -


Key:        Pritchett, Ron
Author:     Ron Pritchett
Program:    (2DAPNT) 2DaPoint, 4D Fido Netmail packer
Company:    Realm Software
Email:      pritchet@ash.cs.scarolina.edu
Address:    1208 Bush River Rd #H4
            Columbia, SC 29210
Voice:      1-(803)-772-8205
BBS:        1-(803)-731-2510
Fax:
Other info:


Key:        QuickWare
Author:     Bill Alexander, Bill Brinson
Program:    Q387 Math Accelerator and Emulator
Company:    QuickWare
Email:      70750,2147@compuserve.com
Address:    P.O. Box 684652, Austin, Texas 78768
Voice:      (512) 280-1452
BBS:        none
Fax:        (713) 961-4438 (orders only)
Other info: Runs all AutoCADs without a 387/487, speeds up others.


Key:        Reilley, Peter
Author:     Peter Reilley
Program:    BEAV Binary Editor And Viewer
Company:
Email:      pvr@wang.com
Address:    19 Heritage Cir., Hudson, N.H. 03051
Voice:
BBS:
Fax:
Other info:


Key:        Risku, Kai
Author:     Kai Risku
Program:    FFIT, Optimally copies files to disks (knapsack)
Company:    -
Email:      Kai.Risku@hut.fi
Address:    Kronvik, 65410 Sundom, Finland
Voice:      +358-61-3571343
BBS:        -
Fax:        -
Other info: -


Key:        Rossmann, Andrew
Author:     Andrew Rossmann
Program:    INFOPLUS
Company:
Email:      andyross@infopls.chi.il.us
Address:
Voice:
BBS:        (708) 537-0247
Fax:
Other info:


Key:        Rowe, Eddie
Author:     Eddie Rowe
Program:    NoSnail - Netmail for RBBS-PC (Fidonet technology related)
Company:
Email:      931ROWE@MERLIN.NLU.EDU
Address:    Northeast La Univ., NLU Box 5052, Monroe, La. 71212, USA
Voice:      (318) 251-3799
BBS:        (318) 255-4710
Fax:
Other info: Fidonet#1:380/14


Key:        Salmi, Timo
Author:     Prof. Timo Salmi
Program:    TS-programs, FAQs, information lists
Company:    University of Vaasa
Email:      ts@uwasa.fi
Address:    P.O.Box 297, SF-65101 Vaasa, Finland
Voice:      358-61-3248111
BBS:        -
Fax:        358-61-3248344
Other info: garbo.uwasa.fi FTP site moderator (MsDos, publicity)
            Co-moderator of comp.arhives.msdos.announce newsgroup


Key:        Schikore, Daniel
Author:     Daniel (Dan) Schikore
Program:    The Danix Utilities
Company:    N/A
Email:      drs@cs.purdue.edu
Address:    1983 Greenheath Dr., Florissant, MO 63033, USA
Voice:      (314) 839-0709
BBS:
Fax:
Other info:


Key:        Schipper, Jeroen
Author:     Jeroen Schipper
Program:    READMAIL, A message reader for the PC
Company:
Email:      jschipper@hut.nl
Address:
Voice:
BBS:
Fax:
Other info:


Key:        Schulz, Russell
Author:     Russell Schulz
Program:    RusNews, naproc, procc (Waffle newsreader, utilities)
Company:    -
Email:      russell@alpha3.ersys.edmonton.ab.ca
Address:    -
Voice:      -
BBS:        -
Fax:        -
Other info: primary ftp for these+other Waffle utils: halcyon.com


Key:        Scott, Peter
Author:     Peter Scott
Program:    HYTELNET Instant-access to telnet login sites
Company:    University of Saskatchewan Libraries
Email:      scott@sklib.usask.ca
Address:    College Dr.,Saskatoon, Sask, Canada, S7N 0W0
Voice:      (306) 966-5920
BBS:
Fax:        (306) 966-6040
Other info:


Key:        SemWare Inc.
Author:     SemWare
Program:    QEdit (Advanced, TSR, and OS/2)
Company:    SemWare
Email:      75300.2710@compuserve.com
Address:    4343 Shallowford Rd Ste. C3A, Marietta, GA 30062-5022, USA
Voice:      (404)641-9002
BBS:        (404)641-8968
Fax:        (404)640-6213
Other info: We have a new CIS ID: 75300,2710


Key:        Shearer, Dan
Author:     Dan Shearer
Program:    CHECKSYS system config tester, USE prog for LAN managers
Company:    University of South Australia
Email:      ccdps@lux.levels.unisa.edu.au
Address:    70 Third Avenue, St Peters, South Australia 5069, Australia
Voice:      +61 8 362 9529
BBS: -
Fax:        +61 8 362 9529
Other info: -


Key:        Shippony, Zvi
Author:     Zvi Shippony
Program:    MAFIA - Math utilities package
Company:    Jet Propulsion Laboratory (JPL)
Email:      zvi@hipp.jpl.nasa.gov   or:   zvi@thak.jpl.nasa.gov
Address:    4800 Oak Grove Dr., Pasadena, CA, 91109, U.S.A.
Voice:      (818) 354-1687
BBS:        -
Fax:        -
Other info: - Home: 4822 Tilden Ave. Sherman Oaks, CA, 91423


Key:        Siebeck, Wolfgang
Author:     Wolfgang Siebeck
Program:    PCElm 3.01 and above
Company:    RMI Nachrichtentechnik GmbH
Email:      siebeck@infoac.rmi.de
Address:    P.O.Box 1526, D-5100 Aachen, Germany
Voice:      +49 241-47997-22
BBS:
Fax:        +49 241-47997-77
Other info:


Key:        Singh, Manjit
Author:     Manjit (Manu) Singh
Program:    Supreme Utility - multiple command file utility
Company:    SupremeSoft
Email:      msingh@ucs.indiana.edu
Address:    105 Deerfield Drive, Easton, CT 06612-1106, U.S.A.
Voice:      (203) 261 - 7510 or (812) 331 - 8379
BBS:        (812) 824 - 8682
Fax:
Other info:


Key:        Skulason, Fridrik
Author:     Fridrik (Frisk) Skulason
Program:    F-PROT anti-virus program
Company:    Frisk Software International
Email:      frisk@complex.is
Address:    Postholf 7180, IS-127 Reykjavik, Iceland
Voice:
BBS:
Fax:        +354-1-28801
Other info:


Key:        Stern, Marc
Author:     Marc Stern
Program:    XSET - enhanced set instruction
Company:
Email:      stern@mble.philips.be
Address:    Av. de la Basilique 376 b.19 - 1080 Bruxelles - Belgium
Voice:      (32.2) 525.63.32 - (32.2) 427.98.52
BBS:
Fax:
Other info:


Key:        Stewartson, Ian
Author:     Ian Stewartson
Program:    Korn/Bourne Shell for MSDOS and OS/2
Company:    Data Logic Limited
Email:      istewart@datlog.co.uk 
Address:    Queens House, Kymberley Road, Harrow, Middlesex, HA1 1YR, UK.
Voice:      +44 81 863 0383
BBS:        Not available
Fax:        +44 81 861 2010
Other info:


Key:        Thomson, Douglas
Author:     Douglas (Doug) Thomson
Program:    TeleReplica Remote Control of PC
Company:    Monash University College Gippsland
Email:      doug@giaea.cc.monash.edu.au
Address:    MUCG, Switchback Road, Churchill, Victoria 3842, AUSTRALIA
Voice:
BBS:
Fax:        +61-51-222876
Other info:


Key:        Vallevand, Martin
Author:     Martin Vallevand
Program:    BBSee.  Combined disk cataloger and BBS filelist manager
Company:    TAC Systems
Email:      martin.vallevand@synapse.org
Address:    56 Fourth Avenue, Ottawa, Ont Canada
Voice:      (613)233-1728
BBS:        -
Fax:        -
Other info: -


Key:        Vandenberg, Rick
Author:     Rick Vandenberg
Program:    V-MailServer MSDOS-based mail server
Company:    Vandenberg Systems Research
Email:      rick@vsystem.wimsey.bc.ca
Address:    103-1016 West 12th Avenue, Vancouver, BC, Canada V6H 1L3
Voice:      (604) 737-2532
BBS:
Fax:
Other info:


Key:        Vyncke, Eric
Author:     Eric Vyncke
Program:    NetCC Network Carbon Copy
Company:    Network Research Belgium
Email:      vyncke@nrb.be
Address:    Parc Industriel des Hauts-Sarts B-4040 Herstal Belgium
Voice:      +32.41.40.72.11
BBS:
Fax:        +32.41.48.11.70
Other info: anon ftp to aix1.segi.ulg.ac.be in /u/ftp/nrb


Key:        Walsh, Norm
Author:     Norman (norm) Walsh
Program:    Sfware (font management, information, special effects)
Company:    Small Planet Software
Email:      walsh@cs.umass.edu
Address:    #42I Southwood Apts, Amherst MA 01002, USA
Voice:      (413) 256-8527
BBS:        N/A
Fax:        N/A
Other info: Also available: TeX font utils, MergeSFP, SFP2Auto


Key:        Weatherley, Rhys
Author:     Rhys Weatherley
Program:    UW/PC multi-window Unix <-> PC terminal program (DOS)
Company:    Computer Science Department, University of Queensland
Email:      rhys@cs.uq.oz.au
Address:    CS Dept, U of Queensland, Queensland, 4072, Australia.
Voice:
BBS:
Fax:
Other info: Comoderator of MsDos FTP site list /pc/pd2/moder*.zip


Key:        Wisan, Richard
Author:     R. N. (Dick) Wisan 
Program:    PrnSet & Friends universal printer setter & Text File Manicure Kit 
Company:
Email:      WISANR@hartwick.edu
Address:    37 Clinton Street, Oneonta, NY 13820, USA
Voice:      (607) 432-4133
BBS:
Fax:
Other info:


Key:        Zitterkopf, John D.
Author:     John D. Zitterkopf
Program:    The HardDisk Accomplice    
Company:    Zittware
Email:      jdz1@ra.msstate.edu
Address:    940 N. Jackson St. #7D, Starkville, MS 39759, USA
Voice:      {Prefer not to be contacted on my personal phone}
BBS:        None
Fax:        None
Other info: Additional Address: zitt@aol.com


--------------------------------------------------------------------
Key:        Appendix to garbo.uwasa.fi:/pc/pd2/author*.zip
Author:     Prof. Timo Salmi
Subject:    How to submit your information to the author list


--------------------------------------------------------
Invitation to the list of MsDos PD and shareware authors:
--------------------------------------------------------

What is garbo.uwasa.fi
----------------------
In case you are not familiar with garbo.uwasa.fi MsDos archives here
is a brief outline. University of Vaasa, Finland, Sun IPX
SPARCstation garbo.uwasa.fi has a large collection of PD and
shareware PC programs available by anonymous FTP (File Transfer
Protocoll) or mail server. This repository is used extensively. For
example in 1991 the total number of downloads from our archives was
a little over 1,000,000. The number of different MsDos files was
about 2800 at the end of 1991. The Garbo archives are also available
on a CD-ROM.

The downloads are made worldwide by users from InterNet sites in
Europe, North America and Australia. There are some 2000
universities connected to InterNet, and there is also a great number
of business enterprises which have an access. The UseNet newsgroup
where the files uploaded to FTP archives such as garbo.uwasa.fi are
announced was subscribed by about 70000 readers at the end of 1991.


General information to the authors
----------------------------------

If you are an MsDos utility PD or SW author who wishes to get
included on this list you are most welcome email me with the full
information. Please note that your program(s) should be reasonably
well established and must be non-trivial to merit an inclusion on
this list.

You must have a sufficiently stable email address that is reachable
on or from InterNet. For example authors without an InterNet address
but with a Compuserve address are reachable from InterNet. You can
send me email from Compuserve by applying send to
">INTERNET:ts@uwasa.fi".

Your program should preferably fall within the eligible
garbo.uwasa.fi MsDos PD & SW categories. In practice this means that
the addresses of the authors of (solely) recreational games are not
solicited. I am hoping that someone else would take it upon
him/herself to compile a similar list for games and/or Windows
authors.

We naturally hope that you will keep us up to date about the updates
of your program if it is on garbo.uwasa.fi archives. This is not,
however, a precondition for the inclusion of your information.

The file garbo.uwasa.fi:/pc/UPLOAD.INF has information on uploading
to our MsDos FTP archives. If you wish to have it and you do not
know how to go about getting it, you are most welcome to email me
for further, prerecorded information.

If you for some reason should later wish your name to be removed
from this list, please just let me know then.


On the information to be entered
--------------------------------

 - Please fill in.  That way the possibility of me making errors
   is diminished.
 - This is above all an address list.  Therefore the "Program:" line
   should have your major or preferred product including a suitable
   description in a manner that does not exceed column 68 on the
   single line reserved for this purpose.  (Thus only one line).
 - Yet, if possible, be specific about your product.  Rather than
   just stating e.g.
    Program: GISMO
   you might want to state
    Program: GISMO Global International Simulator MOdelling utilities
 - When you kindly fill this in for me, please do not use tabs, and
   start from column 13 as the ruler indicates.
 - Fill in just one "sheet". Do not send in several. If you have
   many products, please choose.
 - If you are correcting or changing an entry I already have, please
   be sure to fill in all the items, nevertheless.  Not just the
   changed one.
 - I have to retain full rights to choose and edit the submitted
   entries.

--------------------- please cut here ------------------------------
            3456789 123456789 123456789 123456789 123456789 12345678
Key:
Author:
Program:
Company:
Email:
Address:
Voice:
BBS:
Fax:
Other info:
--------------------- please cut here ------------------------------

An example
Key:        Derr, James                (The key is just for sorting)
Author:     James (Jim) Derr
Program:    SHEZ Compression Companion
Company:    California Software Design
Email:      76266.2634@compuserve.com
Address:    P.O. Box 15248, Santa Rosa, Ca. 95402, USA
Voice:      (707) 575-9868
BBS:        (707) 538-8710
Fax:        -
Other info: -

The "Key" is for indexing and should usually contain the author's
last name, first name just like in the example above.
