*****************************************************************************
This file is downloaded from:

 mostly harmless - 1 gigabyte of demos/coding/gus/sb and related.

Omicron WHQ - Iguana distsite - Digital Infinity distsite - Inertia distsite

Reach it at: 46-8-42017396, open 24h.
*****************************************************************************

March 22, 1994 - Number 3
 
                     The OFFICIAL DEMO FTP LIST by Belgorath
 
     After about a year of absence, here goes the latest iteration of the
wonderful list, with a few updates and ommisions:
 
     These are all the sites I am currently able to find that support demos,
game demos, and Amiga MOD files. If you have any additions/corrections, send
them to belgo@share.net (note new address).
     When using these sites, please keep common FTP good manners in mind. Use
your real address when FTPing, try not to do it during primetime hours, and
whenver possible, use a mirror in your own area to do your part to keep network
traffic down.
     The newest list will always be available via gopher from 
fish.share.net (The Coolest Site Around (tm)).
 
MS-DOS DEMO SITES:
Site Name                Anonymous FTP Subdirectory      Comments
======================== =============================== ======================
lysator.liu.se           /pub/msdos/demos
wuarchive.wustl.edu      /pub/MSDOS_UPLOADS/demos
cs.uwp.edu               /pub/msdos/demos                Tons of Demos, Source
ftp.sun.ac.za            /pub/msdos/demos                Mirror of cs.uwp.edu
wasp.eng.ufl.edu         /pub/msdos/demos                Mirror of cs.uwp.edu
saffron.inset.com        /pub/sound/demos                Some gamedemos, others
                         /pub/sound/ultrademos           Very Little
                         /pub/sound/newdemos             New Stuff
nic.funet.fi             /pub/msdos/games/demos(/new)    Most of cs.uwp.edu
ftp.ulowell.edu          /msdos/Graphics/EuroDemos       Most of cs.uwp.edu
wnoc-fuk.wide.ad.jp      /pub/msdos/ftp.ulowell.edu/Demos
 
 
MS-DOS GAME DEMOS SITES:
Site Name                Anonymous FTP Subdirectory      Comments
======================== =============================== =====================
pinus.slu.se             /msdos.nfs.sunet.se/mirrors/games/demos  Some goodies
ftp.ulowell.edu          /msdos/Games/Demos              Tons of Game Demos
ftp.sun.ac.za            /pub/msdos/ulowell              ULowell Mirror
cs.uwp.edu               /pub/msdos/games/Demos
131.188.1.43             /mounts/cyber/iwiftp/public/pc/msdos/games/Demos
sun0.urz.uni-heidelberg.de   /pub/msdos/games/Demos
wuarchive.wustl.edu      /mirrors/msdos-games/Demos
 
 
AMIGA MODULES (MOD) SITES:
Site Name                Anonymous FTP Subdirectory      Comments
======================== =============================== ======================
ftp.brad.ac.uk           /misc/mods                      Tons of MODs
lysator.liu.se           /pub/amiga/mods
geocub.greco-prog.fr     /pub/incoming/amiga/mods
ftp.luth.se              /pub/OS/amiga/mods
ftp.uni-kl.de            /pub/amiga/wuarchive/mods
                         /pub/amiga/aminet/mods
                         /incoming/amiga/mods
ftp.germany.eu.net       /pub/comp/amiga/mods
faramir.informatik.uni-oldenburg.de   /pub/amiga/incoming/mods
cs.uwp.edu               /pub/music/sounds/mods
                         /pub/music/lists/btl/mods
amiga.physik.unizh.ch    /pub/aminet/mods
quepasa.cs.tu-berlin.de  /pub/amiga/uni-kl/wuarchive/mods      Mirror of
                         /pub/amiga/uni-kl/uni-kl/mods        ftp.uni-kl.de
                         /pub/amiga/uni-kl/incoming/mods
                         /pub/amiga/uni-kl/aminet/mods
                         /pub/amiga/sound/modules
wuarchive.wustl.edu      /systems/amiga/incoming/mods
                         /mirrors4/amiga.physik.unizh.ch/amiga/mods
switek.uni-muenster.de   /pub/sounds/mods
rs3.hrz.th-darmstadt.de  /pub/machines/amiga/aminet/mods
plaza.aarnet.edu.au      /micros/amiga/incoming/mods
oes.orst.edu             /pub/mirror/amiga.physik.unizh.ch/amiga/mods
nic.funet.fi             /pub/amiga/audio/modules
 
AMIGA DEMOS
Site Name                Anonymous FTP Subdirectory     Comments
======================== ============================== ======================
cs.bu.edu                /PC/AMIGA/Demos-Anims
f.ms.uky.edu             /pub/amiga/Demos
erratic.bradley.edu      /Amiga-PartyII/Demos
 
APPLE IIGS DEMOS
Site Name                Anonymous FTP Subdirectory     Comments
======================== ============================== =======================
cco.caltech.edu          /pub/apple2/demos              Best GS FTP Site...
archive.umich.edu        /apple2/gs/demo
wuarchive.wustl.edu      /mirrors3/archive.umich.edu/apple2/gs/demo
f.ms.uky.edu             /pub/appleII/demos
io.org                   /pub/apple2/16bit/Demos
 
ATARI 8-BIT/ST/PORTFOLIO DEMOS
Site Name                Anonymous FTP Subdirectory     Comments
======================== ============================== =======================
wuarchive.wustl.edu      /mirrors3/archive.umich.edu/atari/Portfolio/Demos
                         /mirrors3/archive.umich.edu/atari/8bit/Demos
                         /mirrors3/archive.umich.edu/atari/Demos
archive.umich.edu        /atari/Demos
                         /atari/8bit/Demos
                         /atari/Portfolio/Demos
 
APPLE II EMULATOR SUPPORT (apl2em-2.zip and utils)
Site Name                Anonymous FTP Subdirectory     Comments
======================== ============================== =======================
wilbur.stanford.edu      /pub/apple2
 
"PC DEMOS" GOPHER SERVERS
Site Name                Gopher Directory               Comments
======================== ============================== =======================
fish.share.net           PC Demos Info                  The one and only!

*****************************************************************************
This file is downloaded from:

 mostly harmless - 1 gigabyte of demos/coding/gus/sb and related.

Omicron WHQ - Iguana distsite - Digital Infinity distsite - Inertia distsite

Reach it at: 46-8-42017396, open 24h.
*****************************************************************************