O---------------------------O
| Street Fighter 2 Movelist |
O---------------------------O


O-------------------------------O
| Keywords                      |
O-------------------------------O
| (P) = Any of The 3 Punches.   |
| (K) = Any of The 3 Kicks.     |
| 3(P) = All 3 Punches.         |
| 3(K) = All 3 Kicks.           |
| R(P) = Press Punch Rapidly.   |
| R(K) = Press Kick Rapidly.    |
| @ = 360 Motion on Controller. |
| (C) = Charge for 2 Seconds.   |
O-------------------------------O

O-----------------------------------O
|  O  O  O                          |
|   \ | /                           |
| O-- O --O The Joystick can be in  |
|   / | \   any of these positions. |
|  O  O  O                          |
O-----------------------------------O


O---------------------------------------O
| Ryu and Ken Masters - Shotokan Karate |
O---------------------------------------O

| \ --O  (P) = Hadouken (Fireball)
O  O

|  / O-- (K) = Tatsumaki Senpuukyaku (Hurricane Kick)
O O

--O | \  (P) = Shoryuken (Dragon Punch)
    O  O




O------------------------O
| Guile - Special Forces |
O------------------------O

(Charge) O-- --O (P) = Sonic Boom

(Charge) | O (K) = Flash Kick
         O |




O-------------------O
| Chun Li - Tai Chi |
O-------------------O

R(K) = Lighting Kicks

(Charge) | O (K) = Spinning Star Kick
         O |



O--------------------------------O
| Edmond Honda - Sumo Wrestling  |
O--------------------------------O

R(P) = Hundred Hand Slap

(Charge) O-- --O (P) = Sumo Headbutt



O-------------------O
| Dhalsim - Kabaddi |
O-------------------O

| \ --O (P) = Yoga Fire
O  O

O-- / | \ --O (P) = Yoga Flame
   O  O  O



O-------------------O
| Blanka - Capoeira |
O-------------------O

R(P) = Lightning Surge

(Charge) O-- --O (P) = Flying Rollball



O---------------------O
| Zangief - Wrestling |
O---------------------O

3(P) = Spinning Lariat/Clothesline

@(P) = Spinning Piledriver



O---------------------------O
| Movelist By SuperMarioBro |
O---------------------------O
